[2022/10/18 03:27:22.473] - Starting server with initial configuration: {"gasLimit":6721975,"gasPrice":20000000000,"hardfork":"muirGlacier","hostname":"127.0.0.1","port":7545,"network_id":5777,"default_balance_ether":100,"total_accounts":10,"unlocked_accounts":[],"locked":false,"vmErrorsOnRPCResponse":true,"verbose":true,"db_path":"C:\\Users\\dikby\\AppData\\Roaming\\Ganache\\workspaces\\e-vote-aku-dapp\\chaindata","logDirectory":"C:\\Users\\dikby\\GitHub\\e-vote-aku-dapp\\truffle\\log-ganache"}
[2022/10/18 03:27:22.580] - eth_blockNumber
[2022/10/18 03:27:22.581] -    > {
   >   "id": 6910566623675736,
   >   "jsonrpc": "2.0",
   >   "method": "eth_blockNumber",
   >   "params": []
   > }
[2022/10/18 03:27:22.595] -  <   {
 <     "id": 6910566623675736,
 <     "jsonrpc": "2.0",
 <     "result": "0x0"
 <   }
[2022/10/18 03:27:22.644] - eth_subscribe
[2022/10/18 03:27:22.645] -    > {
   >   "jsonrpc": "2.0",
   >   "id": 41,
   >   "method": "eth_subscribe",
   >   "params": [
   >     "newHeads"
   >   ]
   > }
[2022/10/18 03:27:22.646] - eth_getLogs
[2022/10/18 03:27:22.647] -    > {
   >   "jsonrpc": "2.0",
   >   "id": 42,
   >   "method": "eth_getLogs",
   >   "params": [
   >     {
   >       "topics": []
   >     }
   >   ]
   > }
[2022/10/18 03:27:22.648] - eth_subscribe
[2022/10/18 03:27:22.649] -    > {
   >   "jsonrpc": "2.0",
   >   "id": 43,
   >   "method": "eth_subscribe",
   >   "params": [
   >     "logs",
   >     {
   >       "topics": []
   >     }
   >   ]
   > }
[2022/10/18 03:27:22.651] -  <   {
 <     "id": 41,
 <     "jsonrpc": "2.0",
 <     "result": "0x1"
 <   }
[2022/10/18 03:27:22.655] -  <   {
 <     "id": 42,
 <     "jsonrpc": "2.0",
 <     "result": []
 <   }
[2022/10/18 03:27:22.657] -  <   {
 <     "id": 43,
 <     "jsonrpc": "2.0",
 <     "result": "0x2"
 <   }
[2022/10/18 03:27:22.689] - eth_subscribe
[2022/10/18 03:27:22.690] -    > {
   >   "jsonrpc": "2.0",
   >   "id": 44,
   >   "method": "eth_subscribe",
   >   "params": [
   >     "newHeads"
   >   ]
   > }
[2022/10/18 03:27:22.692] - eth_getLogs
[2022/10/18 03:27:22.693] -    > {
   >   "jsonrpc": "2.0",
   >   "id": 45,
   >   "method": "eth_getLogs",
   >   "params": [
   >     {
   >       "topics": []
   >     }
   >   ]
   > }
[2022/10/18 03:27:22.694] - eth_subscribe
[2022/10/18 03:27:22.695] -    > {
   >   "jsonrpc": "2.0",
   >   "id": 46,
   >   "method": "eth_subscribe",
   >   "params": [
   >     "logs",
   >     {
   >       "topics": []
   >     }
   >   ]
   > }
[2022/10/18 03:27:22.696] -  <   {
 <     "id": 44,
 <     "jsonrpc": "2.0",
 <     "result": "0x3"
 <   }
[2022/10/18 03:27:22.698] -  <   {
 <     "id": 45,
 <     "jsonrpc": "2.0",
 <     "result": []
 <   }
[2022/10/18 03:27:22.705] -  <   {
 <     "id": 46,
 <     "jsonrpc": "2.0",
 <     "result": "0x4"
 <   }
[2022/10/18 03:27:22.773] - eth_blockNumber
[2022/10/18 03:27:22.774] -    > {
   >   "jsonrpc": "2.0",
   >   "id": 466,
   >   "method": "eth_blockNumber",
   >   "params": [],
   >   "internal": true
   > }
[2022/10/18 03:27:22.775] - eth_accounts
[2022/10/18 03:27:22.776] -    > {
   >   "jsonrpc": "2.0",
   >   "id": 467,
   >   "method": "eth_accounts",
   >   "params": [],
   >   "internal": true
   > }
[2022/10/18 03:27:22.778] - eth_blockNumber
[2022/10/18 03:27:22.779] -    > {
   >   "jsonrpc": "2.0",
   >   "id": 461,
   >   "method": "eth_blockNumber",
   >   "params": [],
   >   "internal": true
   > }
[2022/10/18 03:27:22.781] - eth_gasPrice
[2022/10/18 03:27:22.782] -    > {
   >   "jsonrpc": "2.0",
   >   "id": 468,
   >   "method": "eth_gasPrice",
   >   "params": [],
   >   "internal": true
   > }
[2022/10/18 03:27:22.783] - eth_accounts
[2022/10/18 03:27:22.783] -    > {
   >   "jsonrpc": "2.0",
   >   "id": 462,
   >   "method": "eth_accounts",
   >   "params": [],
   >   "internal": true
   > }
[2022/10/18 03:27:22.784] -  <   {
 <     "id": 466,
 <     "jsonrpc": "2.0",
 <     "result": "0x0"
 <   }
[2022/10/18 03:27:22.785] - eth_getBlockByNumber
[2022/10/18 03:27:22.785] -    > {
   >   "jsonrpc": "2.0",
   >   "id": 469,
   >   "method": "eth_getBlockByNumber",
   >   "params": [
   >     "latest",
   >     false
   >   ],
   >   "internal": true
   > }
[2022/10/18 03:27:22.787] - eth_gasPrice
[2022/10/18 03:27:22.787] -    > {
   >   "jsonrpc": "2.0",
   >   "id": 463,
   >   "method": "eth_gasPrice",
   >   "params": [],
   >   "internal": true
   > }
[2022/10/18 03:27:22.789] -  <   {
 <     "id": 467,
 <     "jsonrpc": "2.0",
 <     "result": [
 <       "0x9086b277b07117347539a47834a347cec29579ad",
 <       "0xfbf55685dbbf4dafa4a30e9e4a43b93364cb5d82",
 <       "0x54935bed49d3afdb4862a8eca6ddbcade40a0d19",
 <       "0x7efc841873ac915c1102fd58de6ab5f063e181bd",
 <       "0xb757c1ebf9c1a5237a5980974aeceddfae08d1c8",
 <       "0x0399221ea8349b7a3e14335a58156925da938b3c",
 <       "0xaf85536580b6029a72db7842cd16a243902713c8",
 <       "0x9432cdeaebafd3c89456d38fe9aa87cc1dd73943",
 <       "0x0b8c09f14760d0c68d1b2bc3d24f025d22bba860",
 <       "0x6ab68af0d5b7d57ae7ce20978bfdee11283f34fa"
 <     ]
 <   }
[2022/10/18 03:27:22.790] - eth_subscribe
[2022/10/18 03:27:22.791] -    > {
   >   "jsonrpc": "2.0",
   >   "id": 470,
   >   "method": "eth_subscribe",
   >   "params": [
   >     "newHeads"
   >   ],
   >   "internal": true
   > }
[2022/10/18 03:27:22.791] - eth_getBlockByNumber
[2022/10/18 03:27:22.792] -    > {
   >   "jsonrpc": "2.0",
   >   "id": 464,
   >   "method": "eth_getBlockByNumber",
   >   "params": [
   >     "latest",
   >     false
   >   ],
   >   "internal": true
   > }
[2022/10/18 03:27:22.793] -  <   {
 <     "id": 461,
 <     "jsonrpc": "2.0",
 <     "result": "0x0"
 <   }
[2022/10/18 03:27:22.794] - eth_subscribe
[2022/10/18 03:27:22.795] -    > {
   >   "jsonrpc": "2.0",
   >   "id": 465,
   >   "method": "eth_subscribe",
   >   "params": [
   >     "newHeads"
   >   ],
   >   "internal": true
   > }
[2022/10/18 03:27:22.796] -  <   {
 <     "id": 468,
 <     "jsonrpc": "2.0",
 <     "result": "0x4a817c800"
 <   }
[2022/10/18 03:27:22.797] - eth_accounts
[2022/10/18 03:27:22.798] -    > {
   >   "jsonrpc": "2.0",
   >   "id": 471,
   >   "method": "eth_accounts",
   >   "params": [],
   >   "internal": true
   > }
[2022/10/18 03:27:22.799] -  <   {
 <     "id": 462,
 <     "jsonrpc": "2.0",
 <     "result": [
 <       "0x9086b277b07117347539a47834a347cec29579ad",
 <       "0xfbf55685dbbf4dafa4a30e9e4a43b93364cb5d82",
 <       "0x54935bed49d3afdb4862a8eca6ddbcade40a0d19",
 <       "0x7efc841873ac915c1102fd58de6ab5f063e181bd",
 <       "0xb757c1ebf9c1a5237a5980974aeceddfae08d1c8",
 <       "0x0399221ea8349b7a3e14335a58156925da938b3c",
 <       "0xaf85536580b6029a72db7842cd16a243902713c8",
 <       "0x9432cdeaebafd3c89456d38fe9aa87cc1dd73943",
 <       "0x0b8c09f14760d0c68d1b2bc3d24f025d22bba860",
 <       "0x6ab68af0d5b7d57ae7ce20978bfdee11283f34fa"
 <     ]
 <   }
[2022/10/18 03:27:22.808] -  <   {
 <     "id": 469,
 <     "jsonrpc": "2.0",
 <     "result": {
 <       "number": "0x0",
 <       "hash": "0x3d873d00acf87842d9b7fde78a50c08e3fa8b063772a7f38e506f5cc95c69318",
 <       "parentHash": "0x0000000000000000000000000000000000000000000000000000000000000000",
 <       "mixHash": "0x0000000000000000000000000000000000000000000000000000000000000000",
 <       "nonce": "0x0000000000000000",
 <       "sha3Uncles": "0x1dcc4de8dec75d7aab85b567b6ccd41ad312451b948a7413f0a142fd40d49347",
 <       "logsBloom": "0x00000000000000000000000000000000000000000000000000000000000000000000000000000000000000000000000000000000000000000000000000000000000000000000000000000000000000000000000000000000000000000000000000000000000000000000000000000000000000000000000000000000000000000000000000000000000000000000000000000000000000000000000000000000000000000000000000000000000000000000000000000000000000000000000000000000000000000000000000000000000000000000000000000000000000000000000000000000000000000000000000000000000000000000000000000000",
 <       "transactionsRoot": "0x56e81f171bcc55a6ff8345e692c0f86e5b48e01b996cadc001622fb5e363b421",
 <       "stateRoot": "0xdf5af15a2dd06b4c12d20f876f7882dfb365e885931530f606c03afab8ccb071",
 <       "receiptsRoot": "0x56e81f171bcc55a6ff8345e692c0f86e5b48e01b996cadc001622fb5e363b421",
 <       "miner": "0x0000000000000000000000000000000000000000",
 <       "difficulty": "0x0",
 <       "totalDifficulty": "0x0",
 <       "extraData": "0x",
 <       "size": "0x3e8",
 <       "gasLimit": "0x6691b7",
 <       "gasUsed": "0x0",
 <       "timestamp": "0x634deb84",
 <       "transactions": [],
 <       "uncles": []
 <     }
 <   }
[2022/10/18 03:27:22.812] -  <   {
 <     "id": 463,
 <     "jsonrpc": "2.0",
 <     "result": "0x4a817c800"
 <   }
[2022/10/18 03:27:22.814] -  <   {
 <     "id": 470,
 <     "jsonrpc": "2.0",
 <     "result": "0x5"
 <   }
[2022/10/18 03:27:22.818] -  <   {
 <     "id": 464,
 <     "jsonrpc": "2.0",
 <     "result": {
 <       "number": "0x0",
 <       "hash": "0x3d873d00acf87842d9b7fde78a50c08e3fa8b063772a7f38e506f5cc95c69318",
 <       "parentHash": "0x0000000000000000000000000000000000000000000000000000000000000000",
 <       "mixHash": "0x0000000000000000000000000000000000000000000000000000000000000000",
 <       "nonce": "0x0000000000000000",
 <       "sha3Uncles": "0x1dcc4de8dec75d7aab85b567b6ccd41ad312451b948a7413f0a142fd40d49347",
 <       "logsBloom": "0x00000000000000000000000000000000000000000000000000000000000000000000000000000000000000000000000000000000000000000000000000000000000000000000000000000000000000000000000000000000000000000000000000000000000000000000000000000000000000000000000000000000000000000000000000000000000000000000000000000000000000000000000000000000000000000000000000000000000000000000000000000000000000000000000000000000000000000000000000000000000000000000000000000000000000000000000000000000000000000000000000000000000000000000000000000000",
 <       "transactionsRoot": "0x56e81f171bcc55a6ff8345e692c0f86e5b48e01b996cadc001622fb5e363b421",
 <       "stateRoot": "0xdf5af15a2dd06b4c12d20f876f7882dfb365e885931530f606c03afab8ccb071",
 <       "receiptsRoot": "0x56e81f171bcc55a6ff8345e692c0f86e5b48e01b996cadc001622fb5e363b421",
 <       "miner": "0x0000000000000000000000000000000000000000",
 <       "difficulty": "0x0",
 <       "totalDifficulty": "0x0",
 <       "extraData": "0x",
 <       "size": "0x3e8",
 <       "gasLimit": "0x6691b7",
 <       "gasUsed": "0x0",
 <       "timestamp": "0x634deb84",
 <       "transactions": [],
 <       "uncles": []
 <     }
 <   }
[2022/10/18 03:27:22.832] -  <   {
 <     "id": 465,
 <     "jsonrpc": "2.0",
 <     "result": "0x6"
 <   }
[2022/10/18 03:27:22.834] -  <   {
 <     "id": 471,
 <     "jsonrpc": "2.0",
 <     "result": [
 <       "0x9086b277b07117347539a47834a347cec29579ad",
 <       "0xfbf55685dbbf4dafa4a30e9e4a43b93364cb5d82",
 <       "0x54935bed49d3afdb4862a8eca6ddbcade40a0d19",
 <       "0x7efc841873ac915c1102fd58de6ab5f063e181bd",
 <       "0xb757c1ebf9c1a5237a5980974aeceddfae08d1c8",
 <       "0x0399221ea8349b7a3e14335a58156925da938b3c",
 <       "0xaf85536580b6029a72db7842cd16a243902713c8",
 <       "0x9432cdeaebafd3c89456d38fe9aa87cc1dd73943",
 <       "0x0b8c09f14760d0c68d1b2bc3d24f025d22bba860",
 <       "0x6ab68af0d5b7d57ae7ce20978bfdee11283f34fa"
 <     ]
 <   }
[2022/10/18 03:27:22.836] - eth_getBalance
[2022/10/18 03:27:22.837] -    > {
   >   "jsonrpc": "2.0",
   >   "id": 472,
   >   "method": "eth_getBalance",
   >   "params": [
   >     "0x9086b277b07117347539a47834a347cec29579ad",
   >     "latest"
   >   ],
   >   "internal": true
   > }
[2022/10/18 03:27:22.843] - eth_getTransactionCount
[2022/10/18 03:27:22.844] -    > {
   >   "jsonrpc": "2.0",
   >   "id": 473,
   >   "method": "eth_getTransactionCount",
   >   "params": [
   >     "0x9086b277b07117347539a47834a347cec29579ad",
   >     "latest"
   >   ],
   >   "internal": true
   > }
[2022/10/18 03:27:22.850] - eth_getBalance
[2022/10/18 03:27:22.851] -    > {
   >   "jsonrpc": "2.0",
   >   "id": 474,
   >   "method": "eth_getBalance",
   >   "params": [
   >     "0xfbf55685dbbf4dafa4a30e9e4a43b93364cb5d82",
   >     "latest"
   >   ],
   >   "internal": true
   > }
[2022/10/18 03:27:22.853] -  <   {
 <     "id": 472,
 <     "jsonrpc": "2.0",
 <     "result": "0x56bc75e2d63100000"
 <   }
[2022/10/18 03:27:22.854] - eth_getTransactionCount
[2022/10/18 03:27:22.855] -    > {
   >   "jsonrpc": "2.0",
   >   "id": 475,
   >   "method": "eth_getTransactionCount",
   >   "params": [
   >     "0xfbf55685dbbf4dafa4a30e9e4a43b93364cb5d82",
   >     "latest"
   >   ],
   >   "internal": true
   > }
[2022/10/18 03:27:22.858] -  <   {
 <     "id": 473,
 <     "jsonrpc": "2.0",
 <     "result": "0x0"
 <   }
[2022/10/18 03:27:22.861] - eth_getBalance
[2022/10/18 03:27:22.862] -    > {
   >   "jsonrpc": "2.0",
   >   "id": 476,
   >   "method": "eth_getBalance",
   >   "params": [
   >     "0x54935bed49d3afdb4862a8eca6ddbcade40a0d19",
   >     "latest"
   >   ],
   >   "internal": true
   > }
[2022/10/18 03:27:22.866] - eth_getTransactionCount
[2022/10/18 03:27:22.866] -    > {
   >   "jsonrpc": "2.0",
   >   "id": 477,
   >   "method": "eth_getTransactionCount",
   >   "params": [
   >     "0x54935bed49d3afdb4862a8eca6ddbcade40a0d19",
   >     "latest"
   >   ],
   >   "internal": true
   > }
[2022/10/18 03:27:22.868] -  <   {
 <     "id": 474,
 <     "jsonrpc": "2.0",
 <     "result": "0x56bc75e2d63100000"
 <   }
[2022/10/18 03:27:22.869] - eth_getBalance
[2022/10/18 03:27:22.870] -    > {
   >   "jsonrpc": "2.0",
   >   "id": 478,
   >   "method": "eth_getBalance",
   >   "params": [
   >     "0x7efc841873ac915c1102fd58de6ab5f063e181bd",
   >     "latest"
   >   ],
   >   "internal": true
   > }
[2022/10/18 03:27:22.871] -  <   {
 <     "id": 475,
 <     "jsonrpc": "2.0",
 <     "result": "0x0"
 <   }
[2022/10/18 03:27:22.877] - eth_getTransactionCount
[2022/10/18 03:27:22.878] -    > {
   >   "jsonrpc": "2.0",
   >   "id": 479,
   >   "method": "eth_getTransactionCount",
   >   "params": [
   >     "0x7efc841873ac915c1102fd58de6ab5f063e181bd",
   >     "latest"
   >   ],
   >   "internal": true
   > }
[2022/10/18 03:27:22.881] -  <   {
 <     "id": 476,
 <     "jsonrpc": "2.0",
 <     "result": "0x56bc75e2d63100000"
 <   }
[2022/10/18 03:27:22.882] - eth_getBalance
[2022/10/18 03:27:22.883] -    > {
   >   "jsonrpc": "2.0",
   >   "id": 480,
   >   "method": "eth_getBalance",
   >   "params": [
   >     "0xb757c1ebf9c1a5237a5980974aeceddfae08d1c8",
   >     "latest"
   >   ],
   >   "internal": true
   > }
[2022/10/18 03:27:22.885] -  <   {
 <     "id": 477,
 <     "jsonrpc": "2.0",
 <     "result": "0x0"
 <   }
[2022/10/18 03:27:22.886] - eth_getTransactionCount
[2022/10/18 03:27:22.887] -    > {
   >   "jsonrpc": "2.0",
   >   "id": 481,
   >   "method": "eth_getTransactionCount",
   >   "params": [
   >     "0xb757c1ebf9c1a5237a5980974aeceddfae08d1c8",
   >     "latest"
   >   ],
   >   "internal": true
   > }
[2022/10/18 03:27:22.889] - eth_getBalance
[2022/10/18 03:27:22.890] -    > {
   >   "jsonrpc": "2.0",
   >   "id": 482,
   >   "method": "eth_getBalance",
   >   "params": [
   >     "0x0399221ea8349b7a3e14335a58156925da938b3c",
   >     "latest"
   >   ],
   >   "internal": true
   > }
[2022/10/18 03:27:22.893] -  <   {
 <     "id": 478,
 <     "jsonrpc": "2.0",
 <     "result": "0x56bc75e2d63100000"
 <   }
[2022/10/18 03:27:22.895] - eth_getTransactionCount
[2022/10/18 03:27:22.896] -    > {
   >   "jsonrpc": "2.0",
   >   "id": 483,
   >   "method": "eth_getTransactionCount",
   >   "params": [
   >     "0x0399221ea8349b7a3e14335a58156925da938b3c",
   >     "latest"
   >   ],
   >   "internal": true
   > }
[2022/10/18 03:27:22.899] -  <   {
 <     "id": 479,
 <     "jsonrpc": "2.0",
 <     "result": "0x0"
 <   }
[2022/10/18 03:27:22.901] - eth_getBalance
[2022/10/18 03:27:22.902] -    > {
   >   "jsonrpc": "2.0",
   >   "id": 484,
   >   "method": "eth_getBalance",
   >   "params": [
   >     "0xaf85536580b6029a72db7842cd16a243902713c8",
   >     "latest"
   >   ],
   >   "internal": true
   > }
[2022/10/18 03:27:22.904] - eth_getTransactionCount
[2022/10/18 03:27:22.904] -    > {
   >   "jsonrpc": "2.0",
   >   "id": 485,
   >   "method": "eth_getTransactionCount",
   >   "params": [
   >     "0xaf85536580b6029a72db7842cd16a243902713c8",
   >     "latest"
   >   ],
   >   "internal": true
   > }
[2022/10/18 03:27:22.906] -  <   {
 <     "id": 480,
 <     "jsonrpc": "2.0",
 <     "result": "0x56bc75e2d63100000"
 <   }
[2022/10/18 03:27:22.912] -  <   {
 <     "id": 481,
 <     "jsonrpc": "2.0",
 <     "result": "0x0"
 <   }
[2022/10/18 03:27:22.915] - eth_getBalance
[2022/10/18 03:27:22.916] -    > {
   >   "jsonrpc": "2.0",
   >   "id": 486,
   >   "method": "eth_getBalance",
   >   "params": [
   >     "0x9432cdeaebafd3c89456d38fe9aa87cc1dd73943",
   >     "latest"
   >   ],
   >   "internal": true
   > }
[2022/10/18 03:27:22.919] - eth_getTransactionCount
[2022/10/18 03:27:22.920] -    > {
   >   "jsonrpc": "2.0",
   >   "id": 487,
   >   "method": "eth_getTransactionCount",
   >   "params": [
   >     "0x9432cdeaebafd3c89456d38fe9aa87cc1dd73943",
   >     "latest"
   >   ],
   >   "internal": true
   > }
[2022/10/18 03:27:22.921] - eth_getBalance
[2022/10/18 03:27:22.922] -    > {
   >   "jsonrpc": "2.0",
   >   "id": 488,
   >   "method": "eth_getBalance",
   >   "params": [
   >     "0x0b8c09f14760d0c68d1b2bc3d24f025d22bba860",
   >     "latest"
   >   ],
   >   "internal": true
   > }
[2022/10/18 03:27:22.923] -  <   {
 <     "id": 482,
 <     "jsonrpc": "2.0",
 <     "result": "0x56bc75e2d63100000"
 <   }
[2022/10/18 03:27:22.926] - eth_getTransactionCount
[2022/10/18 03:27:22.927] -    > {
   >   "jsonrpc": "2.0",
   >   "id": 489,
   >   "method": "eth_getTransactionCount",
   >   "params": [
   >     "0x0b8c09f14760d0c68d1b2bc3d24f025d22bba860",
   >     "latest"
   >   ],
   >   "internal": true
   > }
[2022/10/18 03:27:22.932] -  <   {
 <     "id": 483,
 <     "jsonrpc": "2.0",
 <     "result": "0x0"
 <   }
[2022/10/18 03:27:22.933] - eth_getBalance
[2022/10/18 03:27:22.934] -    > {
   >   "jsonrpc": "2.0",
   >   "id": 490,
   >   "method": "eth_getBalance",
   >   "params": [
   >     "0x6ab68af0d5b7d57ae7ce20978bfdee11283f34fa",
   >     "latest"
   >   ],
   >   "internal": true
   > }
[2022/10/18 03:27:22.937] - eth_getTransactionCount
[2022/10/18 03:27:22.937] -    > {
   >   "jsonrpc": "2.0",
   >   "id": 491,
   >   "method": "eth_getTransactionCount",
   >   "params": [
   >     "0x6ab68af0d5b7d57ae7ce20978bfdee11283f34fa",
   >     "latest"
   >   ],
   >   "internal": true
   > }
[2022/10/18 03:27:22.939] -  <   {
 <     "id": 484,
 <     "jsonrpc": "2.0",
 <     "result": "0x56bc75e2d63100000"
 <   }
[2022/10/18 03:27:22.943] -  <   {
 <     "id": 485,
 <     "jsonrpc": "2.0",
 <     "result": "0x0"
 <   }
[2022/10/18 03:27:22.960] -  <   {
 <     "id": 486,
 <     "jsonrpc": "2.0",
 <     "result": "0x56bc75e2d63100000"
 <   }
[2022/10/18 03:27:22.976] -  <   {
 <     "id": 487,
 <     "jsonrpc": "2.0",
 <     "result": "0x0"
 <   }
[2022/10/18 03:27:22.991] -  <   {
 <     "id": 488,
 <     "jsonrpc": "2.0",
 <     "result": "0x56bc75e2d63100000"
 <   }
[2022/10/18 03:27:22.997] -  <   {
 <     "id": 489,
 <     "jsonrpc": "2.0",
 <     "result": "0x0"
 <   }
[2022/10/18 03:27:22.999] - eth_getBalance
[2022/10/18 03:27:23.000] -    > {
   >   "jsonrpc": "2.0",
   >   "id": 493,
   >   "method": "eth_getBalance",
   >   "params": [
   >     "0x9086b277b07117347539a47834a347cec29579ad",
   >     "latest"
   >   ],
   >   "internal": true
   > }
[2022/10/18 03:27:23.002] - eth_getTransactionCount
[2022/10/18 03:27:23.003] -    > {
   >   "jsonrpc": "2.0",
   >   "id": 494,
   >   "method": "eth_getTransactionCount",
   >   "params": [
   >     "0x9086b277b07117347539a47834a347cec29579ad",
   >     "latest"
   >   ],
   >   "internal": true
   > }
[2022/10/18 03:27:23.006] - eth_getBalance
[2022/10/18 03:27:23.009] -    > {
   >   "jsonrpc": "2.0",
   >   "id": 495,
   >   "method": "eth_getBalance",
   >   "params": [
   >     "0xfbf55685dbbf4dafa4a30e9e4a43b93364cb5d82",
   >     "latest"
   >   ],
   >   "internal": true
   > }
[2022/10/18 03:27:23.010] - eth_getTransactionCount
[2022/10/18 03:27:23.011] -    > {
   >   "jsonrpc": "2.0",
   >   "id": 496,
   >   "method": "eth_getTransactionCount",
   >   "params": [
   >     "0xfbf55685dbbf4dafa4a30e9e4a43b93364cb5d82",
   >     "latest"
   >   ],
   >   "internal": true
   > }
[2022/10/18 03:27:23.013] -  <   {
 <     "id": 490,
 <     "jsonrpc": "2.0",
 <     "result": "0x56bc75e2d63100000"
 <   }
[2022/10/18 03:27:23.016] -  <   {
 <     "id": 491,
 <     "jsonrpc": "2.0",
 <     "result": "0x0"
 <   }
[2022/10/18 03:27:23.017] - eth_getBalance
[2022/10/18 03:27:23.017] -    > {
   >   "jsonrpc": "2.0",
   >   "id": 497,
   >   "method": "eth_getBalance",
   >   "params": [
   >     "0x54935bed49d3afdb4862a8eca6ddbcade40a0d19",
   >     "latest"
   >   ],
   >   "internal": true
   > }
[2022/10/18 03:27:23.018] - eth_getTransactionCount
[2022/10/18 03:27:23.019] -    > {
   >   "jsonrpc": "2.0",
   >   "id": 498,
   >   "method": "eth_getTransactionCount",
   >   "params": [
   >     "0x54935bed49d3afdb4862a8eca6ddbcade40a0d19",
   >     "latest"
   >   ],
   >   "internal": true
   > }
[2022/10/18 03:27:23.021] -  <   {
 <     "id": 493,
 <     "jsonrpc": "2.0",
 <     "result": "0x56bc75e2d63100000"
 <   }
[2022/10/18 03:27:23.022] - eth_getBalance
[2022/10/18 03:27:23.022] -    > {
   >   "jsonrpc": "2.0",
   >   "id": 499,
   >   "method": "eth_getBalance",
   >   "params": [
   >     "0x7efc841873ac915c1102fd58de6ab5f063e181bd",
   >     "latest"
   >   ],
   >   "internal": true
   > }
[2022/10/18 03:27:23.025] -  <   {
 <     "id": 494,
 <     "jsonrpc": "2.0",
 <     "result": "0x0"
 <   }
[2022/10/18 03:27:23.026] - eth_getTransactionCount
[2022/10/18 03:27:23.027] -    > {
   >   "jsonrpc": "2.0",
   >   "id": 500,
   >   "method": "eth_getTransactionCount",
   >   "params": [
   >     "0x7efc841873ac915c1102fd58de6ab5f063e181bd",
   >     "latest"
   >   ],
   >   "internal": true
   > }
[2022/10/18 03:27:23.028] -  <   {
 <     "id": 495,
 <     "jsonrpc": "2.0",
 <     "result": "0x56bc75e2d63100000"
 <   }
[2022/10/18 03:27:23.030] - eth_getBalance
[2022/10/18 03:27:23.031] -    > {
   >   "jsonrpc": "2.0",
   >   "id": 501,
   >   "method": "eth_getBalance",
   >   "params": [
   >     "0xb757c1ebf9c1a5237a5980974aeceddfae08d1c8",
   >     "latest"
   >   ],
   >   "internal": true
   > }
[2022/10/18 03:27:23.034] -  <   {
 <     "id": 496,
 <     "jsonrpc": "2.0",
 <     "result": "0x0"
 <   }
[2022/10/18 03:27:23.036] - eth_getTransactionCount
[2022/10/18 03:27:23.037] -    > {
   >   "jsonrpc": "2.0",
   >   "id": 502,
   >   "method": "eth_getTransactionCount",
   >   "params": [
   >     "0xb757c1ebf9c1a5237a5980974aeceddfae08d1c8",
   >     "latest"
   >   ],
   >   "internal": true
   > }
[2022/10/18 03:27:23.039] -  <   {
 <     "id": 497,
 <     "jsonrpc": "2.0",
 <     "result": "0x56bc75e2d63100000"
 <   }
[2022/10/18 03:27:23.041] - eth_getBalance
[2022/10/18 03:27:23.042] -    > {
   >   "jsonrpc": "2.0",
   >   "id": 503,
   >   "method": "eth_getBalance",
   >   "params": [
   >     "0x0399221ea8349b7a3e14335a58156925da938b3c",
   >     "latest"
   >   ],
   >   "internal": true
   > }
[2022/10/18 03:27:23.044] -  <   {
 <     "id": 498,
 <     "jsonrpc": "2.0",
 <     "result": "0x0"
 <   }
[2022/10/18 03:27:23.046] - eth_getTransactionCount
[2022/10/18 03:27:23.047] -    > {
   >   "jsonrpc": "2.0",
   >   "id": 504,
   >   "method": "eth_getTransactionCount",
   >   "params": [
   >     "0x0399221ea8349b7a3e14335a58156925da938b3c",
   >     "latest"
   >   ],
   >   "internal": true
   > }
[2022/10/18 03:27:23.049] -  <   {
 <     "id": 499,
 <     "jsonrpc": "2.0",
 <     "result": "0x56bc75e2d63100000"
 <   }
[2022/10/18 03:27:23.053] -  <   {
 <     "id": 500,
 <     "jsonrpc": "2.0",
 <     "result": "0x0"
 <   }
[2022/10/18 03:27:23.054] - eth_getBalance
[2022/10/18 03:27:23.055] -    > {
   >   "jsonrpc": "2.0",
   >   "id": 505,
   >   "method": "eth_getBalance",
   >   "params": [
   >     "0xaf85536580b6029a72db7842cd16a243902713c8",
   >     "latest"
   >   ],
   >   "internal": true
   > }
[2022/10/18 03:27:23.058] -  <   {
 <     "id": 501,
 <     "jsonrpc": "2.0",
 <     "result": "0x56bc75e2d63100000"
 <   }
[2022/10/18 03:27:23.059] - eth_getTransactionCount
[2022/10/18 03:27:23.060] -    > {
   >   "jsonrpc": "2.0",
   >   "id": 506,
   >   "method": "eth_getTransactionCount",
   >   "params": [
   >     "0xaf85536580b6029a72db7842cd16a243902713c8",
   >     "latest"
   >   ],
   >   "internal": true
   > }
[2022/10/18 03:27:23.062] - eth_getBalance
[2022/10/18 03:27:23.063] -    > {
   >   "jsonrpc": "2.0",
   >   "id": 507,
   >   "method": "eth_getBalance",
   >   "params": [
   >     "0x9432cdeaebafd3c89456d38fe9aa87cc1dd73943",
   >     "latest"
   >   ],
   >   "internal": true
   > }
[2022/10/18 03:27:23.065] -  <   {
 <     "id": 502,
 <     "jsonrpc": "2.0",
 <     "result": "0x0"
 <   }
[2022/10/18 03:27:23.066] - eth_getTransactionCount
[2022/10/18 03:27:23.067] -    > {
   >   "jsonrpc": "2.0",
   >   "id": 508,
   >   "method": "eth_getTransactionCount",
   >   "params": [
   >     "0x9432cdeaebafd3c89456d38fe9aa87cc1dd73943",
   >     "latest"
   >   ],
   >   "internal": true
   > }
[2022/10/18 03:27:23.069] -  <   {
 <     "id": 503,
 <     "jsonrpc": "2.0",
 <     "result": "0x56bc75e2d63100000"
 <   }
[2022/10/18 03:27:23.076] -  <   {
 <     "id": 504,
 <     "jsonrpc": "2.0",
 <     "result": "0x0"
 <   }
[2022/10/18 03:27:23.077] - eth_getBalance
[2022/10/18 03:27:23.078] -    > {
   >   "jsonrpc": "2.0",
   >   "id": 509,
   >   "method": "eth_getBalance",
   >   "params": [
   >     "0x0b8c09f14760d0c68d1b2bc3d24f025d22bba860",
   >     "latest"
   >   ],
   >   "internal": true
   > }
[2022/10/18 03:27:23.080] - eth_getTransactionCount
[2022/10/18 03:27:23.082] -    > {
   >   "jsonrpc": "2.0",
   >   "id": 510,
   >   "method": "eth_getTransactionCount",
   >   "params": [
   >     "0x0b8c09f14760d0c68d1b2bc3d24f025d22bba860",
   >     "latest"
   >   ],
   >   "internal": true
   > }
[2022/10/18 03:27:23.085] -  <   {
 <     "id": 505,
 <     "jsonrpc": "2.0",
 <     "result": "0x56bc75e2d63100000"
 <   }
[2022/10/18 03:27:23.086] - eth_getBalance
[2022/10/18 03:27:23.087] -    > {
   >   "jsonrpc": "2.0",
   >   "id": 511,
   >   "method": "eth_getBalance",
   >   "params": [
   >     "0x6ab68af0d5b7d57ae7ce20978bfdee11283f34fa",
   >     "latest"
   >   ],
   >   "internal": true
   > }
[2022/10/18 03:27:23.091] -  <   {
 <     "id": 506,
 <     "jsonrpc": "2.0",
 <     "result": "0x0"
 <   }
[2022/10/18 03:27:23.093] - eth_getTransactionCount
[2022/10/18 03:27:23.094] -    > {
   >   "jsonrpc": "2.0",
   >   "id": 512,
   >   "method": "eth_getTransactionCount",
   >   "params": [
   >     "0x6ab68af0d5b7d57ae7ce20978bfdee11283f34fa",
   >     "latest"
   >   ],
   >   "internal": true
   > }
[2022/10/18 03:27:23.097] -  <   {
 <     "id": 507,
 <     "jsonrpc": "2.0",
 <     "result": "0x56bc75e2d63100000"
 <   }
[2022/10/18 03:27:23.100] -  <   {
 <     "id": 508,
 <     "jsonrpc": "2.0",
 <     "result": "0x0"
 <   }
[2022/10/18 03:27:23.101] - eth_getBalance
[2022/10/18 03:27:23.102] -    > {
   >   "jsonrpc": "2.0",
   >   "id": 513,
   >   "method": "eth_getBalance",
   >   "params": [
   >     "0x9086b277b07117347539a47834a347cec29579ad",
   >     "latest"
   >   ],
   >   "internal": true
   > }
[2022/10/18 03:27:23.110] -  <   {
 <     "id": 509,
 <     "jsonrpc": "2.0",
 <     "result": "0x56bc75e2d63100000"
 <   }
[2022/10/18 03:27:23.111] - eth_getTransactionCount
[2022/10/18 03:27:23.112] -    > {
   >   "jsonrpc": "2.0",
   >   "id": 514,
   >   "method": "eth_getTransactionCount",
   >   "params": [
   >     "0x9086b277b07117347539a47834a347cec29579ad",
   >     "latest"
   >   ],
   >   "internal": true
   > }
[2022/10/18 03:27:23.114] - eth_getBalance
[2022/10/18 03:27:23.115] -    > {
   >   "jsonrpc": "2.0",
   >   "id": 515,
   >   "method": "eth_getBalance",
   >   "params": [
   >     "0xfbf55685dbbf4dafa4a30e9e4a43b93364cb5d82",
   >     "latest"
   >   ],
   >   "internal": true
   > }
[2022/10/18 03:27:23.117] -  <   {
 <     "id": 510,
 <     "jsonrpc": "2.0",
 <     "result": "0x0"
 <   }
[2022/10/18 03:27:23.119] - eth_getTransactionCount
[2022/10/18 03:27:23.120] -    > {
   >   "jsonrpc": "2.0",
   >   "id": 516,
   >   "method": "eth_getTransactionCount",
   >   "params": [
   >     "0xfbf55685dbbf4dafa4a30e9e4a43b93364cb5d82",
   >     "latest"
   >   ],
   >   "internal": true
   > }
[2022/10/18 03:27:23.122] -  <   {
 <     "id": 511,
 <     "jsonrpc": "2.0",
 <     "result": "0x56bc75e2d63100000"
 <   }
[2022/10/18 03:27:23.124] - eth_getBalance
[2022/10/18 03:27:23.125] -    > {
   >   "jsonrpc": "2.0",
   >   "id": 517,
   >   "method": "eth_getBalance",
   >   "params": [
   >     "0x54935bed49d3afdb4862a8eca6ddbcade40a0d19",
   >     "latest"
   >   ],
   >   "internal": true
   > }
[2022/10/18 03:27:23.127] - eth_getTransactionCount
[2022/10/18 03:27:23.128] -    > {
   >   "jsonrpc": "2.0",
   >   "id": 518,
   >   "method": "eth_getTransactionCount",
   >   "params": [
   >     "0x54935bed49d3afdb4862a8eca6ddbcade40a0d19",
   >     "latest"
   >   ],
   >   "internal": true
   > }
[2022/10/18 03:27:23.131] -  <   {
 <     "id": 512,
 <     "jsonrpc": "2.0",
 <     "result": "0x0"
 <   }
[2022/10/18 03:27:23.132] - eth_getBalance
[2022/10/18 03:27:23.133] -    > {
   >   "jsonrpc": "2.0",
   >   "id": 519,
   >   "method": "eth_getBalance",
   >   "params": [
   >     "0x7efc841873ac915c1102fd58de6ab5f063e181bd",
   >     "latest"
   >   ],
   >   "internal": true
   > }
[2022/10/18 03:27:23.136] -  <   {
 <     "id": 513,
 <     "jsonrpc": "2.0",
 <     "result": "0x56bc75e2d63100000"
 <   }
[2022/10/18 03:27:23.138] - eth_getTransactionCount
[2022/10/18 03:27:23.139] -    > {
   >   "jsonrpc": "2.0",
   >   "id": 520,
   >   "method": "eth_getTransactionCount",
   >   "params": [
   >     "0x7efc841873ac915c1102fd58de6ab5f063e181bd",
   >     "latest"
   >   ],
   >   "internal": true
   > }
[2022/10/18 03:27:23.142] -  <   {
 <     "id": 514,
 <     "jsonrpc": "2.0",
 <     "result": "0x0"
 <   }
[2022/10/18 03:27:23.145] -  <   {
 <     "id": 515,
 <     "jsonrpc": "2.0",
 <     "result": "0x56bc75e2d63100000"
 <   }
[2022/10/18 03:27:23.146] - eth_getBalance
[2022/10/18 03:27:23.147] -    > {
   >   "jsonrpc": "2.0",
   >   "id": 521,
   >   "method": "eth_getBalance",
   >   "params": [
   >     "0xb757c1ebf9c1a5237a5980974aeceddfae08d1c8",
   >     "latest"
   >   ],
   >   "internal": true
   > }
[2022/10/18 03:27:23.148] - eth_getTransactionCount
[2022/10/18 03:27:23.149] -    > {
   >   "jsonrpc": "2.0",
   >   "id": 522,
   >   "method": "eth_getTransactionCount",
   >   "params": [
   >     "0xb757c1ebf9c1a5237a5980974aeceddfae08d1c8",
   >     "latest"
   >   ],
   >   "internal": true
   > }
[2022/10/18 03:27:23.150] -  <   {
 <     "id": 516,
 <     "jsonrpc": "2.0",
 <     "result": "0x0"
 <   }
[2022/10/18 03:27:23.152] - eth_getBalance
[2022/10/18 03:27:23.153] -    > {
   >   "jsonrpc": "2.0",
   >   "id": 523,
   >   "method": "eth_getBalance",
   >   "params": [
   >     "0x0399221ea8349b7a3e14335a58156925da938b3c",
   >     "latest"
   >   ],
   >   "internal": true
   > }
[2022/10/18 03:27:23.155] -  <   {
 <     "id": 517,
 <     "jsonrpc": "2.0",
 <     "result": "0x56bc75e2d63100000"
 <   }
[2022/10/18 03:27:23.156] - eth_getTransactionCount
[2022/10/18 03:27:23.157] -    > {
   >   "jsonrpc": "2.0",
   >   "id": 524,
   >   "method": "eth_getTransactionCount",
   >   "params": [
   >     "0x0399221ea8349b7a3e14335a58156925da938b3c",
   >     "latest"
   >   ],
   >   "internal": true
   > }
[2022/10/18 03:27:23.160] -  <   {
 <     "id": 518,
 <     "jsonrpc": "2.0",
 <     "result": "0x0"
 <   }
[2022/10/18 03:27:23.161] - eth_getBalance
[2022/10/18 03:27:23.162] -    > {
   >   "jsonrpc": "2.0",
   >   "id": 525,
   >   "method": "eth_getBalance",
   >   "params": [
   >     "0xaf85536580b6029a72db7842cd16a243902713c8",
   >     "latest"
   >   ],
   >   "internal": true
   > }
[2022/10/18 03:27:23.165] -  <   {
 <     "id": 519,
 <     "jsonrpc": "2.0",
 <     "result": "0x56bc75e2d63100000"
 <   }
[2022/10/18 03:27:23.166] - eth_getTransactionCount
[2022/10/18 03:27:23.167] -    > {
   >   "jsonrpc": "2.0",
   >   "id": 526,
   >   "method": "eth_getTransactionCount",
   >   "params": [
   >     "0xaf85536580b6029a72db7842cd16a243902713c8",
   >     "latest"
   >   ],
   >   "internal": true
   > }
[2022/10/18 03:27:23.169] -  <   {
 <     "id": 520,
 <     "jsonrpc": "2.0",
 <     "result": "0x0"
 <   }
[2022/10/18 03:27:23.171] - eth_getBalance
[2022/10/18 03:27:23.171] -    > {
   >   "jsonrpc": "2.0",
   >   "id": 527,
   >   "method": "eth_getBalance",
   >   "params": [
   >     "0x9432cdeaebafd3c89456d38fe9aa87cc1dd73943",
   >     "latest"
   >   ],
   >   "internal": true
   > }
[2022/10/18 03:27:23.178] -  <   {
 <     "id": 521,
 <     "jsonrpc": "2.0",
 <     "result": "0x56bc75e2d63100000"
 <   }
[2022/10/18 03:27:23.179] - eth_getTransactionCount
[2022/10/18 03:27:23.180] -    > {
   >   "jsonrpc": "2.0",
   >   "id": 528,
   >   "method": "eth_getTransactionCount",
   >   "params": [
   >     "0x9432cdeaebafd3c89456d38fe9aa87cc1dd73943",
   >     "latest"
   >   ],
   >   "internal": true
   > }
[2022/10/18 03:27:23.184] -  <   {
 <     "id": 522,
 <     "jsonrpc": "2.0",
 <     "result": "0x0"
 <   }
[2022/10/18 03:27:23.189] - eth_getBalance
[2022/10/18 03:27:23.190] -    > {
   >   "jsonrpc": "2.0",
   >   "id": 529,
   >   "method": "eth_getBalance",
   >   "params": [
   >     "0x0b8c09f14760d0c68d1b2bc3d24f025d22bba860",
   >     "latest"
   >   ],
   >   "internal": true
   > }
[2022/10/18 03:27:23.192] - eth_getTransactionCount
[2022/10/18 03:27:23.193] -    > {
   >   "jsonrpc": "2.0",
   >   "id": 530,
   >   "method": "eth_getTransactionCount",
   >   "params": [
   >     "0x0b8c09f14760d0c68d1b2bc3d24f025d22bba860",
   >     "latest"
   >   ],
   >   "internal": true
   > }
[2022/10/18 03:27:23.195] -  <   {
 <     "id": 523,
 <     "jsonrpc": "2.0",
 <     "result": "0x56bc75e2d63100000"
 <   }
[2022/10/18 03:27:23.196] - eth_getBalance
[2022/10/18 03:27:23.197] -    > {
   >   "jsonrpc": "2.0",
   >   "id": 531,
   >   "method": "eth_getBalance",
   >   "params": [
   >     "0x6ab68af0d5b7d57ae7ce20978bfdee11283f34fa",
   >     "latest"
   >   ],
   >   "internal": true
   > }
[2022/10/18 03:27:23.199] - eth_getTransactionCount
[2022/10/18 03:27:23.200] -    > {
   >   "jsonrpc": "2.0",
   >   "id": 532,
   >   "method": "eth_getTransactionCount",
   >   "params": [
   >     "0x6ab68af0d5b7d57ae7ce20978bfdee11283f34fa",
   >     "latest"
   >   ],
   >   "internal": true
   > }
[2022/10/18 03:27:23.208] -  <   {
 <     "id": 524,
 <     "jsonrpc": "2.0",
 <     "result": "0x0"
 <   }
[2022/10/18 03:27:23.223] -  <   {
 <     "id": 525,
 <     "jsonrpc": "2.0",
 <     "result": "0x56bc75e2d63100000"
 <   }
[2022/10/18 03:27:23.224] - eth_getBalance
[2022/10/18 03:27:23.225] -    > {
   >   "jsonrpc": "2.0",
   >   "id": 535,
   >   "method": "eth_getBalance",
   >   "params": [
   >     "0xfbf55685dbbf4dafa4a30e9e4a43b93364cb5d82",
   >     "latest"
   >   ],
   >   "internal": true
   > }
[2022/10/18 03:27:23.228] -  <   {
 <     "id": 526,
 <     "jsonrpc": "2.0",
 <     "result": "0x0"
 <   }
[2022/10/18 03:27:23.229] - eth_getTransactionCount
[2022/10/18 03:27:23.230] -    > {
   >   "jsonrpc": "2.0",
   >   "id": 536,
   >   "method": "eth_getTransactionCount",
   >   "params": [
   >     "0xfbf55685dbbf4dafa4a30e9e4a43b93364cb5d82",
   >     "latest"
   >   ],
   >   "internal": true
   > }
[2022/10/18 03:27:23.231] - eth_getBalance
[2022/10/18 03:27:23.232] -    > {
   >   "jsonrpc": "2.0",
   >   "id": 537,
   >   "method": "eth_getBalance",
   >   "params": [
   >     "0x54935bed49d3afdb4862a8eca6ddbcade40a0d19",
   >     "latest"
   >   ],
   >   "internal": true
   > }
[2022/10/18 03:27:23.234] -  <   {
 <     "id": 527,
 <     "jsonrpc": "2.0",
 <     "result": "0x56bc75e2d63100000"
 <   }
[2022/10/18 03:27:23.235] - eth_getTransactionCount
[2022/10/18 03:27:23.236] -    > {
   >   "jsonrpc": "2.0",
   >   "id": 538,
   >   "method": "eth_getTransactionCount",
   >   "params": [
   >     "0x54935bed49d3afdb4862a8eca6ddbcade40a0d19",
   >     "latest"
   >   ],
   >   "internal": true
   > }
[2022/10/18 03:27:23.237] - eth_getBalance
[2022/10/18 03:27:23.238] -    > {
   >   "jsonrpc": "2.0",
   >   "id": 539,
   >   "method": "eth_getBalance",
   >   "params": [
   >     "0x7efc841873ac915c1102fd58de6ab5f063e181bd",
   >     "latest"
   >   ],
   >   "internal": true
   > }
[2022/10/18 03:27:23.240] -  <   {
 <     "id": 528,
 <     "jsonrpc": "2.0",
 <     "result": "0x0"
 <   }
[2022/10/18 03:27:23.241] - eth_getTransactionCount
[2022/10/18 03:27:23.242] -    > {
   >   "jsonrpc": "2.0",
   >   "id": 540,
   >   "method": "eth_getTransactionCount",
   >   "params": [
   >     "0x7efc841873ac915c1102fd58de6ab5f063e181bd",
   >     "latest"
   >   ],
   >   "internal": true
   > }
[2022/10/18 03:27:23.245] -  <   {
 <     "id": 529,
 <     "jsonrpc": "2.0",
 <     "result": "0x56bc75e2d63100000"
 <   }
[2022/10/18 03:27:23.247] -  <   {
 <     "id": 530,
 <     "jsonrpc": "2.0",
 <     "result": "0x0"
 <   }
[2022/10/18 03:27:23.248] - eth_getBalance
[2022/10/18 03:27:23.249] -    > {
   >   "jsonrpc": "2.0",
   >   "id": 541,
   >   "method": "eth_getBalance",
   >   "params": [
   >     "0xb757c1ebf9c1a5237a5980974aeceddfae08d1c8",
   >     "latest"
   >   ],
   >   "internal": true
   > }
[2022/10/18 03:27:23.250] - eth_getTransactionCount
[2022/10/18 03:27:23.251] -    > {
   >   "jsonrpc": "2.0",
   >   "id": 542,
   >   "method": "eth_getTransactionCount",
   >   "params": [
   >     "0xb757c1ebf9c1a5237a5980974aeceddfae08d1c8",
   >     "latest"
   >   ],
   >   "internal": true
   > }
[2022/10/18 03:27:23.260] -  <   {
 <     "id": 531,
 <     "jsonrpc": "2.0",
 <     "result": "0x56bc75e2d63100000"
 <   }
[2022/10/18 03:27:23.261] - eth_getBalance
[2022/10/18 03:27:23.262] -    > {
   >   "jsonrpc": "2.0",
   >   "id": 543,
   >   "method": "eth_getBalance",
   >   "params": [
   >     "0x0399221ea8349b7a3e14335a58156925da938b3c",
   >     "latest"
   >   ],
   >   "internal": true
   > }
[2022/10/18 03:27:23.263] - eth_getTransactionCount
[2022/10/18 03:27:23.264] -    > {
   >   "jsonrpc": "2.0",
   >   "id": 544,
   >   "method": "eth_getTransactionCount",
   >   "params": [
   >     "0x0399221ea8349b7a3e14335a58156925da938b3c",
   >     "latest"
   >   ],
   >   "internal": true
   > }
[2022/10/18 03:27:23.266] -  <   {
 <     "id": 532,
 <     "jsonrpc": "2.0",
 <     "result": "0x0"
 <   }
[2022/10/18 03:27:23.268] - eth_getBalance
[2022/10/18 03:27:23.269] -    > {
   >   "jsonrpc": "2.0",
   >   "id": 545,
   >   "method": "eth_getBalance",
   >   "params": [
   >     "0xaf85536580b6029a72db7842cd16a243902713c8",
   >     "latest"
   >   ],
   >   "internal": true
   > }
[2022/10/18 03:27:23.270] - eth_getTransactionCount
[2022/10/18 03:27:23.271] -    > {
   >   "jsonrpc": "2.0",
   >   "id": 546,
   >   "method": "eth_getTransactionCount",
   >   "params": [
   >     "0xaf85536580b6029a72db7842cd16a243902713c8",
   >     "latest"
   >   ],
   >   "internal": true
   > }
[2022/10/18 03:27:23.273] -  <   {
 <     "id": 535,
 <     "jsonrpc": "2.0",
 <     "result": "0x56bc75e2d63100000"
 <   }
[2022/10/18 03:27:23.274] - eth_getBalance
[2022/10/18 03:27:23.275] -    > {
   >   "jsonrpc": "2.0",
   >   "id": 547,
   >   "method": "eth_getBalance",
   >   "params": [
   >     "0x9432cdeaebafd3c89456d38fe9aa87cc1dd73943",
   >     "latest"
   >   ],
   >   "internal": true
   > }
[2022/10/18 03:27:23.277] -  <   {
 <     "id": 536,
 <     "jsonrpc": "2.0",
 <     "result": "0x0"
 <   }
[2022/10/18 03:27:23.278] - eth_getTransactionCount
[2022/10/18 03:27:23.279] -    > {
   >   "jsonrpc": "2.0",
   >   "id": 548,
   >   "method": "eth_getTransactionCount",
   >   "params": [
   >     "0x9432cdeaebafd3c89456d38fe9aa87cc1dd73943",
   >     "latest"
   >   ],
   >   "internal": true
   > }
[2022/10/18 03:27:23.281] -  <   {
 <     "id": 537,
 <     "jsonrpc": "2.0",
 <     "result": "0x56bc75e2d63100000"
 <   }
[2022/10/18 03:27:23.282] - eth_getBalance
[2022/10/18 03:27:23.283] -    > {
   >   "jsonrpc": "2.0",
   >   "id": 549,
   >   "method": "eth_getBalance",
   >   "params": [
   >     "0x0b8c09f14760d0c68d1b2bc3d24f025d22bba860",
   >     "latest"
   >   ],
   >   "internal": true
   > }
[2022/10/18 03:27:23.286] -  <   {
 <     "id": 538,
 <     "jsonrpc": "2.0",
 <     "result": "0x0"
 <   }
[2022/10/18 03:27:23.288] - eth_getTransactionCount
[2022/10/18 03:27:23.289] -    > {
   >   "jsonrpc": "2.0",
   >   "id": 550,
   >   "method": "eth_getTransactionCount",
   >   "params": [
   >     "0x0b8c09f14760d0c68d1b2bc3d24f025d22bba860",
   >     "latest"
   >   ],
   >   "internal": true
   > }
[2022/10/18 03:27:23.292] -  <   {
 <     "id": 539,
 <     "jsonrpc": "2.0",
 <     "result": "0x56bc75e2d63100000"
 <   }
[2022/10/18 03:27:23.294] - eth_getBalance
[2022/10/18 03:27:23.295] -    > {
   >   "jsonrpc": "2.0",
   >   "id": 551,
   >   "method": "eth_getBalance",
   >   "params": [
   >     "0x6ab68af0d5b7d57ae7ce20978bfdee11283f34fa",
   >     "latest"
   >   ],
   >   "internal": true
   > }
[2022/10/18 03:27:23.297] -  <   {
 <     "id": 540,
 <     "jsonrpc": "2.0",
 <     "result": "0x0"
 <   }
[2022/10/18 03:27:23.298] - eth_getTransactionCount
[2022/10/18 03:27:23.299] -    > {
   >   "jsonrpc": "2.0",
   >   "id": 552,
   >   "method": "eth_getTransactionCount",
   >   "params": [
   >     "0x6ab68af0d5b7d57ae7ce20978bfdee11283f34fa",
   >     "latest"
   >   ],
   >   "internal": true
   > }
[2022/10/18 03:27:23.304] -  <   {
 <     "id": 541,
 <     "jsonrpc": "2.0",
 <     "result": "0x56bc75e2d63100000"
 <   }
[2022/10/18 03:27:23.307] -  <   {
 <     "id": 542,
 <     "jsonrpc": "2.0",
 <     "result": "0x0"
 <   }
[2022/10/18 03:27:23.320] -  <   {
 <     "id": 543,
 <     "jsonrpc": "2.0",
 <     "result": "0x56bc75e2d63100000"
 <   }
[2022/10/18 03:27:23.337] -  <   {
 <     "id": 544,
 <     "jsonrpc": "2.0",
 <     "result": "0x0"
 <   }
[2022/10/18 03:27:23.352] -  <   {
 <     "id": 545,
 <     "jsonrpc": "2.0",
 <     "result": "0x56bc75e2d63100000"
 <   }
[2022/10/18 03:27:23.368] -  <   {
 <     "id": 546,
 <     "jsonrpc": "2.0",
 <     "result": "0x0"
 <   }
[2022/10/18 03:27:23.384] -  <   {
 <     "id": 547,
 <     "jsonrpc": "2.0",
 <     "result": "0x56bc75e2d63100000"
 <   }
[2022/10/18 03:27:23.402] -  <   {
 <     "id": 548,
 <     "jsonrpc": "2.0",
 <     "result": "0x0"
 <   }
[2022/10/18 03:27:23.416] -  <   {
 <     "id": 549,
 <     "jsonrpc": "2.0",
 <     "result": "0x56bc75e2d63100000"
 <   }
[2022/10/18 03:27:23.432] -  <   {
 <     "id": 550,
 <     "jsonrpc": "2.0",
 <     "result": "0x0"
 <   }
[2022/10/18 03:27:23.448] -  <   {
 <     "id": 551,
 <     "jsonrpc": "2.0",
 <     "result": "0x56bc75e2d63100000"
 <   }
[2022/10/18 03:27:23.451] -  <   {
 <     "id": 552,
 <     "jsonrpc": "2.0",
 <     "result": "0x0"
 <   }
[2022/10/18 03:27:30.957] - eth_unsubscribe
[2022/10/18 03:27:30.957] -    > {
   >   "jsonrpc": "2.0",
   >   "id": 47,
   >   "method": "eth_unsubscribe",
   >   "params": [
   >     "0x3"
   >   ]
   > }
[2022/10/18 03:27:30.958] - eth_unsubscribe
[2022/10/18 03:27:30.959] -    > {
   >   "jsonrpc": "2.0",
   >   "id": 48,
   >   "method": "eth_unsubscribe",
   >   "params": [
   >     "0x4"
   >   ]
   > }
[2022/10/18 03:27:30.961] -  <   {
 <     "id": 47,
 <     "jsonrpc": "2.0",
 <     "result": true
 <   }
[2022/10/18 03:27:30.962] -    > {
   >   "jsonrpc": "2.0",
   >   "method": "eth_unsubscribe",
   >   "params": [
   >     "0x5"
   >   ],
   >   "id": 1666052850962
   > }
[2022/10/18 03:27:30.963] -    > {
   >   "jsonrpc": "2.0",
   >   "method": "eth_unsubscribe",
   >   "params": [
   >     "0x4"
   >   ],
   >   "id": 1666052850963
   > }
[2022/10/18 03:27:30.964] -    > {
   >   "jsonrpc": "2.0",
   >   "method": "eth_unsubscribe",
   >   "params": [
   >     "0x6"
   >   ],
   >   "id": 1666052850964
   > }
[2022/10/18 03:27:30.965] -    > {
   >   "jsonrpc": "2.0",
   >   "method": "eth_unsubscribe",
   >   "params": [
   >     "0x1"
   >   ],
   >   "id": 1666052850964
   > }
[2022/10/18 03:27:30.965] -    > {
   >   "jsonrpc": "2.0",
   >   "method": "eth_unsubscribe",
   >   "params": [
   >     "0x2"
   >   ],
   >   "id": 1666052850965
   > }
[2022/10/18 03:27:30.966] -  <   {
 <     "id": 48,
 <     "jsonrpc": "2.0",
 <     "result": true
 <   }
[2022/10/18 03:27:30.971] -  <   {
 <     "id": 1666052850962,
 <     "jsonrpc": "2.0",
 <     "result": true
 <   }
[2022/10/18 03:27:30.987] -  <   {
 <     "id": 1666052850963,
 <     "jsonrpc": "2.0",
 <     "error": {
 <       "message": "Subscription ID 0x4 not found.",
 <       "code": -32000,
 <       "data": {
 <         "stack": "Error: Subscription ID 0x4 not found.\n    at SubscriptionSubprovider.eth_unsubscribe (C:\\Program Files\\WindowsApps\\GanacheUI_2.5.4.0_x64__5dg5pnz03psnj\\app\\resources\\static\\node\\node_modules\\ganache-core\\node_modules\\web3-provider-engine\\subproviders\\subscriptions.js:78:8)\n    at SubscriptionSubprovider.handleRequest (C:\\Program Files\\WindowsApps\\GanacheUI_2.5.4.0_x64__5dg5pnz03psnj\\app\\resources\\static\\node\\node_modules\\ganache-core\\node_modules\\web3-provider-engine\\subproviders\\subscriptions.js:134:12)\n    at next (C:\\Program Files\\WindowsApps\\GanacheUI_2.5.4.0_x64__5dg5pnz03psnj\\app\\resources\\static\\node\\node_modules\\ganache-core\\node_modules\\web3-provider-engine\\index.js:136:18)\n    at DelayedBlockFilter.handleRequest (C:\\Program Files\\WindowsApps\\GanacheUI_2.5.4.0_x64__5dg5pnz03psnj\\app\\resources\\static\\node\\node_modules\\ganache-core\\lib\\subproviders\\delayedblockfilter.js:31:3)\n    at next (C:\\Program Files\\WindowsApps\\GanacheUI_2.5.4.0_x64__5dg5pnz03psnj\\app\\resources\\static\\node\\node_modules\\ganache-core\\node_modules\\web3-provider-engine\\index.js:136:18)\n    at RequestFunnel.handleRequest (C:\\Program Files\\WindowsApps\\GanacheUI_2.5.4.0_x64__5dg5pnz03psnj\\app\\resources\\static\\node\\node_modules\\ganache-core\\lib\\subproviders\\requestfunnel.js:32:12)\n    at next (C:\\Program Files\\WindowsApps\\GanacheUI_2.5.4.0_x64__5dg5pnz03psnj\\app\\resources\\static\\node\\node_modules\\ganache-core\\node_modules\\web3-provider-engine\\index.js:136:18)\n    at Web3ProviderEngine._handleAsync (C:\\Program Files\\WindowsApps\\GanacheUI_2.5.4.0_x64__5dg5pnz03psnj\\app\\resources\\static\\node\\node_modules\\ganache-core\\node_modules\\web3-provider-engine\\index.js:123:3)\n    at Timeout._onTimeout (C:\\Program Files\\WindowsApps\\GanacheUI_2.5.4.0_x64__5dg5pnz03psnj\\app\\resources\\static\\node\\node_modules\\ganache-core\\node_modules\\web3-provider-engine\\index.js:107:12)\n    at listOnTimeout (internal/timers.js:531:17)\n    at processTimers (internal/timers.js:475:7)",
 <         "name": "Error"
 <       }
 <     }
 <   }
[2022/10/18 03:27:31.002] -  <   {
 <     "id": 1666052850964,
 <     "jsonrpc": "2.0",
 <     "result": true
 <   }
[2022/10/18 03:27:31.019] -  <   {
 <     "id": 1666052850964,
 <     "jsonrpc": "2.0",
 <     "result": true
 <   }
[2022/10/18 03:27:31.034] -  <   {
 <     "id": 1666052850965,
 <     "jsonrpc": "2.0",
 <     "result": true
 <   }
