[2022/10/18 04:01:22.398] - Starting server with initial configuration: {"gasLimit":6721975,"gasPrice":20000000000,"hardfork":"muirGlacier","hostname":"127.0.0.1","port":7545,"network_id":5777,"default_balance_ether":100,"total_accounts":10,"unlocked_accounts":[],"locked":false,"vmErrorsOnRPCResponse":true,"verbose":true,"db_path":"C:\\Users\\dikby\\AppData\\Roaming\\Ganache\\workspaces\\e-vote-aku-dapp\\chaindata","logDirectory":"C:\\Users\\dikby\\GitHub\\e-vote-aku-dapp\\truffle\\log-ganache"}
[2022/10/18 04:01:22.523] - eth_getCode
[2022/10/18 04:01:22.524] -    > {
   >   "jsonrpc": "2.0",
   >   "id": 70,
   >   "method": "eth_getCode",
   >   "params": [
   >     "0xc5d0134e5a11da109eff467fb68f7f08cd922dc6",
   >     "latest"
   >   ]
   > }
[2022/10/18 04:01:22.526] - eth_subscribe
[2022/10/18 04:01:22.527] -    > {
   >   "jsonrpc": "2.0",
   >   "id": 67,
   >   "method": "eth_subscribe",
   >   "params": [
   >     "newHeads"
   >   ]
   > }
[2022/10/18 04:01:22.528] - eth_getLogs
[2022/10/18 04:01:22.530] -    > {
   >   "jsonrpc": "2.0",
   >   "id": 68,
   >   "method": "eth_getLogs",
   >   "params": [
   >     {
   >       "topics": []
   >     }
   >   ]
   > }
[2022/10/18 04:01:22.535] -  <   {
 <     "id": 70,
 <     "jsonrpc": "2.0",
 <     "result": "0x"
 <   }
[2022/10/18 04:01:22.536] - eth_subscribe
[2022/10/18 04:01:22.538] -    > {
   >   "jsonrpc": "2.0",
   >   "id": 69,
   >   "method": "eth_subscribe",
   >   "params": [
   >     "logs",
   >     {
   >       "topics": []
   >     }
   >   ]
   > }
[2022/10/18 04:01:22.546] -  <   {
 <     "id": 67,
 <     "jsonrpc": "2.0",
 <     "result": "0x1"
 <   }
[2022/10/18 04:01:22.554] -  <   {
 <     "id": 68,
 <     "jsonrpc": "2.0",
 <     "result": []
 <   }
[2022/10/18 04:01:22.556] -  <   {
 <     "id": 69,
 <     "jsonrpc": "2.0",
 <     "result": "0x2"
 <   }
[2022/10/18 04:01:22.611] - eth_getCode
[2022/10/18 04:01:22.613] -    > {
   >   "jsonrpc": "2.0",
   >   "id": 74,
   >   "method": "eth_getCode",
   >   "params": [
   >     "0xc5d0134e5a11da109eff467fb68f7f08cd922dc6",
   >     "latest"
   >   ]
   > }
[2022/10/18 04:01:22.614] - eth_subscribe
[2022/10/18 04:01:22.615] -    > {
   >   "jsonrpc": "2.0",
   >   "id": 71,
   >   "method": "eth_subscribe",
   >   "params": [
   >     "newHeads"
   >   ]
   > }
[2022/10/18 04:01:22.617] - eth_getLogs
[2022/10/18 04:01:22.617] -    > {
   >   "jsonrpc": "2.0",
   >   "id": 72,
   >   "method": "eth_getLogs",
   >   "params": [
   >     {
   >       "topics": []
   >     }
   >   ]
   > }
[2022/10/18 04:01:22.620] -  <   {
 <     "id": 74,
 <     "jsonrpc": "2.0",
 <     "result": "0x"
 <   }
[2022/10/18 04:01:22.621] - eth_subscribe
[2022/10/18 04:01:22.621] -    > {
   >   "jsonrpc": "2.0",
   >   "id": 73,
   >   "method": "eth_subscribe",
   >   "params": [
   >     "logs",
   >     {
   >       "topics": []
   >     }
   >   ]
   > }
[2022/10/18 04:01:22.625] -  <   {
 <     "id": 71,
 <     "jsonrpc": "2.0",
 <     "result": "0x3"
 <   }
[2022/10/18 04:01:22.629] -  <   {
 <     "id": 72,
 <     "jsonrpc": "2.0",
 <     "result": []
 <   }
[2022/10/18 04:01:22.636] -  <   {
 <     "id": 73,
 <     "jsonrpc": "2.0",
 <     "result": "0x4"
 <   }
[2022/10/18 04:01:22.715] - eth_blockNumber
[2022/10/18 04:01:22.716] -    > {
   >   "jsonrpc": "2.0",
   >   "id": 792,
   >   "method": "eth_blockNumber",
   >   "params": [],
   >   "internal": true
   > }
[2022/10/18 04:01:22.717] - eth_accounts
[2022/10/18 04:01:22.717] -    > {
   >   "jsonrpc": "2.0",
   >   "id": 793,
   >   "method": "eth_accounts",
   >   "params": [],
   >   "internal": true
   > }
[2022/10/18 04:01:22.718] - eth_blockNumber
[2022/10/18 04:01:22.719] -    > {
   >   "jsonrpc": "2.0",
   >   "id": 787,
   >   "method": "eth_blockNumber",
   >   "params": [],
   >   "internal": true
   > }
[2022/10/18 04:01:22.719] - eth_gasPrice
[2022/10/18 04:01:22.720] -    > {
   >   "jsonrpc": "2.0",
   >   "id": 794,
   >   "method": "eth_gasPrice",
   >   "params": [],
   >   "internal": true
   > }
[2022/10/18 04:01:22.720] - eth_accounts
[2022/10/18 04:01:22.721] -    > {
   >   "jsonrpc": "2.0",
   >   "id": 788,
   >   "method": "eth_accounts",
   >   "params": [],
   >   "internal": true
   > }
[2022/10/18 04:01:22.722] -  <   {
 <     "id": 792,
 <     "jsonrpc": "2.0",
 <     "result": "0x2"
 <   }
[2022/10/18 04:01:22.723] - eth_getBlockByNumber
[2022/10/18 04:01:22.724] -    > {
   >   "jsonrpc": "2.0",
   >   "id": 795,
   >   "method": "eth_getBlockByNumber",
   >   "params": [
   >     "latest",
   >     false
   >   ],
   >   "internal": true
   > }
[2022/10/18 04:01:22.724] - eth_gasPrice
[2022/10/18 04:01:22.725] -    > {
   >   "jsonrpc": "2.0",
   >   "id": 789,
   >   "method": "eth_gasPrice",
   >   "params": [],
   >   "internal": true
   > }
[2022/10/18 04:01:22.725] -  <   {
 <     "id": 793,
 <     "jsonrpc": "2.0",
 <     "result": [
 <       "0x9086b277b07117347539a47834a347cec29579ad",
 <       "0xfbf55685dbbf4dafa4a30e9e4a43b93364cb5d82",
 <       "0x54935bed49d3afdb4862a8eca6ddbcade40a0d19",
 <       "0x7efc841873ac915c1102fd58de6ab5f063e181bd",
 <       "0xb757c1ebf9c1a5237a5980974aeceddfae08d1c8",
 <       "0x0399221ea8349b7a3e14335a58156925da938b3c",
 <       "0xaf85536580b6029a72db7842cd16a243902713c8",
 <       "0x9432cdeaebafd3c89456d38fe9aa87cc1dd73943",
 <       "0x0b8c09f14760d0c68d1b2bc3d24f025d22bba860",
 <       "0x6ab68af0d5b7d57ae7ce20978bfdee11283f34fa"
 <     ]
 <   }
[2022/10/18 04:01:22.726] - eth_subscribe
[2022/10/18 04:01:22.727] -    > {
   >   "jsonrpc": "2.0",
   >   "id": 796,
   >   "method": "eth_subscribe",
   >   "params": [
   >     "newHeads"
   >   ],
   >   "internal": true
   > }
[2022/10/18 04:01:22.727] - eth_getBlockByNumber
[2022/10/18 04:01:22.728] -    > {
   >   "jsonrpc": "2.0",
   >   "id": 790,
   >   "method": "eth_getBlockByNumber",
   >   "params": [
   >     "latest",
   >     false
   >   ],
   >   "internal": true
   > }
[2022/10/18 04:01:22.729] -  <   {
 <     "id": 787,
 <     "jsonrpc": "2.0",
 <     "result": "0x2"
 <   }
[2022/10/18 04:01:22.730] - eth_subscribe
[2022/10/18 04:01:22.731] -    > {
   >   "jsonrpc": "2.0",
   >   "id": 791,
   >   "method": "eth_subscribe",
   >   "params": [
   >     "newHeads"
   >   ],
   >   "internal": true
   > }
[2022/10/18 04:01:22.731] -  <   {
 <     "id": 794,
 <     "jsonrpc": "2.0",
 <     "result": "0x4a817c800"
 <   }
[2022/10/18 04:01:22.743] -  <   {
 <     "id": 788,
 <     "jsonrpc": "2.0",
 <     "result": [
 <       "0x9086b277b07117347539a47834a347cec29579ad",
 <       "0xfbf55685dbbf4dafa4a30e9e4a43b93364cb5d82",
 <       "0x54935bed49d3afdb4862a8eca6ddbcade40a0d19",
 <       "0x7efc841873ac915c1102fd58de6ab5f063e181bd",
 <       "0xb757c1ebf9c1a5237a5980974aeceddfae08d1c8",
 <       "0x0399221ea8349b7a3e14335a58156925da938b3c",
 <       "0xaf85536580b6029a72db7842cd16a243902713c8",
 <       "0x9432cdeaebafd3c89456d38fe9aa87cc1dd73943",
 <       "0x0b8c09f14760d0c68d1b2bc3d24f025d22bba860",
 <       "0x6ab68af0d5b7d57ae7ce20978bfdee11283f34fa"
 <     ]
 <   }
[2022/10/18 04:01:22.744] - eth_accounts
[2022/10/18 04:01:22.745] -    > {
   >   "jsonrpc": "2.0",
   >   "id": 797,
   >   "method": "eth_accounts",
   >   "params": [],
   >   "internal": true
   > }
[2022/10/18 04:01:22.761] -  <   {
 <     "id": 795,
 <     "jsonrpc": "2.0",
 <     "result": {
 <       "number": "0x2",
 <       "hash": "0x513df3462ec2b7c8b32ede887ad7d65917b088a36e18bc62362fda622cd54a70",
 <       "parentHash": "0xe8b1b6daf5f09b9e8e3801cf27821e41e6a02e5da9faa4198a922fc8adb0fbb4",
 <       "mixHash": "0x0000000000000000000000000000000000000000000000000000000000000000",
 <       "nonce": "0x0000000000000000",
 <       "sha3Uncles": "0x1dcc4de8dec75d7aab85b567b6ccd41ad312451b948a7413f0a142fd40d49347",
 <       "logsBloom": "0x00000000000000000000000000000000000000000000000000000000000000000000000000000000000000000000000000000000000000000000000000000000000000000000000000000000000000000000000000000000000000000000000000000000000000000000000000000000000000000000000000000000000000000000000000000000000000000000000000000000000000000000000000000000000000000000000000000000000000000000000000000000000000000000000000000000000000000000000000000000000000000000000000000000000000000000000000000000000000000000000000000000000000000000000000000000",
 <       "transactionsRoot": "0xd0ab923ca12518ef1b160354bd23afe1fcf772c2e1af70219201d84e8d6c68b2",
 <       "stateRoot": "0xc5838d353dde8805027f8683b3dfb50978ef2e9f960ff7850fee92ed5ba1be69",
 <       "receiptsRoot": "0x42c1419dc24443c4f7b82ff6bff9fd2bac801fe86ea7bc520737a23d41ea9baf",
 <       "miner": "0x0000000000000000000000000000000000000000",
 <       "difficulty": "0x0",
 <       "totalDifficulty": "0x0",
 <       "extraData": "0x",
 <       "size": "0x3e8",
 <       "gasLimit": "0x6691b7",
 <       "gasUsed": "0x1ead5",
 <       "timestamp": "0x634df9c2",
 <       "transactions": [
 <         "0x484501c2d56507933e4dfc8909da6106f9336eca98f4666e1f2b6923cdffcdc7"
 <       ],
 <       "uncles": []
 <     }
 <   }
[2022/10/18 04:01:22.765] -  <   {
 <     "id": 789,
 <     "jsonrpc": "2.0",
 <     "result": "0x4a817c800"
 <   }
[2022/10/18 04:01:22.767] -  <   {
 <     "id": 796,
 <     "jsonrpc": "2.0",
 <     "result": "0x5"
 <   }
[2022/10/18 04:01:22.773] -  <   {
 <     "id": 790,
 <     "jsonrpc": "2.0",
 <     "result": {
 <       "number": "0x2",
 <       "hash": "0x513df3462ec2b7c8b32ede887ad7d65917b088a36e18bc62362fda622cd54a70",
 <       "parentHash": "0xe8b1b6daf5f09b9e8e3801cf27821e41e6a02e5da9faa4198a922fc8adb0fbb4",
 <       "mixHash": "0x0000000000000000000000000000000000000000000000000000000000000000",
 <       "nonce": "0x0000000000000000",
 <       "sha3Uncles": "0x1dcc4de8dec75d7aab85b567b6ccd41ad312451b948a7413f0a142fd40d49347",
 <       "logsBloom": "0x00000000000000000000000000000000000000000000000000000000000000000000000000000000000000000000000000000000000000000000000000000000000000000000000000000000000000000000000000000000000000000000000000000000000000000000000000000000000000000000000000000000000000000000000000000000000000000000000000000000000000000000000000000000000000000000000000000000000000000000000000000000000000000000000000000000000000000000000000000000000000000000000000000000000000000000000000000000000000000000000000000000000000000000000000000000",
 <       "transactionsRoot": "0xd0ab923ca12518ef1b160354bd23afe1fcf772c2e1af70219201d84e8d6c68b2",
 <       "stateRoot": "0xc5838d353dde8805027f8683b3dfb50978ef2e9f960ff7850fee92ed5ba1be69",
 <       "receiptsRoot": "0x42c1419dc24443c4f7b82ff6bff9fd2bac801fe86ea7bc520737a23d41ea9baf",
 <       "miner": "0x0000000000000000000000000000000000000000",
 <       "difficulty": "0x0",
 <       "totalDifficulty": "0x0",
 <       "extraData": "0x",
 <       "size": "0x3e8",
 <       "gasLimit": "0x6691b7",
 <       "gasUsed": "0x1ead5",
 <       "timestamp": "0x634df9c2",
 <       "transactions": [
 <         "0x484501c2d56507933e4dfc8909da6106f9336eca98f4666e1f2b6923cdffcdc7"
 <       ],
 <       "uncles": []
 <     }
 <   }
[2022/10/18 04:01:22.775] -  <   {
 <     "id": 791,
 <     "jsonrpc": "2.0",
 <     "result": "0x6"
 <   }
[2022/10/18 04:01:22.777] -  <   {
 <     "id": 797,
 <     "jsonrpc": "2.0",
 <     "result": [
 <       "0x9086b277b07117347539a47834a347cec29579ad",
 <       "0xfbf55685dbbf4dafa4a30e9e4a43b93364cb5d82",
 <       "0x54935bed49d3afdb4862a8eca6ddbcade40a0d19",
 <       "0x7efc841873ac915c1102fd58de6ab5f063e181bd",
 <       "0xb757c1ebf9c1a5237a5980974aeceddfae08d1c8",
 <       "0x0399221ea8349b7a3e14335a58156925da938b3c",
 <       "0xaf85536580b6029a72db7842cd16a243902713c8",
 <       "0x9432cdeaebafd3c89456d38fe9aa87cc1dd73943",
 <       "0x0b8c09f14760d0c68d1b2bc3d24f025d22bba860",
 <       "0x6ab68af0d5b7d57ae7ce20978bfdee11283f34fa"
 <     ]
 <   }
[2022/10/18 04:01:22.801] - eth_getBalance
[2022/10/18 04:01:22.802] -    > {
   >   "jsonrpc": "2.0",
   >   "id": 798,
   >   "method": "eth_getBalance",
   >   "params": [
   >     "0x9086b277b07117347539a47834a347cec29579ad",
   >     "latest"
   >   ],
   >   "internal": true
   > }
[2022/10/18 04:01:22.812] -  <   {
 <     "id": 798,
 <     "jsonrpc": "2.0",
 <     "result": "0x56bb582f2a1dd3000"
 <   }
[2022/10/18 04:01:22.814] - eth_getTransactionCount
[2022/10/18 04:01:22.815] -    > {
   >   "jsonrpc": "2.0",
   >   "id": 799,
   >   "method": "eth_getTransactionCount",
   >   "params": [
   >     "0x9086b277b07117347539a47834a347cec29579ad",
   >     "latest"
   >   ],
   >   "internal": true
   > }
[2022/10/18 04:01:22.824] -  <   {
 <     "id": 799,
 <     "jsonrpc": "2.0",
 <     "result": "0x2"
 <   }
[2022/10/18 04:01:22.825] - eth_getBalance
[2022/10/18 04:01:22.826] -    > {
   >   "jsonrpc": "2.0",
   >   "id": 800,
   >   "method": "eth_getBalance",
   >   "params": [
   >     "0xfbf55685dbbf4dafa4a30e9e4a43b93364cb5d82",
   >     "latest"
   >   ],
   >   "internal": true
   > }
[2022/10/18 04:01:22.836] - eth_getTransactionCount
[2022/10/18 04:01:22.837] -    > {
   >   "jsonrpc": "2.0",
   >   "id": 801,
   >   "method": "eth_getTransactionCount",
   >   "params": [
   >     "0xfbf55685dbbf4dafa4a30e9e4a43b93364cb5d82",
   >     "latest"
   >   ],
   >   "internal": true
   > }
[2022/10/18 04:01:22.846] - eth_getBalance
[2022/10/18 04:01:22.847] -    > {
   >   "jsonrpc": "2.0",
   >   "id": 802,
   >   "method": "eth_getBalance",
   >   "params": [
   >     "0x54935bed49d3afdb4862a8eca6ddbcade40a0d19",
   >     "latest"
   >   ],
   >   "internal": true
   > }
[2022/10/18 04:01:22.850] -  <   {
 <     "id": 800,
 <     "jsonrpc": "2.0",
 <     "result": "0x56bc75e2d63100000"
 <   }
[2022/10/18 04:01:22.856] -  <   {
 <     "id": 801,
 <     "jsonrpc": "2.0",
 <     "result": "0x0"
 <   }
[2022/10/18 04:01:22.857] - eth_getTransactionCount
[2022/10/18 04:01:22.857] -    > {
   >   "jsonrpc": "2.0",
   >   "id": 803,
   >   "method": "eth_getTransactionCount",
   >   "params": [
   >     "0x54935bed49d3afdb4862a8eca6ddbcade40a0d19",
   >     "latest"
   >   ],
   >   "internal": true
   > }
[2022/10/18 04:01:22.860] -  <   {
 <     "id": 802,
 <     "jsonrpc": "2.0",
 <     "result": "0x56bc75e2d63100000"
 <   }
[2022/10/18 04:01:22.865] -  <   {
 <     "id": 803,
 <     "jsonrpc": "2.0",
 <     "result": "0x0"
 <   }
[2022/10/18 04:01:22.867] - eth_getBalance
[2022/10/18 04:01:22.868] -    > {
   >   "jsonrpc": "2.0",
   >   "id": 804,
   >   "method": "eth_getBalance",
   >   "params": [
   >     "0x7efc841873ac915c1102fd58de6ab5f063e181bd",
   >     "latest"
   >   ],
   >   "internal": true
   > }
[2022/10/18 04:01:22.873] - eth_getTransactionCount
[2022/10/18 04:01:22.873] -    > {
   >   "jsonrpc": "2.0",
   >   "id": 805,
   >   "method": "eth_getTransactionCount",
   >   "params": [
   >     "0x7efc841873ac915c1102fd58de6ab5f063e181bd",
   >     "latest"
   >   ],
   >   "internal": true
   > }
[2022/10/18 04:01:22.875] -  <   {
 <     "id": 804,
 <     "jsonrpc": "2.0",
 <     "result": "0x56bc75e2d63100000"
 <   }
[2022/10/18 04:01:22.882] -  <   {
 <     "id": 805,
 <     "jsonrpc": "2.0",
 <     "result": "0x0"
 <   }
[2022/10/18 04:01:22.883] - eth_getBalance
[2022/10/18 04:01:22.883] -    > {
   >   "jsonrpc": "2.0",
   >   "id": 806,
   >   "method": "eth_getBalance",
   >   "params": [
   >     "0xb757c1ebf9c1a5237a5980974aeceddfae08d1c8",
   >     "latest"
   >   ],
   >   "internal": true
   > }
[2022/10/18 04:01:22.889] -  <   {
 <     "id": 806,
 <     "jsonrpc": "2.0",
 <     "result": "0x56bc75e2d63100000"
 <   }
[2022/10/18 04:01:22.889] - eth_getTransactionCount
[2022/10/18 04:01:22.890] -    > {
   >   "jsonrpc": "2.0",
   >   "id": 807,
   >   "method": "eth_getTransactionCount",
   >   "params": [
   >     "0xb757c1ebf9c1a5237a5980974aeceddfae08d1c8",
   >     "latest"
   >   ],
   >   "internal": true
   > }
[2022/10/18 04:01:22.897] -  <   {
 <     "id": 807,
 <     "jsonrpc": "2.0",
 <     "result": "0x0"
 <   }
[2022/10/18 04:01:22.898] - eth_getBalance
[2022/10/18 04:01:22.899] -    > {
   >   "jsonrpc": "2.0",
   >   "id": 808,
   >   "method": "eth_getBalance",
   >   "params": [
   >     "0x0399221ea8349b7a3e14335a58156925da938b3c",
   >     "latest"
   >   ],
   >   "internal": true
   > }
[2022/10/18 04:01:22.903] - eth_getTransactionCount
[2022/10/18 04:01:22.904] -    > {
   >   "jsonrpc": "2.0",
   >   "id": 809,
   >   "method": "eth_getTransactionCount",
   >   "params": [
   >     "0x0399221ea8349b7a3e14335a58156925da938b3c",
   >     "latest"
   >   ],
   >   "internal": true
   > }
[2022/10/18 04:01:22.905] -  <   {
 <     "id": 808,
 <     "jsonrpc": "2.0",
 <     "result": "0x56bc75e2d63100000"
 <   }
[2022/10/18 04:01:22.911] -  <   {
 <     "id": 809,
 <     "jsonrpc": "2.0",
 <     "result": "0x0"
 <   }
[2022/10/18 04:01:22.912] - eth_getBalance
[2022/10/18 04:01:22.912] -    > {
   >   "jsonrpc": "2.0",
   >   "id": 810,
   >   "method": "eth_getBalance",
   >   "params": [
   >     "0xaf85536580b6029a72db7842cd16a243902713c8",
   >     "latest"
   >   ],
   >   "internal": true
   > }
[2022/10/18 04:01:22.919] - eth_getTransactionCount
[2022/10/18 04:01:22.920] -    > {
   >   "jsonrpc": "2.0",
   >   "id": 811,
   >   "method": "eth_getTransactionCount",
   >   "params": [
   >     "0xaf85536580b6029a72db7842cd16a243902713c8",
   >     "latest"
   >   ],
   >   "internal": true
   > }
[2022/10/18 04:01:22.922] -  <   {
 <     "id": 810,
 <     "jsonrpc": "2.0",
 <     "result": "0x56bc75e2d63100000"
 <   }
[2022/10/18 04:01:22.926] -  <   {
 <     "id": 811,
 <     "jsonrpc": "2.0",
 <     "result": "0x0"
 <   }
[2022/10/18 04:01:22.927] - eth_getBalance
[2022/10/18 04:01:22.928] -    > {
   >   "jsonrpc": "2.0",
   >   "id": 812,
   >   "method": "eth_getBalance",
   >   "params": [
   >     "0x9432cdeaebafd3c89456d38fe9aa87cc1dd73943",
   >     "latest"
   >   ],
   >   "internal": true
   > }
[2022/10/18 04:01:22.934] - eth_getTransactionCount
[2022/10/18 04:01:22.934] -    > {
   >   "jsonrpc": "2.0",
   >   "id": 813,
   >   "method": "eth_getTransactionCount",
   >   "params": [
   >     "0x9432cdeaebafd3c89456d38fe9aa87cc1dd73943",
   >     "latest"
   >   ],
   >   "internal": true
   > }
[2022/10/18 04:01:22.939] - eth_getBalance
[2022/10/18 04:01:22.940] -    > {
   >   "jsonrpc": "2.0",
   >   "id": 814,
   >   "method": "eth_getBalance",
   >   "params": [
   >     "0x0b8c09f14760d0c68d1b2bc3d24f025d22bba860",
   >     "latest"
   >   ],
   >   "internal": true
   > }
[2022/10/18 04:01:22.946] -  <   {
 <     "id": 812,
 <     "jsonrpc": "2.0",
 <     "result": "0x56bc75e2d63100000"
 <   }
[2022/10/18 04:01:22.951] -  <   {
 <     "id": 813,
 <     "jsonrpc": "2.0",
 <     "result": "0x0"
 <   }
[2022/10/18 04:01:22.952] - eth_getTransactionCount
[2022/10/18 04:01:22.953] -    > {
   >   "jsonrpc": "2.0",
   >   "id": 815,
   >   "method": "eth_getTransactionCount",
   >   "params": [
   >     "0x0b8c09f14760d0c68d1b2bc3d24f025d22bba860",
   >     "latest"
   >   ],
   >   "internal": true
   > }
[2022/10/18 04:01:22.958] - eth_getBalance
[2022/10/18 04:01:22.959] -    > {
   >   "jsonrpc": "2.0",
   >   "id": 816,
   >   "method": "eth_getBalance",
   >   "params": [
   >     "0x6ab68af0d5b7d57ae7ce20978bfdee11283f34fa",
   >     "latest"
   >   ],
   >   "internal": true
   > }
[2022/10/18 04:01:22.961] -  <   {
 <     "id": 814,
 <     "jsonrpc": "2.0",
 <     "result": "0x56bc75e2d63100000"
 <   }
[2022/10/18 04:01:22.967] -  <   {
 <     "id": 815,
 <     "jsonrpc": "2.0",
 <     "result": "0x0"
 <   }
[2022/10/18 04:01:22.968] - eth_getTransactionCount
[2022/10/18 04:01:22.969] -    > {
   >   "jsonrpc": "2.0",
   >   "id": 817,
   >   "method": "eth_getTransactionCount",
   >   "params": [
   >     "0x6ab68af0d5b7d57ae7ce20978bfdee11283f34fa",
   >     "latest"
   >   ],
   >   "internal": true
   > }
[2022/10/18 04:01:22.973] -  <   {
 <     "id": 816,
 <     "jsonrpc": "2.0",
 <     "result": "0x56bc75e2d63100000"
 <   }
[2022/10/18 04:01:22.981] -  <   {
 <     "id": 817,
 <     "jsonrpc": "2.0",
 <     "result": "0x0"
 <   }
[2022/10/18 04:01:22.989] - eth_getBalance
[2022/10/18 04:01:22.989] -    > {
   >   "jsonrpc": "2.0",
   >   "id": 819,
   >   "method": "eth_getBalance",
   >   "params": [
   >     "0x9086b277b07117347539a47834a347cec29579ad",
   >     "latest"
   >   ],
   >   "internal": true
   > }
[2022/10/18 04:01:22.999] -  <   {
 <     "id": 819,
 <     "jsonrpc": "2.0",
 <     "result": "0x56bb582f2a1dd3000"
 <   }
[2022/10/18 04:01:23.008] - eth_getTransactionCount
[2022/10/18 04:01:23.009] -    > {
   >   "jsonrpc": "2.0",
   >   "id": 820,
   >   "method": "eth_getTransactionCount",
   >   "params": [
   >     "0x9086b277b07117347539a47834a347cec29579ad",
   >     "latest"
   >   ],
   >   "internal": true
   > }
[2022/10/18 04:01:23.014] -  <   {
 <     "id": 820,
 <     "jsonrpc": "2.0",
 <     "result": "0x2"
 <   }
[2022/10/18 04:01:23.028] - eth_getBalance
[2022/10/18 04:01:23.029] -    > {
   >   "jsonrpc": "2.0",
   >   "id": 821,
   >   "method": "eth_getBalance",
   >   "params": [
   >     "0xfbf55685dbbf4dafa4a30e9e4a43b93364cb5d82",
   >     "latest"
   >   ],
   >   "internal": true
   > }
[2022/10/18 04:01:23.048] -  <   {
 <     "id": 821,
 <     "jsonrpc": "2.0",
 <     "result": "0x56bc75e2d63100000"
 <   }
[2022/10/18 04:01:23.062] - eth_getTransactionCount
[2022/10/18 04:01:23.063] -    > {
   >   "jsonrpc": "2.0",
   >   "id": 822,
   >   "method": "eth_getTransactionCount",
   >   "params": [
   >     "0xfbf55685dbbf4dafa4a30e9e4a43b93364cb5d82",
   >     "latest"
   >   ],
   >   "internal": true
   > }
[2022/10/18 04:01:23.069] -  <   {
 <     "id": 822,
 <     "jsonrpc": "2.0",
 <     "result": "0x0"
 <   }
[2022/10/18 04:01:23.070] - eth_getBalance
[2022/10/18 04:01:23.072] -    > {
   >   "jsonrpc": "2.0",
   >   "id": 823,
   >   "method": "eth_getBalance",
   >   "params": [
   >     "0x54935bed49d3afdb4862a8eca6ddbcade40a0d19",
   >     "latest"
   >   ],
   >   "internal": true
   > }
[2022/10/18 04:01:23.078] -  <   {
 <     "id": 823,
 <     "jsonrpc": "2.0",
 <     "result": "0x56bc75e2d63100000"
 <   }
[2022/10/18 04:01:23.084] - eth_getTransactionCount
[2022/10/18 04:01:23.085] -    > {
   >   "jsonrpc": "2.0",
   >   "id": 824,
   >   "method": "eth_getTransactionCount",
   >   "params": [
   >     "0x54935bed49d3afdb4862a8eca6ddbcade40a0d19",
   >     "latest"
   >   ],
   >   "internal": true
   > }
[2022/10/18 04:01:23.098] -  <   {
 <     "id": 824,
 <     "jsonrpc": "2.0",
 <     "result": "0x0"
 <   }
[2022/10/18 04:01:23.099] - eth_getBalance
[2022/10/18 04:01:23.100] -    > {
   >   "jsonrpc": "2.0",
   >   "id": 825,
   >   "method": "eth_getBalance",
   >   "params": [
   >     "0x7efc841873ac915c1102fd58de6ab5f063e181bd",
   >     "latest"
   >   ],
   >   "internal": true
   > }
[2022/10/18 04:01:23.107] -  <   {
 <     "id": 825,
 <     "jsonrpc": "2.0",
 <     "result": "0x56bc75e2d63100000"
 <   }
[2022/10/18 04:01:23.111] - eth_getTransactionCount
[2022/10/18 04:01:23.112] -    > {
   >   "jsonrpc": "2.0",
   >   "id": 826,
   >   "method": "eth_getTransactionCount",
   >   "params": [
   >     "0x7efc841873ac915c1102fd58de6ab5f063e181bd",
   >     "latest"
   >   ],
   >   "internal": true
   > }
[2022/10/18 04:01:23.115] -  <   {
 <     "id": 826,
 <     "jsonrpc": "2.0",
 <     "result": "0x0"
 <   }
[2022/10/18 04:01:23.118] - eth_getBalance
[2022/10/18 04:01:23.118] -    > {
   >   "jsonrpc": "2.0",
   >   "id": 827,
   >   "method": "eth_getBalance",
   >   "params": [
   >     "0xb757c1ebf9c1a5237a5980974aeceddfae08d1c8",
   >     "latest"
   >   ],
   >   "internal": true
   > }
[2022/10/18 04:01:23.122] -  <   {
 <     "id": 827,
 <     "jsonrpc": "2.0",
 <     "result": "0x56bc75e2d63100000"
 <   }
[2022/10/18 04:01:23.123] - eth_getTransactionCount
[2022/10/18 04:01:23.124] -    > {
   >   "jsonrpc": "2.0",
   >   "id": 828,
   >   "method": "eth_getTransactionCount",
   >   "params": [
   >     "0xb757c1ebf9c1a5237a5980974aeceddfae08d1c8",
   >     "latest"
   >   ],
   >   "internal": true
   > }
[2022/10/18 04:01:23.136] -  <   {
 <     "id": 828,
 <     "jsonrpc": "2.0",
 <     "result": "0x0"
 <   }
[2022/10/18 04:01:23.137] - eth_getBalance
[2022/10/18 04:01:23.138] -    > {
   >   "jsonrpc": "2.0",
   >   "id": 829,
   >   "method": "eth_getBalance",
   >   "params": [
   >     "0x0399221ea8349b7a3e14335a58156925da938b3c",
   >     "latest"
   >   ],
   >   "internal": true
   > }
[2022/10/18 04:01:23.147] -  <   {
 <     "id": 829,
 <     "jsonrpc": "2.0",
 <     "result": "0x56bc75e2d63100000"
 <   }
[2022/10/18 04:01:23.149] - eth_getTransactionCount
[2022/10/18 04:01:23.149] -    > {
   >   "jsonrpc": "2.0",
   >   "id": 830,
   >   "method": "eth_getTransactionCount",
   >   "params": [
   >     "0x0399221ea8349b7a3e14335a58156925da938b3c",
   >     "latest"
   >   ],
   >   "internal": true
   > }
[2022/10/18 04:01:23.156] -  <   {
 <     "id": 830,
 <     "jsonrpc": "2.0",
 <     "result": "0x0"
 <   }
[2022/10/18 04:01:23.157] - eth_getBalance
[2022/10/18 04:01:23.158] -    > {
   >   "jsonrpc": "2.0",
   >   "id": 831,
   >   "method": "eth_getBalance",
   >   "params": [
   >     "0xaf85536580b6029a72db7842cd16a243902713c8",
   >     "latest"
   >   ],
   >   "internal": true
   > }
[2022/10/18 04:01:23.163] -  <   {
 <     "id": 831,
 <     "jsonrpc": "2.0",
 <     "result": "0x56bc75e2d63100000"
 <   }
[2022/10/18 04:01:23.164] - eth_getTransactionCount
[2022/10/18 04:01:23.165] -    > {
   >   "jsonrpc": "2.0",
   >   "id": 832,
   >   "method": "eth_getTransactionCount",
   >   "params": [
   >     "0xaf85536580b6029a72db7842cd16a243902713c8",
   >     "latest"
   >   ],
   >   "internal": true
   > }
[2022/10/18 04:01:23.169] -  <   {
 <     "id": 832,
 <     "jsonrpc": "2.0",
 <     "result": "0x0"
 <   }
[2022/10/18 04:01:23.170] - eth_getBalance
[2022/10/18 04:01:23.171] -    > {
   >   "jsonrpc": "2.0",
   >   "id": 833,
   >   "method": "eth_getBalance",
   >   "params": [
   >     "0x9432cdeaebafd3c89456d38fe9aa87cc1dd73943",
   >     "latest"
   >   ],
   >   "internal": true
   > }
[2022/10/18 04:01:23.178] -  <   {
 <     "id": 833,
 <     "jsonrpc": "2.0",
 <     "result": "0x56bc75e2d63100000"
 <   }
[2022/10/18 04:01:23.185] - eth_getTransactionCount
[2022/10/18 04:01:23.186] -    > {
   >   "jsonrpc": "2.0",
   >   "id": 834,
   >   "method": "eth_getTransactionCount",
   >   "params": [
   >     "0x9432cdeaebafd3c89456d38fe9aa87cc1dd73943",
   >     "latest"
   >   ],
   >   "internal": true
   > }
[2022/10/18 04:01:23.187] - eth_getBalance
[2022/10/18 04:01:23.187] -    > {
   >   "jsonrpc": "2.0",
   >   "id": 835,
   >   "method": "eth_getBalance",
   >   "params": [
   >     "0x0b8c09f14760d0c68d1b2bc3d24f025d22bba860",
   >     "latest"
   >   ],
   >   "internal": true
   > }
[2022/10/18 04:01:23.190] -  <   {
 <     "id": 834,
 <     "jsonrpc": "2.0",
 <     "result": "0x0"
 <   }
[2022/10/18 04:01:23.192] - eth_getTransactionCount
[2022/10/18 04:01:23.193] -    > {
   >   "jsonrpc": "2.0",
   >   "id": 836,
   >   "method": "eth_getTransactionCount",
   >   "params": [
   >     "0x0b8c09f14760d0c68d1b2bc3d24f025d22bba860",
   >     "latest"
   >   ],
   >   "internal": true
   > }
[2022/10/18 04:01:23.198] -  <   {
 <     "id": 835,
 <     "jsonrpc": "2.0",
 <     "result": "0x56bc75e2d63100000"
 <   }
[2022/10/18 04:01:23.199] - eth_getBalance
[2022/10/18 04:01:23.200] -    > {
   >   "jsonrpc": "2.0",
   >   "id": 837,
   >   "method": "eth_getBalance",
   >   "params": [
   >     "0x6ab68af0d5b7d57ae7ce20978bfdee11283f34fa",
   >     "latest"
   >   ],
   >   "internal": true
   > }
[2022/10/18 04:01:23.205] -  <   {
 <     "id": 836,
 <     "jsonrpc": "2.0",
 <     "result": "0x0"
 <   }
[2022/10/18 04:01:23.206] - eth_getTransactionCount
[2022/10/18 04:01:23.207] -    > {
   >   "jsonrpc": "2.0",
   >   "id": 838,
   >   "method": "eth_getTransactionCount",
   >   "params": [
   >     "0x6ab68af0d5b7d57ae7ce20978bfdee11283f34fa",
   >     "latest"
   >   ],
   >   "internal": true
   > }
[2022/10/18 04:01:23.209] -  <   {
 <     "id": 837,
 <     "jsonrpc": "2.0",
 <     "result": "0x56bc75e2d63100000"
 <   }
[2022/10/18 04:01:23.214] -  <   {
 <     "id": 838,
 <     "jsonrpc": "2.0",
 <     "result": "0x0"
 <   }
[2022/10/18 04:01:23.215] - eth_getBalance
[2022/10/18 04:01:23.215] -    > {
   >   "jsonrpc": "2.0",
   >   "id": 839,
   >   "method": "eth_getBalance",
   >   "params": [
   >     "0x9086b277b07117347539a47834a347cec29579ad",
   >     "latest"
   >   ],
   >   "internal": true
   > }
[2022/10/18 04:01:23.220] -  <   {
 <     "id": 839,
 <     "jsonrpc": "2.0",
 <     "result": "0x56bb582f2a1dd3000"
 <   }
[2022/10/18 04:01:23.221] - eth_getTransactionCount
[2022/10/18 04:01:23.221] -    > {
   >   "jsonrpc": "2.0",
   >   "id": 840,
   >   "method": "eth_getTransactionCount",
   >   "params": [
   >     "0x9086b277b07117347539a47834a347cec29579ad",
   >     "latest"
   >   ],
   >   "internal": true
   > }
[2022/10/18 04:01:23.226] -  <   {
 <     "id": 840,
 <     "jsonrpc": "2.0",
 <     "result": "0x2"
 <   }
[2022/10/18 04:01:23.227] - eth_getBalance
[2022/10/18 04:01:23.227] -    > {
   >   "jsonrpc": "2.0",
   >   "id": 841,
   >   "method": "eth_getBalance",
   >   "params": [
   >     "0xfbf55685dbbf4dafa4a30e9e4a43b93364cb5d82",
   >     "latest"
   >   ],
   >   "internal": true
   > }
[2022/10/18 04:01:23.232] -  <   {
 <     "id": 841,
 <     "jsonrpc": "2.0",
 <     "result": "0x56bc75e2d63100000"
 <   }
[2022/10/18 04:01:23.233] - eth_getTransactionCount
[2022/10/18 04:01:23.234] -    > {
   >   "jsonrpc": "2.0",
   >   "id": 842,
   >   "method": "eth_getTransactionCount",
   >   "params": [
   >     "0xfbf55685dbbf4dafa4a30e9e4a43b93364cb5d82",
   >     "latest"
   >   ],
   >   "internal": true
   > }
[2022/10/18 04:01:23.238] -  <   {
 <     "id": 842,
 <     "jsonrpc": "2.0",
 <     "result": "0x0"
 <   }
[2022/10/18 04:01:23.239] - eth_getBalance
[2022/10/18 04:01:23.240] -    > {
   >   "jsonrpc": "2.0",
   >   "id": 843,
   >   "method": "eth_getBalance",
   >   "params": [
   >     "0x54935bed49d3afdb4862a8eca6ddbcade40a0d19",
   >     "latest"
   >   ],
   >   "internal": true
   > }
[2022/10/18 04:01:23.246] -  <   {
 <     "id": 843,
 <     "jsonrpc": "2.0",
 <     "result": "0x56bc75e2d63100000"
 <   }
[2022/10/18 04:01:23.247] - eth_getTransactionCount
[2022/10/18 04:01:23.248] -    > {
   >   "jsonrpc": "2.0",
   >   "id": 844,
   >   "method": "eth_getTransactionCount",
   >   "params": [
   >     "0x54935bed49d3afdb4862a8eca6ddbcade40a0d19",
   >     "latest"
   >   ],
   >   "internal": true
   > }
[2022/10/18 04:01:23.251] -  <   {
 <     "id": 844,
 <     "jsonrpc": "2.0",
 <     "result": "0x0"
 <   }
[2022/10/18 04:01:23.253] - eth_getBalance
[2022/10/18 04:01:23.253] -    > {
   >   "jsonrpc": "2.0",
   >   "id": 845,
   >   "method": "eth_getBalance",
   >   "params": [
   >     "0x7efc841873ac915c1102fd58de6ab5f063e181bd",
   >     "latest"
   >   ],
   >   "internal": true
   > }
[2022/10/18 04:01:23.261] -  <   {
 <     "id": 845,
 <     "jsonrpc": "2.0",
 <     "result": "0x56bc75e2d63100000"
 <   }
[2022/10/18 04:01:23.262] - eth_getTransactionCount
[2022/10/18 04:01:23.263] -    > {
   >   "jsonrpc": "2.0",
   >   "id": 846,
   >   "method": "eth_getTransactionCount",
   >   "params": [
   >     "0x7efc841873ac915c1102fd58de6ab5f063e181bd",
   >     "latest"
   >   ],
   >   "internal": true
   > }
[2022/10/18 04:01:23.267] -  <   {
 <     "id": 846,
 <     "jsonrpc": "2.0",
 <     "result": "0x0"
 <   }
[2022/10/18 04:01:23.268] - eth_getBalance
[2022/10/18 04:01:23.269] -    > {
   >   "jsonrpc": "2.0",
   >   "id": 847,
   >   "method": "eth_getBalance",
   >   "params": [
   >     "0xb757c1ebf9c1a5237a5980974aeceddfae08d1c8",
   >     "latest"
   >   ],
   >   "internal": true
   > }
[2022/10/18 04:01:23.273] -  <   {
 <     "id": 847,
 <     "jsonrpc": "2.0",
 <     "result": "0x56bc75e2d63100000"
 <   }
[2022/10/18 04:01:23.274] - eth_getTransactionCount
[2022/10/18 04:01:23.275] -    > {
   >   "jsonrpc": "2.0",
   >   "id": 848,
   >   "method": "eth_getTransactionCount",
   >   "params": [
   >     "0xb757c1ebf9c1a5237a5980974aeceddfae08d1c8",
   >     "latest"
   >   ],
   >   "internal": true
   > }
[2022/10/18 04:01:23.282] -  <   {
 <     "id": 848,
 <     "jsonrpc": "2.0",
 <     "result": "0x0"
 <   }
[2022/10/18 04:01:23.283] - eth_getBalance
[2022/10/18 04:01:23.284] -    > {
   >   "jsonrpc": "2.0",
   >   "id": 849,
   >   "method": "eth_getBalance",
   >   "params": [
   >     "0x0399221ea8349b7a3e14335a58156925da938b3c",
   >     "latest"
   >   ],
   >   "internal": true
   > }
[2022/10/18 04:01:23.291] -  <   {
 <     "id": 849,
 <     "jsonrpc": "2.0",
 <     "result": "0x56bc75e2d63100000"
 <   }
[2022/10/18 04:01:23.305] - eth_getTransactionCount
[2022/10/18 04:01:23.306] -    > {
   >   "jsonrpc": "2.0",
   >   "id": 850,
   >   "method": "eth_getTransactionCount",
   >   "params": [
   >     "0x0399221ea8349b7a3e14335a58156925da938b3c",
   >     "latest"
   >   ],
   >   "internal": true
   > }
[2022/10/18 04:01:23.307] - eth_getBalance
[2022/10/18 04:01:23.308] -    > {
   >   "jsonrpc": "2.0",
   >   "id": 851,
   >   "method": "eth_getBalance",
   >   "params": [
   >     "0xaf85536580b6029a72db7842cd16a243902713c8",
   >     "latest"
   >   ],
   >   "internal": true
   > }
[2022/10/18 04:01:23.309] - eth_getTransactionCount
[2022/10/18 04:01:23.309] -    > {
   >   "jsonrpc": "2.0",
   >   "id": 852,
   >   "method": "eth_getTransactionCount",
   >   "params": [
   >     "0xaf85536580b6029a72db7842cd16a243902713c8",
   >     "latest"
   >   ],
   >   "internal": true
   > }
[2022/10/18 04:01:23.311] -  <   {
 <     "id": 850,
 <     "jsonrpc": "2.0",
 <     "result": "0x0"
 <   }
[2022/10/18 04:01:23.312] - eth_getBalance
[2022/10/18 04:01:23.314] -    > {
   >   "jsonrpc": "2.0",
   >   "id": 853,
   >   "method": "eth_getBalance",
   >   "params": [
   >     "0x9432cdeaebafd3c89456d38fe9aa87cc1dd73943",
   >     "latest"
   >   ],
   >   "internal": true
   > }
[2022/10/18 04:01:23.316] -  <   {
 <     "id": 851,
 <     "jsonrpc": "2.0",
 <     "result": "0x56bc75e2d63100000"
 <   }
[2022/10/18 04:01:23.320] -  <   {
 <     "id": 852,
 <     "jsonrpc": "2.0",
 <     "result": "0x0"
 <   }
[2022/10/18 04:01:23.321] - eth_getTransactionCount
[2022/10/18 04:01:23.321] -    > {
   >   "jsonrpc": "2.0",
   >   "id": 854,
   >   "method": "eth_getTransactionCount",
   >   "params": [
   >     "0x9432cdeaebafd3c89456d38fe9aa87cc1dd73943",
   >     "latest"
   >   ],
   >   "internal": true
   > }
[2022/10/18 04:01:23.326] -  <   {
 <     "id": 853,
 <     "jsonrpc": "2.0",
 <     "result": "0x56bc75e2d63100000"
 <   }
[2022/10/18 04:01:23.327] - eth_getBalance
[2022/10/18 04:01:23.328] -    > {
   >   "jsonrpc": "2.0",
   >   "id": 855,
   >   "method": "eth_getBalance",
   >   "params": [
   >     "0x0b8c09f14760d0c68d1b2bc3d24f025d22bba860",
   >     "latest"
   >   ],
   >   "internal": true
   > }
[2022/10/18 04:01:23.333] -  <   {
 <     "id": 854,
 <     "jsonrpc": "2.0",
 <     "result": "0x0"
 <   }
[2022/10/18 04:01:23.334] - eth_getTransactionCount
[2022/10/18 04:01:23.335] -    > {
   >   "jsonrpc": "2.0",
   >   "id": 856,
   >   "method": "eth_getTransactionCount",
   >   "params": [
   >     "0x0b8c09f14760d0c68d1b2bc3d24f025d22bba860",
   >     "latest"
   >   ],
   >   "internal": true
   > }
[2022/10/18 04:01:23.342] -  <   {
 <     "id": 855,
 <     "jsonrpc": "2.0",
 <     "result": "0x56bc75e2d63100000"
 <   }
[2022/10/18 04:01:23.343] - eth_getBalance
[2022/10/18 04:01:23.343] -    > {
   >   "jsonrpc": "2.0",
   >   "id": 857,
   >   "method": "eth_getBalance",
   >   "params": [
   >     "0x6ab68af0d5b7d57ae7ce20978bfdee11283f34fa",
   >     "latest"
   >   ],
   >   "internal": true
   > }
[2022/10/18 04:01:23.349] -  <   {
 <     "id": 856,
 <     "jsonrpc": "2.0",
 <     "result": "0x0"
 <   }
[2022/10/18 04:01:23.351] - eth_getTransactionCount
[2022/10/18 04:01:23.351] -    > {
   >   "jsonrpc": "2.0",
   >   "id": 858,
   >   "method": "eth_getTransactionCount",
   >   "params": [
   >     "0x6ab68af0d5b7d57ae7ce20978bfdee11283f34fa",
   >     "latest"
   >   ],
   >   "internal": true
   > }
[2022/10/18 04:01:23.361] -  <   {
 <     "id": 857,
 <     "jsonrpc": "2.0",
 <     "result": "0x56bc75e2d63100000"
 <   }
[2022/10/18 04:01:23.378] -  <   {
 <     "id": 858,
 <     "jsonrpc": "2.0",
 <     "result": "0x0"
 <   }
[2022/10/18 04:01:23.472] - eth_getBalance
[2022/10/18 04:01:23.472] -    > {
   >   "jsonrpc": "2.0",
   >   "id": 861,
   >   "method": "eth_getBalance",
   >   "params": [
   >     "0xfbf55685dbbf4dafa4a30e9e4a43b93364cb5d82",
   >     "latest"
   >   ],
   >   "internal": true
   > }
[2022/10/18 04:01:23.477] -  <   {
 <     "id": 861,
 <     "jsonrpc": "2.0",
 <     "result": "0x56bc75e2d63100000"
 <   }
[2022/10/18 04:01:23.478] - eth_getTransactionCount
[2022/10/18 04:01:23.479] -    > {
   >   "jsonrpc": "2.0",
   >   "id": 862,
   >   "method": "eth_getTransactionCount",
   >   "params": [
   >     "0xfbf55685dbbf4dafa4a30e9e4a43b93364cb5d82",
   >     "latest"
   >   ],
   >   "internal": true
   > }
[2022/10/18 04:01:23.484] -  <   {
 <     "id": 862,
 <     "jsonrpc": "2.0",
 <     "result": "0x0"
 <   }
[2022/10/18 04:01:23.485] - eth_getBalance
[2022/10/18 04:01:23.486] -    > {
   >   "jsonrpc": "2.0",
   >   "id": 863,
   >   "method": "eth_getBalance",
   >   "params": [
   >     "0x54935bed49d3afdb4862a8eca6ddbcade40a0d19",
   >     "latest"
   >   ],
   >   "internal": true
   > }
[2022/10/18 04:01:23.489] -  <   {
 <     "id": 863,
 <     "jsonrpc": "2.0",
 <     "result": "0x56bc75e2d63100000"
 <   }
[2022/10/18 04:01:23.489] - eth_getTransactionCount
[2022/10/18 04:01:23.490] -    > {
   >   "jsonrpc": "2.0",
   >   "id": 864,
   >   "method": "eth_getTransactionCount",
   >   "params": [
   >     "0x54935bed49d3afdb4862a8eca6ddbcade40a0d19",
   >     "latest"
   >   ],
   >   "internal": true
   > }
[2022/10/18 04:01:23.494] -  <   {
 <     "id": 864,
 <     "jsonrpc": "2.0",
 <     "result": "0x0"
 <   }
[2022/10/18 04:01:23.495] - eth_getBalance
[2022/10/18 04:01:23.496] -    > {
   >   "jsonrpc": "2.0",
   >   "id": 865,
   >   "method": "eth_getBalance",
   >   "params": [
   >     "0x7efc841873ac915c1102fd58de6ab5f063e181bd",
   >     "latest"
   >   ],
   >   "internal": true
   > }
[2022/10/18 04:01:23.500] -  <   {
 <     "id": 865,
 <     "jsonrpc": "2.0",
 <     "result": "0x56bc75e2d63100000"
 <   }
[2022/10/18 04:01:23.501] - eth_getTransactionCount
[2022/10/18 04:01:23.502] -    > {
   >   "jsonrpc": "2.0",
   >   "id": 866,
   >   "method": "eth_getTransactionCount",
   >   "params": [
   >     "0x7efc841873ac915c1102fd58de6ab5f063e181bd",
   >     "latest"
   >   ],
   >   "internal": true
   > }
[2022/10/18 04:01:23.505] -  <   {
 <     "id": 866,
 <     "jsonrpc": "2.0",
 <     "result": "0x0"
 <   }
[2022/10/18 04:01:23.505] - eth_getBalance
[2022/10/18 04:01:23.506] -    > {
   >   "jsonrpc": "2.0",
   >   "id": 867,
   >   "method": "eth_getBalance",
   >   "params": [
   >     "0xb757c1ebf9c1a5237a5980974aeceddfae08d1c8",
   >     "latest"
   >   ],
   >   "internal": true
   > }
[2022/10/18 04:01:23.521] -  <   {
 <     "id": 867,
 <     "jsonrpc": "2.0",
 <     "result": "0x56bc75e2d63100000"
 <   }
[2022/10/18 04:01:23.522] - eth_getTransactionCount
[2022/10/18 04:01:23.523] -    > {
   >   "jsonrpc": "2.0",
   >   "id": 868,
   >   "method": "eth_getTransactionCount",
   >   "params": [
   >     "0xb757c1ebf9c1a5237a5980974aeceddfae08d1c8",
   >     "latest"
   >   ],
   >   "internal": true
   > }
[2022/10/18 04:01:23.524] - eth_getBalance
[2022/10/18 04:01:23.525] -    > {
   >   "jsonrpc": "2.0",
   >   "id": 869,
   >   "method": "eth_getBalance",
   >   "params": [
   >     "0x0399221ea8349b7a3e14335a58156925da938b3c",
   >     "latest"
   >   ],
   >   "internal": true
   > }
[2022/10/18 04:01:23.525] - eth_getTransactionCount
[2022/10/18 04:01:23.526] -    > {
   >   "jsonrpc": "2.0",
   >   "id": 870,
   >   "method": "eth_getTransactionCount",
   >   "params": [
   >     "0x0399221ea8349b7a3e14335a58156925da938b3c",
   >     "latest"
   >   ],
   >   "internal": true
   > }
[2022/10/18 04:01:23.528] -  <   {
 <     "id": 868,
 <     "jsonrpc": "2.0",
 <     "result": "0x0"
 <   }
[2022/10/18 04:01:23.532] -  <   {
 <     "id": 869,
 <     "jsonrpc": "2.0",
 <     "result": "0x56bc75e2d63100000"
 <   }
[2022/10/18 04:01:23.533] - eth_getBalance
[2022/10/18 04:01:23.533] -    > {
   >   "jsonrpc": "2.0",
   >   "id": 871,
   >   "method": "eth_getBalance",
   >   "params": [
   >     "0xaf85536580b6029a72db7842cd16a243902713c8",
   >     "latest"
   >   ],
   >   "internal": true
   > }
[2022/10/18 04:01:23.536] -  <   {
 <     "id": 870,
 <     "jsonrpc": "2.0",
 <     "result": "0x0"
 <   }
[2022/10/18 04:01:23.539] -  <   {
 <     "id": 871,
 <     "jsonrpc": "2.0",
 <     "result": "0x56bc75e2d63100000"
 <   }
[2022/10/18 04:01:23.540] - eth_getTransactionCount
[2022/10/18 04:01:23.541] -    > {
   >   "jsonrpc": "2.0",
   >   "id": 872,
   >   "method": "eth_getTransactionCount",
   >   "params": [
   >     "0xaf85536580b6029a72db7842cd16a243902713c8",
   >     "latest"
   >   ],
   >   "internal": true
   > }
[2022/10/18 04:01:23.545] -  <   {
 <     "id": 872,
 <     "jsonrpc": "2.0",
 <     "result": "0x0"
 <   }
[2022/10/18 04:01:23.546] - eth_getBalance
[2022/10/18 04:01:23.547] -    > {
   >   "jsonrpc": "2.0",
   >   "id": 873,
   >   "method": "eth_getBalance",
   >   "params": [
   >     "0x9432cdeaebafd3c89456d38fe9aa87cc1dd73943",
   >     "latest"
   >   ],
   >   "internal": true
   > }
[2022/10/18 04:01:23.552] -  <   {
 <     "id": 873,
 <     "jsonrpc": "2.0",
 <     "result": "0x56bc75e2d63100000"
 <   }
[2022/10/18 04:01:23.553] - eth_getTransactionCount
[2022/10/18 04:01:23.553] -    > {
   >   "jsonrpc": "2.0",
   >   "id": 874,
   >   "method": "eth_getTransactionCount",
   >   "params": [
   >     "0x9432cdeaebafd3c89456d38fe9aa87cc1dd73943",
   >     "latest"
   >   ],
   >   "internal": true
   > }
[2022/10/18 04:01:23.558] -  <   {
 <     "id": 874,
 <     "jsonrpc": "2.0",
 <     "result": "0x0"
 <   }
[2022/10/18 04:01:23.559] - eth_getBalance
[2022/10/18 04:01:23.559] -    > {
   >   "jsonrpc": "2.0",
   >   "id": 875,
   >   "method": "eth_getBalance",
   >   "params": [
   >     "0x0b8c09f14760d0c68d1b2bc3d24f025d22bba860",
   >     "latest"
   >   ],
   >   "internal": true
   > }
[2022/10/18 04:01:23.564] -  <   {
 <     "id": 875,
 <     "jsonrpc": "2.0",
 <     "result": "0x56bc75e2d63100000"
 <   }
[2022/10/18 04:01:23.565] - eth_getTransactionCount
[2022/10/18 04:01:23.566] -    > {
   >   "jsonrpc": "2.0",
   >   "id": 876,
   >   "method": "eth_getTransactionCount",
   >   "params": [
   >     "0x0b8c09f14760d0c68d1b2bc3d24f025d22bba860",
   >     "latest"
   >   ],
   >   "internal": true
   > }
[2022/10/18 04:01:23.569] -  <   {
 <     "id": 876,
 <     "jsonrpc": "2.0",
 <     "result": "0x0"
 <   }
[2022/10/18 04:01:23.571] - eth_getBalance
[2022/10/18 04:01:23.571] -    > {
   >   "jsonrpc": "2.0",
   >   "id": 877,
   >   "method": "eth_getBalance",
   >   "params": [
   >     "0x6ab68af0d5b7d57ae7ce20978bfdee11283f34fa",
   >     "latest"
   >   ],
   >   "internal": true
   > }
[2022/10/18 04:01:23.578] -  <   {
 <     "id": 877,
 <     "jsonrpc": "2.0",
 <     "result": "0x56bc75e2d63100000"
 <   }
[2022/10/18 04:01:23.579] - eth_getTransactionCount
[2022/10/18 04:01:23.580] -    > {
   >   "jsonrpc": "2.0",
   >   "id": 878,
   >   "method": "eth_getTransactionCount",
   >   "params": [
   >     "0x6ab68af0d5b7d57ae7ce20978bfdee11283f34fa",
   >     "latest"
   >   ],
   >   "internal": true
   > }
[2022/10/18 04:01:23.585] -  <   {
 <     "id": 878,
 <     "jsonrpc": "2.0",
 <     "result": "0x0"
 <   }
[2022/10/18 04:02:40.941] - eth_unsubscribe
[2022/10/18 04:02:40.942] -    > {
   >   "jsonrpc": "2.0",
   >   "id": 75,
   >   "method": "eth_unsubscribe",
   >   "params": [
   >     "0x3"
   >   ]
   > }
[2022/10/18 04:02:40.943] - eth_unsubscribe
[2022/10/18 04:02:40.944] -    > {
   >   "jsonrpc": "2.0",
   >   "id": 76,
   >   "method": "eth_unsubscribe",
   >   "params": [
   >     "0x4"
   >   ]
   > }
[2022/10/18 04:02:40.946] -  <   {
 <     "id": 75,
 <     "jsonrpc": "2.0",
 <     "result": true
 <   }
[2022/10/18 04:02:40.948] -    > {
   >   "jsonrpc": "2.0",
   >   "method": "eth_unsubscribe",
   >   "params": [
   >     "0x5"
   >   ],
   >   "id": 1666054960948
   > }
[2022/10/18 04:02:40.949] -    > {
   >   "jsonrpc": "2.0",
   >   "method": "eth_unsubscribe",
   >   "params": [
   >     "0x4"
   >   ],
   >   "id": 1666054960949
   > }
[2022/10/18 04:02:40.950] -    > {
   >   "jsonrpc": "2.0",
   >   "method": "eth_unsubscribe",
   >   "params": [
   >     "0x6"
   >   ],
   >   "id": 1666054960950
   > }
[2022/10/18 04:02:40.951] -    > {
   >   "jsonrpc": "2.0",
   >   "method": "eth_unsubscribe",
   >   "params": [
   >     "0x1"
   >   ],
   >   "id": 1666054960951
   > }
[2022/10/18 04:02:40.952] -    > {
   >   "jsonrpc": "2.0",
   >   "method": "eth_unsubscribe",
   >   "params": [
   >     "0x2"
   >   ],
   >   "id": 1666054960952
   > }
[2022/10/18 04:02:40.953] -  <   {
 <     "id": 76,
 <     "jsonrpc": "2.0",
 <     "result": true
 <   }
[2022/10/18 04:02:40.967] -  <   {
 <     "id": 1666054960948,
 <     "jsonrpc": "2.0",
 <     "result": true
 <   }
[2022/10/18 04:02:40.983] -  <   {
 <     "id": 1666054960949,
 <     "jsonrpc": "2.0",
 <     "error": {
 <       "message": "Subscription ID 0x4 not found.",
 <       "code": -32000,
 <       "data": {
 <         "stack": "Error: Subscription ID 0x4 not found.\n    at SubscriptionSubprovider.eth_unsubscribe (C:\\Program Files\\WindowsApps\\GanacheUI_2.5.4.0_x64__5dg5pnz03psnj\\app\\resources\\static\\node\\node_modules\\ganache-core\\node_modules\\web3-provider-engine\\subproviders\\subscriptions.js:78:8)\n    at SubscriptionSubprovider.handleRequest (C:\\Program Files\\WindowsApps\\GanacheUI_2.5.4.0_x64__5dg5pnz03psnj\\app\\resources\\static\\node\\node_modules\\ganache-core\\node_modules\\web3-provider-engine\\subproviders\\subscriptions.js:134:12)\n    at next (C:\\Program Files\\WindowsApps\\GanacheUI_2.5.4.0_x64__5dg5pnz03psnj\\app\\resources\\static\\node\\node_modules\\ganache-core\\node_modules\\web3-provider-engine\\index.js:136:18)\n    at DelayedBlockFilter.handleRequest (C:\\Program Files\\WindowsApps\\GanacheUI_2.5.4.0_x64__5dg5pnz03psnj\\app\\resources\\static\\node\\node_modules\\ganache-core\\lib\\subproviders\\delayedblockfilter.js:31:3)\n    at next (C:\\Program Files\\WindowsApps\\GanacheUI_2.5.4.0_x64__5dg5pnz03psnj\\app\\resources\\static\\node\\node_modules\\ganache-core\\node_modules\\web3-provider-engine\\index.js:136:18)\n    at RequestFunnel.handleRequest (C:\\Program Files\\WindowsApps\\GanacheUI_2.5.4.0_x64__5dg5pnz03psnj\\app\\resources\\static\\node\\node_modules\\ganache-core\\lib\\subproviders\\requestfunnel.js:32:12)\n    at next (C:\\Program Files\\WindowsApps\\GanacheUI_2.5.4.0_x64__5dg5pnz03psnj\\app\\resources\\static\\node\\node_modules\\ganache-core\\node_modules\\web3-provider-engine\\index.js:136:18)\n    at Web3ProviderEngine._handleAsync (C:\\Program Files\\WindowsApps\\GanacheUI_2.5.4.0_x64__5dg5pnz03psnj\\app\\resources\\static\\node\\node_modules\\ganache-core\\node_modules\\web3-provider-engine\\index.js:123:3)\n    at Timeout._onTimeout (C:\\Program Files\\WindowsApps\\GanacheUI_2.5.4.0_x64__5dg5pnz03psnj\\app\\resources\\static\\node\\node_modules\\ganache-core\\node_modules\\web3-provider-engine\\index.js:107:12)\n    at listOnTimeout (internal/timers.js:531:17)\n    at processTimers (internal/timers.js:475:7)",
 <         "name": "Error"
 <       }
 <     }
 <   }
[2022/10/18 04:02:40.998] -  <   {
 <     "id": 1666054960950,
 <     "jsonrpc": "2.0",
 <     "result": true
 <   }
[2022/10/18 04:02:41.014] -  <   {
 <     "id": 1666054960951,
 <     "jsonrpc": "2.0",
 <     "result": true
 <   }
[2022/10/18 04:02:41.030] -  <   {
 <     "id": 1666054960952,
 <     "jsonrpc": "2.0",
 <     "result": true
 <   }
