[2022/10/18 04:11:35.188] - Starting server with initial configuration: {"gasLimit":6721975,"gasPrice":20000000000,"hardfork":"muirGlacier","hostname":"127.0.0.1","port":7545,"network_id":5777,"default_balance_ether":100,"total_accounts":10,"unlocked_accounts":[],"locked":false,"vmErrorsOnRPCResponse":true,"verbose":true,"db_path":"C:\\Users\\dikby\\AppData\\Roaming\\Ganache\\workspaces\\e-vote-aku-dapp\\chaindata","logDirectory":"C:\\Users\\dikby\\GitHub\\e-vote-aku-dapp\\truffle\\log-ganache"}
[2022/10/18 04:11:35.324] - eth_getCode
[2022/10/18 04:11:35.325] -    > {
   >   "jsonrpc": "2.0",
   >   "id": 89,
   >   "method": "eth_getCode",
   >   "params": [
   >     "0xc5d0134e5a11da109eff467fb68f7f08cd922dc6",
   >     "latest"
   >   ]
   > }
[2022/10/18 04:11:35.326] - eth_subscribe
[2022/10/18 04:11:35.327] -    > {
   >   "jsonrpc": "2.0",
   >   "id": 86,
   >   "method": "eth_subscribe",
   >   "params": [
   >     "newHeads"
   >   ]
   > }
[2022/10/18 04:11:35.328] - eth_getLogs
[2022/10/18 04:11:35.329] -    > {
   >   "jsonrpc": "2.0",
   >   "id": 87,
   >   "method": "eth_getLogs",
   >   "params": [
   >     {
   >       "topics": []
   >     }
   >   ]
   > }
[2022/10/18 04:11:35.332] -  <   {
 <     "id": 89,
 <     "jsonrpc": "2.0",
 <     "result": "0x"
 <   }
[2022/10/18 04:11:35.334] - eth_subscribe
[2022/10/18 04:11:35.335] -    > {
   >   "jsonrpc": "2.0",
   >   "id": 88,
   >   "method": "eth_subscribe",
   >   "params": [
   >     "logs",
   >     {
   >       "topics": []
   >     }
   >   ]
   > }
[2022/10/18 04:11:35.338] -  <   {
 <     "id": 86,
 <     "jsonrpc": "2.0",
 <     "result": "0x1"
 <   }
[2022/10/18 04:11:35.368] -  <   {
 <     "id": 87,
 <     "jsonrpc": "2.0",
 <     "result": []
 <   }
[2022/10/18 04:11:35.377] -  <   {
 <     "id": 88,
 <     "jsonrpc": "2.0",
 <     "result": "0x2"
 <   }
[2022/10/18 04:11:35.440] - eth_subscribe
[2022/10/18 04:11:35.441] -    > {
   >   "jsonrpc": "2.0",
   >   "id": 90,
   >   "method": "eth_subscribe",
   >   "params": [
   >     "newHeads"
   >   ]
   > }
[2022/10/18 04:11:35.443] - eth_getLogs
[2022/10/18 04:11:35.443] -    > {
   >   "jsonrpc": "2.0",
   >   "id": 91,
   >   "method": "eth_getLogs",
   >   "params": [
   >     {
   >       "topics": []
   >     }
   >   ]
   > }
[2022/10/18 04:11:35.444] - eth_subscribe
[2022/10/18 04:11:35.445] -    > {
   >   "jsonrpc": "2.0",
   >   "id": 92,
   >   "method": "eth_subscribe",
   >   "params": [
   >     "logs",
   >     {
   >       "topics": []
   >     }
   >   ]
   > }
[2022/10/18 04:11:35.446] -  <   {
 <     "id": 90,
 <     "jsonrpc": "2.0",
 <     "result": "0x3"
 <   }
[2022/10/18 04:11:35.450] -  <   {
 <     "id": 91,
 <     "jsonrpc": "2.0",
 <     "result": []
 <   }
[2022/10/18 04:11:35.455] -  <   {
 <     "id": 92,
 <     "jsonrpc": "2.0",
 <     "result": "0x4"
 <   }
[2022/10/18 04:11:35.558] - eth_blockNumber
[2022/10/18 04:11:35.558] -    > {
   >   "jsonrpc": "2.0",
   >   "id": 982,
   >   "method": "eth_blockNumber",
   >   "params": [],
   >   "internal": true
   > }
[2022/10/18 04:11:35.559] - eth_accounts
[2022/10/18 04:11:35.560] -    > {
   >   "jsonrpc": "2.0",
   >   "id": 983,
   >   "method": "eth_accounts",
   >   "params": [],
   >   "internal": true
   > }
[2022/10/18 04:11:35.561] - eth_gasPrice
[2022/10/18 04:11:35.562] -    > {
   >   "jsonrpc": "2.0",
   >   "id": 984,
   >   "method": "eth_gasPrice",
   >   "params": [],
   >   "internal": true
   > }
[2022/10/18 04:11:35.562] -  <   {
 <     "id": 982,
 <     "jsonrpc": "2.0",
 <     "result": "0x2"
 <   }
[2022/10/18 04:11:35.563] - eth_blockNumber
[2022/10/18 04:11:35.564] -    > {
   >   "jsonrpc": "2.0",
   >   "id": 977,
   >   "method": "eth_blockNumber",
   >   "params": [],
   >   "internal": true
   > }
[2022/10/18 04:11:35.565] - eth_getBlockByNumber
[2022/10/18 04:11:35.566] -    > {
   >   "jsonrpc": "2.0",
   >   "id": 985,
   >   "method": "eth_getBlockByNumber",
   >   "params": [
   >     "latest",
   >     false
   >   ],
   >   "internal": true
   > }
[2022/10/18 04:11:35.567] - eth_accounts
[2022/10/18 04:11:35.567] -    > {
   >   "jsonrpc": "2.0",
   >   "id": 978,
   >   "method": "eth_accounts",
   >   "params": [],
   >   "internal": true
   > }
[2022/10/18 04:11:35.568] -  <   {
 <     "id": 983,
 <     "jsonrpc": "2.0",
 <     "result": [
 <       "0x9086b277b07117347539a47834a347cec29579ad",
 <       "0xfbf55685dbbf4dafa4a30e9e4a43b93364cb5d82",
 <       "0x54935bed49d3afdb4862a8eca6ddbcade40a0d19",
 <       "0x7efc841873ac915c1102fd58de6ab5f063e181bd",
 <       "0xb757c1ebf9c1a5237a5980974aeceddfae08d1c8",
 <       "0x0399221ea8349b7a3e14335a58156925da938b3c",
 <       "0xaf85536580b6029a72db7842cd16a243902713c8",
 <       "0x9432cdeaebafd3c89456d38fe9aa87cc1dd73943",
 <       "0x0b8c09f14760d0c68d1b2bc3d24f025d22bba860",
 <       "0x6ab68af0d5b7d57ae7ce20978bfdee11283f34fa"
 <     ]
 <   }
[2022/10/18 04:11:35.571] - eth_subscribe
[2022/10/18 04:11:35.572] -    > {
   >   "jsonrpc": "2.0",
   >   "id": 986,
   >   "method": "eth_subscribe",
   >   "params": [
   >     "newHeads"
   >   ],
   >   "internal": true
   > }
[2022/10/18 04:11:35.572] - eth_gasPrice
[2022/10/18 04:11:35.573] -    > {
   >   "jsonrpc": "2.0",
   >   "id": 979,
   >   "method": "eth_gasPrice",
   >   "params": [],
   >   "internal": true
   > }
[2022/10/18 04:11:35.575] -  <   {
 <     "id": 984,
 <     "jsonrpc": "2.0",
 <     "result": "0x4a817c800"
 <   }
[2022/10/18 04:11:35.576] - eth_getBlockByNumber
[2022/10/18 04:11:35.576] -    > {
   >   "jsonrpc": "2.0",
   >   "id": 980,
   >   "method": "eth_getBlockByNumber",
   >   "params": [
   >     "latest",
   >     false
   >   ],
   >   "internal": true
   > }
[2022/10/18 04:11:35.577] -  <   {
 <     "id": 977,
 <     "jsonrpc": "2.0",
 <     "result": "0x2"
 <   }
[2022/10/18 04:11:35.578] - eth_subscribe
[2022/10/18 04:11:35.579] -    > {
   >   "jsonrpc": "2.0",
   >   "id": 981,
   >   "method": "eth_subscribe",
   >   "params": [
   >     "newHeads"
   >   ],
   >   "internal": true
   > }
[2022/10/18 04:11:35.583] -  <   {
 <     "id": 985,
 <     "jsonrpc": "2.0",
 <     "result": {
 <       "number": "0x2",
 <       "hash": "0x513df3462ec2b7c8b32ede887ad7d65917b088a36e18bc62362fda622cd54a70",
 <       "parentHash": "0xe8b1b6daf5f09b9e8e3801cf27821e41e6a02e5da9faa4198a922fc8adb0fbb4",
 <       "mixHash": "0x0000000000000000000000000000000000000000000000000000000000000000",
 <       "nonce": "0x0000000000000000",
 <       "sha3Uncles": "0x1dcc4de8dec75d7aab85b567b6ccd41ad312451b948a7413f0a142fd40d49347",
 <       "logsBloom": "0x00000000000000000000000000000000000000000000000000000000000000000000000000000000000000000000000000000000000000000000000000000000000000000000000000000000000000000000000000000000000000000000000000000000000000000000000000000000000000000000000000000000000000000000000000000000000000000000000000000000000000000000000000000000000000000000000000000000000000000000000000000000000000000000000000000000000000000000000000000000000000000000000000000000000000000000000000000000000000000000000000000000000000000000000000000000",
 <       "transactionsRoot": "0xd0ab923ca12518ef1b160354bd23afe1fcf772c2e1af70219201d84e8d6c68b2",
 <       "stateRoot": "0xc5838d353dde8805027f8683b3dfb50978ef2e9f960ff7850fee92ed5ba1be69",
 <       "receiptsRoot": "0x42c1419dc24443c4f7b82ff6bff9fd2bac801fe86ea7bc520737a23d41ea9baf",
 <       "miner": "0x0000000000000000000000000000000000000000",
 <       "difficulty": "0x0",
 <       "totalDifficulty": "0x0",
 <       "extraData": "0x",
 <       "size": "0x3e8",
 <       "gasLimit": "0x6691b7",
 <       "gasUsed": "0x1ead5",
 <       "timestamp": "0x634df9c2",
 <       "transactions": [
 <         "0x484501c2d56507933e4dfc8909da6106f9336eca98f4666e1f2b6923cdffcdc7"
 <       ],
 <       "uncles": []
 <     }
 <   }
[2022/10/18 04:11:35.591] -  <   {
 <     "id": 978,
 <     "jsonrpc": "2.0",
 <     "result": [
 <       "0x9086b277b07117347539a47834a347cec29579ad",
 <       "0xfbf55685dbbf4dafa4a30e9e4a43b93364cb5d82",
 <       "0x54935bed49d3afdb4862a8eca6ddbcade40a0d19",
 <       "0x7efc841873ac915c1102fd58de6ab5f063e181bd",
 <       "0xb757c1ebf9c1a5237a5980974aeceddfae08d1c8",
 <       "0x0399221ea8349b7a3e14335a58156925da938b3c",
 <       "0xaf85536580b6029a72db7842cd16a243902713c8",
 <       "0x9432cdeaebafd3c89456d38fe9aa87cc1dd73943",
 <       "0x0b8c09f14760d0c68d1b2bc3d24f025d22bba860",
 <       "0x6ab68af0d5b7d57ae7ce20978bfdee11283f34fa"
 <     ]
 <   }
[2022/10/18 04:11:35.592] - eth_accounts
[2022/10/18 04:11:35.593] -    > {
   >   "jsonrpc": "2.0",
   >   "id": 987,
   >   "method": "eth_accounts",
   >   "params": [],
   >   "internal": true
   > }
[2022/10/18 04:11:35.598] -  <   {
 <     "id": 986,
 <     "jsonrpc": "2.0",
 <     "result": "0x5"
 <   }
[2022/10/18 04:11:35.614] -  <   {
 <     "id": 979,
 <     "jsonrpc": "2.0",
 <     "result": "0x4a817c800"
 <   }
[2022/10/18 04:11:35.632] -  <   {
 <     "id": 980,
 <     "jsonrpc": "2.0",
 <     "result": {
 <       "number": "0x2",
 <       "hash": "0x513df3462ec2b7c8b32ede887ad7d65917b088a36e18bc62362fda622cd54a70",
 <       "parentHash": "0xe8b1b6daf5f09b9e8e3801cf27821e41e6a02e5da9faa4198a922fc8adb0fbb4",
 <       "mixHash": "0x0000000000000000000000000000000000000000000000000000000000000000",
 <       "nonce": "0x0000000000000000",
 <       "sha3Uncles": "0x1dcc4de8dec75d7aab85b567b6ccd41ad312451b948a7413f0a142fd40d49347",
 <       "logsBloom": "0x00000000000000000000000000000000000000000000000000000000000000000000000000000000000000000000000000000000000000000000000000000000000000000000000000000000000000000000000000000000000000000000000000000000000000000000000000000000000000000000000000000000000000000000000000000000000000000000000000000000000000000000000000000000000000000000000000000000000000000000000000000000000000000000000000000000000000000000000000000000000000000000000000000000000000000000000000000000000000000000000000000000000000000000000000000000",
 <       "transactionsRoot": "0xd0ab923ca12518ef1b160354bd23afe1fcf772c2e1af70219201d84e8d6c68b2",
 <       "stateRoot": "0xc5838d353dde8805027f8683b3dfb50978ef2e9f960ff7850fee92ed5ba1be69",
 <       "receiptsRoot": "0x42c1419dc24443c4f7b82ff6bff9fd2bac801fe86ea7bc520737a23d41ea9baf",
 <       "miner": "0x0000000000000000000000000000000000000000",
 <       "difficulty": "0x0",
 <       "totalDifficulty": "0x0",
 <       "extraData": "0x",
 <       "size": "0x3e8",
 <       "gasLimit": "0x6691b7",
 <       "gasUsed": "0x1ead5",
 <       "timestamp": "0x634df9c2",
 <       "transactions": [
 <         "0x484501c2d56507933e4dfc8909da6106f9336eca98f4666e1f2b6923cdffcdc7"
 <       ],
 <       "uncles": []
 <     }
 <   }
[2022/10/18 04:11:35.646] -  <   {
 <     "id": 981,
 <     "jsonrpc": "2.0",
 <     "result": "0x6"
 <   }
[2022/10/18 04:11:35.661] -  <   {
 <     "id": 987,
 <     "jsonrpc": "2.0",
 <     "result": [
 <       "0x9086b277b07117347539a47834a347cec29579ad",
 <       "0xfbf55685dbbf4dafa4a30e9e4a43b93364cb5d82",
 <       "0x54935bed49d3afdb4862a8eca6ddbcade40a0d19",
 <       "0x7efc841873ac915c1102fd58de6ab5f063e181bd",
 <       "0xb757c1ebf9c1a5237a5980974aeceddfae08d1c8",
 <       "0x0399221ea8349b7a3e14335a58156925da938b3c",
 <       "0xaf85536580b6029a72db7842cd16a243902713c8",
 <       "0x9432cdeaebafd3c89456d38fe9aa87cc1dd73943",
 <       "0x0b8c09f14760d0c68d1b2bc3d24f025d22bba860",
 <       "0x6ab68af0d5b7d57ae7ce20978bfdee11283f34fa"
 <     ]
 <   }
[2022/10/18 04:11:35.662] - eth_getBalance
[2022/10/18 04:11:35.663] -    > {
   >   "jsonrpc": "2.0",
   >   "id": 988,
   >   "method": "eth_getBalance",
   >   "params": [
   >     "0x9086b277b07117347539a47834a347cec29579ad",
   >     "latest"
   >   ],
   >   "internal": true
   > }
[2022/10/18 04:11:35.670] - eth_getTransactionCount
[2022/10/18 04:11:35.671] -    > {
   >   "jsonrpc": "2.0",
   >   "id": 989,
   >   "method": "eth_getTransactionCount",
   >   "params": [
   >     "0x9086b277b07117347539a47834a347cec29579ad",
   >     "latest"
   >   ],
   >   "internal": true
   > }
[2022/10/18 04:11:35.674] -  <   {
 <     "id": 988,
 <     "jsonrpc": "2.0",
 <     "result": "0x56bb582f2a1dd3000"
 <   }
[2022/10/18 04:11:35.680] -  <   {
 <     "id": 989,
 <     "jsonrpc": "2.0",
 <     "result": "0x2"
 <   }
[2022/10/18 04:11:35.681] - eth_getBalance
[2022/10/18 04:11:35.682] -    > {
   >   "jsonrpc": "2.0",
   >   "id": 990,
   >   "method": "eth_getBalance",
   >   "params": [
   >     "0xfbf55685dbbf4dafa4a30e9e4a43b93364cb5d82",
   >     "latest"
   >   ],
   >   "internal": true
   > }
[2022/10/18 04:11:35.689] - eth_getTransactionCount
[2022/10/18 04:11:35.690] -    > {
   >   "jsonrpc": "2.0",
   >   "id": 991,
   >   "method": "eth_getTransactionCount",
   >   "params": [
   >     "0xfbf55685dbbf4dafa4a30e9e4a43b93364cb5d82",
   >     "latest"
   >   ],
   >   "internal": true
   > }
[2022/10/18 04:11:35.692] -  <   {
 <     "id": 990,
 <     "jsonrpc": "2.0",
 <     "result": "0x56bc75e2d63100000"
 <   }
[2022/10/18 04:11:35.699] -  <   {
 <     "id": 991,
 <     "jsonrpc": "2.0",
 <     "result": "0x0"
 <   }
[2022/10/18 04:11:35.701] - eth_getBalance
[2022/10/18 04:11:35.702] -    > {
   >   "jsonrpc": "2.0",
   >   "id": 992,
   >   "method": "eth_getBalance",
   >   "params": [
   >     "0x54935bed49d3afdb4862a8eca6ddbcade40a0d19",
   >     "latest"
   >   ],
   >   "internal": true
   > }
[2022/10/18 04:11:35.708] - eth_getTransactionCount
[2022/10/18 04:11:35.709] -    > {
   >   "jsonrpc": "2.0",
   >   "id": 993,
   >   "method": "eth_getTransactionCount",
   >   "params": [
   >     "0x54935bed49d3afdb4862a8eca6ddbcade40a0d19",
   >     "latest"
   >   ],
   >   "internal": true
   > }
[2022/10/18 04:11:35.711] -  <   {
 <     "id": 992,
 <     "jsonrpc": "2.0",
 <     "result": "0x56bc75e2d63100000"
 <   }
[2022/10/18 04:11:35.720] -  <   {
 <     "id": 993,
 <     "jsonrpc": "2.0",
 <     "result": "0x0"
 <   }
[2022/10/18 04:11:35.721] - eth_getBalance
[2022/10/18 04:11:35.722] -    > {
   >   "jsonrpc": "2.0",
   >   "id": 994,
   >   "method": "eth_getBalance",
   >   "params": [
   >     "0x7efc841873ac915c1102fd58de6ab5f063e181bd",
   >     "latest"
   >   ],
   >   "internal": true
   > }
[2022/10/18 04:11:35.727] -  <   {
 <     "id": 994,
 <     "jsonrpc": "2.0",
 <     "result": "0x56bc75e2d63100000"
 <   }
[2022/10/18 04:11:35.729] - eth_getTransactionCount
[2022/10/18 04:11:35.730] -    > {
   >   "jsonrpc": "2.0",
   >   "id": 995,
   >   "method": "eth_getTransactionCount",
   >   "params": [
   >     "0x7efc841873ac915c1102fd58de6ab5f063e181bd",
   >     "latest"
   >   ],
   >   "internal": true
   > }
[2022/10/18 04:11:35.739] -  <   {
 <     "id": 995,
 <     "jsonrpc": "2.0",
 <     "result": "0x0"
 <   }
[2022/10/18 04:11:35.740] - eth_getBalance
[2022/10/18 04:11:35.741] -    > {
   >   "jsonrpc": "2.0",
   >   "id": 996,
   >   "method": "eth_getBalance",
   >   "params": [
   >     "0xb757c1ebf9c1a5237a5980974aeceddfae08d1c8",
   >     "latest"
   >   ],
   >   "internal": true
   > }
[2022/10/18 04:11:35.746] - eth_getTransactionCount
[2022/10/18 04:11:35.747] -    > {
   >   "jsonrpc": "2.0",
   >   "id": 997,
   >   "method": "eth_getTransactionCount",
   >   "params": [
   >     "0xb757c1ebf9c1a5237a5980974aeceddfae08d1c8",
   >     "latest"
   >   ],
   >   "internal": true
   > }
[2022/10/18 04:11:35.750] -  <   {
 <     "id": 996,
 <     "jsonrpc": "2.0",
 <     "result": "0x56bc75e2d63100000"
 <   }
[2022/10/18 04:11:35.755] -  <   {
 <     "id": 997,
 <     "jsonrpc": "2.0",
 <     "result": "0x0"
 <   }
[2022/10/18 04:11:35.756] - eth_getBalance
[2022/10/18 04:11:35.757] -    > {
   >   "jsonrpc": "2.0",
   >   "id": 998,
   >   "method": "eth_getBalance",
   >   "params": [
   >     "0x0399221ea8349b7a3e14335a58156925da938b3c",
   >     "latest"
   >   ],
   >   "internal": true
   > }
[2022/10/18 04:11:35.761] - eth_getTransactionCount
[2022/10/18 04:11:35.761] -    > {
   >   "jsonrpc": "2.0",
   >   "id": 999,
   >   "method": "eth_getTransactionCount",
   >   "params": [
   >     "0x0399221ea8349b7a3e14335a58156925da938b3c",
   >     "latest"
   >   ],
   >   "internal": true
   > }
[2022/10/18 04:11:35.763] -  <   {
 <     "id": 998,
 <     "jsonrpc": "2.0",
 <     "result": "0x56bc75e2d63100000"
 <   }
[2022/10/18 04:11:35.770] -  <   {
 <     "id": 999,
 <     "jsonrpc": "2.0",
 <     "result": "0x0"
 <   }
[2022/10/18 04:11:35.790] - eth_getBalance
[2022/10/18 04:11:35.790] -    > {
   >   "jsonrpc": "2.0",
   >   "id": 1000,
   >   "method": "eth_getBalance",
   >   "params": [
   >     "0xaf85536580b6029a72db7842cd16a243902713c8",
   >     "latest"
   >   ],
   >   "internal": true
   > }
[2022/10/18 04:11:35.791] - eth_getTransactionCount
[2022/10/18 04:11:35.795] -    > {
   >   "jsonrpc": "2.0",
   >   "id": 1001,
   >   "method": "eth_getTransactionCount",
   >   "params": [
   >     "0xaf85536580b6029a72db7842cd16a243902713c8",
   >     "latest"
   >   ],
   >   "internal": true
   > }
[2022/10/18 04:11:35.801] - eth_getBalance
[2022/10/18 04:11:35.802] -    > {
   >   "jsonrpc": "2.0",
   >   "id": 1002,
   >   "method": "eth_getBalance",
   >   "params": [
   >     "0x9432cdeaebafd3c89456d38fe9aa87cc1dd73943",
   >     "latest"
   >   ],
   >   "internal": true
   > }
[2022/10/18 04:11:35.804] - eth_getTransactionCount
[2022/10/18 04:11:35.804] -    > {
   >   "jsonrpc": "2.0",
   >   "id": 1003,
   >   "method": "eth_getTransactionCount",
   >   "params": [
   >     "0x9432cdeaebafd3c89456d38fe9aa87cc1dd73943",
   >     "latest"
   >   ],
   >   "internal": true
   > }
[2022/10/18 04:11:35.806] - eth_getBalance
[2022/10/18 04:11:35.807] -    > {
   >   "jsonrpc": "2.0",
   >   "id": 1004,
   >   "method": "eth_getBalance",
   >   "params": [
   >     "0x0b8c09f14760d0c68d1b2bc3d24f025d22bba860",
   >     "latest"
   >   ],
   >   "internal": true
   > }
[2022/10/18 04:11:35.809] -  <   {
 <     "id": 1000,
 <     "jsonrpc": "2.0",
 <     "result": "0x56bc75e2d63100000"
 <   }
[2022/10/18 04:11:35.818] -  <   {
 <     "id": 1001,
 <     "jsonrpc": "2.0",
 <     "result": "0x0"
 <   }
[2022/10/18 04:11:35.819] - eth_getTransactionCount
[2022/10/18 04:11:35.820] -    > {
   >   "jsonrpc": "2.0",
   >   "id": 1005,
   >   "method": "eth_getTransactionCount",
   >   "params": [
   >     "0x0b8c09f14760d0c68d1b2bc3d24f025d22bba860",
   >     "latest"
   >   ],
   >   "internal": true
   > }
[2022/10/18 04:11:35.825] - eth_getBalance
[2022/10/18 04:11:35.826] -    > {
   >   "jsonrpc": "2.0",
   >   "id": 1006,
   >   "method": "eth_getBalance",
   >   "params": [
   >     "0x6ab68af0d5b7d57ae7ce20978bfdee11283f34fa",
   >     "latest"
   >   ],
   >   "internal": true
   > }
[2022/10/18 04:11:35.828] -  <   {
 <     "id": 1002,
 <     "jsonrpc": "2.0",
 <     "result": "0x56bc75e2d63100000"
 <   }
[2022/10/18 04:11:35.834] -  <   {
 <     "id": 1003,
 <     "jsonrpc": "2.0",
 <     "result": "0x0"
 <   }
[2022/10/18 04:11:35.835] - eth_getTransactionCount
[2022/10/18 04:11:35.835] -    > {
   >   "jsonrpc": "2.0",
   >   "id": 1007,
   >   "method": "eth_getTransactionCount",
   >   "params": [
   >     "0x6ab68af0d5b7d57ae7ce20978bfdee11283f34fa",
   >     "latest"
   >   ],
   >   "internal": true
   > }
[2022/10/18 04:11:35.851] - eth_getBalance
[2022/10/18 04:11:35.852] -    > {
   >   "jsonrpc": "2.0",
   >   "id": 1009,
   >   "method": "eth_getBalance",
   >   "params": [
   >     "0x9086b277b07117347539a47834a347cec29579ad",
   >     "latest"
   >   ],
   >   "internal": true
   > }
[2022/10/18 04:11:35.853] -  <   {
 <     "id": 1004,
 <     "jsonrpc": "2.0",
 <     "result": "0x56bc75e2d63100000"
 <   }
[2022/10/18 04:11:35.857] -  <   {
 <     "id": 1005,
 <     "jsonrpc": "2.0",
 <     "result": "0x0"
 <   }
[2022/10/18 04:11:35.858] - eth_getTransactionCount
[2022/10/18 04:11:35.859] -    > {
   >   "jsonrpc": "2.0",
   >   "id": 1010,
   >   "method": "eth_getTransactionCount",
   >   "params": [
   >     "0x9086b277b07117347539a47834a347cec29579ad",
   >     "latest"
   >   ],
   >   "internal": true
   > }
[2022/10/18 04:11:35.863] - eth_getBalance
[2022/10/18 04:11:35.864] -    > {
   >   "jsonrpc": "2.0",
   >   "id": 1011,
   >   "method": "eth_getBalance",
   >   "params": [
   >     "0xfbf55685dbbf4dafa4a30e9e4a43b93364cb5d82",
   >     "latest"
   >   ],
   >   "internal": true
   > }
[2022/10/18 04:11:35.865] -  <   {
 <     "id": 1006,
 <     "jsonrpc": "2.0",
 <     "result": "0x56bc75e2d63100000"
 <   }
[2022/10/18 04:11:35.870] -  <   {
 <     "id": 1007,
 <     "jsonrpc": "2.0",
 <     "result": "0x0"
 <   }
[2022/10/18 04:11:35.870] - eth_getTransactionCount
[2022/10/18 04:11:35.871] -    > {
   >   "jsonrpc": "2.0",
   >   "id": 1012,
   >   "method": "eth_getTransactionCount",
   >   "params": [
   >     "0xfbf55685dbbf4dafa4a30e9e4a43b93364cb5d82",
   >     "latest"
   >   ],
   >   "internal": true
   > }
[2022/10/18 04:11:35.875] -  <   {
 <     "id": 1009,
 <     "jsonrpc": "2.0",
 <     "result": "0x56bb582f2a1dd3000"
 <   }
[2022/10/18 04:11:35.876] - eth_getBalance
[2022/10/18 04:11:35.876] -    > {
   >   "jsonrpc": "2.0",
   >   "id": 1013,
   >   "method": "eth_getBalance",
   >   "params": [
   >     "0x54935bed49d3afdb4862a8eca6ddbcade40a0d19",
   >     "latest"
   >   ],
   >   "internal": true
   > }
[2022/10/18 04:11:35.882] -  <   {
 <     "id": 1010,
 <     "jsonrpc": "2.0",
 <     "result": "0x2"
 <   }
[2022/10/18 04:11:35.891] - eth_getTransactionCount
[2022/10/18 04:11:35.892] -    > {
   >   "jsonrpc": "2.0",
   >   "id": 1014,
   >   "method": "eth_getTransactionCount",
   >   "params": [
   >     "0x54935bed49d3afdb4862a8eca6ddbcade40a0d19",
   >     "latest"
   >   ],
   >   "internal": true
   > }
[2022/10/18 04:11:35.893] - eth_getBalance
[2022/10/18 04:11:35.893] -    > {
   >   "jsonrpc": "2.0",
   >   "id": 1015,
   >   "method": "eth_getBalance",
   >   "params": [
   >     "0x7efc841873ac915c1102fd58de6ab5f063e181bd",
   >     "latest"
   >   ],
   >   "internal": true
   > }
[2022/10/18 04:11:35.896] -  <   {
 <     "id": 1011,
 <     "jsonrpc": "2.0",
 <     "result": "0x56bc75e2d63100000"
 <   }
[2022/10/18 04:11:35.897] - eth_getTransactionCount
[2022/10/18 04:11:35.898] -    > {
   >   "jsonrpc": "2.0",
   >   "id": 1016,
   >   "method": "eth_getTransactionCount",
   >   "params": [
   >     "0x7efc841873ac915c1102fd58de6ab5f063e181bd",
   >     "latest"
   >   ],
   >   "internal": true
   > }
[2022/10/18 04:11:35.899] - eth_getBalance
[2022/10/18 04:11:35.900] -    > {
   >   "jsonrpc": "2.0",
   >   "id": 1017,
   >   "method": "eth_getBalance",
   >   "params": [
   >     "0xb757c1ebf9c1a5237a5980974aeceddfae08d1c8",
   >     "latest"
   >   ],
   >   "internal": true
   > }
[2022/10/18 04:11:35.902] -  <   {
 <     "id": 1012,
 <     "jsonrpc": "2.0",
 <     "result": "0x0"
 <   }
[2022/10/18 04:11:35.906] -  <   {
 <     "id": 1013,
 <     "jsonrpc": "2.0",
 <     "result": "0x56bc75e2d63100000"
 <   }
[2022/10/18 04:11:35.907] - eth_getTransactionCount
[2022/10/18 04:11:35.908] -    > {
   >   "jsonrpc": "2.0",
   >   "id": 1018,
   >   "method": "eth_getTransactionCount",
   >   "params": [
   >     "0xb757c1ebf9c1a5237a5980974aeceddfae08d1c8",
   >     "latest"
   >   ],
   >   "internal": true
   > }
[2022/10/18 04:11:35.911] -  <   {
 <     "id": 1014,
 <     "jsonrpc": "2.0",
 <     "result": "0x0"
 <   }
[2022/10/18 04:11:35.912] - eth_getBalance
[2022/10/18 04:11:35.913] -    > {
   >   "jsonrpc": "2.0",
   >   "id": 1019,
   >   "method": "eth_getBalance",
   >   "params": [
   >     "0x0399221ea8349b7a3e14335a58156925da938b3c",
   >     "latest"
   >   ],
   >   "internal": true
   > }
[2022/10/18 04:11:35.919] -  <   {
 <     "id": 1015,
 <     "jsonrpc": "2.0",
 <     "result": "0x56bc75e2d63100000"
 <   }
[2022/10/18 04:11:35.920] - eth_getTransactionCount
[2022/10/18 04:11:35.920] -    > {
   >   "jsonrpc": "2.0",
   >   "id": 1020,
   >   "method": "eth_getTransactionCount",
   >   "params": [
   >     "0x0399221ea8349b7a3e14335a58156925da938b3c",
   >     "latest"
   >   ],
   >   "internal": true
   > }
[2022/10/18 04:11:35.927] -  <   {
 <     "id": 1016,
 <     "jsonrpc": "2.0",
 <     "result": "0x0"
 <   }
[2022/10/18 04:11:35.928] - eth_getBalance
[2022/10/18 04:11:35.930] -    > {
   >   "jsonrpc": "2.0",
   >   "id": 1021,
   >   "method": "eth_getBalance",
   >   "params": [
   >     "0xaf85536580b6029a72db7842cd16a243902713c8",
   >     "latest"
   >   ],
   >   "internal": true
   > }
[2022/10/18 04:11:35.936] -  <   {
 <     "id": 1017,
 <     "jsonrpc": "2.0",
 <     "result": "0x56bc75e2d63100000"
 <   }
[2022/10/18 04:11:35.937] - eth_getTransactionCount
[2022/10/18 04:11:35.938] -    > {
   >   "jsonrpc": "2.0",
   >   "id": 1022,
   >   "method": "eth_getTransactionCount",
   >   "params": [
   >     "0xaf85536580b6029a72db7842cd16a243902713c8",
   >     "latest"
   >   ],
   >   "internal": true
   > }
[2022/10/18 04:11:35.944] -  <   {
 <     "id": 1018,
 <     "jsonrpc": "2.0",
 <     "result": "0x0"
 <   }
[2022/10/18 04:11:35.946] - eth_getBalance
[2022/10/18 04:11:35.947] -    > {
   >   "jsonrpc": "2.0",
   >   "id": 1023,
   >   "method": "eth_getBalance",
   >   "params": [
   >     "0x9432cdeaebafd3c89456d38fe9aa87cc1dd73943",
   >     "latest"
   >   ],
   >   "internal": true
   > }
[2022/10/18 04:11:35.956] -  <   {
 <     "id": 1019,
 <     "jsonrpc": "2.0",
 <     "result": "0x56bc75e2d63100000"
 <   }
[2022/10/18 04:11:35.958] - eth_getTransactionCount
[2022/10/18 04:11:35.958] -    > {
   >   "jsonrpc": "2.0",
   >   "id": 1024,
   >   "method": "eth_getTransactionCount",
   >   "params": [
   >     "0x9432cdeaebafd3c89456d38fe9aa87cc1dd73943",
   >     "latest"
   >   ],
   >   "internal": true
   > }
[2022/10/18 04:11:35.962] -  <   {
 <     "id": 1020,
 <     "jsonrpc": "2.0",
 <     "result": "0x0"
 <   }
[2022/10/18 04:11:35.971] -  <   {
 <     "id": 1021,
 <     "jsonrpc": "2.0",
 <     "result": "0x56bc75e2d63100000"
 <   }
[2022/10/18 04:11:35.972] - eth_getBalance
[2022/10/18 04:11:35.973] -    > {
   >   "jsonrpc": "2.0",
   >   "id": 1025,
   >   "method": "eth_getBalance",
   >   "params": [
   >     "0x0b8c09f14760d0c68d1b2bc3d24f025d22bba860",
   >     "latest"
   >   ],
   >   "internal": true
   > }
[2022/10/18 04:11:35.978] -  <   {
 <     "id": 1022,
 <     "jsonrpc": "2.0",
 <     "result": "0x0"
 <   }
[2022/10/18 04:11:35.980] - eth_getTransactionCount
[2022/10/18 04:11:35.980] -    > {
   >   "jsonrpc": "2.0",
   >   "id": 1026,
   >   "method": "eth_getTransactionCount",
   >   "params": [
   >     "0x0b8c09f14760d0c68d1b2bc3d24f025d22bba860",
   >     "latest"
   >   ],
   >   "internal": true
   > }
[2022/10/18 04:11:35.983] -  <   {
 <     "id": 1023,
 <     "jsonrpc": "2.0",
 <     "result": "0x56bc75e2d63100000"
 <   }
[2022/10/18 04:11:35.990] -  <   {
 <     "id": 1024,
 <     "jsonrpc": "2.0",
 <     "result": "0x0"
 <   }
[2022/10/18 04:11:35.991] - eth_getBalance
[2022/10/18 04:11:35.992] -    > {
   >   "jsonrpc": "2.0",
   >   "id": 1027,
   >   "method": "eth_getBalance",
   >   "params": [
   >     "0x6ab68af0d5b7d57ae7ce20978bfdee11283f34fa",
   >     "latest"
   >   ],
   >   "internal": true
   > }
[2022/10/18 04:11:35.999] -  <   {
 <     "id": 1025,
 <     "jsonrpc": "2.0",
 <     "result": "0x56bc75e2d63100000"
 <   }
[2022/10/18 04:11:36.000] - eth_getTransactionCount
[2022/10/18 04:11:36.001] -    > {
   >   "jsonrpc": "2.0",
   >   "id": 1028,
   >   "method": "eth_getTransactionCount",
   >   "params": [
   >     "0x6ab68af0d5b7d57ae7ce20978bfdee11283f34fa",
   >     "latest"
   >   ],
   >   "internal": true
   > }
[2022/10/18 04:11:36.008] -  <   {
 <     "id": 1026,
 <     "jsonrpc": "2.0",
 <     "result": "0x0"
 <   }
[2022/10/18 04:11:36.009] - eth_getBalance
[2022/10/18 04:11:36.009] -    > {
   >   "jsonrpc": "2.0",
   >   "id": 1029,
   >   "method": "eth_getBalance",
   >   "params": [
   >     "0x9086b277b07117347539a47834a347cec29579ad",
   >     "latest"
   >   ],
   >   "internal": true
   > }
[2022/10/18 04:11:36.016] -  <   {
 <     "id": 1027,
 <     "jsonrpc": "2.0",
 <     "result": "0x56bc75e2d63100000"
 <   }
[2022/10/18 04:11:36.016] - eth_getTransactionCount
[2022/10/18 04:11:36.017] -    > {
   >   "jsonrpc": "2.0",
   >   "id": 1030,
   >   "method": "eth_getTransactionCount",
   >   "params": [
   >     "0x9086b277b07117347539a47834a347cec29579ad",
   >     "latest"
   >   ],
   >   "internal": true
   > }
[2022/10/18 04:11:36.023] -  <   {
 <     "id": 1028,
 <     "jsonrpc": "2.0",
 <     "result": "0x0"
 <   }
[2022/10/18 04:11:36.024] - eth_getBalance
[2022/10/18 04:11:36.025] -    > {
   >   "jsonrpc": "2.0",
   >   "id": 1031,
   >   "method": "eth_getBalance",
   >   "params": [
   >     "0xfbf55685dbbf4dafa4a30e9e4a43b93364cb5d82",
   >     "latest"
   >   ],
   >   "internal": true
   > }
[2022/10/18 04:11:36.031] -  <   {
 <     "id": 1029,
 <     "jsonrpc": "2.0",
 <     "result": "0x56bb582f2a1dd3000"
 <   }
[2022/10/18 04:11:36.032] - eth_getTransactionCount
[2022/10/18 04:11:36.033] -    > {
   >   "jsonrpc": "2.0",
   >   "id": 1032,
   >   "method": "eth_getTransactionCount",
   >   "params": [
   >     "0xfbf55685dbbf4dafa4a30e9e4a43b93364cb5d82",
   >     "latest"
   >   ],
   >   "internal": true
   > }
[2022/10/18 04:11:36.040] -  <   {
 <     "id": 1030,
 <     "jsonrpc": "2.0",
 <     "result": "0x2"
 <   }
[2022/10/18 04:11:36.042] - eth_getBalance
[2022/10/18 04:11:36.042] -    > {
   >   "jsonrpc": "2.0",
   >   "id": 1033,
   >   "method": "eth_getBalance",
   >   "params": [
   >     "0x54935bed49d3afdb4862a8eca6ddbcade40a0d19",
   >     "latest"
   >   ],
   >   "internal": true
   > }
[2022/10/18 04:11:36.047] -  <   {
 <     "id": 1031,
 <     "jsonrpc": "2.0",
 <     "result": "0x56bc75e2d63100000"
 <   }
[2022/10/18 04:11:36.060] -  <   {
 <     "id": 1032,
 <     "jsonrpc": "2.0",
 <     "result": "0x0"
 <   }
[2022/10/18 04:11:36.061] - eth_getTransactionCount
[2022/10/18 04:11:36.062] -    > {
   >   "jsonrpc": "2.0",
   >   "id": 1034,
   >   "method": "eth_getTransactionCount",
   >   "params": [
   >     "0x54935bed49d3afdb4862a8eca6ddbcade40a0d19",
   >     "latest"
   >   ],
   >   "internal": true
   > }
[2022/10/18 04:11:36.063] - eth_getBalance
[2022/10/18 04:11:36.063] -    > {
   >   "jsonrpc": "2.0",
   >   "id": 1035,
   >   "method": "eth_getBalance",
   >   "params": [
   >     "0x7efc841873ac915c1102fd58de6ab5f063e181bd",
   >     "latest"
   >   ],
   >   "internal": true
   > }
[2022/10/18 04:11:36.066] -  <   {
 <     "id": 1033,
 <     "jsonrpc": "2.0",
 <     "result": "0x56bc75e2d63100000"
 <   }
[2022/10/18 04:11:36.067] - eth_getTransactionCount
[2022/10/18 04:11:36.068] -    > {
   >   "jsonrpc": "2.0",
   >   "id": 1036,
   >   "method": "eth_getTransactionCount",
   >   "params": [
   >     "0x7efc841873ac915c1102fd58de6ab5f063e181bd",
   >     "latest"
   >   ],
   >   "internal": true
   > }
[2022/10/18 04:11:36.071] -  <   {
 <     "id": 1034,
 <     "jsonrpc": "2.0",
 <     "result": "0x0"
 <   }
[2022/10/18 04:11:36.074] -  <   {
 <     "id": 1035,
 <     "jsonrpc": "2.0",
 <     "result": "0x56bc75e2d63100000"
 <   }
[2022/10/18 04:11:36.075] - eth_getBalance
[2022/10/18 04:11:36.076] -    > {
   >   "jsonrpc": "2.0",
   >   "id": 1037,
   >   "method": "eth_getBalance",
   >   "params": [
   >     "0xb757c1ebf9c1a5237a5980974aeceddfae08d1c8",
   >     "latest"
   >   ],
   >   "internal": true
   > }
[2022/10/18 04:11:36.081] -  <   {
 <     "id": 1036,
 <     "jsonrpc": "2.0",
 <     "result": "0x0"
 <   }
[2022/10/18 04:11:36.082] - eth_getTransactionCount
[2022/10/18 04:11:36.082] -    > {
   >   "jsonrpc": "2.0",
   >   "id": 1038,
   >   "method": "eth_getTransactionCount",
   >   "params": [
   >     "0xb757c1ebf9c1a5237a5980974aeceddfae08d1c8",
   >     "latest"
   >   ],
   >   "internal": true
   > }
[2022/10/18 04:11:36.087] -  <   {
 <     "id": 1037,
 <     "jsonrpc": "2.0",
 <     "result": "0x56bc75e2d63100000"
 <   }
[2022/10/18 04:11:36.088] - eth_getBalance
[2022/10/18 04:11:36.088] -    > {
   >   "jsonrpc": "2.0",
   >   "id": 1039,
   >   "method": "eth_getBalance",
   >   "params": [
   >     "0x0399221ea8349b7a3e14335a58156925da938b3c",
   >     "latest"
   >   ],
   >   "internal": true
   > }
[2022/10/18 04:11:36.093] -  <   {
 <     "id": 1038,
 <     "jsonrpc": "2.0",
 <     "result": "0x0"
 <   }
[2022/10/18 04:11:36.094] - eth_getTransactionCount
[2022/10/18 04:11:36.095] -    > {
   >   "jsonrpc": "2.0",
   >   "id": 1040,
   >   "method": "eth_getTransactionCount",
   >   "params": [
   >     "0x0399221ea8349b7a3e14335a58156925da938b3c",
   >     "latest"
   >   ],
   >   "internal": true
   > }
[2022/10/18 04:11:36.101] -  <   {
 <     "id": 1039,
 <     "jsonrpc": "2.0",
 <     "result": "0x56bc75e2d63100000"
 <   }
[2022/10/18 04:11:36.102] - eth_getBalance
[2022/10/18 04:11:36.103] -    > {
   >   "jsonrpc": "2.0",
   >   "id": 1041,
   >   "method": "eth_getBalance",
   >   "params": [
   >     "0xaf85536580b6029a72db7842cd16a243902713c8",
   >     "latest"
   >   ],
   >   "internal": true
   > }
[2022/10/18 04:11:36.108] -  <   {
 <     "id": 1040,
 <     "jsonrpc": "2.0",
 <     "result": "0x0"
 <   }
[2022/10/18 04:11:36.108] - eth_getTransactionCount
[2022/10/18 04:11:36.109] -    > {
   >   "jsonrpc": "2.0",
   >   "id": 1042,
   >   "method": "eth_getTransactionCount",
   >   "params": [
   >     "0xaf85536580b6029a72db7842cd16a243902713c8",
   >     "latest"
   >   ],
   >   "internal": true
   > }
[2022/10/18 04:11:36.116] -  <   {
 <     "id": 1041,
 <     "jsonrpc": "2.0",
 <     "result": "0x56bc75e2d63100000"
 <   }
[2022/10/18 04:11:36.120] - eth_getBalance
[2022/10/18 04:11:36.120] -    > {
   >   "jsonrpc": "2.0",
   >   "id": 1043,
   >   "method": "eth_getBalance",
   >   "params": [
   >     "0x9432cdeaebafd3c89456d38fe9aa87cc1dd73943",
   >     "latest"
   >   ],
   >   "internal": true
   > }
[2022/10/18 04:11:36.121] - eth_getTransactionCount
[2022/10/18 04:11:36.122] -    > {
   >   "jsonrpc": "2.0",
   >   "id": 1044,
   >   "method": "eth_getTransactionCount",
   >   "params": [
   >     "0x9432cdeaebafd3c89456d38fe9aa87cc1dd73943",
   >     "latest"
   >   ],
   >   "internal": true
   > }
[2022/10/18 04:11:36.126] -  <   {
 <     "id": 1042,
 <     "jsonrpc": "2.0",
 <     "result": "0x0"
 <   }
[2022/10/18 04:11:36.131] -  <   {
 <     "id": 1043,
 <     "jsonrpc": "2.0",
 <     "result": "0x56bc75e2d63100000"
 <   }
[2022/10/18 04:11:36.132] - eth_getBalance
[2022/10/18 04:11:36.133] -    > {
   >   "jsonrpc": "2.0",
   >   "id": 1045,
   >   "method": "eth_getBalance",
   >   "params": [
   >     "0x0b8c09f14760d0c68d1b2bc3d24f025d22bba860",
   >     "latest"
   >   ],
   >   "internal": true
   > }
[2022/10/18 04:11:36.136] -  <   {
 <     "id": 1044,
 <     "jsonrpc": "2.0",
 <     "result": "0x0"
 <   }
[2022/10/18 04:11:36.138] - eth_getTransactionCount
[2022/10/18 04:11:36.139] -    > {
   >   "jsonrpc": "2.0",
   >   "id": 1046,
   >   "method": "eth_getTransactionCount",
   >   "params": [
   >     "0x0b8c09f14760d0c68d1b2bc3d24f025d22bba860",
   >     "latest"
   >   ],
   >   "internal": true
   > }
[2022/10/18 04:11:36.141] -  <   {
 <     "id": 1045,
 <     "jsonrpc": "2.0",
 <     "result": "0x56bc75e2d63100000"
 <   }
[2022/10/18 04:11:36.146] -  <   {
 <     "id": 1046,
 <     "jsonrpc": "2.0",
 <     "result": "0x0"
 <   }
[2022/10/18 04:11:36.147] - eth_getBalance
[2022/10/18 04:11:36.147] -    > {
   >   "jsonrpc": "2.0",
   >   "id": 1047,
   >   "method": "eth_getBalance",
   >   "params": [
   >     "0x6ab68af0d5b7d57ae7ce20978bfdee11283f34fa",
   >     "latest"
   >   ],
   >   "internal": true
   > }
[2022/10/18 04:11:36.152] -  <   {
 <     "id": 1047,
 <     "jsonrpc": "2.0",
 <     "result": "0x56bc75e2d63100000"
 <   }
[2022/10/18 04:11:36.153] - eth_getTransactionCount
[2022/10/18 04:11:36.154] -    > {
   >   "jsonrpc": "2.0",
   >   "id": 1048,
   >   "method": "eth_getTransactionCount",
   >   "params": [
   >     "0x6ab68af0d5b7d57ae7ce20978bfdee11283f34fa",
   >     "latest"
   >   ],
   >   "internal": true
   > }
[2022/10/18 04:11:36.168] -  <   {
 <     "id": 1048,
 <     "jsonrpc": "2.0",
 <     "result": "0x0"
 <   }
[2022/10/18 04:11:36.230] - eth_getBalance
[2022/10/18 04:11:36.231] -    > {
   >   "jsonrpc": "2.0",
   >   "id": 1049,
   >   "method": "eth_getBalance",
   >   "params": [
   >     "0x9086b277b07117347539a47834a347cec29579ad",
   >     "latest"
   >   ],
   >   "internal": true
   > }
[2022/10/18 04:11:36.241] -  <   {
 <     "id": 1049,
 <     "jsonrpc": "2.0",
 <     "result": "0x56bb582f2a1dd3000"
 <   }
[2022/10/18 04:11:36.243] - eth_getTransactionCount
[2022/10/18 04:11:36.243] -    > {
   >   "jsonrpc": "2.0",
   >   "id": 1050,
   >   "method": "eth_getTransactionCount",
   >   "params": [
   >     "0x9086b277b07117347539a47834a347cec29579ad",
   >     "latest"
   >   ],
   >   "internal": true
   > }
[2022/10/18 04:11:36.248] -  <   {
 <     "id": 1050,
 <     "jsonrpc": "2.0",
 <     "result": "0x2"
 <   }
[2022/10/18 04:11:36.251] - eth_getBalance
[2022/10/18 04:11:36.252] -    > {
   >   "jsonrpc": "2.0",
   >   "id": 1051,
   >   "method": "eth_getBalance",
   >   "params": [
   >     "0xfbf55685dbbf4dafa4a30e9e4a43b93364cb5d82",
   >     "latest"
   >   ],
   >   "internal": true
   > }
[2022/10/18 04:11:36.261] -  <   {
 <     "id": 1051,
 <     "jsonrpc": "2.0",
 <     "result": "0x56bc75e2d63100000"
 <   }
[2022/10/18 04:11:36.262] - eth_getTransactionCount
[2022/10/18 04:11:36.263] -    > {
   >   "jsonrpc": "2.0",
   >   "id": 1052,
   >   "method": "eth_getTransactionCount",
   >   "params": [
   >     "0xfbf55685dbbf4dafa4a30e9e4a43b93364cb5d82",
   >     "latest"
   >   ],
   >   "internal": true
   > }
[2022/10/18 04:11:36.271] -  <   {
 <     "id": 1052,
 <     "jsonrpc": "2.0",
 <     "result": "0x0"
 <   }
[2022/10/18 04:11:36.272] - eth_getBalance
[2022/10/18 04:11:36.273] -    > {
   >   "jsonrpc": "2.0",
   >   "id": 1053,
   >   "method": "eth_getBalance",
   >   "params": [
   >     "0x54935bed49d3afdb4862a8eca6ddbcade40a0d19",
   >     "latest"
   >   ],
   >   "internal": true
   > }
[2022/10/18 04:11:36.280] -  <   {
 <     "id": 1053,
 <     "jsonrpc": "2.0",
 <     "result": "0x56bc75e2d63100000"
 <   }
[2022/10/18 04:11:36.282] - eth_getTransactionCount
[2022/10/18 04:11:36.282] -    > {
   >   "jsonrpc": "2.0",
   >   "id": 1054,
   >   "method": "eth_getTransactionCount",
   >   "params": [
   >     "0x54935bed49d3afdb4862a8eca6ddbcade40a0d19",
   >     "latest"
   >   ],
   >   "internal": true
   > }
[2022/10/18 04:11:36.290] -  <   {
 <     "id": 1054,
 <     "jsonrpc": "2.0",
 <     "result": "0x0"
 <   }
[2022/10/18 04:11:36.292] - eth_getBalance
[2022/10/18 04:11:36.293] -    > {
   >   "jsonrpc": "2.0",
   >   "id": 1055,
   >   "method": "eth_getBalance",
   >   "params": [
   >     "0x7efc841873ac915c1102fd58de6ab5f063e181bd",
   >     "latest"
   >   ],
   >   "internal": true
   > }
[2022/10/18 04:11:36.299] -  <   {
 <     "id": 1055,
 <     "jsonrpc": "2.0",
 <     "result": "0x56bc75e2d63100000"
 <   }
[2022/10/18 04:11:36.300] - eth_getTransactionCount
[2022/10/18 04:11:36.301] -    > {
   >   "jsonrpc": "2.0",
   >   "id": 1056,
   >   "method": "eth_getTransactionCount",
   >   "params": [
   >     "0x7efc841873ac915c1102fd58de6ab5f063e181bd",
   >     "latest"
   >   ],
   >   "internal": true
   > }
[2022/10/18 04:11:36.306] -  <   {
 <     "id": 1056,
 <     "jsonrpc": "2.0",
 <     "result": "0x0"
 <   }
[2022/10/18 04:11:36.307] - eth_getBalance
[2022/10/18 04:11:36.307] -    > {
   >   "jsonrpc": "2.0",
   >   "id": 1057,
   >   "method": "eth_getBalance",
   >   "params": [
   >     "0xb757c1ebf9c1a5237a5980974aeceddfae08d1c8",
   >     "latest"
   >   ],
   >   "internal": true
   > }
[2022/10/18 04:11:36.314] -  <   {
 <     "id": 1057,
 <     "jsonrpc": "2.0",
 <     "result": "0x56bc75e2d63100000"
 <   }
[2022/10/18 04:11:36.315] - eth_getTransactionCount
[2022/10/18 04:11:36.315] -    > {
   >   "jsonrpc": "2.0",
   >   "id": 1058,
   >   "method": "eth_getTransactionCount",
   >   "params": [
   >     "0xb757c1ebf9c1a5237a5980974aeceddfae08d1c8",
   >     "latest"
   >   ],
   >   "internal": true
   > }
[2022/10/18 04:11:36.321] -  <   {
 <     "id": 1058,
 <     "jsonrpc": "2.0",
 <     "result": "0x0"
 <   }
[2022/10/18 04:11:36.322] - eth_getBalance
[2022/10/18 04:11:36.323] -    > {
   >   "jsonrpc": "2.0",
   >   "id": 1059,
   >   "method": "eth_getBalance",
   >   "params": [
   >     "0x0399221ea8349b7a3e14335a58156925da938b3c",
   >     "latest"
   >   ],
   >   "internal": true
   > }
[2022/10/18 04:11:36.327] -  <   {
 <     "id": 1059,
 <     "jsonrpc": "2.0",
 <     "result": "0x56bc75e2d63100000"
 <   }
[2022/10/18 04:11:36.328] - eth_getTransactionCount
[2022/10/18 04:11:36.328] -    > {
   >   "jsonrpc": "2.0",
   >   "id": 1060,
   >   "method": "eth_getTransactionCount",
   >   "params": [
   >     "0x0399221ea8349b7a3e14335a58156925da938b3c",
   >     "latest"
   >   ],
   >   "internal": true
   > }
[2022/10/18 04:11:36.334] -  <   {
 <     "id": 1060,
 <     "jsonrpc": "2.0",
 <     "result": "0x0"
 <   }
[2022/10/18 04:11:36.335] - eth_getBalance
[2022/10/18 04:11:36.336] -    > {
   >   "jsonrpc": "2.0",
   >   "id": 1061,
   >   "method": "eth_getBalance",
   >   "params": [
   >     "0xaf85536580b6029a72db7842cd16a243902713c8",
   >     "latest"
   >   ],
   >   "internal": true
   > }
[2022/10/18 04:11:36.342] -  <   {
 <     "id": 1061,
 <     "jsonrpc": "2.0",
 <     "result": "0x56bc75e2d63100000"
 <   }
[2022/10/18 04:11:36.344] - eth_getTransactionCount
[2022/10/18 04:11:36.344] -    > {
   >   "jsonrpc": "2.0",
   >   "id": 1062,
   >   "method": "eth_getTransactionCount",
   >   "params": [
   >     "0xaf85536580b6029a72db7842cd16a243902713c8",
   >     "latest"
   >   ],
   >   "internal": true
   > }
[2022/10/18 04:11:36.350] -  <   {
 <     "id": 1062,
 <     "jsonrpc": "2.0",
 <     "result": "0x0"
 <   }
[2022/10/18 04:11:36.351] - eth_getBalance
[2022/10/18 04:11:36.351] -    > {
   >   "jsonrpc": "2.0",
   >   "id": 1063,
   >   "method": "eth_getBalance",
   >   "params": [
   >     "0x9432cdeaebafd3c89456d38fe9aa87cc1dd73943",
   >     "latest"
   >   ],
   >   "internal": true
   > }
[2022/10/18 04:11:36.358] -  <   {
 <     "id": 1063,
 <     "jsonrpc": "2.0",
 <     "result": "0x56bc75e2d63100000"
 <   }
[2022/10/18 04:11:36.359] - eth_getTransactionCount
[2022/10/18 04:11:36.360] -    > {
   >   "jsonrpc": "2.0",
   >   "id": 1064,
   >   "method": "eth_getTransactionCount",
   >   "params": [
   >     "0x9432cdeaebafd3c89456d38fe9aa87cc1dd73943",
   >     "latest"
   >   ],
   >   "internal": true
   > }
[2022/10/18 04:11:36.365] -  <   {
 <     "id": 1064,
 <     "jsonrpc": "2.0",
 <     "result": "0x0"
 <   }
[2022/10/18 04:11:36.366] - eth_getBalance
[2022/10/18 04:11:36.367] -    > {
   >   "jsonrpc": "2.0",
   >   "id": 1065,
   >   "method": "eth_getBalance",
   >   "params": [
   >     "0x0b8c09f14760d0c68d1b2bc3d24f025d22bba860",
   >     "latest"
   >   ],
   >   "internal": true
   > }
[2022/10/18 04:11:36.371] -  <   {
 <     "id": 1065,
 <     "jsonrpc": "2.0",
 <     "result": "0x56bc75e2d63100000"
 <   }
[2022/10/18 04:11:36.372] - eth_getTransactionCount
[2022/10/18 04:11:36.373] -    > {
   >   "jsonrpc": "2.0",
   >   "id": 1066,
   >   "method": "eth_getTransactionCount",
   >   "params": [
   >     "0x0b8c09f14760d0c68d1b2bc3d24f025d22bba860",
   >     "latest"
   >   ],
   >   "internal": true
   > }
[2022/10/18 04:11:36.378] -  <   {
 <     "id": 1066,
 <     "jsonrpc": "2.0",
 <     "result": "0x0"
 <   }
[2022/10/18 04:11:36.379] - eth_getBalance
[2022/10/18 04:11:36.379] -    > {
   >   "jsonrpc": "2.0",
   >   "id": 1067,
   >   "method": "eth_getBalance",
   >   "params": [
   >     "0x6ab68af0d5b7d57ae7ce20978bfdee11283f34fa",
   >     "latest"
   >   ],
   >   "internal": true
   > }
[2022/10/18 04:11:36.385] -  <   {
 <     "id": 1067,
 <     "jsonrpc": "2.0",
 <     "result": "0x56bc75e2d63100000"
 <   }
[2022/10/18 04:11:36.386] - eth_getTransactionCount
[2022/10/18 04:11:36.387] -    > {
   >   "jsonrpc": "2.0",
   >   "id": 1068,
   >   "method": "eth_getTransactionCount",
   >   "params": [
   >     "0x6ab68af0d5b7d57ae7ce20978bfdee11283f34fa",
   >     "latest"
   >   ],
   >   "internal": true
   > }
[2022/10/18 04:11:36.390] -  <   {
 <     "id": 1068,
 <     "jsonrpc": "2.0",
 <     "result": "0x0"
 <   }
[2022/10/18 04:13:45.963] - eth_getBalance
[2022/10/18 04:13:45.969] -    > {
   >   "jsonrpc": "2.0",
   >   "id": 1069,
   >   "method": "eth_getBalance",
   >   "params": [
   >     "0xf7c6b8cde6385e9d7ec75621ba4954c8a59a5eb6",
   >     "latest"
   >   ],
   >   "internal": true
   > }
[2022/10/18 04:13:45.979] -  <   {
 <     "id": 1069,
 <     "jsonrpc": "2.0",
 <     "result": "0x0"
 <   }
[2022/10/18 04:13:46.058] - net_version
[2022/10/18 04:13:46.067] -    > {
   >   "jsonrpc": "2.0",
   >   "id": 19,
   >   "method": "net_version",
   >   "params": []
   > }
[2022/10/18 04:13:46.071] -  <   {
 <     "id": 19,
 <     "jsonrpc": "2.0",
 <     "result": "5777"
 <   }
[2022/10/18 04:13:46.077] - eth_getCode
[2022/10/18 04:13:46.078] -    > {
   >   "jsonrpc": "2.0",
   >   "id": 20,
   >   "method": "eth_getCode",
   >   "params": [
   >     "0xf7c6b8cde6385e9d7ec75621ba4954c8a59a5eb6",
   >     "latest"
   >   ]
   > }
[2022/10/18 04:13:46.089] -  <   {
 <     "id": 20,
 <     "jsonrpc": "2.0",
 <     "result": "0x"
 <   }
[2022/10/18 04:13:46.091] - eth_getBlockByNumber
[2022/10/18 04:13:46.092] -    > {
   >   "jsonrpc": "2.0",
   >   "id": 21,
   >   "method": "eth_getBlockByNumber",
   >   "params": [
   >     "latest",
   >     false
   >   ]
   > }
[2022/10/18 04:13:46.104] -  <   {
 <     "id": 21,
 <     "jsonrpc": "2.0",
 <     "result": {
 <       "number": "0x2",
 <       "hash": "0x513df3462ec2b7c8b32ede887ad7d65917b088a36e18bc62362fda622cd54a70",
 <       "parentHash": "0xe8b1b6daf5f09b9e8e3801cf27821e41e6a02e5da9faa4198a922fc8adb0fbb4",
 <       "mixHash": "0x0000000000000000000000000000000000000000000000000000000000000000",
 <       "nonce": "0x0000000000000000",
 <       "sha3Uncles": "0x1dcc4de8dec75d7aab85b567b6ccd41ad312451b948a7413f0a142fd40d49347",
 <       "logsBloom": "0x00000000000000000000000000000000000000000000000000000000000000000000000000000000000000000000000000000000000000000000000000000000000000000000000000000000000000000000000000000000000000000000000000000000000000000000000000000000000000000000000000000000000000000000000000000000000000000000000000000000000000000000000000000000000000000000000000000000000000000000000000000000000000000000000000000000000000000000000000000000000000000000000000000000000000000000000000000000000000000000000000000000000000000000000000000000",
 <       "transactionsRoot": "0xd0ab923ca12518ef1b160354bd23afe1fcf772c2e1af70219201d84e8d6c68b2",
 <       "stateRoot": "0xc5838d353dde8805027f8683b3dfb50978ef2e9f960ff7850fee92ed5ba1be69",
 <       "receiptsRoot": "0x42c1419dc24443c4f7b82ff6bff9fd2bac801fe86ea7bc520737a23d41ea9baf",
 <       "miner": "0x0000000000000000000000000000000000000000",
 <       "difficulty": "0x0",
 <       "totalDifficulty": "0x0",
 <       "extraData": "0x",
 <       "size": "0x3e8",
 <       "gasLimit": "0x6691b7",
 <       "gasUsed": "0x1ead5",
 <       "timestamp": "0x634df9c2",
 <       "transactions": [
 <         "0x484501c2d56507933e4dfc8909da6106f9336eca98f4666e1f2b6923cdffcdc7"
 <       ],
 <       "uncles": []
 <     }
 <   }
[2022/10/18 04:13:46.108] - eth_getBalance
[2022/10/18 04:13:46.109] -    > {
   >   "jsonrpc": "2.0",
   >   "id": 22,
   >   "method": "eth_getBalance",
   >   "params": [
   >     "0xf7c6b8cde6385e9d7ec75621ba4954c8a59a5eb6",
   >     "0x2"
   >   ]
   > }
[2022/10/18 04:13:46.121] -  <   {
 <     "id": 22,
 <     "jsonrpc": "2.0",
 <     "result": "0x0"
 <   }
[2022/10/18 04:13:46.123] - eth_getTransactionCount
[2022/10/18 04:13:46.124] -    > {
   >   "jsonrpc": "2.0",
   >   "id": 23,
   >   "method": "eth_getTransactionCount",
   >   "params": [
   >     "0xf7c6b8cde6385e9d7ec75621ba4954c8a59a5eb6",
   >     "0x2"
   >   ]
   > }
[2022/10/18 04:13:46.136] -  <   {
 <     "id": 23,
 <     "jsonrpc": "2.0",
 <     "result": "0x0"
 <   }
[2022/10/18 04:13:46.140] - eth_getStorageAt
[2022/10/18 04:13:46.140] -    > {
   >   "jsonrpc": "2.0",
   >   "id": 24,
   >   "method": "eth_getStorageAt",
   >   "params": [
   >     "0xf7c6b8cde6385e9d7ec75621ba4954c8a59a5eb6",
   >     "0x0",
   >     "0x2"
   >   ]
   > }
[2022/10/18 04:13:46.152] -  <   {
 <     "id": 24,
 <     "jsonrpc": "2.0",
 <     "result": "0x0"
 <   }
[2022/10/18 04:13:46.160] - eth_getStorageAt
[2022/10/18 04:13:46.161] -    > {
   >   "jsonrpc": "2.0",
   >   "id": 25,
   >   "method": "eth_getStorageAt",
   >   "params": [
   >     "0xf7c6b8cde6385e9d7ec75621ba4954c8a59a5eb6",
   >     "0x2",
   >     "0x2"
   >   ]
   > }
[2022/10/18 04:13:46.167] -  <   {
 <     "id": 25,
 <     "jsonrpc": "2.0",
 <     "result": "0x0"
 <   }
[2022/10/18 04:15:34.750] - net_version
[2022/10/18 04:15:34.751] -    > {
   >   "jsonrpc": "2.0",
   >   "id": 26,
   >   "method": "net_version",
   >   "params": []
   > }
[2022/10/18 04:15:34.766] -  <   {
 <     "id": 26,
 <     "jsonrpc": "2.0",
 <     "result": "5777"
 <   }
[2022/10/18 04:15:34.768] - eth_getCode
[2022/10/18 04:15:34.768] -    > {
   >   "jsonrpc": "2.0",
   >   "id": 27,
   >   "method": "eth_getCode",
   >   "params": [
   >     "0xf7c6b8cde6385e9d7ec75621ba4954c8a59a5eb6",
   >     "latest"
   >   ]
   > }
[2022/10/18 04:15:34.783] -  <   {
 <     "id": 27,
 <     "jsonrpc": "2.0",
 <     "result": "0x"
 <   }
[2022/10/18 04:15:34.785] - eth_getBlockByNumber
[2022/10/18 04:15:34.785] -    > {
   >   "jsonrpc": "2.0",
   >   "id": 28,
   >   "method": "eth_getBlockByNumber",
   >   "params": [
   >     "latest",
   >     false
   >   ]
   > }
[2022/10/18 04:15:34.799] -  <   {
 <     "id": 28,
 <     "jsonrpc": "2.0",
 <     "result": {
 <       "number": "0x2",
 <       "hash": "0x513df3462ec2b7c8b32ede887ad7d65917b088a36e18bc62362fda622cd54a70",
 <       "parentHash": "0xe8b1b6daf5f09b9e8e3801cf27821e41e6a02e5da9faa4198a922fc8adb0fbb4",
 <       "mixHash": "0x0000000000000000000000000000000000000000000000000000000000000000",
 <       "nonce": "0x0000000000000000",
 <       "sha3Uncles": "0x1dcc4de8dec75d7aab85b567b6ccd41ad312451b948a7413f0a142fd40d49347",
 <       "logsBloom": "0x00000000000000000000000000000000000000000000000000000000000000000000000000000000000000000000000000000000000000000000000000000000000000000000000000000000000000000000000000000000000000000000000000000000000000000000000000000000000000000000000000000000000000000000000000000000000000000000000000000000000000000000000000000000000000000000000000000000000000000000000000000000000000000000000000000000000000000000000000000000000000000000000000000000000000000000000000000000000000000000000000000000000000000000000000000000",
 <       "transactionsRoot": "0xd0ab923ca12518ef1b160354bd23afe1fcf772c2e1af70219201d84e8d6c68b2",
 <       "stateRoot": "0xc5838d353dde8805027f8683b3dfb50978ef2e9f960ff7850fee92ed5ba1be69",
 <       "receiptsRoot": "0x42c1419dc24443c4f7b82ff6bff9fd2bac801fe86ea7bc520737a23d41ea9baf",
 <       "miner": "0x0000000000000000000000000000000000000000",
 <       "difficulty": "0x0",
 <       "totalDifficulty": "0x0",
 <       "extraData": "0x",
 <       "size": "0x3e8",
 <       "gasLimit": "0x6691b7",
 <       "gasUsed": "0x1ead5",
 <       "timestamp": "0x634df9c2",
 <       "transactions": [
 <         "0x484501c2d56507933e4dfc8909da6106f9336eca98f4666e1f2b6923cdffcdc7"
 <       ],
 <       "uncles": []
 <     }
 <   }
[2022/10/18 04:15:34.801] - eth_getBalance
[2022/10/18 04:15:34.801] -    > {
   >   "jsonrpc": "2.0",
   >   "id": 29,
   >   "method": "eth_getBalance",
   >   "params": [
   >     "0xf7c6b8cde6385e9d7ec75621ba4954c8a59a5eb6",
   >     "0x2"
   >   ]
   > }
[2022/10/18 04:15:34.817] -  <   {
 <     "id": 29,
 <     "jsonrpc": "2.0",
 <     "result": "0x0"
 <   }
[2022/10/18 04:15:34.818] - eth_getTransactionCount
[2022/10/18 04:15:34.819] -    > {
   >   "jsonrpc": "2.0",
   >   "id": 30,
   >   "method": "eth_getTransactionCount",
   >   "params": [
   >     "0xf7c6b8cde6385e9d7ec75621ba4954c8a59a5eb6",
   >     "0x2"
   >   ]
   > }
[2022/10/18 04:15:34.831] -  <   {
 <     "id": 30,
 <     "jsonrpc": "2.0",
 <     "result": "0x0"
 <   }
[2022/10/18 04:15:34.834] - eth_getStorageAt
[2022/10/18 04:15:34.835] -    > {
   >   "jsonrpc": "2.0",
   >   "id": 31,
   >   "method": "eth_getStorageAt",
   >   "params": [
   >     "0xf7c6b8cde6385e9d7ec75621ba4954c8a59a5eb6",
   >     "0x0",
   >     "0x2"
   >   ]
   > }
[2022/10/18 04:15:34.847] -  <   {
 <     "id": 31,
 <     "jsonrpc": "2.0",
 <     "result": "0x0"
 <   }
[2022/10/18 04:15:34.849] - eth_getStorageAt
[2022/10/18 04:15:34.850] -    > {
   >   "jsonrpc": "2.0",
   >   "id": 32,
   >   "method": "eth_getStorageAt",
   >   "params": [
   >     "0xf7c6b8cde6385e9d7ec75621ba4954c8a59a5eb6",
   >     "0x2",
   >     "0x2"
   >   ]
   > }
[2022/10/18 04:15:34.863] -  <   {
 <     "id": 32,
 <     "jsonrpc": "2.0",
 <     "result": "0x0"
 <   }
[2022/10/18 04:15:43.967] - eth_unsubscribe
[2022/10/18 04:15:43.968] -    > {
   >   "jsonrpc": "2.0",
   >   "id": 93,
   >   "method": "eth_unsubscribe",
   >   "params": [
   >     "0x3"
   >   ]
   > }
[2022/10/18 04:15:43.969] - eth_unsubscribe
[2022/10/18 04:15:43.969] -    > {
   >   "jsonrpc": "2.0",
   >   "id": 94,
   >   "method": "eth_unsubscribe",
   >   "params": [
   >     "0x4"
   >   ]
   > }
[2022/10/18 04:15:43.971] -  <   {
 <     "id": 93,
 <     "jsonrpc": "2.0",
 <     "result": true
 <   }
[2022/10/18 04:15:43.975] -    > {
   >   "jsonrpc": "2.0",
   >   "method": "eth_unsubscribe",
   >   "params": [
   >     "0x5"
   >   ],
   >   "id": 1666055743974
   > }
[2022/10/18 04:15:43.976] -    > {
   >   "jsonrpc": "2.0",
   >   "method": "eth_unsubscribe",
   >   "params": [
   >     "0x4"
   >   ],
   >   "id": 1666055743976
   > }
[2022/10/18 04:15:43.977] -    > {
   >   "jsonrpc": "2.0",
   >   "method": "eth_unsubscribe",
   >   "params": [
   >     "0x6"
   >   ],
   >   "id": 1666055743977
   > }
[2022/10/18 04:15:43.978] -    > {
   >   "jsonrpc": "2.0",
   >   "method": "eth_unsubscribe",
   >   "params": [
   >     "0x1"
   >   ],
   >   "id": 1666055743978
   > }
[2022/10/18 04:15:43.979] -    > {
   >   "jsonrpc": "2.0",
   >   "method": "eth_unsubscribe",
   >   "params": [
   >     "0x2"
   >   ],
   >   "id": 1666055743979
   > }
[2022/10/18 04:15:43.980] -  <   {
 <     "id": 94,
 <     "jsonrpc": "2.0",
 <     "result": true
 <   }
[2022/10/18 04:15:43.992] -  <   {
 <     "id": 1666055743974,
 <     "jsonrpc": "2.0",
 <     "result": true
 <   }
[2022/10/18 04:15:44.009] -  <   {
 <     "id": 1666055743976,
 <     "jsonrpc": "2.0",
 <     "error": {
 <       "message": "Subscription ID 0x4 not found.",
 <       "code": -32000,
 <       "data": {
 <         "stack": "Error: Subscription ID 0x4 not found.\n    at SubscriptionSubprovider.eth_unsubscribe (C:\\Program Files\\WindowsApps\\GanacheUI_2.5.4.0_x64__5dg5pnz03psnj\\app\\resources\\static\\node\\node_modules\\ganache-core\\node_modules\\web3-provider-engine\\subproviders\\subscriptions.js:78:8)\n    at SubscriptionSubprovider.handleRequest (C:\\Program Files\\WindowsApps\\GanacheUI_2.5.4.0_x64__5dg5pnz03psnj\\app\\resources\\static\\node\\node_modules\\ganache-core\\node_modules\\web3-provider-engine\\subproviders\\subscriptions.js:134:12)\n    at next (C:\\Program Files\\WindowsApps\\GanacheUI_2.5.4.0_x64__5dg5pnz03psnj\\app\\resources\\static\\node\\node_modules\\ganache-core\\node_modules\\web3-provider-engine\\index.js:136:18)\n    at DelayedBlockFilter.handleRequest (C:\\Program Files\\WindowsApps\\GanacheUI_2.5.4.0_x64__5dg5pnz03psnj\\app\\resources\\static\\node\\node_modules\\ganache-core\\lib\\subproviders\\delayedblockfilter.js:31:3)\n    at next (C:\\Program Files\\WindowsApps\\GanacheUI_2.5.4.0_x64__5dg5pnz03psnj\\app\\resources\\static\\node\\node_modules\\ganache-core\\node_modules\\web3-provider-engine\\index.js:136:18)\n    at RequestFunnel.handleRequest (C:\\Program Files\\WindowsApps\\GanacheUI_2.5.4.0_x64__5dg5pnz03psnj\\app\\resources\\static\\node\\node_modules\\ganache-core\\lib\\subproviders\\requestfunnel.js:32:12)\n    at next (C:\\Program Files\\WindowsApps\\GanacheUI_2.5.4.0_x64__5dg5pnz03psnj\\app\\resources\\static\\node\\node_modules\\ganache-core\\node_modules\\web3-provider-engine\\index.js:136:18)\n    at Web3ProviderEngine._handleAsync (C:\\Program Files\\WindowsApps\\GanacheUI_2.5.4.0_x64__5dg5pnz03psnj\\app\\resources\\static\\node\\node_modules\\ganache-core\\node_modules\\web3-provider-engine\\index.js:123:3)\n    at Timeout._onTimeout (C:\\Program Files\\WindowsApps\\GanacheUI_2.5.4.0_x64__5dg5pnz03psnj\\app\\resources\\static\\node\\node_modules\\ganache-core\\node_modules\\web3-provider-engine\\index.js:107:12)\n    at listOnTimeout (internal/timers.js:531:17)\n    at processTimers (internal/timers.js:475:7)",
 <         "name": "Error"
 <       }
 <     }
 <   }
[2022/10/18 04:15:44.023] -  <   {
 <     "id": 1666055743977,
 <     "jsonrpc": "2.0",
 <     "result": true
 <   }
[2022/10/18 04:15:44.038] -  <   {
 <     "id": 1666055743978,
 <     "jsonrpc": "2.0",
 <     "result": true
 <   }
[2022/10/18 04:15:44.054] -  <   {
 <     "id": 1666055743979,
 <     "jsonrpc": "2.0",
 <     "result": true
 <   }
