[2022/10/18 03:27:32.340] - Starting server with initial configuration: {"gasLimit":6721975,"gasPrice":20000000000,"hardfork":"muirGlacier","hostname":"127.0.0.1","port":7545,"network_id":5777,"default_balance_ether":100,"total_accounts":10,"unlocked_accounts":[],"locked":false,"vmErrorsOnRPCResponse":true,"verbose":true,"db_path":"C:\\Users\\dikby\\AppData\\Roaming\\Ganache\\workspaces\\e-vote-aku-dapp\\chaindata","logDirectory":"C:\\Users\\dikby\\GitHub\\e-vote-aku-dapp\\truffle\\log-ganache"}
[2022/10/18 03:27:32.411] - eth_subscribe
[2022/10/18 03:27:32.412] -    > {
   >   "jsonrpc": "2.0",
   >   "id": 49,
   >   "method": "eth_subscribe",
   >   "params": [
   >     "newHeads"
   >   ]
   > }
[2022/10/18 03:27:32.413] - eth_getLogs
[2022/10/18 03:27:32.414] -    > {
   >   "jsonrpc": "2.0",
   >   "id": 50,
   >   "method": "eth_getLogs",
   >   "params": [
   >     {
   >       "topics": []
   >     }
   >   ]
   > }
[2022/10/18 03:27:32.416] - eth_subscribe
[2022/10/18 03:27:32.416] -    > {
   >   "jsonrpc": "2.0",
   >   "id": 51,
   >   "method": "eth_subscribe",
   >   "params": [
   >     "logs",
   >     {
   >       "topics": []
   >     }
   >   ]
   > }
[2022/10/18 03:27:32.418] -  <   {
 <     "id": 49,
 <     "jsonrpc": "2.0",
 <     "result": "0x1"
 <   }
[2022/10/18 03:27:32.435] - eth_subscribe
[2022/10/18 03:27:32.436] -    > {
   >   "jsonrpc": "2.0",
   >   "id": 52,
   >   "method": "eth_subscribe",
   >   "params": [
   >     "newHeads"
   >   ]
   > }
[2022/10/18 03:27:32.438] - eth_getLogs
[2022/10/18 03:27:32.439] -    > {
   >   "jsonrpc": "2.0",
   >   "id": 53,
   >   "method": "eth_getLogs",
   >   "params": [
   >     {
   >       "topics": []
   >     }
   >   ]
   > }
[2022/10/18 03:27:32.440] - eth_subscribe
[2022/10/18 03:27:32.441] -    > {
   >   "jsonrpc": "2.0",
   >   "id": 54,
   >   "method": "eth_subscribe",
   >   "params": [
   >     "logs",
   >     {
   >       "topics": []
   >     }
   >   ]
   > }
[2022/10/18 03:27:32.454] -  <   {
 <     "id": 50,
 <     "jsonrpc": "2.0",
 <     "result": []
 <   }
[2022/10/18 03:27:32.455] -  <   {
 <     "id": 51,
 <     "jsonrpc": "2.0",
 <     "result": "0x2"
 <   }
[2022/10/18 03:27:32.466] -  <   {
 <     "id": 52,
 <     "jsonrpc": "2.0",
 <     "result": "0x3"
 <   }
[2022/10/18 03:27:32.470] -  <   {
 <     "id": 53,
 <     "jsonrpc": "2.0",
 <     "result": []
 <   }
[2022/10/18 03:27:32.475] -  <   {
 <     "id": 54,
 <     "jsonrpc": "2.0",
 <     "result": "0x4"
 <   }
[2022/10/18 03:27:32.477] - eth_getBlockByNumber
[2022/10/18 03:27:32.478] -    > {
   >   "jsonrpc": "2.0",
   >   "id": 561,
   >   "method": "eth_getBlockByNumber",
   >   "params": [
   >     "latest",
   >     false
   >   ],
   >   "internal": true
   > }
[2022/10/18 03:27:32.480] -  <   {
 <     "id": 561,
 <     "jsonrpc": "2.0",
 <     "result": {
 <       "number": "0x0",
 <       "hash": "0x3d873d00acf87842d9b7fde78a50c08e3fa8b063772a7f38e506f5cc95c69318",
 <       "parentHash": "0x0000000000000000000000000000000000000000000000000000000000000000",
 <       "mixHash": "0x0000000000000000000000000000000000000000000000000000000000000000",
 <       "nonce": "0x0000000000000000",
 <       "sha3Uncles": "0x1dcc4de8dec75d7aab85b567b6ccd41ad312451b948a7413f0a142fd40d49347",
 <       "logsBloom": "0x00000000000000000000000000000000000000000000000000000000000000000000000000000000000000000000000000000000000000000000000000000000000000000000000000000000000000000000000000000000000000000000000000000000000000000000000000000000000000000000000000000000000000000000000000000000000000000000000000000000000000000000000000000000000000000000000000000000000000000000000000000000000000000000000000000000000000000000000000000000000000000000000000000000000000000000000000000000000000000000000000000000000000000000000000000000",
 <       "transactionsRoot": "0x56e81f171bcc55a6ff8345e692c0f86e5b48e01b996cadc001622fb5e363b421",
 <       "stateRoot": "0xdf5af15a2dd06b4c12d20f876f7882dfb365e885931530f606c03afab8ccb071",
 <       "receiptsRoot": "0x56e81f171bcc55a6ff8345e692c0f86e5b48e01b996cadc001622fb5e363b421",
 <       "miner": "0x0000000000000000000000000000000000000000",
 <       "difficulty": "0x0",
 <       "totalDifficulty": "0x0",
 <       "extraData": "0x",
 <       "size": "0x3e8",
 <       "gasLimit": "0x6691b7",
 <       "gasUsed": "0x0",
 <       "timestamp": "0x634deb84",
 <       "transactions": [],
 <       "uncles": []
 <     }
 <   }
[2022/10/18 03:27:32.482] - eth_subscribe
[2022/10/18 03:27:32.483] -    > {
   >   "jsonrpc": "2.0",
   >   "id": 562,
   >   "method": "eth_subscribe",
   >   "params": [
   >     "newHeads"
   >   ],
   >   "internal": true
   > }
[2022/10/18 03:27:32.485] -  <   {
 <     "id": 562,
 <     "jsonrpc": "2.0",
 <     "result": "0x5"
 <   }
[2022/10/18 03:27:32.495] - eth_blockNumber
[2022/10/18 03:27:32.497] -    > {
   >   "jsonrpc": "2.0",
   >   "id": 553,
   >   "method": "eth_blockNumber",
   >   "params": [],
   >   "internal": true
   > }
[2022/10/18 03:27:32.498] - eth_accounts
[2022/10/18 03:27:32.499] -    > {
   >   "jsonrpc": "2.0",
   >   "id": 554,
   >   "method": "eth_accounts",
   >   "params": [],
   >   "internal": true
   > }
[2022/10/18 03:27:32.500] - eth_blockNumber
[2022/10/18 03:27:32.500] -    > {
   >   "jsonrpc": "2.0",
   >   "id": 558,
   >   "method": "eth_blockNumber",
   >   "params": [],
   >   "internal": true
   > }
[2022/10/18 03:27:32.501] - eth_gasPrice
[2022/10/18 03:27:32.501] -    > {
   >   "jsonrpc": "2.0",
   >   "id": 555,
   >   "method": "eth_gasPrice",
   >   "params": [],
   >   "internal": true
   > }
[2022/10/18 03:27:32.502] - eth_accounts
[2022/10/18 03:27:32.502] -    > {
   >   "jsonrpc": "2.0",
   >   "id": 559,
   >   "method": "eth_accounts",
   >   "params": [],
   >   "internal": true
   > }
[2022/10/18 03:27:32.503] -  <   {
 <     "id": 553,
 <     "jsonrpc": "2.0",
 <     "result": "0x0"
 <   }
[2022/10/18 03:27:32.504] - eth_getBlockByNumber
[2022/10/18 03:27:32.505] -    > {
   >   "jsonrpc": "2.0",
   >   "id": 556,
   >   "method": "eth_getBlockByNumber",
   >   "params": [
   >     "latest",
   >     false
   >   ],
   >   "internal": true
   > }
[2022/10/18 03:27:32.506] - eth_gasPrice
[2022/10/18 03:27:32.506] -    > {
   >   "jsonrpc": "2.0",
   >   "id": 560,
   >   "method": "eth_gasPrice",
   >   "params": [],
   >   "internal": true
   > }
[2022/10/18 03:27:32.507] -  <   {
 <     "id": 554,
 <     "jsonrpc": "2.0",
 <     "result": [
 <       "0x9086b277b07117347539a47834a347cec29579ad",
 <       "0xfbf55685dbbf4dafa4a30e9e4a43b93364cb5d82",
 <       "0x54935bed49d3afdb4862a8eca6ddbcade40a0d19",
 <       "0x7efc841873ac915c1102fd58de6ab5f063e181bd",
 <       "0xb757c1ebf9c1a5237a5980974aeceddfae08d1c8",
 <       "0x0399221ea8349b7a3e14335a58156925da938b3c",
 <       "0xaf85536580b6029a72db7842cd16a243902713c8",
 <       "0x9432cdeaebafd3c89456d38fe9aa87cc1dd73943",
 <       "0x0b8c09f14760d0c68d1b2bc3d24f025d22bba860",
 <       "0x6ab68af0d5b7d57ae7ce20978bfdee11283f34fa"
 <     ]
 <   }
[2022/10/18 03:27:32.508] - eth_subscribe
[2022/10/18 03:27:32.509] -    > {
   >   "jsonrpc": "2.0",
   >   "id": 557,
   >   "method": "eth_subscribe",
   >   "params": [
   >     "newHeads"
   >   ],
   >   "internal": true
   > }
[2022/10/18 03:27:32.512] -  <   {
 <     "id": 558,
 <     "jsonrpc": "2.0",
 <     "result": "0x0"
 <   }
[2022/10/18 03:27:32.513] - eth_accounts
[2022/10/18 03:27:32.514] -    > {
   >   "jsonrpc": "2.0",
   >   "id": 563,
   >   "method": "eth_accounts",
   >   "params": [],
   >   "internal": true
   > }
[2022/10/18 03:27:32.515] -  <   {
 <     "id": 555,
 <     "jsonrpc": "2.0",
 <     "result": "0x4a817c800"
 <   }
[2022/10/18 03:27:32.518] -  <   {
 <     "id": 559,
 <     "jsonrpc": "2.0",
 <     "result": [
 <       "0x9086b277b07117347539a47834a347cec29579ad",
 <       "0xfbf55685dbbf4dafa4a30e9e4a43b93364cb5d82",
 <       "0x54935bed49d3afdb4862a8eca6ddbcade40a0d19",
 <       "0x7efc841873ac915c1102fd58de6ab5f063e181bd",
 <       "0xb757c1ebf9c1a5237a5980974aeceddfae08d1c8",
 <       "0x0399221ea8349b7a3e14335a58156925da938b3c",
 <       "0xaf85536580b6029a72db7842cd16a243902713c8",
 <       "0x9432cdeaebafd3c89456d38fe9aa87cc1dd73943",
 <       "0x0b8c09f14760d0c68d1b2bc3d24f025d22bba860",
 <       "0x6ab68af0d5b7d57ae7ce20978bfdee11283f34fa"
 <     ]
 <   }
[2022/10/18 03:27:32.522] -  <   {
 <     "id": 556,
 <     "jsonrpc": "2.0",
 <     "result": {
 <       "number": "0x0",
 <       "hash": "0x3d873d00acf87842d9b7fde78a50c08e3fa8b063772a7f38e506f5cc95c69318",
 <       "parentHash": "0x0000000000000000000000000000000000000000000000000000000000000000",
 <       "mixHash": "0x0000000000000000000000000000000000000000000000000000000000000000",
 <       "nonce": "0x0000000000000000",
 <       "sha3Uncles": "0x1dcc4de8dec75d7aab85b567b6ccd41ad312451b948a7413f0a142fd40d49347",
 <       "logsBloom": "0x00000000000000000000000000000000000000000000000000000000000000000000000000000000000000000000000000000000000000000000000000000000000000000000000000000000000000000000000000000000000000000000000000000000000000000000000000000000000000000000000000000000000000000000000000000000000000000000000000000000000000000000000000000000000000000000000000000000000000000000000000000000000000000000000000000000000000000000000000000000000000000000000000000000000000000000000000000000000000000000000000000000000000000000000000000000",
 <       "transactionsRoot": "0x56e81f171bcc55a6ff8345e692c0f86e5b48e01b996cadc001622fb5e363b421",
 <       "stateRoot": "0xdf5af15a2dd06b4c12d20f876f7882dfb365e885931530f606c03afab8ccb071",
 <       "receiptsRoot": "0x56e81f171bcc55a6ff8345e692c0f86e5b48e01b996cadc001622fb5e363b421",
 <       "miner": "0x0000000000000000000000000000000000000000",
 <       "difficulty": "0x0",
 <       "totalDifficulty": "0x0",
 <       "extraData": "0x",
 <       "size": "0x3e8",
 <       "gasLimit": "0x6691b7",
 <       "gasUsed": "0x0",
 <       "timestamp": "0x634deb84",
 <       "transactions": [],
 <       "uncles": []
 <     }
 <   }
[2022/10/18 03:27:32.528] -  <   {
 <     "id": 560,
 <     "jsonrpc": "2.0",
 <     "result": "0x4a817c800"
 <   }
[2022/10/18 03:27:32.529] - eth_getBalance
[2022/10/18 03:27:32.530] -    > {
   >   "jsonrpc": "2.0",
   >   "id": 564,
   >   "method": "eth_getBalance",
   >   "params": [
   >     "0x9086b277b07117347539a47834a347cec29579ad",
   >     "latest"
   >   ],
   >   "internal": true
   > }
[2022/10/18 03:27:32.531] - eth_getTransactionCount
[2022/10/18 03:27:32.531] -    > {
   >   "jsonrpc": "2.0",
   >   "id": 565,
   >   "method": "eth_getTransactionCount",
   >   "params": [
   >     "0x9086b277b07117347539a47834a347cec29579ad",
   >     "latest"
   >   ],
   >   "internal": true
   > }
[2022/10/18 03:27:32.532] -  <   {
 <     "id": 557,
 <     "jsonrpc": "2.0",
 <     "result": "0x6"
 <   }
[2022/10/18 03:27:32.535] -  <   {
 <     "id": 563,
 <     "jsonrpc": "2.0",
 <     "result": [
 <       "0x9086b277b07117347539a47834a347cec29579ad",
 <       "0xfbf55685dbbf4dafa4a30e9e4a43b93364cb5d82",
 <       "0x54935bed49d3afdb4862a8eca6ddbcade40a0d19",
 <       "0x7efc841873ac915c1102fd58de6ab5f063e181bd",
 <       "0xb757c1ebf9c1a5237a5980974aeceddfae08d1c8",
 <       "0x0399221ea8349b7a3e14335a58156925da938b3c",
 <       "0xaf85536580b6029a72db7842cd16a243902713c8",
 <       "0x9432cdeaebafd3c89456d38fe9aa87cc1dd73943",
 <       "0x0b8c09f14760d0c68d1b2bc3d24f025d22bba860",
 <       "0x6ab68af0d5b7d57ae7ce20978bfdee11283f34fa"
 <     ]
 <   }
[2022/10/18 03:27:32.535] - eth_getBalance
[2022/10/18 03:27:32.536] -    > {
   >   "jsonrpc": "2.0",
   >   "id": 566,
   >   "method": "eth_getBalance",
   >   "params": [
   >     "0xfbf55685dbbf4dafa4a30e9e4a43b93364cb5d82",
   >     "latest"
   >   ],
   >   "internal": true
   > }
[2022/10/18 03:27:32.538] - eth_getTransactionCount
[2022/10/18 03:27:32.539] -    > {
   >   "jsonrpc": "2.0",
   >   "id": 567,
   >   "method": "eth_getTransactionCount",
   >   "params": [
   >     "0xfbf55685dbbf4dafa4a30e9e4a43b93364cb5d82",
   >     "latest"
   >   ],
   >   "internal": true
   > }
[2022/10/18 03:27:32.541] -  <   {
 <     "id": 564,
 <     "jsonrpc": "2.0",
 <     "result": "0x56bc75e2d63100000"
 <   }
[2022/10/18 03:27:32.549] -  <   {
 <     "id": 565,
 <     "jsonrpc": "2.0",
 <     "result": "0x0"
 <   }
[2022/10/18 03:27:32.550] - eth_getBalance
[2022/10/18 03:27:32.551] -    > {
   >   "jsonrpc": "2.0",
   >   "id": 568,
   >   "method": "eth_getBalance",
   >   "params": [
   >     "0x54935bed49d3afdb4862a8eca6ddbcade40a0d19",
   >     "latest"
   >   ],
   >   "internal": true
   > }
[2022/10/18 03:27:32.551] - eth_getTransactionCount
[2022/10/18 03:27:32.552] -    > {
   >   "jsonrpc": "2.0",
   >   "id": 569,
   >   "method": "eth_getTransactionCount",
   >   "params": [
   >     "0x54935bed49d3afdb4862a8eca6ddbcade40a0d19",
   >     "latest"
   >   ],
   >   "internal": true
   > }
[2022/10/18 03:27:32.554] - eth_getBalance
[2022/10/18 03:27:32.554] -    > {
   >   "jsonrpc": "2.0",
   >   "id": 570,
   >   "method": "eth_getBalance",
   >   "params": [
   >     "0x7efc841873ac915c1102fd58de6ab5f063e181bd",
   >     "latest"
   >   ],
   >   "internal": true
   > }
[2022/10/18 03:27:32.555] - eth_getTransactionCount
[2022/10/18 03:27:32.555] -    > {
   >   "jsonrpc": "2.0",
   >   "id": 571,
   >   "method": "eth_getTransactionCount",
   >   "params": [
   >     "0x7efc841873ac915c1102fd58de6ab5f063e181bd",
   >     "latest"
   >   ],
   >   "internal": true
   > }
[2022/10/18 03:27:32.556] - eth_getBalance
[2022/10/18 03:27:32.556] -    > {
   >   "jsonrpc": "2.0",
   >   "id": 572,
   >   "method": "eth_getBalance",
   >   "params": [
   >     "0xb757c1ebf9c1a5237a5980974aeceddfae08d1c8",
   >     "latest"
   >   ],
   >   "internal": true
   > }
[2022/10/18 03:27:32.559] - eth_getTransactionCount
[2022/10/18 03:27:32.560] -    > {
   >   "jsonrpc": "2.0",
   >   "id": 573,
   >   "method": "eth_getTransactionCount",
   >   "params": [
   >     "0xb757c1ebf9c1a5237a5980974aeceddfae08d1c8",
   >     "latest"
   >   ],
   >   "internal": true
   > }
[2022/10/18 03:27:32.561] - eth_getBalance
[2022/10/18 03:27:32.562] -    > {
   >   "jsonrpc": "2.0",
   >   "id": 574,
   >   "method": "eth_getBalance",
   >   "params": [
   >     "0x0399221ea8349b7a3e14335a58156925da938b3c",
   >     "latest"
   >   ],
   >   "internal": true
   > }
[2022/10/18 03:27:32.563] -  <   {
 <     "id": 566,
 <     "jsonrpc": "2.0",
 <     "result": "0x56bc75e2d63100000"
 <   }
[2022/10/18 03:27:32.564] - eth_getTransactionCount
[2022/10/18 03:27:32.565] -    > {
   >   "jsonrpc": "2.0",
   >   "id": 575,
   >   "method": "eth_getTransactionCount",
   >   "params": [
   >     "0x0399221ea8349b7a3e14335a58156925da938b3c",
   >     "latest"
   >   ],
   >   "internal": true
   > }
[2022/10/18 03:27:32.568] -  <   {
 <     "id": 567,
 <     "jsonrpc": "2.0",
 <     "result": "0x0"
 <   }
[2022/10/18 03:27:32.569] - eth_getBalance
[2022/10/18 03:27:32.570] -    > {
   >   "jsonrpc": "2.0",
   >   "id": 576,
   >   "method": "eth_getBalance",
   >   "params": [
   >     "0xaf85536580b6029a72db7842cd16a243902713c8",
   >     "latest"
   >   ],
   >   "internal": true
   > }
[2022/10/18 03:27:32.571] - eth_getTransactionCount
[2022/10/18 03:27:32.571] -    > {
   >   "jsonrpc": "2.0",
   >   "id": 577,
   >   "method": "eth_getTransactionCount",
   >   "params": [
   >     "0xaf85536580b6029a72db7842cd16a243902713c8",
   >     "latest"
   >   ],
   >   "internal": true
   > }
[2022/10/18 03:27:32.573] - eth_getBalance
[2022/10/18 03:27:32.574] -    > {
   >   "jsonrpc": "2.0",
   >   "id": 578,
   >   "method": "eth_getBalance",
   >   "params": [
   >     "0x9432cdeaebafd3c89456d38fe9aa87cc1dd73943",
   >     "latest"
   >   ],
   >   "internal": true
   > }
[2022/10/18 03:27:32.575] -  <   {
 <     "id": 568,
 <     "jsonrpc": "2.0",
 <     "result": "0x56bc75e2d63100000"
 <   }
[2022/10/18 03:27:32.576] - eth_getTransactionCount
[2022/10/18 03:27:32.576] -    > {
   >   "jsonrpc": "2.0",
   >   "id": 579,
   >   "method": "eth_getTransactionCount",
   >   "params": [
   >     "0x9432cdeaebafd3c89456d38fe9aa87cc1dd73943",
   >     "latest"
   >   ],
   >   "internal": true
   > }
[2022/10/18 03:27:32.578] -  <   {
 <     "id": 569,
 <     "jsonrpc": "2.0",
 <     "result": "0x0"
 <   }
[2022/10/18 03:27:32.580] - eth_getBalance
[2022/10/18 03:27:32.581] -    > {
   >   "jsonrpc": "2.0",
   >   "id": 580,
   >   "method": "eth_getBalance",
   >   "params": [
   >     "0x0b8c09f14760d0c68d1b2bc3d24f025d22bba860",
   >     "latest"
   >   ],
   >   "internal": true
   > }
[2022/10/18 03:27:32.582] - eth_getTransactionCount
[2022/10/18 03:27:32.582] -    > {
   >   "jsonrpc": "2.0",
   >   "id": 581,
   >   "method": "eth_getTransactionCount",
   >   "params": [
   >     "0x0b8c09f14760d0c68d1b2bc3d24f025d22bba860",
   >     "latest"
   >   ],
   >   "internal": true
   > }
[2022/10/18 03:27:32.583] -  <   {
 <     "id": 570,
 <     "jsonrpc": "2.0",
 <     "result": "0x56bc75e2d63100000"
 <   }
[2022/10/18 03:27:32.584] - eth_getBalance
[2022/10/18 03:27:32.584] -    > {
   >   "jsonrpc": "2.0",
   >   "id": 582,
   >   "method": "eth_getBalance",
   >   "params": [
   >     "0x6ab68af0d5b7d57ae7ce20978bfdee11283f34fa",
   >     "latest"
   >   ],
   >   "internal": true
   > }
[2022/10/18 03:27:32.586] -  <   {
 <     "id": 571,
 <     "jsonrpc": "2.0",
 <     "result": "0x0"
 <   }
[2022/10/18 03:27:32.587] - eth_getTransactionCount
[2022/10/18 03:27:32.587] -    > {
   >   "jsonrpc": "2.0",
   >   "id": 583,
   >   "method": "eth_getTransactionCount",
   >   "params": [
   >     "0x6ab68af0d5b7d57ae7ce20978bfdee11283f34fa",
   >     "latest"
   >   ],
   >   "internal": true
   > }
[2022/10/18 03:27:32.589] -  <   {
 <     "id": 572,
 <     "jsonrpc": "2.0",
 <     "result": "0x56bc75e2d63100000"
 <   }
[2022/10/18 03:27:32.593] -  <   {
 <     "id": 573,
 <     "jsonrpc": "2.0",
 <     "result": "0x0"
 <   }
[2022/10/18 03:27:32.608] -  <   {
 <     "id": 574,
 <     "jsonrpc": "2.0",
 <     "result": "0x56bc75e2d63100000"
 <   }
[2022/10/18 03:27:32.612] -  <   {
 <     "id": 575,
 <     "jsonrpc": "2.0",
 <     "result": "0x0"
 <   }
[2022/10/18 03:27:32.622] - eth_getBalance
[2022/10/18 03:27:32.623] -    > {
   >   "jsonrpc": "2.0",
   >   "id": 585,
   >   "method": "eth_getBalance",
   >   "params": [
   >     "0x9086b277b07117347539a47834a347cec29579ad",
   >     "latest"
   >   ],
   >   "internal": true
   > }
[2022/10/18 03:27:32.625] - eth_getTransactionCount
[2022/10/18 03:27:32.625] -    > {
   >   "jsonrpc": "2.0",
   >   "id": 586,
   >   "method": "eth_getTransactionCount",
   >   "params": [
   >     "0x9086b277b07117347539a47834a347cec29579ad",
   >     "latest"
   >   ],
   >   "internal": true
   > }
[2022/10/18 03:27:32.627] - eth_getBalance
[2022/10/18 03:27:32.628] -    > {
   >   "jsonrpc": "2.0",
   >   "id": 587,
   >   "method": "eth_getBalance",
   >   "params": [
   >     "0xfbf55685dbbf4dafa4a30e9e4a43b93364cb5d82",
   >     "latest"
   >   ],
   >   "internal": true
   > }
[2022/10/18 03:27:32.629] - eth_getTransactionCount
[2022/10/18 03:27:32.630] -    > {
   >   "jsonrpc": "2.0",
   >   "id": 588,
   >   "method": "eth_getTransactionCount",
   >   "params": [
   >     "0xfbf55685dbbf4dafa4a30e9e4a43b93364cb5d82",
   >     "latest"
   >   ],
   >   "internal": true
   > }
[2022/10/18 03:27:32.631] - eth_getBalance
[2022/10/18 03:27:32.632] -    > {
   >   "jsonrpc": "2.0",
   >   "id": 589,
   >   "method": "eth_getBalance",
   >   "params": [
   >     "0x54935bed49d3afdb4862a8eca6ddbcade40a0d19",
   >     "latest"
   >   ],
   >   "internal": true
   > }
[2022/10/18 03:27:32.633] - eth_getTransactionCount
[2022/10/18 03:27:32.634] -    > {
   >   "jsonrpc": "2.0",
   >   "id": 590,
   >   "method": "eth_getTransactionCount",
   >   "params": [
   >     "0x54935bed49d3afdb4862a8eca6ddbcade40a0d19",
   >     "latest"
   >   ],
   >   "internal": true
   > }
[2022/10/18 03:27:32.635] - eth_getBalance
[2022/10/18 03:27:32.636] -    > {
   >   "jsonrpc": "2.0",
   >   "id": 591,
   >   "method": "eth_getBalance",
   >   "params": [
   >     "0x7efc841873ac915c1102fd58de6ab5f063e181bd",
   >     "latest"
   >   ],
   >   "internal": true
   > }
[2022/10/18 03:27:32.637] - eth_getTransactionCount
[2022/10/18 03:27:32.638] -    > {
   >   "jsonrpc": "2.0",
   >   "id": 592,
   >   "method": "eth_getTransactionCount",
   >   "params": [
   >     "0x7efc841873ac915c1102fd58de6ab5f063e181bd",
   >     "latest"
   >   ],
   >   "internal": true
   > }
[2022/10/18 03:27:32.640] -  <   {
 <     "id": 576,
 <     "jsonrpc": "2.0",
 <     "result": "0x56bc75e2d63100000"
 <   }
[2022/10/18 03:27:32.641] - eth_getBalance
[2022/10/18 03:27:32.642] -    > {
   >   "jsonrpc": "2.0",
   >   "id": 593,
   >   "method": "eth_getBalance",
   >   "params": [
   >     "0xb757c1ebf9c1a5237a5980974aeceddfae08d1c8",
   >     "latest"
   >   ],
   >   "internal": true
   > }
[2022/10/18 03:27:32.643] -  <   {
 <     "id": 577,
 <     "jsonrpc": "2.0",
 <     "result": "0x0"
 <   }
[2022/10/18 03:27:32.644] - eth_getTransactionCount
[2022/10/18 03:27:32.645] -    > {
   >   "jsonrpc": "2.0",
   >   "id": 594,
   >   "method": "eth_getTransactionCount",
   >   "params": [
   >     "0xb757c1ebf9c1a5237a5980974aeceddfae08d1c8",
   >     "latest"
   >   ],
   >   "internal": true
   > }
[2022/10/18 03:27:32.646] - eth_getBalance
[2022/10/18 03:27:32.647] -    > {
   >   "jsonrpc": "2.0",
   >   "id": 595,
   >   "method": "eth_getBalance",
   >   "params": [
   >     "0x0399221ea8349b7a3e14335a58156925da938b3c",
   >     "latest"
   >   ],
   >   "internal": true
   > }
[2022/10/18 03:27:32.648] -  <   {
 <     "id": 578,
 <     "jsonrpc": "2.0",
 <     "result": "0x56bc75e2d63100000"
 <   }
[2022/10/18 03:27:32.648] - eth_getTransactionCount
[2022/10/18 03:27:32.649] -    > {
   >   "jsonrpc": "2.0",
   >   "id": 596,
   >   "method": "eth_getTransactionCount",
   >   "params": [
   >     "0x0399221ea8349b7a3e14335a58156925da938b3c",
   >     "latest"
   >   ],
   >   "internal": true
   > }
[2022/10/18 03:27:32.650] -  <   {
 <     "id": 579,
 <     "jsonrpc": "2.0",
 <     "result": "0x0"
 <   }
[2022/10/18 03:27:32.652] - eth_getBalance
[2022/10/18 03:27:32.652] -    > {
   >   "jsonrpc": "2.0",
   >   "id": 597,
   >   "method": "eth_getBalance",
   >   "params": [
   >     "0xaf85536580b6029a72db7842cd16a243902713c8",
   >     "latest"
   >   ],
   >   "internal": true
   > }
[2022/10/18 03:27:32.654] - eth_getTransactionCount
[2022/10/18 03:27:32.655] -    > {
   >   "jsonrpc": "2.0",
   >   "id": 598,
   >   "method": "eth_getTransactionCount",
   >   "params": [
   >     "0xaf85536580b6029a72db7842cd16a243902713c8",
   >     "latest"
   >   ],
   >   "internal": true
   > }
[2022/10/18 03:27:32.656] -  <   {
 <     "id": 580,
 <     "jsonrpc": "2.0",
 <     "result": "0x56bc75e2d63100000"
 <   }
[2022/10/18 03:27:32.657] - eth_getBalance
[2022/10/18 03:27:32.658] -    > {
   >   "jsonrpc": "2.0",
   >   "id": 599,
   >   "method": "eth_getBalance",
   >   "params": [
   >     "0x9432cdeaebafd3c89456d38fe9aa87cc1dd73943",
   >     "latest"
   >   ],
   >   "internal": true
   > }
[2022/10/18 03:27:32.660] -  <   {
 <     "id": 581,
 <     "jsonrpc": "2.0",
 <     "result": "0x0"
 <   }
[2022/10/18 03:27:32.661] - eth_getTransactionCount
[2022/10/18 03:27:32.662] -    > {
   >   "jsonrpc": "2.0",
   >   "id": 600,
   >   "method": "eth_getTransactionCount",
   >   "params": [
   >     "0x9432cdeaebafd3c89456d38fe9aa87cc1dd73943",
   >     "latest"
   >   ],
   >   "internal": true
   > }
[2022/10/18 03:27:32.664] -  <   {
 <     "id": 582,
 <     "jsonrpc": "2.0",
 <     "result": "0x56bc75e2d63100000"
 <   }
[2022/10/18 03:27:32.665] - eth_getBalance
[2022/10/18 03:27:32.666] -    > {
   >   "jsonrpc": "2.0",
   >   "id": 601,
   >   "method": "eth_getBalance",
   >   "params": [
   >     "0x0b8c09f14760d0c68d1b2bc3d24f025d22bba860",
   >     "latest"
   >   ],
   >   "internal": true
   > }
[2022/10/18 03:27:32.667] -  <   {
 <     "id": 583,
 <     "jsonrpc": "2.0",
 <     "result": "0x0"
 <   }
[2022/10/18 03:27:32.668] - eth_getTransactionCount
[2022/10/18 03:27:32.668] -    > {
   >   "jsonrpc": "2.0",
   >   "id": 602,
   >   "method": "eth_getTransactionCount",
   >   "params": [
   >     "0x0b8c09f14760d0c68d1b2bc3d24f025d22bba860",
   >     "latest"
   >   ],
   >   "internal": true
   > }
[2022/10/18 03:27:32.671] -  <   {
 <     "id": 585,
 <     "jsonrpc": "2.0",
 <     "result": "0x56bc75e2d63100000"
 <   }
[2022/10/18 03:27:32.674] -  <   {
 <     "id": 586,
 <     "jsonrpc": "2.0",
 <     "result": "0x0"
 <   }
[2022/10/18 03:27:32.674] - eth_getBalance
[2022/10/18 03:27:32.675] -    > {
   >   "jsonrpc": "2.0",
   >   "id": 603,
   >   "method": "eth_getBalance",
   >   "params": [
   >     "0x6ab68af0d5b7d57ae7ce20978bfdee11283f34fa",
   >     "latest"
   >   ],
   >   "internal": true
   > }
[2022/10/18 03:27:32.676] - eth_getTransactionCount
[2022/10/18 03:27:32.676] -    > {
   >   "jsonrpc": "2.0",
   >   "id": 604,
   >   "method": "eth_getTransactionCount",
   >   "params": [
   >     "0x6ab68af0d5b7d57ae7ce20978bfdee11283f34fa",
   >     "latest"
   >   ],
   >   "internal": true
   > }
[2022/10/18 03:27:32.678] -  <   {
 <     "id": 587,
 <     "jsonrpc": "2.0",
 <     "result": "0x56bc75e2d63100000"
 <   }
[2022/10/18 03:27:32.679] - eth_getBalance
[2022/10/18 03:27:32.680] -    > {
   >   "jsonrpc": "2.0",
   >   "id": 605,
   >   "method": "eth_getBalance",
   >   "params": [
   >     "0x9086b277b07117347539a47834a347cec29579ad",
   >     "latest"
   >   ],
   >   "internal": true
   > }
[2022/10/18 03:27:32.683] - eth_getTransactionCount
[2022/10/18 03:27:32.684] -    > {
   >   "jsonrpc": "2.0",
   >   "id": 606,
   >   "method": "eth_getTransactionCount",
   >   "params": [
   >     "0x9086b277b07117347539a47834a347cec29579ad",
   >     "latest"
   >   ],
   >   "internal": true
   > }
[2022/10/18 03:27:32.685] - eth_getBalance
[2022/10/18 03:27:32.685] -    > {
   >   "jsonrpc": "2.0",
   >   "id": 607,
   >   "method": "eth_getBalance",
   >   "params": [
   >     "0xfbf55685dbbf4dafa4a30e9e4a43b93364cb5d82",
   >     "latest"
   >   ],
   >   "internal": true
   > }
[2022/10/18 03:27:32.687] -  <   {
 <     "id": 588,
 <     "jsonrpc": "2.0",
 <     "result": "0x0"
 <   }
[2022/10/18 03:27:32.687] - eth_getTransactionCount
[2022/10/18 03:27:32.688] -    > {
   >   "jsonrpc": "2.0",
   >   "id": 608,
   >   "method": "eth_getTransactionCount",
   >   "params": [
   >     "0xfbf55685dbbf4dafa4a30e9e4a43b93364cb5d82",
   >     "latest"
   >   ],
   >   "internal": true
   > }
[2022/10/18 03:27:32.689] - eth_getBalance
[2022/10/18 03:27:32.689] -    > {
   >   "jsonrpc": "2.0",
   >   "id": 609,
   >   "method": "eth_getBalance",
   >   "params": [
   >     "0x54935bed49d3afdb4862a8eca6ddbcade40a0d19",
   >     "latest"
   >   ],
   >   "internal": true
   > }
[2022/10/18 03:27:32.690] - eth_getTransactionCount
[2022/10/18 03:27:32.691] -    > {
   >   "jsonrpc": "2.0",
   >   "id": 610,
   >   "method": "eth_getTransactionCount",
   >   "params": [
   >     "0x54935bed49d3afdb4862a8eca6ddbcade40a0d19",
   >     "latest"
   >   ],
   >   "internal": true
   > }
[2022/10/18 03:27:32.692] -  <   {
 <     "id": 589,
 <     "jsonrpc": "2.0",
 <     "result": "0x56bc75e2d63100000"
 <   }
[2022/10/18 03:27:32.693] - eth_getBalance
[2022/10/18 03:27:32.693] -    > {
   >   "jsonrpc": "2.0",
   >   "id": 611,
   >   "method": "eth_getBalance",
   >   "params": [
   >     "0x7efc841873ac915c1102fd58de6ab5f063e181bd",
   >     "latest"
   >   ],
   >   "internal": true
   > }
[2022/10/18 03:27:32.694] - eth_getTransactionCount
[2022/10/18 03:27:32.695] -    > {
   >   "jsonrpc": "2.0",
   >   "id": 612,
   >   "method": "eth_getTransactionCount",
   >   "params": [
   >     "0x7efc841873ac915c1102fd58de6ab5f063e181bd",
   >     "latest"
   >   ],
   >   "internal": true
   > }
[2022/10/18 03:27:32.696] -  <   {
 <     "id": 590,
 <     "jsonrpc": "2.0",
 <     "result": "0x0"
 <   }
[2022/10/18 03:27:32.697] - eth_getBalance
[2022/10/18 03:27:32.697] -    > {
   >   "jsonrpc": "2.0",
   >   "id": 613,
   >   "method": "eth_getBalance",
   >   "params": [
   >     "0xb757c1ebf9c1a5237a5980974aeceddfae08d1c8",
   >     "latest"
   >   ],
   >   "internal": true
   > }
[2022/10/18 03:27:32.698] - eth_getTransactionCount
[2022/10/18 03:27:32.699] -    > {
   >   "jsonrpc": "2.0",
   >   "id": 614,
   >   "method": "eth_getTransactionCount",
   >   "params": [
   >     "0xb757c1ebf9c1a5237a5980974aeceddfae08d1c8",
   >     "latest"
   >   ],
   >   "internal": true
   > }
[2022/10/18 03:27:32.700] -  <   {
 <     "id": 591,
 <     "jsonrpc": "2.0",
 <     "result": "0x56bc75e2d63100000"
 <   }
[2022/10/18 03:27:32.702] - eth_getBalance
[2022/10/18 03:27:32.702] -    > {
   >   "jsonrpc": "2.0",
   >   "id": 615,
   >   "method": "eth_getBalance",
   >   "params": [
   >     "0x0399221ea8349b7a3e14335a58156925da938b3c",
   >     "latest"
   >   ],
   >   "internal": true
   > }
[2022/10/18 03:27:32.703] -  <   {
 <     "id": 592,
 <     "jsonrpc": "2.0",
 <     "result": "0x0"
 <   }
[2022/10/18 03:27:32.704] - eth_getTransactionCount
[2022/10/18 03:27:32.705] -    > {
   >   "jsonrpc": "2.0",
   >   "id": 616,
   >   "method": "eth_getTransactionCount",
   >   "params": [
   >     "0x0399221ea8349b7a3e14335a58156925da938b3c",
   >     "latest"
   >   ],
   >   "internal": true
   > }
[2022/10/18 03:27:32.705] - eth_getBalance
[2022/10/18 03:27:32.706] -    > {
   >   "jsonrpc": "2.0",
   >   "id": 617,
   >   "method": "eth_getBalance",
   >   "params": [
   >     "0xaf85536580b6029a72db7842cd16a243902713c8",
   >     "latest"
   >   ],
   >   "internal": true
   > }
[2022/10/18 03:27:32.708] -  <   {
 <     "id": 593,
 <     "jsonrpc": "2.0",
 <     "result": "0x56bc75e2d63100000"
 <   }
[2022/10/18 03:27:32.709] - eth_getTransactionCount
[2022/10/18 03:27:32.710] -    > {
   >   "jsonrpc": "2.0",
   >   "id": 618,
   >   "method": "eth_getTransactionCount",
   >   "params": [
   >     "0xaf85536580b6029a72db7842cd16a243902713c8",
   >     "latest"
   >   ],
   >   "internal": true
   > }
[2022/10/18 03:27:32.711] - eth_getBalance
[2022/10/18 03:27:32.711] -    > {
   >   "jsonrpc": "2.0",
   >   "id": 619,
   >   "method": "eth_getBalance",
   >   "params": [
   >     "0x9432cdeaebafd3c89456d38fe9aa87cc1dd73943",
   >     "latest"
   >   ],
   >   "internal": true
   > }
[2022/10/18 03:27:32.712] -  <   {
 <     "id": 594,
 <     "jsonrpc": "2.0",
 <     "result": "0x0"
 <   }
[2022/10/18 03:27:32.713] - eth_getTransactionCount
[2022/10/18 03:27:32.714] -    > {
   >   "jsonrpc": "2.0",
   >   "id": 620,
   >   "method": "eth_getTransactionCount",
   >   "params": [
   >     "0x9432cdeaebafd3c89456d38fe9aa87cc1dd73943",
   >     "latest"
   >   ],
   >   "internal": true
   > }
[2022/10/18 03:27:32.714] - eth_getBalance
[2022/10/18 03:27:32.715] -    > {
   >   "jsonrpc": "2.0",
   >   "id": 621,
   >   "method": "eth_getBalance",
   >   "params": [
   >     "0x0b8c09f14760d0c68d1b2bc3d24f025d22bba860",
   >     "latest"
   >   ],
   >   "internal": true
   > }
[2022/10/18 03:27:32.717] -  <   {
 <     "id": 595,
 <     "jsonrpc": "2.0",
 <     "result": "0x56bc75e2d63100000"
 <   }
[2022/10/18 03:27:32.718] - eth_getTransactionCount
[2022/10/18 03:27:32.719] -    > {
   >   "jsonrpc": "2.0",
   >   "id": 622,
   >   "method": "eth_getTransactionCount",
   >   "params": [
   >     "0x0b8c09f14760d0c68d1b2bc3d24f025d22bba860",
   >     "latest"
   >   ],
   >   "internal": true
   > }
[2022/10/18 03:27:32.720] - eth_getBalance
[2022/10/18 03:27:32.720] -    > {
   >   "jsonrpc": "2.0",
   >   "id": 623,
   >   "method": "eth_getBalance",
   >   "params": [
   >     "0x6ab68af0d5b7d57ae7ce20978bfdee11283f34fa",
   >     "latest"
   >   ],
   >   "internal": true
   > }
[2022/10/18 03:27:32.722] -  <   {
 <     "id": 596,
 <     "jsonrpc": "2.0",
 <     "result": "0x0"
 <   }
[2022/10/18 03:27:32.723] - eth_getTransactionCount
[2022/10/18 03:27:32.724] -    > {
   >   "jsonrpc": "2.0",
   >   "id": 624,
   >   "method": "eth_getTransactionCount",
   >   "params": [
   >     "0x6ab68af0d5b7d57ae7ce20978bfdee11283f34fa",
   >     "latest"
   >   ],
   >   "internal": true
   > }
[2022/10/18 03:27:32.725] -  <   {
 <     "id": 597,
 <     "jsonrpc": "2.0",
 <     "result": "0x56bc75e2d63100000"
 <   }
[2022/10/18 03:27:32.731] -  <   {
 <     "id": 598,
 <     "jsonrpc": "2.0",
 <     "result": "0x0"
 <   }
[2022/10/18 03:27:32.744] -  <   {
 <     "id": 599,
 <     "jsonrpc": "2.0",
 <     "result": "0x56bc75e2d63100000"
 <   }
[2022/10/18 03:27:32.745] - eth_getBalance
[2022/10/18 03:27:32.746] -    > {
   >   "jsonrpc": "2.0",
   >   "id": 627,
   >   "method": "eth_getBalance",
   >   "params": [
   >     "0xfbf55685dbbf4dafa4a30e9e4a43b93364cb5d82",
   >     "latest"
   >   ],
   >   "internal": true
   > }
[2022/10/18 03:27:32.746] - eth_getTransactionCount
[2022/10/18 03:27:32.747] -    > {
   >   "jsonrpc": "2.0",
   >   "id": 628,
   >   "method": "eth_getTransactionCount",
   >   "params": [
   >     "0xfbf55685dbbf4dafa4a30e9e4a43b93364cb5d82",
   >     "latest"
   >   ],
   >   "internal": true
   > }
[2022/10/18 03:27:32.748] -  <   {
 <     "id": 600,
 <     "jsonrpc": "2.0",
 <     "result": "0x0"
 <   }
[2022/10/18 03:27:32.749] - eth_getBalance
[2022/10/18 03:27:32.749] -    > {
   >   "jsonrpc": "2.0",
   >   "id": 629,
   >   "method": "eth_getBalance",
   >   "params": [
   >     "0x54935bed49d3afdb4862a8eca6ddbcade40a0d19",
   >     "latest"
   >   ],
   >   "internal": true
   > }
[2022/10/18 03:27:32.751] -  <   {
 <     "id": 601,
 <     "jsonrpc": "2.0",
 <     "result": "0x56bc75e2d63100000"
 <   }
[2022/10/18 03:27:32.752] - eth_getTransactionCount
[2022/10/18 03:27:32.753] -    > {
   >   "jsonrpc": "2.0",
   >   "id": 630,
   >   "method": "eth_getTransactionCount",
   >   "params": [
   >     "0x54935bed49d3afdb4862a8eca6ddbcade40a0d19",
   >     "latest"
   >   ],
   >   "internal": true
   > }
[2022/10/18 03:27:32.753] - eth_getBalance
[2022/10/18 03:27:32.754] -    > {
   >   "jsonrpc": "2.0",
   >   "id": 631,
   >   "method": "eth_getBalance",
   >   "params": [
   >     "0x7efc841873ac915c1102fd58de6ab5f063e181bd",
   >     "latest"
   >   ],
   >   "internal": true
   > }
[2022/10/18 03:27:32.755] -  <   {
 <     "id": 602,
 <     "jsonrpc": "2.0",
 <     "result": "0x0"
 <   }
[2022/10/18 03:27:32.756] - eth_getTransactionCount
[2022/10/18 03:27:32.756] -    > {
   >   "jsonrpc": "2.0",
   >   "id": 632,
   >   "method": "eth_getTransactionCount",
   >   "params": [
   >     "0x7efc841873ac915c1102fd58de6ab5f063e181bd",
   >     "latest"
   >   ],
   >   "internal": true
   > }
[2022/10/18 03:27:32.758] -  <   {
 <     "id": 603,
 <     "jsonrpc": "2.0",
 <     "result": "0x56bc75e2d63100000"
 <   }
[2022/10/18 03:27:32.759] - eth_getBalance
[2022/10/18 03:27:32.759] -    > {
   >   "jsonrpc": "2.0",
   >   "id": 633,
   >   "method": "eth_getBalance",
   >   "params": [
   >     "0xb757c1ebf9c1a5237a5980974aeceddfae08d1c8",
   >     "latest"
   >   ],
   >   "internal": true
   > }
[2022/10/18 03:27:32.761] - eth_getTransactionCount
[2022/10/18 03:27:32.761] -    > {
   >   "jsonrpc": "2.0",
   >   "id": 634,
   >   "method": "eth_getTransactionCount",
   >   "params": [
   >     "0xb757c1ebf9c1a5237a5980974aeceddfae08d1c8",
   >     "latest"
   >   ],
   >   "internal": true
   > }
[2022/10/18 03:27:32.763] -  <   {
 <     "id": 604,
 <     "jsonrpc": "2.0",
 <     "result": "0x0"
 <   }
[2022/10/18 03:27:32.764] - eth_getBalance
[2022/10/18 03:27:32.764] -    > {
   >   "jsonrpc": "2.0",
   >   "id": 635,
   >   "method": "eth_getBalance",
   >   "params": [
   >     "0x0399221ea8349b7a3e14335a58156925da938b3c",
   >     "latest"
   >   ],
   >   "internal": true
   > }
[2022/10/18 03:27:32.765] - eth_getTransactionCount
[2022/10/18 03:27:32.766] -    > {
   >   "jsonrpc": "2.0",
   >   "id": 636,
   >   "method": "eth_getTransactionCount",
   >   "params": [
   >     "0x0399221ea8349b7a3e14335a58156925da938b3c",
   >     "latest"
   >   ],
   >   "internal": true
   > }
[2022/10/18 03:27:32.768] -  <   {
 <     "id": 605,
 <     "jsonrpc": "2.0",
 <     "result": "0x56bc75e2d63100000"
 <   }
[2022/10/18 03:27:32.769] - eth_getBalance
[2022/10/18 03:27:32.769] -    > {
   >   "jsonrpc": "2.0",
   >   "id": 637,
   >   "method": "eth_getBalance",
   >   "params": [
   >     "0xaf85536580b6029a72db7842cd16a243902713c8",
   >     "latest"
   >   ],
   >   "internal": true
   > }
[2022/10/18 03:27:32.771] -  <   {
 <     "id": 606,
 <     "jsonrpc": "2.0",
 <     "result": "0x0"
 <   }
[2022/10/18 03:27:32.772] - eth_getTransactionCount
[2022/10/18 03:27:32.772] -    > {
   >   "jsonrpc": "2.0",
   >   "id": 638,
   >   "method": "eth_getTransactionCount",
   >   "params": [
   >     "0xaf85536580b6029a72db7842cd16a243902713c8",
   >     "latest"
   >   ],
   >   "internal": true
   > }
[2022/10/18 03:27:32.773] - eth_getBalance
[2022/10/18 03:27:32.774] -    > {
   >   "jsonrpc": "2.0",
   >   "id": 639,
   >   "method": "eth_getBalance",
   >   "params": [
   >     "0x9432cdeaebafd3c89456d38fe9aa87cc1dd73943",
   >     "latest"
   >   ],
   >   "internal": true
   > }
[2022/10/18 03:27:32.775] -  <   {
 <     "id": 607,
 <     "jsonrpc": "2.0",
 <     "result": "0x56bc75e2d63100000"
 <   }
[2022/10/18 03:27:32.776] - eth_getTransactionCount
[2022/10/18 03:27:32.777] -    > {
   >   "jsonrpc": "2.0",
   >   "id": 640,
   >   "method": "eth_getTransactionCount",
   >   "params": [
   >     "0x9432cdeaebafd3c89456d38fe9aa87cc1dd73943",
   >     "latest"
   >   ],
   >   "internal": true
   > }
[2022/10/18 03:27:32.778] -  <   {
 <     "id": 608,
 <     "jsonrpc": "2.0",
 <     "result": "0x0"
 <   }
[2022/10/18 03:27:32.779] - eth_getBalance
[2022/10/18 03:27:32.780] -    > {
   >   "jsonrpc": "2.0",
   >   "id": 641,
   >   "method": "eth_getBalance",
   >   "params": [
   >     "0x0b8c09f14760d0c68d1b2bc3d24f025d22bba860",
   >     "latest"
   >   ],
   >   "internal": true
   > }
[2022/10/18 03:27:32.781] - eth_getTransactionCount
[2022/10/18 03:27:32.782] -    > {
   >   "jsonrpc": "2.0",
   >   "id": 642,
   >   "method": "eth_getTransactionCount",
   >   "params": [
   >     "0x0b8c09f14760d0c68d1b2bc3d24f025d22bba860",
   >     "latest"
   >   ],
   >   "internal": true
   > }
[2022/10/18 03:27:32.783] -  <   {
 <     "id": 609,
 <     "jsonrpc": "2.0",
 <     "result": "0x56bc75e2d63100000"
 <   }
[2022/10/18 03:27:32.784] - eth_getBalance
[2022/10/18 03:27:32.785] -    > {
   >   "jsonrpc": "2.0",
   >   "id": 643,
   >   "method": "eth_getBalance",
   >   "params": [
   >     "0x6ab68af0d5b7d57ae7ce20978bfdee11283f34fa",
   >     "latest"
   >   ],
   >   "internal": true
   > }
[2022/10/18 03:27:32.786] -  <   {
 <     "id": 610,
 <     "jsonrpc": "2.0",
 <     "result": "0x0"
 <   }
[2022/10/18 03:27:32.787] - eth_getTransactionCount
[2022/10/18 03:27:32.788] -    > {
   >   "jsonrpc": "2.0",
   >   "id": 644,
   >   "method": "eth_getTransactionCount",
   >   "params": [
   >     "0x6ab68af0d5b7d57ae7ce20978bfdee11283f34fa",
   >     "latest"
   >   ],
   >   "internal": true
   > }
[2022/10/18 03:27:32.793] -  <   {
 <     "id": 611,
 <     "jsonrpc": "2.0",
 <     "result": "0x56bc75e2d63100000"
 <   }
[2022/10/18 03:27:32.808] -  <   {
 <     "id": 612,
 <     "jsonrpc": "2.0",
 <     "result": "0x0"
 <   }
[2022/10/18 03:27:32.824] -  <   {
 <     "id": 613,
 <     "jsonrpc": "2.0",
 <     "result": "0x56bc75e2d63100000"
 <   }
[2022/10/18 03:27:32.840] -  <   {
 <     "id": 614,
 <     "jsonrpc": "2.0",
 <     "result": "0x0"
 <   }
[2022/10/18 03:27:32.856] -  <   {
 <     "id": 615,
 <     "jsonrpc": "2.0",
 <     "result": "0x56bc75e2d63100000"
 <   }
[2022/10/18 03:27:32.872] -  <   {
 <     "id": 616,
 <     "jsonrpc": "2.0",
 <     "result": "0x0"
 <   }
[2022/10/18 03:27:32.888] -  <   {
 <     "id": 617,
 <     "jsonrpc": "2.0",
 <     "result": "0x56bc75e2d63100000"
 <   }
[2022/10/18 03:27:32.903] -  <   {
 <     "id": 618,
 <     "jsonrpc": "2.0",
 <     "result": "0x0"
 <   }
[2022/10/18 03:27:32.920] -  <   {
 <     "id": 619,
 <     "jsonrpc": "2.0",
 <     "result": "0x56bc75e2d63100000"
 <   }
[2022/10/18 03:27:32.936] -  <   {
 <     "id": 620,
 <     "jsonrpc": "2.0",
 <     "result": "0x0"
 <   }
[2022/10/18 03:27:32.952] -  <   {
 <     "id": 621,
 <     "jsonrpc": "2.0",
 <     "result": "0x56bc75e2d63100000"
 <   }
[2022/10/18 03:27:32.968] -  <   {
 <     "id": 622,
 <     "jsonrpc": "2.0",
 <     "result": "0x0"
 <   }
[2022/10/18 03:27:32.984] -  <   {
 <     "id": 623,
 <     "jsonrpc": "2.0",
 <     "result": "0x56bc75e2d63100000"
 <   }
[2022/10/18 03:27:33.001] -  <   {
 <     "id": 624,
 <     "jsonrpc": "2.0",
 <     "result": "0x0"
 <   }
[2022/10/18 03:27:33.016] -  <   {
 <     "id": 627,
 <     "jsonrpc": "2.0",
 <     "result": "0x56bc75e2d63100000"
 <   }
[2022/10/18 03:27:33.032] -  <   {
 <     "id": 628,
 <     "jsonrpc": "2.0",
 <     "result": "0x0"
 <   }
[2022/10/18 03:27:33.047] -  <   {
 <     "id": 629,
 <     "jsonrpc": "2.0",
 <     "result": "0x56bc75e2d63100000"
 <   }
[2022/10/18 03:27:33.063] -  <   {
 <     "id": 630,
 <     "jsonrpc": "2.0",
 <     "result": "0x0"
 <   }
[2022/10/18 03:27:33.078] -  <   {
 <     "id": 631,
 <     "jsonrpc": "2.0",
 <     "result": "0x56bc75e2d63100000"
 <   }
[2022/10/18 03:27:33.093] -  <   {
 <     "id": 632,
 <     "jsonrpc": "2.0",
 <     "result": "0x0"
 <   }
[2022/10/18 03:27:33.109] -  <   {
 <     "id": 633,
 <     "jsonrpc": "2.0",
 <     "result": "0x56bc75e2d63100000"
 <   }
[2022/10/18 03:27:33.125] -  <   {
 <     "id": 634,
 <     "jsonrpc": "2.0",
 <     "result": "0x0"
 <   }
[2022/10/18 03:27:33.141] -  <   {
 <     "id": 635,
 <     "jsonrpc": "2.0",
 <     "result": "0x56bc75e2d63100000"
 <   }
[2022/10/18 03:27:33.158] -  <   {
 <     "id": 636,
 <     "jsonrpc": "2.0",
 <     "result": "0x0"
 <   }
[2022/10/18 03:27:33.173] -  <   {
 <     "id": 637,
 <     "jsonrpc": "2.0",
 <     "result": "0x56bc75e2d63100000"
 <   }
[2022/10/18 03:27:33.189] -  <   {
 <     "id": 638,
 <     "jsonrpc": "2.0",
 <     "result": "0x0"
 <   }
[2022/10/18 03:27:33.205] -  <   {
 <     "id": 639,
 <     "jsonrpc": "2.0",
 <     "result": "0x56bc75e2d63100000"
 <   }
[2022/10/18 03:27:33.221] -  <   {
 <     "id": 640,
 <     "jsonrpc": "2.0",
 <     "result": "0x0"
 <   }
[2022/10/18 03:27:33.237] -  <   {
 <     "id": 641,
 <     "jsonrpc": "2.0",
 <     "result": "0x56bc75e2d63100000"
 <   }
[2022/10/18 03:27:33.254] -  <   {
 <     "id": 642,
 <     "jsonrpc": "2.0",
 <     "result": "0x0"
 <   }
[2022/10/18 03:27:33.269] -  <   {
 <     "id": 643,
 <     "jsonrpc": "2.0",
 <     "result": "0x56bc75e2d63100000"
 <   }
[2022/10/18 03:27:33.285] -  <   {
 <     "id": 644,
 <     "jsonrpc": "2.0",
 <     "result": "0x0"
 <   }
[2022/10/18 03:29:32.957] - eth_unsubscribe
[2022/10/18 03:29:32.958] -    > {
   >   "jsonrpc": "2.0",
   >   "id": 55,
   >   "method": "eth_unsubscribe",
   >   "params": [
   >     "0x3"
   >   ]
   > }
[2022/10/18 03:29:32.959] - eth_unsubscribe
[2022/10/18 03:29:32.960] -    > {
   >   "jsonrpc": "2.0",
   >   "id": 56,
   >   "method": "eth_unsubscribe",
   >   "params": [
   >     "0x4"
   >   ]
   > }
[2022/10/18 03:29:32.962] -  <   {
 <     "id": 55,
 <     "jsonrpc": "2.0",
 <     "result": true
 <   }
[2022/10/18 03:29:32.965] -    > {
   >   "jsonrpc": "2.0",
   >   "method": "eth_unsubscribe",
   >   "params": [
   >     "0x5"
   >   ],
   >   "id": 1666052972964
   > }
[2022/10/18 03:29:32.966] -    > {
   >   "jsonrpc": "2.0",
   >   "method": "eth_unsubscribe",
   >   "params": [
   >     "0x4"
   >   ],
   >   "id": 1666052972965
   > }
[2022/10/18 03:29:32.967] -    > {
   >   "jsonrpc": "2.0",
   >   "method": "eth_unsubscribe",
   >   "params": [
   >     "0x6"
   >   ],
   >   "id": 1666052972967
   > }
[2022/10/18 03:29:32.968] -    > {
   >   "jsonrpc": "2.0",
   >   "method": "eth_unsubscribe",
   >   "params": [
   >     "0x1"
   >   ],
   >   "id": 1666052972968
   > }
[2022/10/18 03:29:32.969] -    > {
   >   "jsonrpc": "2.0",
   >   "method": "eth_unsubscribe",
   >   "params": [
   >     "0x2"
   >   ],
   >   "id": 1666052972969
   > }
[2022/10/18 03:29:32.970] -  <   {
 <     "id": 56,
 <     "jsonrpc": "2.0",
 <     "result": true
 <   }
[2022/10/18 03:29:32.982] -  <   {
 <     "id": 1666052972964,
 <     "jsonrpc": "2.0",
 <     "result": true
 <   }
[2022/10/18 03:29:32.998] -  <   {
 <     "id": 1666052972965,
 <     "jsonrpc": "2.0",
 <     "error": {
 <       "message": "Subscription ID 0x4 not found.",
 <       "code": -32000,
 <       "data": {
 <         "stack": "Error: Subscription ID 0x4 not found.\n    at SubscriptionSubprovider.eth_unsubscribe (C:\\Program Files\\WindowsApps\\GanacheUI_2.5.4.0_x64__5dg5pnz03psnj\\app\\resources\\static\\node\\node_modules\\ganache-core\\node_modules\\web3-provider-engine\\subproviders\\subscriptions.js:78:8)\n    at SubscriptionSubprovider.handleRequest (C:\\Program Files\\WindowsApps\\GanacheUI_2.5.4.0_x64__5dg5pnz03psnj\\app\\resources\\static\\node\\node_modules\\ganache-core\\node_modules\\web3-provider-engine\\subproviders\\subscriptions.js:134:12)\n    at next (C:\\Program Files\\WindowsApps\\GanacheUI_2.5.4.0_x64__5dg5pnz03psnj\\app\\resources\\static\\node\\node_modules\\ganache-core\\node_modules\\web3-provider-engine\\index.js:136:18)\n    at DelayedBlockFilter.handleRequest (C:\\Program Files\\WindowsApps\\GanacheUI_2.5.4.0_x64__5dg5pnz03psnj\\app\\resources\\static\\node\\node_modules\\ganache-core\\lib\\subproviders\\delayedblockfilter.js:31:3)\n    at next (C:\\Program Files\\WindowsApps\\GanacheUI_2.5.4.0_x64__5dg5pnz03psnj\\app\\resources\\static\\node\\node_modules\\ganache-core\\node_modules\\web3-provider-engine\\index.js:136:18)\n    at RequestFunnel.handleRequest (C:\\Program Files\\WindowsApps\\GanacheUI_2.5.4.0_x64__5dg5pnz03psnj\\app\\resources\\static\\node\\node_modules\\ganache-core\\lib\\subproviders\\requestfunnel.js:32:12)\n    at next (C:\\Program Files\\WindowsApps\\GanacheUI_2.5.4.0_x64__5dg5pnz03psnj\\app\\resources\\static\\node\\node_modules\\ganache-core\\node_modules\\web3-provider-engine\\index.js:136:18)\n    at Web3ProviderEngine._handleAsync (C:\\Program Files\\WindowsApps\\GanacheUI_2.5.4.0_x64__5dg5pnz03psnj\\app\\resources\\static\\node\\node_modules\\ganache-core\\node_modules\\web3-provider-engine\\index.js:123:3)\n    at Timeout._onTimeout (C:\\Program Files\\WindowsApps\\GanacheUI_2.5.4.0_x64__5dg5pnz03psnj\\app\\resources\\static\\node\\node_modules\\ganache-core\\node_modules\\web3-provider-engine\\index.js:107:12)\n    at listOnTimeout (internal/timers.js:531:17)\n    at processTimers (internal/timers.js:475:7)",
 <         "name": "Error"
 <       }
 <     }
 <   }
[2022/10/18 03:29:33.014] -  <   {
 <     "id": 1666052972967,
 <     "jsonrpc": "2.0",
 <     "result": true
 <   }
[2022/10/18 03:29:33.030] -  <   {
 <     "id": 1666052972968,
 <     "jsonrpc": "2.0",
 <     "result": true
 <   }
[2022/10/18 03:29:33.046] -  <   {
 <     "id": 1666052972969,
 <     "jsonrpc": "2.0",
 <     "result": true
 <   }
