[2022/10/18 04:02:41.110] - Starting server with initial configuration: {"gasLimit":6721975,"gasPrice":20000000000,"hardfork":"muirGlacier","hostname":"127.0.0.1","port":7545,"network_id":5777,"default_balance_ether":100,"total_accounts":10,"unlocked_accounts":[],"locked":false,"vmErrorsOnRPCResponse":true,"verbose":true,"db_path":"C:\\Users\\dikby\\AppData\\Roaming\\Ganache\\workspaces\\e-vote-aku-dapp\\chaindata","logDirectory":"C:\\Users\\dikby\\GitHub\\e-vote-aku-dapp\\truffle\\log-ganache"}
[2022/10/18 04:02:41.210] - eth_getCode
[2022/10/18 04:02:41.211] -    > {
   >   "jsonrpc": "2.0",
   >   "id": 80,
   >   "method": "eth_getCode",
   >   "params": [
   >     "0xc5d0134e5a11da109eff467fb68f7f08cd922dc6",
   >     "latest"
   >   ]
   > }
[2022/10/18 04:02:41.212] - eth_subscribe
[2022/10/18 04:02:41.213] -    > {
   >   "jsonrpc": "2.0",
   >   "id": 77,
   >   "method": "eth_subscribe",
   >   "params": [
   >     "newHeads"
   >   ]
   > }
[2022/10/18 04:02:41.214] - eth_getLogs
[2022/10/18 04:02:41.215] -    > {
   >   "jsonrpc": "2.0",
   >   "id": 78,
   >   "method": "eth_getLogs",
   >   "params": [
   >     {
   >       "topics": []
   >     }
   >   ]
   > }
[2022/10/18 04:02:41.217] -  <   {
 <     "id": 80,
 <     "jsonrpc": "2.0",
 <     "result": "0x"
 <   }
[2022/10/18 04:02:41.218] - eth_subscribe
[2022/10/18 04:02:41.219] -    > {
   >   "jsonrpc": "2.0",
   >   "id": 79,
   >   "method": "eth_subscribe",
   >   "params": [
   >     "logs",
   >     {
   >       "topics": []
   >     }
   >   ]
   > }
[2022/10/18 04:02:41.223] -  <   {
 <     "id": 77,
 <     "jsonrpc": "2.0",
 <     "result": "0x1"
 <   }
[2022/10/18 04:02:41.257] -  <   {
 <     "id": 78,
 <     "jsonrpc": "2.0",
 <     "result": []
 <   }
[2022/10/18 04:02:41.270] -  <   {
 <     "id": 79,
 <     "jsonrpc": "2.0",
 <     "result": "0x2"
 <   }
[2022/10/18 04:02:41.302] - eth_subscribe
[2022/10/18 04:02:41.303] -    > {
   >   "jsonrpc": "2.0",
   >   "id": 81,
   >   "method": "eth_subscribe",
   >   "params": [
   >     "newHeads"
   >   ]
   > }
[2022/10/18 04:02:41.304] - eth_getLogs
[2022/10/18 04:02:41.305] -    > {
   >   "jsonrpc": "2.0",
   >   "id": 82,
   >   "method": "eth_getLogs",
   >   "params": [
   >     {
   >       "topics": []
   >     }
   >   ]
   > }
[2022/10/18 04:02:41.306] - eth_subscribe
[2022/10/18 04:02:41.307] -    > {
   >   "jsonrpc": "2.0",
   >   "id": 83,
   >   "method": "eth_subscribe",
   >   "params": [
   >     "logs",
   >     {
   >       "topics": []
   >     }
   >   ]
   > }
[2022/10/18 04:02:41.308] -  <   {
 <     "id": 81,
 <     "jsonrpc": "2.0",
 <     "result": "0x3"
 <   }
[2022/10/18 04:02:41.314] -  <   {
 <     "id": 82,
 <     "jsonrpc": "2.0",
 <     "result": []
 <   }
[2022/10/18 04:02:41.317] -  <   {
 <     "id": 83,
 <     "jsonrpc": "2.0",
 <     "result": "0x4"
 <   }
[2022/10/18 04:02:41.433] - eth_blockNumber
[2022/10/18 04:02:41.434] -    > {
   >   "jsonrpc": "2.0",
   >   "id": 884,
   >   "method": "eth_blockNumber",
   >   "params": [],
   >   "internal": true
   > }
[2022/10/18 04:02:41.435] - eth_accounts
[2022/10/18 04:02:41.436] -    > {
   >   "jsonrpc": "2.0",
   >   "id": 885,
   >   "method": "eth_accounts",
   >   "params": [],
   >   "internal": true
   > }
[2022/10/18 04:02:41.437] - eth_blockNumber
[2022/10/18 04:02:41.438] -    > {
   >   "jsonrpc": "2.0",
   >   "id": 879,
   >   "method": "eth_blockNumber",
   >   "params": [],
   >   "internal": true
   > }
[2022/10/18 04:02:41.439] - eth_gasPrice
[2022/10/18 04:02:41.440] -    > {
   >   "jsonrpc": "2.0",
   >   "id": 886,
   >   "method": "eth_gasPrice",
   >   "params": [],
   >   "internal": true
   > }
[2022/10/18 04:02:41.441] - eth_accounts
[2022/10/18 04:02:41.442] -    > {
   >   "jsonrpc": "2.0",
   >   "id": 880,
   >   "method": "eth_accounts",
   >   "params": [],
   >   "internal": true
   > }
[2022/10/18 04:02:41.442] -  <   {
 <     "id": 884,
 <     "jsonrpc": "2.0",
 <     "result": "0x2"
 <   }
[2022/10/18 04:02:41.443] - eth_getBlockByNumber
[2022/10/18 04:02:41.444] -    > {
   >   "jsonrpc": "2.0",
   >   "id": 887,
   >   "method": "eth_getBlockByNumber",
   >   "params": [
   >     "latest",
   >     false
   >   ],
   >   "internal": true
   > }
[2022/10/18 04:02:41.445] - eth_gasPrice
[2022/10/18 04:02:41.446] -    > {
   >   "jsonrpc": "2.0",
   >   "id": 881,
   >   "method": "eth_gasPrice",
   >   "params": [],
   >   "internal": true
   > }
[2022/10/18 04:02:41.447] -  <   {
 <     "id": 885,
 <     "jsonrpc": "2.0",
 <     "result": [
 <       "0x9086b277b07117347539a47834a347cec29579ad",
 <       "0xfbf55685dbbf4dafa4a30e9e4a43b93364cb5d82",
 <       "0x54935bed49d3afdb4862a8eca6ddbcade40a0d19",
 <       "0x7efc841873ac915c1102fd58de6ab5f063e181bd",
 <       "0xb757c1ebf9c1a5237a5980974aeceddfae08d1c8",
 <       "0x0399221ea8349b7a3e14335a58156925da938b3c",
 <       "0xaf85536580b6029a72db7842cd16a243902713c8",
 <       "0x9432cdeaebafd3c89456d38fe9aa87cc1dd73943",
 <       "0x0b8c09f14760d0c68d1b2bc3d24f025d22bba860",
 <       "0x6ab68af0d5b7d57ae7ce20978bfdee11283f34fa"
 <     ]
 <   }
[2022/10/18 04:02:41.448] - eth_subscribe
[2022/10/18 04:02:41.448] -    > {
   >   "jsonrpc": "2.0",
   >   "id": 888,
   >   "method": "eth_subscribe",
   >   "params": [
   >     "newHeads"
   >   ],
   >   "internal": true
   > }
[2022/10/18 04:02:41.449] - eth_getBlockByNumber
[2022/10/18 04:02:41.450] -    > {
   >   "jsonrpc": "2.0",
   >   "id": 882,
   >   "method": "eth_getBlockByNumber",
   >   "params": [
   >     "latest",
   >     false
   >   ],
   >   "internal": true
   > }
[2022/10/18 04:02:41.451] -  <   {
 <     "id": 879,
 <     "jsonrpc": "2.0",
 <     "result": "0x2"
 <   }
[2022/10/18 04:02:41.452] - eth_subscribe
[2022/10/18 04:02:41.452] -    > {
   >   "jsonrpc": "2.0",
   >   "id": 883,
   >   "method": "eth_subscribe",
   >   "params": [
   >     "newHeads"
   >   ],
   >   "internal": true
   > }
[2022/10/18 04:02:41.453] -  <   {
 <     "id": 886,
 <     "jsonrpc": "2.0",
 <     "result": "0x4a817c800"
 <   }
[2022/10/18 04:02:41.464] -  <   {
 <     "id": 880,
 <     "jsonrpc": "2.0",
 <     "result": [
 <       "0x9086b277b07117347539a47834a347cec29579ad",
 <       "0xfbf55685dbbf4dafa4a30e9e4a43b93364cb5d82",
 <       "0x54935bed49d3afdb4862a8eca6ddbcade40a0d19",
 <       "0x7efc841873ac915c1102fd58de6ab5f063e181bd",
 <       "0xb757c1ebf9c1a5237a5980974aeceddfae08d1c8",
 <       "0x0399221ea8349b7a3e14335a58156925da938b3c",
 <       "0xaf85536580b6029a72db7842cd16a243902713c8",
 <       "0x9432cdeaebafd3c89456d38fe9aa87cc1dd73943",
 <       "0x0b8c09f14760d0c68d1b2bc3d24f025d22bba860",
 <       "0x6ab68af0d5b7d57ae7ce20978bfdee11283f34fa"
 <     ]
 <   }
[2022/10/18 04:02:41.472] -  <   {
 <     "id": 887,
 <     "jsonrpc": "2.0",
 <     "result": {
 <       "number": "0x2",
 <       "hash": "0x513df3462ec2b7c8b32ede887ad7d65917b088a36e18bc62362fda622cd54a70",
 <       "parentHash": "0xe8b1b6daf5f09b9e8e3801cf27821e41e6a02e5da9faa4198a922fc8adb0fbb4",
 <       "mixHash": "0x0000000000000000000000000000000000000000000000000000000000000000",
 <       "nonce": "0x0000000000000000",
 <       "sha3Uncles": "0x1dcc4de8dec75d7aab85b567b6ccd41ad312451b948a7413f0a142fd40d49347",
 <       "logsBloom": "0x00000000000000000000000000000000000000000000000000000000000000000000000000000000000000000000000000000000000000000000000000000000000000000000000000000000000000000000000000000000000000000000000000000000000000000000000000000000000000000000000000000000000000000000000000000000000000000000000000000000000000000000000000000000000000000000000000000000000000000000000000000000000000000000000000000000000000000000000000000000000000000000000000000000000000000000000000000000000000000000000000000000000000000000000000000000",
 <       "transactionsRoot": "0xd0ab923ca12518ef1b160354bd23afe1fcf772c2e1af70219201d84e8d6c68b2",
 <       "stateRoot": "0xc5838d353dde8805027f8683b3dfb50978ef2e9f960ff7850fee92ed5ba1be69",
 <       "receiptsRoot": "0x42c1419dc24443c4f7b82ff6bff9fd2bac801fe86ea7bc520737a23d41ea9baf",
 <       "miner": "0x0000000000000000000000000000000000000000",
 <       "difficulty": "0x0",
 <       "totalDifficulty": "0x0",
 <       "extraData": "0x",
 <       "size": "0x3e8",
 <       "gasLimit": "0x6691b7",
 <       "gasUsed": "0x1ead5",
 <       "timestamp": "0x634df9c2",
 <       "transactions": [
 <         "0x484501c2d56507933e4dfc8909da6106f9336eca98f4666e1f2b6923cdffcdc7"
 <       ],
 <       "uncles": []
 <     }
 <   }
[2022/10/18 04:02:41.473] - eth_accounts
[2022/10/18 04:02:41.474] -    > {
   >   "jsonrpc": "2.0",
   >   "id": 889,
   >   "method": "eth_accounts",
   >   "params": [],
   >   "internal": true
   > }
[2022/10/18 04:02:41.479] -  <   {
 <     "id": 881,
 <     "jsonrpc": "2.0",
 <     "result": "0x4a817c800"
 <   }
[2022/10/18 04:02:41.495] -  <   {
 <     "id": 888,
 <     "jsonrpc": "2.0",
 <     "result": "0x5"
 <   }
[2022/10/18 04:02:41.511] -  <   {
 <     "id": 882,
 <     "jsonrpc": "2.0",
 <     "result": {
 <       "number": "0x2",
 <       "hash": "0x513df3462ec2b7c8b32ede887ad7d65917b088a36e18bc62362fda622cd54a70",
 <       "parentHash": "0xe8b1b6daf5f09b9e8e3801cf27821e41e6a02e5da9faa4198a922fc8adb0fbb4",
 <       "mixHash": "0x0000000000000000000000000000000000000000000000000000000000000000",
 <       "nonce": "0x0000000000000000",
 <       "sha3Uncles": "0x1dcc4de8dec75d7aab85b567b6ccd41ad312451b948a7413f0a142fd40d49347",
 <       "logsBloom": "0x00000000000000000000000000000000000000000000000000000000000000000000000000000000000000000000000000000000000000000000000000000000000000000000000000000000000000000000000000000000000000000000000000000000000000000000000000000000000000000000000000000000000000000000000000000000000000000000000000000000000000000000000000000000000000000000000000000000000000000000000000000000000000000000000000000000000000000000000000000000000000000000000000000000000000000000000000000000000000000000000000000000000000000000000000000000",
 <       "transactionsRoot": "0xd0ab923ca12518ef1b160354bd23afe1fcf772c2e1af70219201d84e8d6c68b2",
 <       "stateRoot": "0xc5838d353dde8805027f8683b3dfb50978ef2e9f960ff7850fee92ed5ba1be69",
 <       "receiptsRoot": "0x42c1419dc24443c4f7b82ff6bff9fd2bac801fe86ea7bc520737a23d41ea9baf",
 <       "miner": "0x0000000000000000000000000000000000000000",
 <       "difficulty": "0x0",
 <       "totalDifficulty": "0x0",
 <       "extraData": "0x",
 <       "size": "0x3e8",
 <       "gasLimit": "0x6691b7",
 <       "gasUsed": "0x1ead5",
 <       "timestamp": "0x634df9c2",
 <       "transactions": [
 <         "0x484501c2d56507933e4dfc8909da6106f9336eca98f4666e1f2b6923cdffcdc7"
 <       ],
 <       "uncles": []
 <     }
 <   }
[2022/10/18 04:02:41.526] -  <   {
 <     "id": 883,
 <     "jsonrpc": "2.0",
 <     "result": "0x6"
 <   }
[2022/10/18 04:02:41.534] -  <   {
 <     "id": 889,
 <     "jsonrpc": "2.0",
 <     "result": [
 <       "0x9086b277b07117347539a47834a347cec29579ad",
 <       "0xfbf55685dbbf4dafa4a30e9e4a43b93364cb5d82",
 <       "0x54935bed49d3afdb4862a8eca6ddbcade40a0d19",
 <       "0x7efc841873ac915c1102fd58de6ab5f063e181bd",
 <       "0xb757c1ebf9c1a5237a5980974aeceddfae08d1c8",
 <       "0x0399221ea8349b7a3e14335a58156925da938b3c",
 <       "0xaf85536580b6029a72db7842cd16a243902713c8",
 <       "0x9432cdeaebafd3c89456d38fe9aa87cc1dd73943",
 <       "0x0b8c09f14760d0c68d1b2bc3d24f025d22bba860",
 <       "0x6ab68af0d5b7d57ae7ce20978bfdee11283f34fa"
 <     ]
 <   }
[2022/10/18 04:02:41.535] - eth_getBalance
[2022/10/18 04:02:41.535] -    > {
   >   "jsonrpc": "2.0",
   >   "id": 890,
   >   "method": "eth_getBalance",
   >   "params": [
   >     "0x9086b277b07117347539a47834a347cec29579ad",
   >     "latest"
   >   ],
   >   "internal": true
   > }
[2022/10/18 04:02:41.543] - eth_getTransactionCount
[2022/10/18 04:02:41.544] -    > {
   >   "jsonrpc": "2.0",
   >   "id": 891,
   >   "method": "eth_getTransactionCount",
   >   "params": [
   >     "0x9086b277b07117347539a47834a347cec29579ad",
   >     "latest"
   >   ],
   >   "internal": true
   > }
[2022/10/18 04:02:41.546] -  <   {
 <     "id": 890,
 <     "jsonrpc": "2.0",
 <     "result": "0x56bb582f2a1dd3000"
 <   }
[2022/10/18 04:02:41.551] -  <   {
 <     "id": 891,
 <     "jsonrpc": "2.0",
 <     "result": "0x2"
 <   }
[2022/10/18 04:02:41.552] - eth_getBalance
[2022/10/18 04:02:41.553] -    > {
   >   "jsonrpc": "2.0",
   >   "id": 892,
   >   "method": "eth_getBalance",
   >   "params": [
   >     "0xfbf55685dbbf4dafa4a30e9e4a43b93364cb5d82",
   >     "latest"
   >   ],
   >   "internal": true
   > }
[2022/10/18 04:02:41.557] - eth_getTransactionCount
[2022/10/18 04:02:41.558] -    > {
   >   "jsonrpc": "2.0",
   >   "id": 893,
   >   "method": "eth_getTransactionCount",
   >   "params": [
   >     "0xfbf55685dbbf4dafa4a30e9e4a43b93364cb5d82",
   >     "latest"
   >   ],
   >   "internal": true
   > }
[2022/10/18 04:02:41.559] -  <   {
 <     "id": 892,
 <     "jsonrpc": "2.0",
 <     "result": "0x56bc75e2d63100000"
 <   }
[2022/10/18 04:02:41.566] -  <   {
 <     "id": 893,
 <     "jsonrpc": "2.0",
 <     "result": "0x0"
 <   }
[2022/10/18 04:02:41.567] - eth_getBalance
[2022/10/18 04:02:41.568] -    > {
   >   "jsonrpc": "2.0",
   >   "id": 894,
   >   "method": "eth_getBalance",
   >   "params": [
   >     "0x54935bed49d3afdb4862a8eca6ddbcade40a0d19",
   >     "latest"
   >   ],
   >   "internal": true
   > }
[2022/10/18 04:02:41.572] - eth_getTransactionCount
[2022/10/18 04:02:41.572] -    > {
   >   "jsonrpc": "2.0",
   >   "id": 895,
   >   "method": "eth_getTransactionCount",
   >   "params": [
   >     "0x54935bed49d3afdb4862a8eca6ddbcade40a0d19",
   >     "latest"
   >   ],
   >   "internal": true
   > }
[2022/10/18 04:02:41.574] -  <   {
 <     "id": 894,
 <     "jsonrpc": "2.0",
 <     "result": "0x56bc75e2d63100000"
 <   }
[2022/10/18 04:02:41.578] -  <   {
 <     "id": 895,
 <     "jsonrpc": "2.0",
 <     "result": "0x0"
 <   }
[2022/10/18 04:02:41.579] - eth_getBalance
[2022/10/18 04:02:41.579] -    > {
   >   "jsonrpc": "2.0",
   >   "id": 896,
   >   "method": "eth_getBalance",
   >   "params": [
   >     "0x7efc841873ac915c1102fd58de6ab5f063e181bd",
   >     "latest"
   >   ],
   >   "internal": true
   > }
[2022/10/18 04:02:41.584] - eth_getTransactionCount
[2022/10/18 04:02:41.585] -    > {
   >   "jsonrpc": "2.0",
   >   "id": 897,
   >   "method": "eth_getTransactionCount",
   >   "params": [
   >     "0x7efc841873ac915c1102fd58de6ab5f063e181bd",
   >     "latest"
   >   ],
   >   "internal": true
   > }
[2022/10/18 04:02:41.586] -  <   {
 <     "id": 896,
 <     "jsonrpc": "2.0",
 <     "result": "0x56bc75e2d63100000"
 <   }
[2022/10/18 04:02:41.589] -  <   {
 <     "id": 897,
 <     "jsonrpc": "2.0",
 <     "result": "0x0"
 <   }
[2022/10/18 04:02:41.591] - eth_getBalance
[2022/10/18 04:02:41.592] -    > {
   >   "jsonrpc": "2.0",
   >   "id": 898,
   >   "method": "eth_getBalance",
   >   "params": [
   >     "0xb757c1ebf9c1a5237a5980974aeceddfae08d1c8",
   >     "latest"
   >   ],
   >   "internal": true
   > }
[2022/10/18 04:02:41.599] - eth_getTransactionCount
[2022/10/18 04:02:41.599] -    > {
   >   "jsonrpc": "2.0",
   >   "id": 899,
   >   "method": "eth_getTransactionCount",
   >   "params": [
   >     "0xb757c1ebf9c1a5237a5980974aeceddfae08d1c8",
   >     "latest"
   >   ],
   >   "internal": true
   > }
[2022/10/18 04:02:41.602] -  <   {
 <     "id": 898,
 <     "jsonrpc": "2.0",
 <     "result": "0x56bc75e2d63100000"
 <   }
[2022/10/18 04:02:41.606] -  <   {
 <     "id": 899,
 <     "jsonrpc": "2.0",
 <     "result": "0x0"
 <   }
[2022/10/18 04:02:41.607] - eth_getBalance
[2022/10/18 04:02:41.608] -    > {
   >   "jsonrpc": "2.0",
   >   "id": 900,
   >   "method": "eth_getBalance",
   >   "params": [
   >     "0x0399221ea8349b7a3e14335a58156925da938b3c",
   >     "latest"
   >   ],
   >   "internal": true
   > }
[2022/10/18 04:02:41.615] - eth_getTransactionCount
[2022/10/18 04:02:41.616] -    > {
   >   "jsonrpc": "2.0",
   >   "id": 901,
   >   "method": "eth_getTransactionCount",
   >   "params": [
   >     "0x0399221ea8349b7a3e14335a58156925da938b3c",
   >     "latest"
   >   ],
   >   "internal": true
   > }
[2022/10/18 04:02:41.618] -  <   {
 <     "id": 900,
 <     "jsonrpc": "2.0",
 <     "result": "0x56bc75e2d63100000"
 <   }
[2022/10/18 04:02:41.622] -  <   {
 <     "id": 901,
 <     "jsonrpc": "2.0",
 <     "result": "0x0"
 <   }
[2022/10/18 04:02:41.626] - eth_getBalance
[2022/10/18 04:02:41.627] -    > {
   >   "jsonrpc": "2.0",
   >   "id": 902,
   >   "method": "eth_getBalance",
   >   "params": [
   >     "0xaf85536580b6029a72db7842cd16a243902713c8",
   >     "latest"
   >   ],
   >   "internal": true
   > }
[2022/10/18 04:02:41.642] - eth_getTransactionCount
[2022/10/18 04:02:41.643] -    > {
   >   "jsonrpc": "2.0",
   >   "id": 903,
   >   "method": "eth_getTransactionCount",
   >   "params": [
   >     "0xaf85536580b6029a72db7842cd16a243902713c8",
   >     "latest"
   >   ],
   >   "internal": true
   > }
[2022/10/18 04:02:41.644] - eth_getBalance
[2022/10/18 04:02:41.644] -    > {
   >   "jsonrpc": "2.0",
   >   "id": 904,
   >   "method": "eth_getBalance",
   >   "params": [
   >     "0x9432cdeaebafd3c89456d38fe9aa87cc1dd73943",
   >     "latest"
   >   ],
   >   "internal": true
   > }
[2022/10/18 04:02:41.647] -  <   {
 <     "id": 902,
 <     "jsonrpc": "2.0",
 <     "result": "0x56bc75e2d63100000"
 <   }
[2022/10/18 04:02:41.654] -  <   {
 <     "id": 903,
 <     "jsonrpc": "2.0",
 <     "result": "0x0"
 <   }
[2022/10/18 04:02:41.655] - eth_getTransactionCount
[2022/10/18 04:02:41.656] -    > {
   >   "jsonrpc": "2.0",
   >   "id": 905,
   >   "method": "eth_getTransactionCount",
   >   "params": [
   >     "0x9432cdeaebafd3c89456d38fe9aa87cc1dd73943",
   >     "latest"
   >   ],
   >   "internal": true
   > }
[2022/10/18 04:02:41.661] - eth_getBalance
[2022/10/18 04:02:41.662] -    > {
   >   "jsonrpc": "2.0",
   >   "id": 906,
   >   "method": "eth_getBalance",
   >   "params": [
   >     "0x0b8c09f14760d0c68d1b2bc3d24f025d22bba860",
   >     "latest"
   >   ],
   >   "internal": true
   > }
[2022/10/18 04:02:41.663] -  <   {
 <     "id": 904,
 <     "jsonrpc": "2.0",
 <     "result": "0x56bc75e2d63100000"
 <   }
[2022/10/18 04:02:41.669] -  <   {
 <     "id": 905,
 <     "jsonrpc": "2.0",
 <     "result": "0x0"
 <   }
[2022/10/18 04:02:41.670] - eth_getTransactionCount
[2022/10/18 04:02:41.671] -    > {
   >   "jsonrpc": "2.0",
   >   "id": 907,
   >   "method": "eth_getTransactionCount",
   >   "params": [
   >     "0x0b8c09f14760d0c68d1b2bc3d24f025d22bba860",
   >     "latest"
   >   ],
   >   "internal": true
   > }
[2022/10/18 04:02:41.678] - eth_getBalance
[2022/10/18 04:02:41.679] -    > {
   >   "jsonrpc": "2.0",
   >   "id": 908,
   >   "method": "eth_getBalance",
   >   "params": [
   >     "0x6ab68af0d5b7d57ae7ce20978bfdee11283f34fa",
   >     "latest"
   >   ],
   >   "internal": true
   > }
[2022/10/18 04:02:41.680] -  <   {
 <     "id": 906,
 <     "jsonrpc": "2.0",
 <     "result": "0x56bc75e2d63100000"
 <   }
[2022/10/18 04:02:41.686] -  <   {
 <     "id": 907,
 <     "jsonrpc": "2.0",
 <     "result": "0x0"
 <   }
[2022/10/18 04:02:41.687] - eth_getTransactionCount
[2022/10/18 04:02:41.688] -    > {
   >   "jsonrpc": "2.0",
   >   "id": 909,
   >   "method": "eth_getTransactionCount",
   >   "params": [
   >     "0x6ab68af0d5b7d57ae7ce20978bfdee11283f34fa",
   >     "latest"
   >   ],
   >   "internal": true
   > }
[2022/10/18 04:02:41.693] -  <   {
 <     "id": 908,
 <     "jsonrpc": "2.0",
 <     "result": "0x56bc75e2d63100000"
 <   }
[2022/10/18 04:02:41.701] -  <   {
 <     "id": 909,
 <     "jsonrpc": "2.0",
 <     "result": "0x0"
 <   }
[2022/10/18 04:02:41.712] - eth_getBalance
[2022/10/18 04:02:41.713] -    > {
   >   "jsonrpc": "2.0",
   >   "id": 911,
   >   "method": "eth_getBalance",
   >   "params": [
   >     "0x9086b277b07117347539a47834a347cec29579ad",
   >     "latest"
   >   ],
   >   "internal": true
   > }
[2022/10/18 04:02:41.718] -  <   {
 <     "id": 911,
 <     "jsonrpc": "2.0",
 <     "result": "0x56bb582f2a1dd3000"
 <   }
[2022/10/18 04:02:41.720] - eth_getTransactionCount
[2022/10/18 04:02:41.721] -    > {
   >   "jsonrpc": "2.0",
   >   "id": 912,
   >   "method": "eth_getTransactionCount",
   >   "params": [
   >     "0x9086b277b07117347539a47834a347cec29579ad",
   >     "latest"
   >   ],
   >   "internal": true
   > }
[2022/10/18 04:02:41.733] -  <   {
 <     "id": 912,
 <     "jsonrpc": "2.0",
 <     "result": "0x2"
 <   }
[2022/10/18 04:02:41.734] - eth_getBalance
[2022/10/18 04:02:41.734] -    > {
   >   "jsonrpc": "2.0",
   >   "id": 913,
   >   "method": "eth_getBalance",
   >   "params": [
   >     "0xfbf55685dbbf4dafa4a30e9e4a43b93364cb5d82",
   >     "latest"
   >   ],
   >   "internal": true
   > }
[2022/10/18 04:02:41.744] -  <   {
 <     "id": 913,
 <     "jsonrpc": "2.0",
 <     "result": "0x56bc75e2d63100000"
 <   }
[2022/10/18 04:02:41.748] - eth_getTransactionCount
[2022/10/18 04:02:41.749] -    > {
   >   "jsonrpc": "2.0",
   >   "id": 914,
   >   "method": "eth_getTransactionCount",
   >   "params": [
   >     "0xfbf55685dbbf4dafa4a30e9e4a43b93364cb5d82",
   >     "latest"
   >   ],
   >   "internal": true
   > }
[2022/10/18 04:02:41.750] - eth_getBalance
[2022/10/18 04:02:41.750] -    > {
   >   "jsonrpc": "2.0",
   >   "id": 915,
   >   "method": "eth_getBalance",
   >   "params": [
   >     "0x54935bed49d3afdb4862a8eca6ddbcade40a0d19",
   >     "latest"
   >   ],
   >   "internal": true
   > }
[2022/10/18 04:02:41.754] -  <   {
 <     "id": 914,
 <     "jsonrpc": "2.0",
 <     "result": "0x0"
 <   }
[2022/10/18 04:02:41.761] -  <   {
 <     "id": 915,
 <     "jsonrpc": "2.0",
 <     "result": "0x56bc75e2d63100000"
 <   }
[2022/10/18 04:02:41.762] - eth_getTransactionCount
[2022/10/18 04:02:41.763] -    > {
   >   "jsonrpc": "2.0",
   >   "id": 916,
   >   "method": "eth_getTransactionCount",
   >   "params": [
   >     "0x54935bed49d3afdb4862a8eca6ddbcade40a0d19",
   >     "latest"
   >   ],
   >   "internal": true
   > }
[2022/10/18 04:02:41.770] -  <   {
 <     "id": 916,
 <     "jsonrpc": "2.0",
 <     "result": "0x0"
 <   }
[2022/10/18 04:02:41.771] - eth_getBalance
[2022/10/18 04:02:41.771] -    > {
   >   "jsonrpc": "2.0",
   >   "id": 917,
   >   "method": "eth_getBalance",
   >   "params": [
   >     "0x7efc841873ac915c1102fd58de6ab5f063e181bd",
   >     "latest"
   >   ],
   >   "internal": true
   > }
[2022/10/18 04:02:41.778] -  <   {
 <     "id": 917,
 <     "jsonrpc": "2.0",
 <     "result": "0x56bc75e2d63100000"
 <   }
[2022/10/18 04:02:41.779] - eth_getTransactionCount
[2022/10/18 04:02:41.780] -    > {
   >   "jsonrpc": "2.0",
   >   "id": 918,
   >   "method": "eth_getTransactionCount",
   >   "params": [
   >     "0x7efc841873ac915c1102fd58de6ab5f063e181bd",
   >     "latest"
   >   ],
   >   "internal": true
   > }
[2022/10/18 04:02:41.784] -  <   {
 <     "id": 918,
 <     "jsonrpc": "2.0",
 <     "result": "0x0"
 <   }
[2022/10/18 04:02:41.785] - eth_getBalance
[2022/10/18 04:02:41.785] -    > {
   >   "jsonrpc": "2.0",
   >   "id": 919,
   >   "method": "eth_getBalance",
   >   "params": [
   >     "0xb757c1ebf9c1a5237a5980974aeceddfae08d1c8",
   >     "latest"
   >   ],
   >   "internal": true
   > }
[2022/10/18 04:02:41.791] -  <   {
 <     "id": 919,
 <     "jsonrpc": "2.0",
 <     "result": "0x56bc75e2d63100000"
 <   }
[2022/10/18 04:02:41.792] - eth_getTransactionCount
[2022/10/18 04:02:41.793] -    > {
   >   "jsonrpc": "2.0",
   >   "id": 920,
   >   "method": "eth_getTransactionCount",
   >   "params": [
   >     "0xb757c1ebf9c1a5237a5980974aeceddfae08d1c8",
   >     "latest"
   >   ],
   >   "internal": true
   > }
[2022/10/18 04:02:41.796] -  <   {
 <     "id": 920,
 <     "jsonrpc": "2.0",
 <     "result": "0x0"
 <   }
[2022/10/18 04:02:41.797] - eth_getBalance
[2022/10/18 04:02:41.798] -    > {
   >   "jsonrpc": "2.0",
   >   "id": 921,
   >   "method": "eth_getBalance",
   >   "params": [
   >     "0x0399221ea8349b7a3e14335a58156925da938b3c",
   >     "latest"
   >   ],
   >   "internal": true
   > }
[2022/10/18 04:02:41.803] -  <   {
 <     "id": 921,
 <     "jsonrpc": "2.0",
 <     "result": "0x56bc75e2d63100000"
 <   }
[2022/10/18 04:02:41.803] - eth_getTransactionCount
[2022/10/18 04:02:41.804] -    > {
   >   "jsonrpc": "2.0",
   >   "id": 922,
   >   "method": "eth_getTransactionCount",
   >   "params": [
   >     "0x0399221ea8349b7a3e14335a58156925da938b3c",
   >     "latest"
   >   ],
   >   "internal": true
   > }
[2022/10/18 04:02:41.809] -  <   {
 <     "id": 922,
 <     "jsonrpc": "2.0",
 <     "result": "0x0"
 <   }
[2022/10/18 04:02:41.810] - eth_getBalance
[2022/10/18 04:02:41.811] -    > {
   >   "jsonrpc": "2.0",
   >   "id": 923,
   >   "method": "eth_getBalance",
   >   "params": [
   >     "0xaf85536580b6029a72db7842cd16a243902713c8",
   >     "latest"
   >   ],
   >   "internal": true
   > }
[2022/10/18 04:02:41.815] -  <   {
 <     "id": 923,
 <     "jsonrpc": "2.0",
 <     "result": "0x56bc75e2d63100000"
 <   }
[2022/10/18 04:02:41.816] - eth_getTransactionCount
[2022/10/18 04:02:41.817] -    > {
   >   "jsonrpc": "2.0",
   >   "id": 924,
   >   "method": "eth_getTransactionCount",
   >   "params": [
   >     "0xaf85536580b6029a72db7842cd16a243902713c8",
   >     "latest"
   >   ],
   >   "internal": true
   > }
[2022/10/18 04:02:41.826] -  <   {
 <     "id": 924,
 <     "jsonrpc": "2.0",
 <     "result": "0x0"
 <   }
[2022/10/18 04:02:41.827] - eth_getBalance
[2022/10/18 04:02:41.828] -    > {
   >   "jsonrpc": "2.0",
   >   "id": 925,
   >   "method": "eth_getBalance",
   >   "params": [
   >     "0x9432cdeaebafd3c89456d38fe9aa87cc1dd73943",
   >     "latest"
   >   ],
   >   "internal": true
   > }
[2022/10/18 04:02:41.829] - eth_getTransactionCount
[2022/10/18 04:02:41.830] -    > {
   >   "jsonrpc": "2.0",
   >   "id": 926,
   >   "method": "eth_getTransactionCount",
   >   "params": [
   >     "0x9432cdeaebafd3c89456d38fe9aa87cc1dd73943",
   >     "latest"
   >   ],
   >   "internal": true
   > }
[2022/10/18 04:02:41.833] -  <   {
 <     "id": 925,
 <     "jsonrpc": "2.0",
 <     "result": "0x56bc75e2d63100000"
 <   }
[2022/10/18 04:02:41.838] -  <   {
 <     "id": 926,
 <     "jsonrpc": "2.0",
 <     "result": "0x0"
 <   }
[2022/10/18 04:02:41.839] - eth_getBalance
[2022/10/18 04:02:41.840] -    > {
   >   "jsonrpc": "2.0",
   >   "id": 927,
   >   "method": "eth_getBalance",
   >   "params": [
   >     "0x0b8c09f14760d0c68d1b2bc3d24f025d22bba860",
   >     "latest"
   >   ],
   >   "internal": true
   > }
[2022/10/18 04:02:41.846] -  <   {
 <     "id": 927,
 <     "jsonrpc": "2.0",
 <     "result": "0x56bc75e2d63100000"
 <   }
[2022/10/18 04:02:41.854] - eth_getTransactionCount
[2022/10/18 04:02:41.855] -    > {
   >   "jsonrpc": "2.0",
   >   "id": 928,
   >   "method": "eth_getTransactionCount",
   >   "params": [
   >     "0x0b8c09f14760d0c68d1b2bc3d24f025d22bba860",
   >     "latest"
   >   ],
   >   "internal": true
   > }
[2022/10/18 04:02:41.858] -  <   {
 <     "id": 928,
 <     "jsonrpc": "2.0",
 <     "result": "0x0"
 <   }
[2022/10/18 04:02:41.859] - eth_getBalance
[2022/10/18 04:02:41.860] -    > {
   >   "jsonrpc": "2.0",
   >   "id": 929,
   >   "method": "eth_getBalance",
   >   "params": [
   >     "0x6ab68af0d5b7d57ae7ce20978bfdee11283f34fa",
   >     "latest"
   >   ],
   >   "internal": true
   > }
[2022/10/18 04:02:41.869] -  <   {
 <     "id": 929,
 <     "jsonrpc": "2.0",
 <     "result": "0x56bc75e2d63100000"
 <   }
[2022/10/18 04:02:41.870] - eth_getTransactionCount
[2022/10/18 04:02:41.870] -    > {
   >   "jsonrpc": "2.0",
   >   "id": 930,
   >   "method": "eth_getTransactionCount",
   >   "params": [
   >     "0x6ab68af0d5b7d57ae7ce20978bfdee11283f34fa",
   >     "latest"
   >   ],
   >   "internal": true
   > }
[2022/10/18 04:02:41.874] -  <   {
 <     "id": 930,
 <     "jsonrpc": "2.0",
 <     "result": "0x0"
 <   }
[2022/10/18 04:02:41.876] - eth_getBalance
[2022/10/18 04:02:41.877] -    > {
   >   "jsonrpc": "2.0",
   >   "id": 931,
   >   "method": "eth_getBalance",
   >   "params": [
   >     "0x9086b277b07117347539a47834a347cec29579ad",
   >     "latest"
   >   ],
   >   "internal": true
   > }
[2022/10/18 04:02:41.882] -  <   {
 <     "id": 931,
 <     "jsonrpc": "2.0",
 <     "result": "0x56bb582f2a1dd3000"
 <   }
[2022/10/18 04:02:41.883] - eth_getTransactionCount
[2022/10/18 04:02:41.884] -    > {
   >   "jsonrpc": "2.0",
   >   "id": 932,
   >   "method": "eth_getTransactionCount",
   >   "params": [
   >     "0x9086b277b07117347539a47834a347cec29579ad",
   >     "latest"
   >   ],
   >   "internal": true
   > }
[2022/10/18 04:02:41.889] -  <   {
 <     "id": 932,
 <     "jsonrpc": "2.0",
 <     "result": "0x2"
 <   }
[2022/10/18 04:02:41.890] - eth_getBalance
[2022/10/18 04:02:41.891] -    > {
   >   "jsonrpc": "2.0",
   >   "id": 933,
   >   "method": "eth_getBalance",
   >   "params": [
   >     "0xfbf55685dbbf4dafa4a30e9e4a43b93364cb5d82",
   >     "latest"
   >   ],
   >   "internal": true
   > }
[2022/10/18 04:02:41.896] -  <   {
 <     "id": 933,
 <     "jsonrpc": "2.0",
 <     "result": "0x56bc75e2d63100000"
 <   }
[2022/10/18 04:02:41.897] - eth_getTransactionCount
[2022/10/18 04:02:41.898] -    > {
   >   "jsonrpc": "2.0",
   >   "id": 934,
   >   "method": "eth_getTransactionCount",
   >   "params": [
   >     "0xfbf55685dbbf4dafa4a30e9e4a43b93364cb5d82",
   >     "latest"
   >   ],
   >   "internal": true
   > }
[2022/10/18 04:02:41.902] -  <   {
 <     "id": 934,
 <     "jsonrpc": "2.0",
 <     "result": "0x0"
 <   }
[2022/10/18 04:02:41.903] - eth_getBalance
[2022/10/18 04:02:41.904] -    > {
   >   "jsonrpc": "2.0",
   >   "id": 935,
   >   "method": "eth_getBalance",
   >   "params": [
   >     "0x54935bed49d3afdb4862a8eca6ddbcade40a0d19",
   >     "latest"
   >   ],
   >   "internal": true
   > }
[2022/10/18 04:02:41.907] -  <   {
 <     "id": 935,
 <     "jsonrpc": "2.0",
 <     "result": "0x56bc75e2d63100000"
 <   }
[2022/10/18 04:02:41.908] - eth_getTransactionCount
[2022/10/18 04:02:41.909] -    > {
   >   "jsonrpc": "2.0",
   >   "id": 936,
   >   "method": "eth_getTransactionCount",
   >   "params": [
   >     "0x54935bed49d3afdb4862a8eca6ddbcade40a0d19",
   >     "latest"
   >   ],
   >   "internal": true
   > }
[2022/10/18 04:02:41.911] -  <   {
 <     "id": 936,
 <     "jsonrpc": "2.0",
 <     "result": "0x0"
 <   }
[2022/10/18 04:02:41.915] - eth_getBalance
[2022/10/18 04:02:41.916] -    > {
   >   "jsonrpc": "2.0",
   >   "id": 937,
   >   "method": "eth_getBalance",
   >   "params": [
   >     "0x7efc841873ac915c1102fd58de6ab5f063e181bd",
   >     "latest"
   >   ],
   >   "internal": true
   > }
[2022/10/18 04:02:41.923] -  <   {
 <     "id": 937,
 <     "jsonrpc": "2.0",
 <     "result": "0x56bc75e2d63100000"
 <   }
[2022/10/18 04:02:41.924] - eth_getTransactionCount
[2022/10/18 04:02:41.925] -    > {
   >   "jsonrpc": "2.0",
   >   "id": 938,
   >   "method": "eth_getTransactionCount",
   >   "params": [
   >     "0x7efc841873ac915c1102fd58de6ab5f063e181bd",
   >     "latest"
   >   ],
   >   "internal": true
   > }
[2022/10/18 04:02:41.931] -  <   {
 <     "id": 938,
 <     "jsonrpc": "2.0",
 <     "result": "0x0"
 <   }
[2022/10/18 04:02:41.932] - eth_getBalance
[2022/10/18 04:02:41.933] -    > {
   >   "jsonrpc": "2.0",
   >   "id": 939,
   >   "method": "eth_getBalance",
   >   "params": [
   >     "0xb757c1ebf9c1a5237a5980974aeceddfae08d1c8",
   >     "latest"
   >   ],
   >   "internal": true
   > }
[2022/10/18 04:02:41.940] -  <   {
 <     "id": 939,
 <     "jsonrpc": "2.0",
 <     "result": "0x56bc75e2d63100000"
 <   }
[2022/10/18 04:02:41.948] - eth_getTransactionCount
[2022/10/18 04:02:41.949] -    > {
   >   "jsonrpc": "2.0",
   >   "id": 940,
   >   "method": "eth_getTransactionCount",
   >   "params": [
   >     "0xb757c1ebf9c1a5237a5980974aeceddfae08d1c8",
   >     "latest"
   >   ],
   >   "internal": true
   > }
[2022/10/18 04:02:41.950] - eth_getBalance
[2022/10/18 04:02:41.952] -    > {
   >   "jsonrpc": "2.0",
   >   "id": 941,
   >   "method": "eth_getBalance",
   >   "params": [
   >     "0x0399221ea8349b7a3e14335a58156925da938b3c",
   >     "latest"
   >   ],
   >   "internal": true
   > }
[2022/10/18 04:02:41.955] -  <   {
 <     "id": 940,
 <     "jsonrpc": "2.0",
 <     "result": "0x0"
 <   }
[2022/10/18 04:02:41.956] - eth_getTransactionCount
[2022/10/18 04:02:41.957] -    > {
   >   "jsonrpc": "2.0",
   >   "id": 942,
   >   "method": "eth_getTransactionCount",
   >   "params": [
   >     "0x0399221ea8349b7a3e14335a58156925da938b3c",
   >     "latest"
   >   ],
   >   "internal": true
   > }
[2022/10/18 04:02:41.962] -  <   {
 <     "id": 941,
 <     "jsonrpc": "2.0",
 <     "result": "0x56bc75e2d63100000"
 <   }
[2022/10/18 04:02:41.963] - eth_getBalance
[2022/10/18 04:02:41.964] -    > {
   >   "jsonrpc": "2.0",
   >   "id": 943,
   >   "method": "eth_getBalance",
   >   "params": [
   >     "0xaf85536580b6029a72db7842cd16a243902713c8",
   >     "latest"
   >   ],
   >   "internal": true
   > }
[2022/10/18 04:02:41.968] -  <   {
 <     "id": 942,
 <     "jsonrpc": "2.0",
 <     "result": "0x0"
 <   }
[2022/10/18 04:02:41.969] - eth_getTransactionCount
[2022/10/18 04:02:41.970] -    > {
   >   "jsonrpc": "2.0",
   >   "id": 944,
   >   "method": "eth_getTransactionCount",
   >   "params": [
   >     "0xaf85536580b6029a72db7842cd16a243902713c8",
   >     "latest"
   >   ],
   >   "internal": true
   > }
[2022/10/18 04:02:41.972] -  <   {
 <     "id": 943,
 <     "jsonrpc": "2.0",
 <     "result": "0x56bc75e2d63100000"
 <   }
[2022/10/18 04:02:41.978] -  <   {
 <     "id": 944,
 <     "jsonrpc": "2.0",
 <     "result": "0x0"
 <   }
[2022/10/18 04:02:41.980] - eth_getBalance
[2022/10/18 04:02:41.980] -    > {
   >   "jsonrpc": "2.0",
   >   "id": 945,
   >   "method": "eth_getBalance",
   >   "params": [
   >     "0x9432cdeaebafd3c89456d38fe9aa87cc1dd73943",
   >     "latest"
   >   ],
   >   "internal": true
   > }
[2022/10/18 04:02:41.986] -  <   {
 <     "id": 945,
 <     "jsonrpc": "2.0",
 <     "result": "0x56bc75e2d63100000"
 <   }
[2022/10/18 04:02:41.987] - eth_getTransactionCount
[2022/10/18 04:02:41.988] -    > {
   >   "jsonrpc": "2.0",
   >   "id": 946,
   >   "method": "eth_getTransactionCount",
   >   "params": [
   >     "0x9432cdeaebafd3c89456d38fe9aa87cc1dd73943",
   >     "latest"
   >   ],
   >   "internal": true
   > }
[2022/10/18 04:02:41.993] -  <   {
 <     "id": 946,
 <     "jsonrpc": "2.0",
 <     "result": "0x0"
 <   }
[2022/10/18 04:02:41.994] - eth_getBalance
[2022/10/18 04:02:41.995] -    > {
   >   "jsonrpc": "2.0",
   >   "id": 947,
   >   "method": "eth_getBalance",
   >   "params": [
   >     "0x0b8c09f14760d0c68d1b2bc3d24f025d22bba860",
   >     "latest"
   >   ],
   >   "internal": true
   > }
[2022/10/18 04:02:41.999] -  <   {
 <     "id": 947,
 <     "jsonrpc": "2.0",
 <     "result": "0x56bc75e2d63100000"
 <   }
[2022/10/18 04:02:42.001] - eth_getTransactionCount
[2022/10/18 04:02:42.001] -    > {
   >   "jsonrpc": "2.0",
   >   "id": 948,
   >   "method": "eth_getTransactionCount",
   >   "params": [
   >     "0x0b8c09f14760d0c68d1b2bc3d24f025d22bba860",
   >     "latest"
   >   ],
   >   "internal": true
   > }
[2022/10/18 04:02:42.009] -  <   {
 <     "id": 948,
 <     "jsonrpc": "2.0",
 <     "result": "0x0"
 <   }
[2022/10/18 04:02:42.010] - eth_getBalance
[2022/10/18 04:02:42.010] -    > {
   >   "jsonrpc": "2.0",
   >   "id": 949,
   >   "method": "eth_getBalance",
   >   "params": [
   >     "0x6ab68af0d5b7d57ae7ce20978bfdee11283f34fa",
   >     "latest"
   >   ],
   >   "internal": true
   > }
[2022/10/18 04:02:42.013] -  <   {
 <     "id": 949,
 <     "jsonrpc": "2.0",
 <     "result": "0x56bc75e2d63100000"
 <   }
[2022/10/18 04:02:42.014] - eth_getTransactionCount
[2022/10/18 04:02:42.015] -    > {
   >   "jsonrpc": "2.0",
   >   "id": 950,
   >   "method": "eth_getTransactionCount",
   >   "params": [
   >     "0x6ab68af0d5b7d57ae7ce20978bfdee11283f34fa",
   >     "latest"
   >   ],
   >   "internal": true
   > }
[2022/10/18 04:02:42.031] -  <   {
 <     "id": 950,
 <     "jsonrpc": "2.0",
 <     "result": "0x0"
 <   }
[2022/10/18 04:02:42.122] - eth_getBalance
[2022/10/18 04:02:42.123] -    > {
   >   "jsonrpc": "2.0",
   >   "id": 953,
   >   "method": "eth_getBalance",
   >   "params": [
   >     "0xfbf55685dbbf4dafa4a30e9e4a43b93364cb5d82",
   >     "latest"
   >   ],
   >   "internal": true
   > }
[2022/10/18 04:02:42.128] -  <   {
 <     "id": 953,
 <     "jsonrpc": "2.0",
 <     "result": "0x56bc75e2d63100000"
 <   }
[2022/10/18 04:02:42.129] - eth_getTransactionCount
[2022/10/18 04:02:42.130] -    > {
   >   "jsonrpc": "2.0",
   >   "id": 954,
   >   "method": "eth_getTransactionCount",
   >   "params": [
   >     "0xfbf55685dbbf4dafa4a30e9e4a43b93364cb5d82",
   >     "latest"
   >   ],
   >   "internal": true
   > }
[2022/10/18 04:02:42.135] -  <   {
 <     "id": 954,
 <     "jsonrpc": "2.0",
 <     "result": "0x0"
 <   }
[2022/10/18 04:02:42.136] - eth_getBalance
[2022/10/18 04:02:42.136] -    > {
   >   "jsonrpc": "2.0",
   >   "id": 955,
   >   "method": "eth_getBalance",
   >   "params": [
   >     "0x54935bed49d3afdb4862a8eca6ddbcade40a0d19",
   >     "latest"
   >   ],
   >   "internal": true
   > }
[2022/10/18 04:02:42.141] -  <   {
 <     "id": 955,
 <     "jsonrpc": "2.0",
 <     "result": "0x56bc75e2d63100000"
 <   }
[2022/10/18 04:02:42.143] - eth_getTransactionCount
[2022/10/18 04:02:42.144] -    > {
   >   "jsonrpc": "2.0",
   >   "id": 956,
   >   "method": "eth_getTransactionCount",
   >   "params": [
   >     "0x54935bed49d3afdb4862a8eca6ddbcade40a0d19",
   >     "latest"
   >   ],
   >   "internal": true
   > }
[2022/10/18 04:02:42.146] -  <   {
 <     "id": 956,
 <     "jsonrpc": "2.0",
 <     "result": "0x0"
 <   }
[2022/10/18 04:02:42.146] - eth_getBalance
[2022/10/18 04:02:42.147] -    > {
   >   "jsonrpc": "2.0",
   >   "id": 957,
   >   "method": "eth_getBalance",
   >   "params": [
   >     "0x7efc841873ac915c1102fd58de6ab5f063e181bd",
   >     "latest"
   >   ],
   >   "internal": true
   > }
[2022/10/18 04:02:42.153] -  <   {
 <     "id": 957,
 <     "jsonrpc": "2.0",
 <     "result": "0x56bc75e2d63100000"
 <   }
[2022/10/18 04:02:42.154] - eth_getTransactionCount
[2022/10/18 04:02:42.154] -    > {
   >   "jsonrpc": "2.0",
   >   "id": 958,
   >   "method": "eth_getTransactionCount",
   >   "params": [
   >     "0x7efc841873ac915c1102fd58de6ab5f063e181bd",
   >     "latest"
   >   ],
   >   "internal": true
   > }
[2022/10/18 04:02:42.158] -  <   {
 <     "id": 958,
 <     "jsonrpc": "2.0",
 <     "result": "0x0"
 <   }
[2022/10/18 04:02:42.159] - eth_getBalance
[2022/10/18 04:02:42.159] -    > {
   >   "jsonrpc": "2.0",
   >   "id": 959,
   >   "method": "eth_getBalance",
   >   "params": [
   >     "0xb757c1ebf9c1a5237a5980974aeceddfae08d1c8",
   >     "latest"
   >   ],
   >   "internal": true
   > }
[2022/10/18 04:02:42.163] -  <   {
 <     "id": 959,
 <     "jsonrpc": "2.0",
 <     "result": "0x56bc75e2d63100000"
 <   }
[2022/10/18 04:02:42.164] - eth_getTransactionCount
[2022/10/18 04:02:42.164] -    > {
   >   "jsonrpc": "2.0",
   >   "id": 960,
   >   "method": "eth_getTransactionCount",
   >   "params": [
   >     "0xb757c1ebf9c1a5237a5980974aeceddfae08d1c8",
   >     "latest"
   >   ],
   >   "internal": true
   > }
[2022/10/18 04:02:42.168] -  <   {
 <     "id": 960,
 <     "jsonrpc": "2.0",
 <     "result": "0x0"
 <   }
[2022/10/18 04:02:42.169] - eth_getBalance
[2022/10/18 04:02:42.170] -    > {
   >   "jsonrpc": "2.0",
   >   "id": 961,
   >   "method": "eth_getBalance",
   >   "params": [
   >     "0x0399221ea8349b7a3e14335a58156925da938b3c",
   >     "latest"
   >   ],
   >   "internal": true
   > }
[2022/10/18 04:02:42.174] -  <   {
 <     "id": 961,
 <     "jsonrpc": "2.0",
 <     "result": "0x56bc75e2d63100000"
 <   }
[2022/10/18 04:02:42.175] - eth_getTransactionCount
[2022/10/18 04:02:42.175] -    > {
   >   "jsonrpc": "2.0",
   >   "id": 962,
   >   "method": "eth_getTransactionCount",
   >   "params": [
   >     "0x0399221ea8349b7a3e14335a58156925da938b3c",
   >     "latest"
   >   ],
   >   "internal": true
   > }
[2022/10/18 04:02:42.179] -  <   {
 <     "id": 962,
 <     "jsonrpc": "2.0",
 <     "result": "0x0"
 <   }
[2022/10/18 04:02:42.180] - eth_getBalance
[2022/10/18 04:02:42.180] -    > {
   >   "jsonrpc": "2.0",
   >   "id": 963,
   >   "method": "eth_getBalance",
   >   "params": [
   >     "0xaf85536580b6029a72db7842cd16a243902713c8",
   >     "latest"
   >   ],
   >   "internal": true
   > }
[2022/10/18 04:02:42.185] -  <   {
 <     "id": 963,
 <     "jsonrpc": "2.0",
 <     "result": "0x56bc75e2d63100000"
 <   }
[2022/10/18 04:02:42.185] - eth_getTransactionCount
[2022/10/18 04:02:42.186] -    > {
   >   "jsonrpc": "2.0",
   >   "id": 964,
   >   "method": "eth_getTransactionCount",
   >   "params": [
   >     "0xaf85536580b6029a72db7842cd16a243902713c8",
   >     "latest"
   >   ],
   >   "internal": true
   > }
[2022/10/18 04:02:42.190] -  <   {
 <     "id": 964,
 <     "jsonrpc": "2.0",
 <     "result": "0x0"
 <   }
[2022/10/18 04:02:42.190] - eth_getBalance
[2022/10/18 04:02:42.191] -    > {
   >   "jsonrpc": "2.0",
   >   "id": 965,
   >   "method": "eth_getBalance",
   >   "params": [
   >     "0x9432cdeaebafd3c89456d38fe9aa87cc1dd73943",
   >     "latest"
   >   ],
   >   "internal": true
   > }
[2022/10/18 04:02:42.196] -  <   {
 <     "id": 965,
 <     "jsonrpc": "2.0",
 <     "result": "0x56bc75e2d63100000"
 <   }
[2022/10/18 04:02:42.197] - eth_getTransactionCount
[2022/10/18 04:02:42.198] -    > {
   >   "jsonrpc": "2.0",
   >   "id": 966,
   >   "method": "eth_getTransactionCount",
   >   "params": [
   >     "0x9432cdeaebafd3c89456d38fe9aa87cc1dd73943",
   >     "latest"
   >   ],
   >   "internal": true
   > }
[2022/10/18 04:02:42.203] -  <   {
 <     "id": 966,
 <     "jsonrpc": "2.0",
 <     "result": "0x0"
 <   }
[2022/10/18 04:02:42.204] - eth_getBalance
[2022/10/18 04:02:42.205] -    > {
   >   "jsonrpc": "2.0",
   >   "id": 967,
   >   "method": "eth_getBalance",
   >   "params": [
   >     "0x0b8c09f14760d0c68d1b2bc3d24f025d22bba860",
   >     "latest"
   >   ],
   >   "internal": true
   > }
[2022/10/18 04:02:42.210] -  <   {
 <     "id": 967,
 <     "jsonrpc": "2.0",
 <     "result": "0x56bc75e2d63100000"
 <   }
[2022/10/18 04:02:42.211] - eth_getTransactionCount
[2022/10/18 04:02:42.212] -    > {
   >   "jsonrpc": "2.0",
   >   "id": 968,
   >   "method": "eth_getTransactionCount",
   >   "params": [
   >     "0x0b8c09f14760d0c68d1b2bc3d24f025d22bba860",
   >     "latest"
   >   ],
   >   "internal": true
   > }
[2022/10/18 04:02:42.215] -  <   {
 <     "id": 968,
 <     "jsonrpc": "2.0",
 <     "result": "0x0"
 <   }
[2022/10/18 04:02:42.216] - eth_getBalance
[2022/10/18 04:02:42.217] -    > {
   >   "jsonrpc": "2.0",
   >   "id": 969,
   >   "method": "eth_getBalance",
   >   "params": [
   >     "0x6ab68af0d5b7d57ae7ce20978bfdee11283f34fa",
   >     "latest"
   >   ],
   >   "internal": true
   > }
[2022/10/18 04:02:42.221] -  <   {
 <     "id": 969,
 <     "jsonrpc": "2.0",
 <     "result": "0x56bc75e2d63100000"
 <   }
[2022/10/18 04:02:42.222] - eth_getTransactionCount
[2022/10/18 04:02:42.222] -    > {
   >   "jsonrpc": "2.0",
   >   "id": 970,
   >   "method": "eth_getTransactionCount",
   >   "params": [
   >     "0x6ab68af0d5b7d57ae7ce20978bfdee11283f34fa",
   >     "latest"
   >   ],
   >   "internal": true
   > }
[2022/10/18 04:02:42.233] -  <   {
 <     "id": 970,
 <     "jsonrpc": "2.0",
 <     "result": "0x0"
 <   }
[2022/10/18 04:11:29.508] - eth_getBlockByNumber
[2022/10/18 04:11:29.511] -    > {
   >   "jsonrpc": "2.0",
   >   "id": 971,
   >   "method": "eth_getBlockByNumber",
   >   "params": [
   >     "0x0",
   >     false
   >   ],
   >   "internal": true
   > }
[2022/10/18 04:11:29.521] -  <   {
 <     "id": 971,
 <     "jsonrpc": "2.0",
 <     "result": {
 <       "number": "0x0",
 <       "hash": "0x3d873d00acf87842d9b7fde78a50c08e3fa8b063772a7f38e506f5cc95c69318",
 <       "parentHash": "0x0000000000000000000000000000000000000000000000000000000000000000",
 <       "mixHash": "0x0000000000000000000000000000000000000000000000000000000000000000",
 <       "nonce": "0x0000000000000000",
 <       "sha3Uncles": "0x1dcc4de8dec75d7aab85b567b6ccd41ad312451b948a7413f0a142fd40d49347",
 <       "logsBloom": "0x00000000000000000000000000000000000000000000000000000000000000000000000000000000000000000000000000000000000000000000000000000000000000000000000000000000000000000000000000000000000000000000000000000000000000000000000000000000000000000000000000000000000000000000000000000000000000000000000000000000000000000000000000000000000000000000000000000000000000000000000000000000000000000000000000000000000000000000000000000000000000000000000000000000000000000000000000000000000000000000000000000000000000000000000000000000",
 <       "transactionsRoot": "0x56e81f171bcc55a6ff8345e692c0f86e5b48e01b996cadc001622fb5e363b421",
 <       "stateRoot": "0xdf5af15a2dd06b4c12d20f876f7882dfb365e885931530f606c03afab8ccb071",
 <       "receiptsRoot": "0x56e81f171bcc55a6ff8345e692c0f86e5b48e01b996cadc001622fb5e363b421",
 <       "miner": "0x0000000000000000000000000000000000000000",
 <       "difficulty": "0x0",
 <       "totalDifficulty": "0x0",
 <       "extraData": "0x",
 <       "size": "0x3e8",
 <       "gasLimit": "0x6691b7",
 <       "gasUsed": "0x0",
 <       "timestamp": "0x634deb84",
 <       "transactions": [],
 <       "uncles": []
 <     }
 <   }
[2022/10/18 04:11:29.547] - eth_getBlockTransactionCountByHash
[2022/10/18 04:11:29.548] -    > {
   >   "jsonrpc": "2.0",
   >   "id": 972,
   >   "method": "eth_getBlockTransactionCountByHash",
   >   "params": [
   >     "0x3d873d00acf87842d9b7fde78a50c08e3fa8b063772a7f38e506f5cc95c69318"
   >   ],
   >   "internal": true
   > }
[2022/10/18 04:11:29.569] -  <   {
 <     "id": 972,
 <     "jsonrpc": "2.0",
 <     "result": "0x0"
 <   }
[2022/10/18 04:11:29.586] - eth_getBlockByNumber
[2022/10/18 04:11:29.587] -    > {
   >   "jsonrpc": "2.0",
   >   "id": 973,
   >   "method": "eth_getBlockByNumber",
   >   "params": [
   >     "0x1",
   >     false
   >   ],
   >   "internal": true
   > }
[2022/10/18 04:11:29.600] -  <   {
 <     "id": 973,
 <     "jsonrpc": "2.0",
 <     "result": {
 <       "number": "0x1",
 <       "hash": "0xe8b1b6daf5f09b9e8e3801cf27821e41e6a02e5da9faa4198a922fc8adb0fbb4",
 <       "parentHash": "0x3d873d00acf87842d9b7fde78a50c08e3fa8b063772a7f38e506f5cc95c69318",
 <       "mixHash": "0x0000000000000000000000000000000000000000000000000000000000000000",
 <       "nonce": "0x0000000000000000",
 <       "sha3Uncles": "0x1dcc4de8dec75d7aab85b567b6ccd41ad312451b948a7413f0a142fd40d49347",
 <       "logsBloom": "0x00000000000000000000000000000000000000000000000000000000000000000000000000000000000000000000000000000000000000000000000000000000000000000000000000000000000000000000000000000000000000000000000000000000000000000000000000000000000000000000000000000000000000000000000000000000000000000000000000000000000000000000000000000000000000000000000000000000000000000000000000000000000000000000000000000000000000000000000000000000000000000000000000000000000000000000000000000000000000000000000000000000000000000000000000000000",
 <       "transactionsRoot": "0xe93fef2b42f87392190c5157e7d9a73f36b1efa455d312114dc781077585b809",
 <       "stateRoot": "0xf17169423bd5bdb298f8df8776601791d5357064e3acc876f5c236ffe8ffc973",
 <       "receiptsRoot": "0x42c1419dc24443c4f7b82ff6bff9fd2bac801fe86ea7bc520737a23d41ea9baf",
 <       "miner": "0x0000000000000000000000000000000000000000",
 <       "difficulty": "0x0",
 <       "totalDifficulty": "0x0",
 <       "extraData": "0x",
 <       "size": "0x3e8",
 <       "gasLimit": "0x6691b7",
 <       "gasUsed": "0x1ead5",
 <       "timestamp": "0x634df89d",
 <       "transactions": [
 <         "0x7a42a46d3043089ae734841da1386fa732e157f296495f2a0b12f7938ea1bedc"
 <       ],
 <       "uncles": []
 <     }
 <   }
[2022/10/18 04:11:29.615] - eth_getBlockTransactionCountByHash
[2022/10/18 04:11:29.616] -    > {
   >   "jsonrpc": "2.0",
   >   "id": 974,
   >   "method": "eth_getBlockTransactionCountByHash",
   >   "params": [
   >     "0xe8b1b6daf5f09b9e8e3801cf27821e41e6a02e5da9faa4198a922fc8adb0fbb4"
   >   ],
   >   "internal": true
   > }
[2022/10/18 04:11:29.631] -  <   {
 <     "id": 974,
 <     "jsonrpc": "2.0",
 <     "result": "0x1"
 <   }
[2022/10/18 04:11:29.647] - eth_getBlockByNumber
[2022/10/18 04:11:29.647] -    > {
   >   "jsonrpc": "2.0",
   >   "id": 975,
   >   "method": "eth_getBlockByNumber",
   >   "params": [
   >     "0x2",
   >     false
   >   ],
   >   "internal": true
   > }
[2022/10/18 04:11:29.661] -  <   {
 <     "id": 975,
 <     "jsonrpc": "2.0",
 <     "result": {
 <       "number": "0x2",
 <       "hash": "0x513df3462ec2b7c8b32ede887ad7d65917b088a36e18bc62362fda622cd54a70",
 <       "parentHash": "0xe8b1b6daf5f09b9e8e3801cf27821e41e6a02e5da9faa4198a922fc8adb0fbb4",
 <       "mixHash": "0x0000000000000000000000000000000000000000000000000000000000000000",
 <       "nonce": "0x0000000000000000",
 <       "sha3Uncles": "0x1dcc4de8dec75d7aab85b567b6ccd41ad312451b948a7413f0a142fd40d49347",
 <       "logsBloom": "0x00000000000000000000000000000000000000000000000000000000000000000000000000000000000000000000000000000000000000000000000000000000000000000000000000000000000000000000000000000000000000000000000000000000000000000000000000000000000000000000000000000000000000000000000000000000000000000000000000000000000000000000000000000000000000000000000000000000000000000000000000000000000000000000000000000000000000000000000000000000000000000000000000000000000000000000000000000000000000000000000000000000000000000000000000000000",
 <       "transactionsRoot": "0xd0ab923ca12518ef1b160354bd23afe1fcf772c2e1af70219201d84e8d6c68b2",
 <       "stateRoot": "0xc5838d353dde8805027f8683b3dfb50978ef2e9f960ff7850fee92ed5ba1be69",
 <       "receiptsRoot": "0x42c1419dc24443c4f7b82ff6bff9fd2bac801fe86ea7bc520737a23d41ea9baf",
 <       "miner": "0x0000000000000000000000000000000000000000",
 <       "difficulty": "0x0",
 <       "totalDifficulty": "0x0",
 <       "extraData": "0x",
 <       "size": "0x3e8",
 <       "gasLimit": "0x6691b7",
 <       "gasUsed": "0x1ead5",
 <       "timestamp": "0x634df9c2",
 <       "transactions": [
 <         "0x484501c2d56507933e4dfc8909da6106f9336eca98f4666e1f2b6923cdffcdc7"
 <       ],
 <       "uncles": []
 <     }
 <   }
[2022/10/18 04:11:29.676] - eth_getBlockTransactionCountByHash
[2022/10/18 04:11:29.677] -    > {
   >   "jsonrpc": "2.0",
   >   "id": 976,
   >   "method": "eth_getBlockTransactionCountByHash",
   >   "params": [
   >     "0x513df3462ec2b7c8b32ede887ad7d65917b088a36e18bc62362fda622cd54a70"
   >   ],
   >   "internal": true
   > }
[2022/10/18 04:11:29.693] -  <   {
 <     "id": 976,
 <     "jsonrpc": "2.0",
 <     "result": "0x1"
 <   }
[2022/10/18 04:11:34.962] - eth_unsubscribe
[2022/10/18 04:11:34.963] -    > {
   >   "jsonrpc": "2.0",
   >   "id": 84,
   >   "method": "eth_unsubscribe",
   >   "params": [
   >     "0x3"
   >   ]
   > }
[2022/10/18 04:11:34.964] - eth_unsubscribe
[2022/10/18 04:11:34.965] -    > {
   >   "jsonrpc": "2.0",
   >   "id": 85,
   >   "method": "eth_unsubscribe",
   >   "params": [
   >     "0x4"
   >   ]
   > }
[2022/10/18 04:11:34.967] -  <   {
 <     "id": 84,
 <     "jsonrpc": "2.0",
 <     "result": true
 <   }
[2022/10/18 04:11:34.970] -    > {
   >   "jsonrpc": "2.0",
   >   "method": "eth_unsubscribe",
   >   "params": [
   >     "0x5"
   >   ],
   >   "id": 1666055494970
   > }
[2022/10/18 04:11:34.972] -    > {
   >   "jsonrpc": "2.0",
   >   "method": "eth_unsubscribe",
   >   "params": [
   >     "0x4"
   >   ],
   >   "id": 1666055494971
   > }
[2022/10/18 04:11:34.973] -    > {
   >   "jsonrpc": "2.0",
   >   "method": "eth_unsubscribe",
   >   "params": [
   >     "0x6"
   >   ],
   >   "id": 1666055494972
   > }
[2022/10/18 04:11:34.974] -    > {
   >   "jsonrpc": "2.0",
   >   "method": "eth_unsubscribe",
   >   "params": [
   >     "0x1"
   >   ],
   >   "id": 1666055494974
   > }
[2022/10/18 04:11:34.975] -    > {
   >   "jsonrpc": "2.0",
   >   "method": "eth_unsubscribe",
   >   "params": [
   >     "0x2"
   >   ],
   >   "id": 1666055494975
   > }
[2022/10/18 04:11:34.976] -  <   {
 <     "id": 85,
 <     "jsonrpc": "2.0",
 <     "result": true
 <   }
[2022/10/18 04:11:34.987] -  <   {
 <     "id": 1666055494970,
 <     "jsonrpc": "2.0",
 <     "result": true
 <   }
[2022/10/18 04:11:35.004] -  <   {
 <     "id": 1666055494971,
 <     "jsonrpc": "2.0",
 <     "error": {
 <       "message": "Subscription ID 0x4 not found.",
 <       "code": -32000,
 <       "data": {
 <         "stack": "Error: Subscription ID 0x4 not found.\n    at SubscriptionSubprovider.eth_unsubscribe (C:\\Program Files\\WindowsApps\\GanacheUI_2.5.4.0_x64__5dg5pnz03psnj\\app\\resources\\static\\node\\node_modules\\ganache-core\\node_modules\\web3-provider-engine\\subproviders\\subscriptions.js:78:8)\n    at SubscriptionSubprovider.handleRequest (C:\\Program Files\\WindowsApps\\GanacheUI_2.5.4.0_x64__5dg5pnz03psnj\\app\\resources\\static\\node\\node_modules\\ganache-core\\node_modules\\web3-provider-engine\\subproviders\\subscriptions.js:134:12)\n    at next (C:\\Program Files\\WindowsApps\\GanacheUI_2.5.4.0_x64__5dg5pnz03psnj\\app\\resources\\static\\node\\node_modules\\ganache-core\\node_modules\\web3-provider-engine\\index.js:136:18)\n    at DelayedBlockFilter.handleRequest (C:\\Program Files\\WindowsApps\\GanacheUI_2.5.4.0_x64__5dg5pnz03psnj\\app\\resources\\static\\node\\node_modules\\ganache-core\\lib\\subproviders\\delayedblockfilter.js:31:3)\n    at next (C:\\Program Files\\WindowsApps\\GanacheUI_2.5.4.0_x64__5dg5pnz03psnj\\app\\resources\\static\\node\\node_modules\\ganache-core\\node_modules\\web3-provider-engine\\index.js:136:18)\n    at RequestFunnel.handleRequest (C:\\Program Files\\WindowsApps\\GanacheUI_2.5.4.0_x64__5dg5pnz03psnj\\app\\resources\\static\\node\\node_modules\\ganache-core\\lib\\subproviders\\requestfunnel.js:32:12)\n    at next (C:\\Program Files\\WindowsApps\\GanacheUI_2.5.4.0_x64__5dg5pnz03psnj\\app\\resources\\static\\node\\node_modules\\ganache-core\\node_modules\\web3-provider-engine\\index.js:136:18)\n    at Web3ProviderEngine._handleAsync (C:\\Program Files\\WindowsApps\\GanacheUI_2.5.4.0_x64__5dg5pnz03psnj\\app\\resources\\static\\node\\node_modules\\ganache-core\\node_modules\\web3-provider-engine\\index.js:123:3)\n    at Timeout._onTimeout (C:\\Program Files\\WindowsApps\\GanacheUI_2.5.4.0_x64__5dg5pnz03psnj\\app\\resources\\static\\node\\node_modules\\ganache-core\\node_modules\\web3-provider-engine\\index.js:107:12)\n    at listOnTimeout (internal/timers.js:531:17)\n    at processTimers (internal/timers.js:475:7)",
 <         "name": "Error"
 <       }
 <     }
 <   }
[2022/10/18 04:11:35.018] -  <   {
 <     "id": 1666055494972,
 <     "jsonrpc": "2.0",
 <     "result": true
 <   }
[2022/10/18 04:11:35.035] -  <   {
 <     "id": 1666055494974,
 <     "jsonrpc": "2.0",
 <     "result": true
 <   }
[2022/10/18 04:11:35.050] -  <   {
 <     "id": 1666055494975,
 <     "jsonrpc": "2.0",
 <     "result": true
 <   }
