[2022/10/18 04:15:44.179] - Starting server with initial configuration: {"gasLimit":6721975,"gasPrice":20000000000,"hardfork":"muirGlacier","hostname":"127.0.0.1","port":7545,"network_id":5777,"default_balance_ether":100,"total_accounts":10,"unlocked_accounts":[],"locked":false,"vmErrorsOnRPCResponse":true,"verbose":true,"db_path":"C:\\Users\\dikby\\AppData\\Roaming\\Ganache\\workspaces\\e-vote-aku-dapp\\chaindata","logDirectory":"C:\\Users\\dikby\\GitHub\\e-vote-aku-dapp\\truffle\\log-ganache"}
[2022/10/18 04:15:44.290] - eth_getCode
[2022/10/18 04:15:44.291] -    > {
   >   "jsonrpc": "2.0",
   >   "id": 98,
   >   "method": "eth_getCode",
   >   "params": [
   >     "0xf7c6b8cde6385e9d7ec75621ba4954c8a59a5eb6",
   >     "latest"
   >   ]
   > }
[2022/10/18 04:15:44.294] - eth_subscribe
[2022/10/18 04:15:44.295] -    > {
   >   "jsonrpc": "2.0",
   >   "id": 95,
   >   "method": "eth_subscribe",
   >   "params": [
   >     "newHeads"
   >   ]
   > }
[2022/10/18 04:15:44.295] - eth_getLogs
[2022/10/18 04:15:44.296] -    > {
   >   "jsonrpc": "2.0",
   >   "id": 96,
   >   "method": "eth_getLogs",
   >   "params": [
   >     {
   >       "topics": []
   >     }
   >   ]
   > }
[2022/10/18 04:15:44.298] - eth_subscribe
[2022/10/18 04:15:44.299] -    > {
   >   "jsonrpc": "2.0",
   >   "id": 97,
   >   "method": "eth_subscribe",
   >   "params": [
   >     "logs",
   >     {
   >       "topics": []
   >     }
   >   ]
   > }
[2022/10/18 04:15:44.306] -  <   {
 <     "id": 98,
 <     "jsonrpc": "2.0",
 <     "result": "0x"
 <   }
[2022/10/18 04:15:44.309] -  <   {
 <     "id": 95,
 <     "jsonrpc": "2.0",
 <     "result": "0x1"
 <   }
[2022/10/18 04:15:44.311] - eth_getCode
[2022/10/18 04:15:44.312] -    > {
   >   "jsonrpc": "2.0",
   >   "id": 99,
   >   "method": "eth_getCode",
   >   "params": [
   >     "0xc5d0134e5a11da109eff467fb68f7f08cd922dc6",
   >     "latest"
   >   ]
   > }
[2022/10/18 04:15:44.316] -  <   {
 <     "id": 96,
 <     "jsonrpc": "2.0",
 <     "result": []
 <   }
[2022/10/18 04:15:44.320] -  <   {
 <     "id": 97,
 <     "jsonrpc": "2.0",
 <     "result": "0x2"
 <   }
[2022/10/18 04:15:44.324] -  <   {
 <     "id": 99,
 <     "jsonrpc": "2.0",
 <     "result": "0x"
 <   }
[2022/10/18 04:15:44.399] - eth_subscribe
[2022/10/18 04:15:44.400] -    > {
   >   "jsonrpc": "2.0",
   >   "id": 100,
   >   "method": "eth_subscribe",
   >   "params": [
   >     "newHeads"
   >   ]
   > }
[2022/10/18 04:15:44.401] - eth_getLogs
[2022/10/18 04:15:44.402] -    > {
   >   "jsonrpc": "2.0",
   >   "id": 101,
   >   "method": "eth_getLogs",
   >   "params": [
   >     {
   >       "topics": []
   >     }
   >   ]
   > }
[2022/10/18 04:15:44.402] - eth_subscribe
[2022/10/18 04:15:44.403] -    > {
   >   "jsonrpc": "2.0",
   >   "id": 102,
   >   "method": "eth_subscribe",
   >   "params": [
   >     "logs",
   >     {
   >       "topics": []
   >     }
   >   ]
   > }
[2022/10/18 04:15:44.404] -  <   {
 <     "id": 100,
 <     "jsonrpc": "2.0",
 <     "result": "0x3"
 <   }
[2022/10/18 04:15:44.415] -  <   {
 <     "id": 101,
 <     "jsonrpc": "2.0",
 <     "result": []
 <   }
[2022/10/18 04:15:44.418] -  <   {
 <     "id": 102,
 <     "jsonrpc": "2.0",
 <     "result": "0x4"
 <   }
[2022/10/18 04:15:44.543] - eth_blockNumber
[2022/10/18 04:15:44.544] -    > {
   >   "jsonrpc": "2.0",
   >   "id": 1076,
   >   "method": "eth_blockNumber",
   >   "params": [],
   >   "internal": true
   > }
[2022/10/18 04:15:44.545] - eth_accounts
[2022/10/18 04:15:44.546] -    > {
   >   "jsonrpc": "2.0",
   >   "id": 1077,
   >   "method": "eth_accounts",
   >   "params": [],
   >   "internal": true
   > }
[2022/10/18 04:15:44.547] - eth_blockNumber
[2022/10/18 04:15:44.547] -    > {
   >   "jsonrpc": "2.0",
   >   "id": 1071,
   >   "method": "eth_blockNumber",
   >   "params": [],
   >   "internal": true
   > }
[2022/10/18 04:15:44.548] - eth_gasPrice
[2022/10/18 04:15:44.549] -    > {
   >   "jsonrpc": "2.0",
   >   "id": 1078,
   >   "method": "eth_gasPrice",
   >   "params": [],
   >   "internal": true
   > }
[2022/10/18 04:15:44.550] - eth_accounts
[2022/10/18 04:15:44.550] -    > {
   >   "jsonrpc": "2.0",
   >   "id": 1072,
   >   "method": "eth_accounts",
   >   "params": [],
   >   "internal": true
   > }
[2022/10/18 04:15:44.551] -  <   {
 <     "id": 1076,
 <     "jsonrpc": "2.0",
 <     "result": "0x2"
 <   }
[2022/10/18 04:15:44.552] - eth_getBlockByNumber
[2022/10/18 04:15:44.552] -    > {
   >   "jsonrpc": "2.0",
   >   "id": 1079,
   >   "method": "eth_getBlockByNumber",
   >   "params": [
   >     "latest",
   >     false
   >   ],
   >   "internal": true
   > }
[2022/10/18 04:15:44.553] - eth_gasPrice
[2022/10/18 04:15:44.553] -    > {
   >   "jsonrpc": "2.0",
   >   "id": 1073,
   >   "method": "eth_gasPrice",
   >   "params": [],
   >   "internal": true
   > }
[2022/10/18 04:15:44.554] -  <   {
 <     "id": 1077,
 <     "jsonrpc": "2.0",
 <     "result": [
 <       "0x9086b277b07117347539a47834a347cec29579ad",
 <       "0xfbf55685dbbf4dafa4a30e9e4a43b93364cb5d82",
 <       "0x54935bed49d3afdb4862a8eca6ddbcade40a0d19",
 <       "0x7efc841873ac915c1102fd58de6ab5f063e181bd",
 <       "0xb757c1ebf9c1a5237a5980974aeceddfae08d1c8",
 <       "0x0399221ea8349b7a3e14335a58156925da938b3c",
 <       "0xaf85536580b6029a72db7842cd16a243902713c8",
 <       "0x9432cdeaebafd3c89456d38fe9aa87cc1dd73943",
 <       "0x0b8c09f14760d0c68d1b2bc3d24f025d22bba860",
 <       "0x6ab68af0d5b7d57ae7ce20978bfdee11283f34fa"
 <     ]
 <   }
[2022/10/18 04:15:44.555] - eth_subscribe
[2022/10/18 04:15:44.556] -    > {
   >   "jsonrpc": "2.0",
   >   "id": 1080,
   >   "method": "eth_subscribe",
   >   "params": [
   >     "newHeads"
   >   ],
   >   "internal": true
   > }
[2022/10/18 04:15:44.557] - eth_getBlockByNumber
[2022/10/18 04:15:44.557] -    > {
   >   "jsonrpc": "2.0",
   >   "id": 1074,
   >   "method": "eth_getBlockByNumber",
   >   "params": [
   >     "latest",
   >     false
   >   ],
   >   "internal": true
   > }
[2022/10/18 04:15:44.558] -  <   {
 <     "id": 1071,
 <     "jsonrpc": "2.0",
 <     "result": "0x2"
 <   }
[2022/10/18 04:15:44.559] - eth_subscribe
[2022/10/18 04:15:44.560] -    > {
   >   "jsonrpc": "2.0",
   >   "id": 1075,
   >   "method": "eth_subscribe",
   >   "params": [
   >     "newHeads"
   >   ],
   >   "internal": true
   > }
[2022/10/18 04:15:44.560] -  <   {
 <     "id": 1078,
 <     "jsonrpc": "2.0",
 <     "result": "0x4a817c800"
 <   }
[2022/10/18 04:15:44.571] -  <   {
 <     "id": 1072,
 <     "jsonrpc": "2.0",
 <     "result": [
 <       "0x9086b277b07117347539a47834a347cec29579ad",
 <       "0xfbf55685dbbf4dafa4a30e9e4a43b93364cb5d82",
 <       "0x54935bed49d3afdb4862a8eca6ddbcade40a0d19",
 <       "0x7efc841873ac915c1102fd58de6ab5f063e181bd",
 <       "0xb757c1ebf9c1a5237a5980974aeceddfae08d1c8",
 <       "0x0399221ea8349b7a3e14335a58156925da938b3c",
 <       "0xaf85536580b6029a72db7842cd16a243902713c8",
 <       "0x9432cdeaebafd3c89456d38fe9aa87cc1dd73943",
 <       "0x0b8c09f14760d0c68d1b2bc3d24f025d22bba860",
 <       "0x6ab68af0d5b7d57ae7ce20978bfdee11283f34fa"
 <     ]
 <   }
[2022/10/18 04:15:44.588] -  <   {
 <     "id": 1079,
 <     "jsonrpc": "2.0",
 <     "result": {
 <       "number": "0x2",
 <       "hash": "0x513df3462ec2b7c8b32ede887ad7d65917b088a36e18bc62362fda622cd54a70",
 <       "parentHash": "0xe8b1b6daf5f09b9e8e3801cf27821e41e6a02e5da9faa4198a922fc8adb0fbb4",
 <       "mixHash": "0x0000000000000000000000000000000000000000000000000000000000000000",
 <       "nonce": "0x0000000000000000",
 <       "sha3Uncles": "0x1dcc4de8dec75d7aab85b567b6ccd41ad312451b948a7413f0a142fd40d49347",
 <       "logsBloom": "0x00000000000000000000000000000000000000000000000000000000000000000000000000000000000000000000000000000000000000000000000000000000000000000000000000000000000000000000000000000000000000000000000000000000000000000000000000000000000000000000000000000000000000000000000000000000000000000000000000000000000000000000000000000000000000000000000000000000000000000000000000000000000000000000000000000000000000000000000000000000000000000000000000000000000000000000000000000000000000000000000000000000000000000000000000000000",
 <       "transactionsRoot": "0xd0ab923ca12518ef1b160354bd23afe1fcf772c2e1af70219201d84e8d6c68b2",
 <       "stateRoot": "0xc5838d353dde8805027f8683b3dfb50978ef2e9f960ff7850fee92ed5ba1be69",
 <       "receiptsRoot": "0x42c1419dc24443c4f7b82ff6bff9fd2bac801fe86ea7bc520737a23d41ea9baf",
 <       "miner": "0x0000000000000000000000000000000000000000",
 <       "difficulty": "0x0",
 <       "totalDifficulty": "0x0",
 <       "extraData": "0x",
 <       "size": "0x3e8",
 <       "gasLimit": "0x6691b7",
 <       "gasUsed": "0x1ead5",
 <       "timestamp": "0x634df9c2",
 <       "transactions": [
 <         "0x484501c2d56507933e4dfc8909da6106f9336eca98f4666e1f2b6923cdffcdc7"
 <       ],
 <       "uncles": []
 <     }
 <   }
[2022/10/18 04:15:44.593] -  <   {
 <     "id": 1073,
 <     "jsonrpc": "2.0",
 <     "result": "0x4a817c800"
 <   }
[2022/10/18 04:15:44.594] - eth_accounts
[2022/10/18 04:15:44.595] -    > {
   >   "jsonrpc": "2.0",
   >   "id": 1081,
   >   "method": "eth_accounts",
   >   "params": [],
   >   "internal": true
   > }
[2022/10/18 04:15:44.602] -  <   {
 <     "id": 1080,
 <     "jsonrpc": "2.0",
 <     "result": "0x5"
 <   }
[2022/10/18 04:15:44.619] -  <   {
 <     "id": 1074,
 <     "jsonrpc": "2.0",
 <     "result": {
 <       "number": "0x2",
 <       "hash": "0x513df3462ec2b7c8b32ede887ad7d65917b088a36e18bc62362fda622cd54a70",
 <       "parentHash": "0xe8b1b6daf5f09b9e8e3801cf27821e41e6a02e5da9faa4198a922fc8adb0fbb4",
 <       "mixHash": "0x0000000000000000000000000000000000000000000000000000000000000000",
 <       "nonce": "0x0000000000000000",
 <       "sha3Uncles": "0x1dcc4de8dec75d7aab85b567b6ccd41ad312451b948a7413f0a142fd40d49347",
 <       "logsBloom": "0x00000000000000000000000000000000000000000000000000000000000000000000000000000000000000000000000000000000000000000000000000000000000000000000000000000000000000000000000000000000000000000000000000000000000000000000000000000000000000000000000000000000000000000000000000000000000000000000000000000000000000000000000000000000000000000000000000000000000000000000000000000000000000000000000000000000000000000000000000000000000000000000000000000000000000000000000000000000000000000000000000000000000000000000000000000000",
 <       "transactionsRoot": "0xd0ab923ca12518ef1b160354bd23afe1fcf772c2e1af70219201d84e8d6c68b2",
 <       "stateRoot": "0xc5838d353dde8805027f8683b3dfb50978ef2e9f960ff7850fee92ed5ba1be69",
 <       "receiptsRoot": "0x42c1419dc24443c4f7b82ff6bff9fd2bac801fe86ea7bc520737a23d41ea9baf",
 <       "miner": "0x0000000000000000000000000000000000000000",
 <       "difficulty": "0x0",
 <       "totalDifficulty": "0x0",
 <       "extraData": "0x",
 <       "size": "0x3e8",
 <       "gasLimit": "0x6691b7",
 <       "gasUsed": "0x1ead5",
 <       "timestamp": "0x634df9c2",
 <       "transactions": [
 <         "0x484501c2d56507933e4dfc8909da6106f9336eca98f4666e1f2b6923cdffcdc7"
 <       ],
 <       "uncles": []
 <     }
 <   }
[2022/10/18 04:15:44.633] -  <   {
 <     "id": 1075,
 <     "jsonrpc": "2.0",
 <     "result": "0x6"
 <   }
[2022/10/18 04:15:44.648] -  <   {
 <     "id": 1081,
 <     "jsonrpc": "2.0",
 <     "result": [
 <       "0x9086b277b07117347539a47834a347cec29579ad",
 <       "0xfbf55685dbbf4dafa4a30e9e4a43b93364cb5d82",
 <       "0x54935bed49d3afdb4862a8eca6ddbcade40a0d19",
 <       "0x7efc841873ac915c1102fd58de6ab5f063e181bd",
 <       "0xb757c1ebf9c1a5237a5980974aeceddfae08d1c8",
 <       "0x0399221ea8349b7a3e14335a58156925da938b3c",
 <       "0xaf85536580b6029a72db7842cd16a243902713c8",
 <       "0x9432cdeaebafd3c89456d38fe9aa87cc1dd73943",
 <       "0x0b8c09f14760d0c68d1b2bc3d24f025d22bba860",
 <       "0x6ab68af0d5b7d57ae7ce20978bfdee11283f34fa"
 <     ]
 <   }
[2022/10/18 04:15:44.706] - eth_getBalance
[2022/10/18 04:15:44.707] -    > {
   >   "jsonrpc": "2.0",
   >   "id": 1082,
   >   "method": "eth_getBalance",
   >   "params": [
   >     "0x9086b277b07117347539a47834a347cec29579ad",
   >     "latest"
   >   ],
   >   "internal": true
   > }
[2022/10/18 04:15:44.715] -  <   {
 <     "id": 1082,
 <     "jsonrpc": "2.0",
 <     "result": "0x56bb582f2a1dd3000"
 <   }
[2022/10/18 04:15:44.718] - eth_getTransactionCount
[2022/10/18 04:15:44.719] -    > {
   >   "jsonrpc": "2.0",
   >   "id": 1083,
   >   "method": "eth_getTransactionCount",
   >   "params": [
   >     "0x9086b277b07117347539a47834a347cec29579ad",
   >     "latest"
   >   ],
   >   "internal": true
   > }
[2022/10/18 04:15:44.728] -  <   {
 <     "id": 1083,
 <     "jsonrpc": "2.0",
 <     "result": "0x2"
 <   }
[2022/10/18 04:15:44.729] - eth_getBalance
[2022/10/18 04:15:44.731] -    > {
   >   "jsonrpc": "2.0",
   >   "id": 1084,
   >   "method": "eth_getBalance",
   >   "params": [
   >     "0xfbf55685dbbf4dafa4a30e9e4a43b93364cb5d82",
   >     "latest"
   >   ],
   >   "internal": true
   > }
[2022/10/18 04:15:44.740] -  <   {
 <     "id": 1084,
 <     "jsonrpc": "2.0",
 <     "result": "0x56bc75e2d63100000"
 <   }
[2022/10/18 04:15:44.742] - eth_getTransactionCount
[2022/10/18 04:15:44.742] -    > {
   >   "jsonrpc": "2.0",
   >   "id": 1085,
   >   "method": "eth_getTransactionCount",
   >   "params": [
   >     "0xfbf55685dbbf4dafa4a30e9e4a43b93364cb5d82",
   >     "latest"
   >   ],
   >   "internal": true
   > }
[2022/10/18 04:15:44.746] -  <   {
 <     "id": 1085,
 <     "jsonrpc": "2.0",
 <     "result": "0x0"
 <   }
[2022/10/18 04:15:44.749] - eth_getBalance
[2022/10/18 04:15:44.750] -    > {
   >   "jsonrpc": "2.0",
   >   "id": 1086,
   >   "method": "eth_getBalance",
   >   "params": [
   >     "0x54935bed49d3afdb4862a8eca6ddbcade40a0d19",
   >     "latest"
   >   ],
   >   "internal": true
   > }
[2022/10/18 04:15:44.759] - eth_getTransactionCount
[2022/10/18 04:15:44.759] -    > {
   >   "jsonrpc": "2.0",
   >   "id": 1087,
   >   "method": "eth_getTransactionCount",
   >   "params": [
   >     "0x54935bed49d3afdb4862a8eca6ddbcade40a0d19",
   >     "latest"
   >   ],
   >   "internal": true
   > }
[2022/10/18 04:15:44.761] -  <   {
 <     "id": 1086,
 <     "jsonrpc": "2.0",
 <     "result": "0x56bc75e2d63100000"
 <   }
[2022/10/18 04:15:44.767] -  <   {
 <     "id": 1087,
 <     "jsonrpc": "2.0",
 <     "result": "0x0"
 <   }
[2022/10/18 04:15:44.768] - eth_getBalance
[2022/10/18 04:15:44.768] -    > {
   >   "jsonrpc": "2.0",
   >   "id": 1088,
   >   "method": "eth_getBalance",
   >   "params": [
   >     "0x7efc841873ac915c1102fd58de6ab5f063e181bd",
   >     "latest"
   >   ],
   >   "internal": true
   > }
[2022/10/18 04:15:44.777] - eth_getTransactionCount
[2022/10/18 04:15:44.778] -    > {
   >   "jsonrpc": "2.0",
   >   "id": 1089,
   >   "method": "eth_getTransactionCount",
   >   "params": [
   >     "0x7efc841873ac915c1102fd58de6ab5f063e181bd",
   >     "latest"
   >   ],
   >   "internal": true
   > }
[2022/10/18 04:15:44.779] -  <   {
 <     "id": 1088,
 <     "jsonrpc": "2.0",
 <     "result": "0x56bc75e2d63100000"
 <   }
[2022/10/18 04:15:44.786] -  <   {
 <     "id": 1089,
 <     "jsonrpc": "2.0",
 <     "result": "0x0"
 <   }
[2022/10/18 04:15:44.787] - eth_getBalance
[2022/10/18 04:15:44.788] -    > {
   >   "jsonrpc": "2.0",
   >   "id": 1090,
   >   "method": "eth_getBalance",
   >   "params": [
   >     "0xb757c1ebf9c1a5237a5980974aeceddfae08d1c8",
   >     "latest"
   >   ],
   >   "internal": true
   > }
[2022/10/18 04:15:44.794] -  <   {
 <     "id": 1090,
 <     "jsonrpc": "2.0",
 <     "result": "0x56bc75e2d63100000"
 <   }
[2022/10/18 04:15:44.795] - eth_getTransactionCount
[2022/10/18 04:15:44.796] -    > {
   >   "jsonrpc": "2.0",
   >   "id": 1091,
   >   "method": "eth_getTransactionCount",
   >   "params": [
   >     "0xb757c1ebf9c1a5237a5980974aeceddfae08d1c8",
   >     "latest"
   >   ],
   >   "internal": true
   > }
[2022/10/18 04:15:44.803] -  <   {
 <     "id": 1091,
 <     "jsonrpc": "2.0",
 <     "result": "0x0"
 <   }
[2022/10/18 04:15:44.804] - eth_getBalance
[2022/10/18 04:15:44.805] -    > {
   >   "jsonrpc": "2.0",
   >   "id": 1092,
   >   "method": "eth_getBalance",
   >   "params": [
   >     "0x0399221ea8349b7a3e14335a58156925da938b3c",
   >     "latest"
   >   ],
   >   "internal": true
   > }
[2022/10/18 04:15:44.813] - eth_getTransactionCount
[2022/10/18 04:15:44.814] -    > {
   >   "jsonrpc": "2.0",
   >   "id": 1093,
   >   "method": "eth_getTransactionCount",
   >   "params": [
   >     "0x0399221ea8349b7a3e14335a58156925da938b3c",
   >     "latest"
   >   ],
   >   "internal": true
   > }
[2022/10/18 04:15:44.816] -  <   {
 <     "id": 1092,
 <     "jsonrpc": "2.0",
 <     "result": "0x56bc75e2d63100000"
 <   }
[2022/10/18 04:15:44.825] -  <   {
 <     "id": 1093,
 <     "jsonrpc": "2.0",
 <     "result": "0x0"
 <   }
[2022/10/18 04:15:44.826] - eth_getBalance
[2022/10/18 04:15:44.827] -    > {
   >   "jsonrpc": "2.0",
   >   "id": 1094,
   >   "method": "eth_getBalance",
   >   "params": [
   >     "0xaf85536580b6029a72db7842cd16a243902713c8",
   >     "latest"
   >   ],
   >   "internal": true
   > }
[2022/10/18 04:15:44.836] - eth_getTransactionCount
[2022/10/18 04:15:44.836] -    > {
   >   "jsonrpc": "2.0",
   >   "id": 1095,
   >   "method": "eth_getTransactionCount",
   >   "params": [
   >     "0xaf85536580b6029a72db7842cd16a243902713c8",
   >     "latest"
   >   ],
   >   "internal": true
   > }
[2022/10/18 04:15:44.839] -  <   {
 <     "id": 1094,
 <     "jsonrpc": "2.0",
 <     "result": "0x56bc75e2d63100000"
 <   }
[2022/10/18 04:15:44.845] -  <   {
 <     "id": 1095,
 <     "jsonrpc": "2.0",
 <     "result": "0x0"
 <   }
[2022/10/18 04:15:44.845] - eth_getBalance
[2022/10/18 04:15:44.846] -    > {
   >   "jsonrpc": "2.0",
   >   "id": 1096,
   >   "method": "eth_getBalance",
   >   "params": [
   >     "0x9432cdeaebafd3c89456d38fe9aa87cc1dd73943",
   >     "latest"
   >   ],
   >   "internal": true
   > }
[2022/10/18 04:15:44.853] - eth_getTransactionCount
[2022/10/18 04:15:44.853] -    > {
   >   "jsonrpc": "2.0",
   >   "id": 1097,
   >   "method": "eth_getTransactionCount",
   >   "params": [
   >     "0x9432cdeaebafd3c89456d38fe9aa87cc1dd73943",
   >     "latest"
   >   ],
   >   "internal": true
   > }
[2022/10/18 04:15:44.855] -  <   {
 <     "id": 1096,
 <     "jsonrpc": "2.0",
 <     "result": "0x56bc75e2d63100000"
 <   }
[2022/10/18 04:15:44.862] -  <   {
 <     "id": 1097,
 <     "jsonrpc": "2.0",
 <     "result": "0x0"
 <   }
[2022/10/18 04:15:44.863] - eth_getBalance
[2022/10/18 04:15:44.863] -    > {
   >   "jsonrpc": "2.0",
   >   "id": 1098,
   >   "method": "eth_getBalance",
   >   "params": [
   >     "0x0b8c09f14760d0c68d1b2bc3d24f025d22bba860",
   >     "latest"
   >   ],
   >   "internal": true
   > }
[2022/10/18 04:15:44.872] -  <   {
 <     "id": 1098,
 <     "jsonrpc": "2.0",
 <     "result": "0x56bc75e2d63100000"
 <   }
[2022/10/18 04:15:44.873] - eth_getTransactionCount
[2022/10/18 04:15:44.874] -    > {
   >   "jsonrpc": "2.0",
   >   "id": 1099,
   >   "method": "eth_getTransactionCount",
   >   "params": [
   >     "0x0b8c09f14760d0c68d1b2bc3d24f025d22bba860",
   >     "latest"
   >   ],
   >   "internal": true
   > }
[2022/10/18 04:15:44.881] -  <   {
 <     "id": 1099,
 <     "jsonrpc": "2.0",
 <     "result": "0x0"
 <   }
[2022/10/18 04:15:44.882] - eth_getBalance
[2022/10/18 04:15:44.883] -    > {
   >   "jsonrpc": "2.0",
   >   "id": 1100,
   >   "method": "eth_getBalance",
   >   "params": [
   >     "0x6ab68af0d5b7d57ae7ce20978bfdee11283f34fa",
   >     "latest"
   >   ],
   >   "internal": true
   > }
[2022/10/18 04:15:44.889] - eth_getTransactionCount
[2022/10/18 04:15:44.890] -    > {
   >   "jsonrpc": "2.0",
   >   "id": 1101,
   >   "method": "eth_getTransactionCount",
   >   "params": [
   >     "0x6ab68af0d5b7d57ae7ce20978bfdee11283f34fa",
   >     "latest"
   >   ],
   >   "internal": true
   > }
[2022/10/18 04:15:44.891] -  <   {
 <     "id": 1100,
 <     "jsonrpc": "2.0",
 <     "result": "0x56bc75e2d63100000"
 <   }
[2022/10/18 04:15:44.900] -  <   {
 <     "id": 1101,
 <     "jsonrpc": "2.0",
 <     "result": "0x0"
 <   }
[2022/10/18 04:15:44.914] - eth_getBalance
[2022/10/18 04:15:44.914] -    > {
   >   "jsonrpc": "2.0",
   >   "id": 1103,
   >   "method": "eth_getBalance",
   >   "params": [
   >     "0x9086b277b07117347539a47834a347cec29579ad",
   >     "latest"
   >   ],
   >   "internal": true
   > }
[2022/10/18 04:15:44.924] -  <   {
 <     "id": 1103,
 <     "jsonrpc": "2.0",
 <     "result": "0x56bb582f2a1dd3000"
 <   }
[2022/10/18 04:15:44.925] - eth_getTransactionCount
[2022/10/18 04:15:44.926] -    > {
   >   "jsonrpc": "2.0",
   >   "id": 1104,
   >   "method": "eth_getTransactionCount",
   >   "params": [
   >     "0x9086b277b07117347539a47834a347cec29579ad",
   >     "latest"
   >   ],
   >   "internal": true
   > }
[2022/10/18 04:15:44.933] -  <   {
 <     "id": 1104,
 <     "jsonrpc": "2.0",
 <     "result": "0x2"
 <   }
[2022/10/18 04:15:44.934] - eth_getBalance
[2022/10/18 04:15:44.935] -    > {
   >   "jsonrpc": "2.0",
   >   "id": 1105,
   >   "method": "eth_getBalance",
   >   "params": [
   >     "0xfbf55685dbbf4dafa4a30e9e4a43b93364cb5d82",
   >     "latest"
   >   ],
   >   "internal": true
   > }
[2022/10/18 04:15:44.943] -  <   {
 <     "id": 1105,
 <     "jsonrpc": "2.0",
 <     "result": "0x56bc75e2d63100000"
 <   }
[2022/10/18 04:15:44.944] - eth_getTransactionCount
[2022/10/18 04:15:44.945] -    > {
   >   "jsonrpc": "2.0",
   >   "id": 1106,
   >   "method": "eth_getTransactionCount",
   >   "params": [
   >     "0xfbf55685dbbf4dafa4a30e9e4a43b93364cb5d82",
   >     "latest"
   >   ],
   >   "internal": true
   > }
[2022/10/18 04:15:44.955] -  <   {
 <     "id": 1106,
 <     "jsonrpc": "2.0",
 <     "result": "0x0"
 <   }
[2022/10/18 04:15:44.956] - eth_getBalance
[2022/10/18 04:15:44.957] -    > {
   >   "jsonrpc": "2.0",
   >   "id": 1107,
   >   "method": "eth_getBalance",
   >   "params": [
   >     "0x54935bed49d3afdb4862a8eca6ddbcade40a0d19",
   >     "latest"
   >   ],
   >   "internal": true
   > }
[2022/10/18 04:15:44.962] -  <   {
 <     "id": 1107,
 <     "jsonrpc": "2.0",
 <     "result": "0x56bc75e2d63100000"
 <   }
[2022/10/18 04:15:44.965] - eth_getTransactionCount
[2022/10/18 04:15:44.965] -    > {
   >   "jsonrpc": "2.0",
   >   "id": 1108,
   >   "method": "eth_getTransactionCount",
   >   "params": [
   >     "0x54935bed49d3afdb4862a8eca6ddbcade40a0d19",
   >     "latest"
   >   ],
   >   "internal": true
   > }
[2022/10/18 04:15:44.975] -  <   {
 <     "id": 1108,
 <     "jsonrpc": "2.0",
 <     "result": "0x0"
 <   }
[2022/10/18 04:15:44.976] - eth_getBalance
[2022/10/18 04:15:44.977] -    > {
   >   "jsonrpc": "2.0",
   >   "id": 1109,
   >   "method": "eth_getBalance",
   >   "params": [
   >     "0x7efc841873ac915c1102fd58de6ab5f063e181bd",
   >     "latest"
   >   ],
   >   "internal": true
   > }
[2022/10/18 04:15:44.987] -  <   {
 <     "id": 1109,
 <     "jsonrpc": "2.0",
 <     "result": "0x56bc75e2d63100000"
 <   }
[2022/10/18 04:15:44.988] - eth_getTransactionCount
[2022/10/18 04:15:44.989] -    > {
   >   "jsonrpc": "2.0",
   >   "id": 1110,
   >   "method": "eth_getTransactionCount",
   >   "params": [
   >     "0x7efc841873ac915c1102fd58de6ab5f063e181bd",
   >     "latest"
   >   ],
   >   "internal": true
   > }
[2022/10/18 04:15:44.994] -  <   {
 <     "id": 1110,
 <     "jsonrpc": "2.0",
 <     "result": "0x0"
 <   }
[2022/10/18 04:15:44.997] - eth_getBalance
[2022/10/18 04:15:44.997] -    > {
   >   "jsonrpc": "2.0",
   >   "id": 1111,
   >   "method": "eth_getBalance",
   >   "params": [
   >     "0xb757c1ebf9c1a5237a5980974aeceddfae08d1c8",
   >     "latest"
   >   ],
   >   "internal": true
   > }
[2022/10/18 04:15:45.009] -  <   {
 <     "id": 1111,
 <     "jsonrpc": "2.0",
 <     "result": "0x56bc75e2d63100000"
 <   }
[2022/10/18 04:15:45.012] - eth_getTransactionCount
[2022/10/18 04:15:45.013] -    > {
   >   "jsonrpc": "2.0",
   >   "id": 1112,
   >   "method": "eth_getTransactionCount",
   >   "params": [
   >     "0xb757c1ebf9c1a5237a5980974aeceddfae08d1c8",
   >     "latest"
   >   ],
   >   "internal": true
   > }
[2022/10/18 04:15:45.023] -  <   {
 <     "id": 1112,
 <     "jsonrpc": "2.0",
 <     "result": "0x0"
 <   }
[2022/10/18 04:15:45.025] - eth_getBalance
[2022/10/18 04:15:45.025] -    > {
   >   "jsonrpc": "2.0",
   >   "id": 1113,
   >   "method": "eth_getBalance",
   >   "params": [
   >     "0x0399221ea8349b7a3e14335a58156925da938b3c",
   >     "latest"
   >   ],
   >   "internal": true
   > }
[2022/10/18 04:15:45.033] -  <   {
 <     "id": 1113,
 <     "jsonrpc": "2.0",
 <     "result": "0x56bc75e2d63100000"
 <   }
[2022/10/18 04:15:45.033] - eth_getTransactionCount
[2022/10/18 04:15:45.035] -    > {
   >   "jsonrpc": "2.0",
   >   "id": 1114,
   >   "method": "eth_getTransactionCount",
   >   "params": [
   >     "0x0399221ea8349b7a3e14335a58156925da938b3c",
   >     "latest"
   >   ],
   >   "internal": true
   > }
[2022/10/18 04:15:45.046] -  <   {
 <     "id": 1114,
 <     "jsonrpc": "2.0",
 <     "result": "0x0"
 <   }
[2022/10/18 04:15:45.047] - eth_getBalance
[2022/10/18 04:15:45.047] -    > {
   >   "jsonrpc": "2.0",
   >   "id": 1115,
   >   "method": "eth_getBalance",
   >   "params": [
   >     "0xaf85536580b6029a72db7842cd16a243902713c8",
   >     "latest"
   >   ],
   >   "internal": true
   > }
[2022/10/18 04:15:45.051] -  <   {
 <     "id": 1115,
 <     "jsonrpc": "2.0",
 <     "result": "0x56bc75e2d63100000"
 <   }
[2022/10/18 04:15:45.051] - eth_getTransactionCount
[2022/10/18 04:15:45.052] -    > {
   >   "jsonrpc": "2.0",
   >   "id": 1116,
   >   "method": "eth_getTransactionCount",
   >   "params": [
   >     "0xaf85536580b6029a72db7842cd16a243902713c8",
   >     "latest"
   >   ],
   >   "internal": true
   > }
[2022/10/18 04:15:45.056] -  <   {
 <     "id": 1116,
 <     "jsonrpc": "2.0",
 <     "result": "0x0"
 <   }
[2022/10/18 04:15:45.061] - eth_getBalance
[2022/10/18 04:15:45.061] -    > {
   >   "jsonrpc": "2.0",
   >   "id": 1117,
   >   "method": "eth_getBalance",
   >   "params": [
   >     "0x9432cdeaebafd3c89456d38fe9aa87cc1dd73943",
   >     "latest"
   >   ],
   >   "internal": true
   > }
[2022/10/18 04:15:45.072] -  <   {
 <     "id": 1117,
 <     "jsonrpc": "2.0",
 <     "result": "0x56bc75e2d63100000"
 <   }
[2022/10/18 04:15:45.078] - eth_getTransactionCount
[2022/10/18 04:15:45.079] -    > {
   >   "jsonrpc": "2.0",
   >   "id": 1118,
   >   "method": "eth_getTransactionCount",
   >   "params": [
   >     "0x9432cdeaebafd3c89456d38fe9aa87cc1dd73943",
   >     "latest"
   >   ],
   >   "internal": true
   > }
[2022/10/18 04:15:45.082] -  <   {
 <     "id": 1118,
 <     "jsonrpc": "2.0",
 <     "result": "0x0"
 <   }
[2022/10/18 04:15:45.083] - eth_getBalance
[2022/10/18 04:15:45.084] -    > {
   >   "jsonrpc": "2.0",
   >   "id": 1119,
   >   "method": "eth_getBalance",
   >   "params": [
   >     "0x0b8c09f14760d0c68d1b2bc3d24f025d22bba860",
   >     "latest"
   >   ],
   >   "internal": true
   > }
[2022/10/18 04:15:45.091] -  <   {
 <     "id": 1119,
 <     "jsonrpc": "2.0",
 <     "result": "0x56bc75e2d63100000"
 <   }
[2022/10/18 04:15:45.092] - eth_getTransactionCount
[2022/10/18 04:15:45.092] -    > {
   >   "jsonrpc": "2.0",
   >   "id": 1120,
   >   "method": "eth_getTransactionCount",
   >   "params": [
   >     "0x0b8c09f14760d0c68d1b2bc3d24f025d22bba860",
   >     "latest"
   >   ],
   >   "internal": true
   > }
[2022/10/18 04:15:45.099] -  <   {
 <     "id": 1120,
 <     "jsonrpc": "2.0",
 <     "result": "0x0"
 <   }
[2022/10/18 04:15:45.100] - eth_getBalance
[2022/10/18 04:15:45.101] -    > {
   >   "jsonrpc": "2.0",
   >   "id": 1121,
   >   "method": "eth_getBalance",
   >   "params": [
   >     "0x6ab68af0d5b7d57ae7ce20978bfdee11283f34fa",
   >     "latest"
   >   ],
   >   "internal": true
   > }
[2022/10/18 04:15:45.110] -  <   {
 <     "id": 1121,
 <     "jsonrpc": "2.0",
 <     "result": "0x56bc75e2d63100000"
 <   }
[2022/10/18 04:15:45.111] - eth_getTransactionCount
[2022/10/18 04:15:45.112] -    > {
   >   "jsonrpc": "2.0",
   >   "id": 1122,
   >   "method": "eth_getTransactionCount",
   >   "params": [
   >     "0x6ab68af0d5b7d57ae7ce20978bfdee11283f34fa",
   >     "latest"
   >   ],
   >   "internal": true
   > }
[2022/10/18 04:15:45.117] -  <   {
 <     "id": 1122,
 <     "jsonrpc": "2.0",
 <     "result": "0x0"
 <   }
[2022/10/18 04:15:45.119] - eth_getBalance
[2022/10/18 04:15:45.120] -    > {
   >   "jsonrpc": "2.0",
   >   "id": 1123,
   >   "method": "eth_getBalance",
   >   "params": [
   >     "0x9086b277b07117347539a47834a347cec29579ad",
   >     "latest"
   >   ],
   >   "internal": true
   > }
[2022/10/18 04:15:45.131] -  <   {
 <     "id": 1123,
 <     "jsonrpc": "2.0",
 <     "result": "0x56bb582f2a1dd3000"
 <   }
[2022/10/18 04:15:45.132] - eth_getTransactionCount
[2022/10/18 04:15:45.133] -    > {
   >   "jsonrpc": "2.0",
   >   "id": 1124,
   >   "method": "eth_getTransactionCount",
   >   "params": [
   >     "0x9086b277b07117347539a47834a347cec29579ad",
   >     "latest"
   >   ],
   >   "internal": true
   > }
[2022/10/18 04:15:45.142] -  <   {
 <     "id": 1124,
 <     "jsonrpc": "2.0",
 <     "result": "0x2"
 <   }
[2022/10/18 04:15:45.143] - eth_getBalance
[2022/10/18 04:15:45.144] -    > {
   >   "jsonrpc": "2.0",
   >   "id": 1125,
   >   "method": "eth_getBalance",
   >   "params": [
   >     "0xfbf55685dbbf4dafa4a30e9e4a43b93364cb5d82",
   >     "latest"
   >   ],
   >   "internal": true
   > }
[2022/10/18 04:15:45.149] -  <   {
 <     "id": 1125,
 <     "jsonrpc": "2.0",
 <     "result": "0x56bc75e2d63100000"
 <   }
[2022/10/18 04:15:45.153] - eth_getTransactionCount
[2022/10/18 04:15:45.153] -    > {
   >   "jsonrpc": "2.0",
   >   "id": 1126,
   >   "method": "eth_getTransactionCount",
   >   "params": [
   >     "0xfbf55685dbbf4dafa4a30e9e4a43b93364cb5d82",
   >     "latest"
   >   ],
   >   "internal": true
   > }
[2022/10/18 04:15:45.164] -  <   {
 <     "id": 1126,
 <     "jsonrpc": "2.0",
 <     "result": "0x0"
 <   }
[2022/10/18 04:15:45.167] - eth_getBalance
[2022/10/18 04:15:45.168] -    > {
   >   "jsonrpc": "2.0",
   >   "id": 1127,
   >   "method": "eth_getBalance",
   >   "params": [
   >     "0x54935bed49d3afdb4862a8eca6ddbcade40a0d19",
   >     "latest"
   >   ],
   >   "internal": true
   > }
[2022/10/18 04:15:45.180] -  <   {
 <     "id": 1127,
 <     "jsonrpc": "2.0",
 <     "result": "0x56bc75e2d63100000"
 <   }
[2022/10/18 04:15:45.181] - eth_getTransactionCount
[2022/10/18 04:15:45.182] -    > {
   >   "jsonrpc": "2.0",
   >   "id": 1128,
   >   "method": "eth_getTransactionCount",
   >   "params": [
   >     "0x54935bed49d3afdb4862a8eca6ddbcade40a0d19",
   >     "latest"
   >   ],
   >   "internal": true
   > }
[2022/10/18 04:15:45.191] -  <   {
 <     "id": 1128,
 <     "jsonrpc": "2.0",
 <     "result": "0x0"
 <   }
[2022/10/18 04:15:45.196] - eth_getBalance
[2022/10/18 04:15:45.197] -    > {
   >   "jsonrpc": "2.0",
   >   "id": 1129,
   >   "method": "eth_getBalance",
   >   "params": [
   >     "0x7efc841873ac915c1102fd58de6ab5f063e181bd",
   >     "latest"
   >   ],
   >   "internal": true
   > }
[2022/10/18 04:15:45.201] -  <   {
 <     "id": 1129,
 <     "jsonrpc": "2.0",
 <     "result": "0x56bc75e2d63100000"
 <   }
[2022/10/18 04:15:45.201] - eth_getTransactionCount
[2022/10/18 04:15:45.202] -    > {
   >   "jsonrpc": "2.0",
   >   "id": 1130,
   >   "method": "eth_getTransactionCount",
   >   "params": [
   >     "0x7efc841873ac915c1102fd58de6ab5f063e181bd",
   >     "latest"
   >   ],
   >   "internal": true
   > }
[2022/10/18 04:15:45.212] -  <   {
 <     "id": 1130,
 <     "jsonrpc": "2.0",
 <     "result": "0x0"
 <   }
[2022/10/18 04:15:45.213] - eth_getBalance
[2022/10/18 04:15:45.214] -    > {
   >   "jsonrpc": "2.0",
   >   "id": 1131,
   >   "method": "eth_getBalance",
   >   "params": [
   >     "0xb757c1ebf9c1a5237a5980974aeceddfae08d1c8",
   >     "latest"
   >   ],
   >   "internal": true
   > }
[2022/10/18 04:15:45.222] -  <   {
 <     "id": 1131,
 <     "jsonrpc": "2.0",
 <     "result": "0x56bc75e2d63100000"
 <   }
[2022/10/18 04:15:45.224] - eth_getTransactionCount
[2022/10/18 04:15:45.225] -    > {
   >   "jsonrpc": "2.0",
   >   "id": 1132,
   >   "method": "eth_getTransactionCount",
   >   "params": [
   >     "0xb757c1ebf9c1a5237a5980974aeceddfae08d1c8",
   >     "latest"
   >   ],
   >   "internal": true
   > }
[2022/10/18 04:15:45.239] -  <   {
 <     "id": 1132,
 <     "jsonrpc": "2.0",
 <     "result": "0x0"
 <   }
[2022/10/18 04:15:45.240] - eth_getBalance
[2022/10/18 04:15:45.241] -    > {
   >   "jsonrpc": "2.0",
   >   "id": 1133,
   >   "method": "eth_getBalance",
   >   "params": [
   >     "0x0399221ea8349b7a3e14335a58156925da938b3c",
   >     "latest"
   >   ],
   >   "internal": true
   > }
[2022/10/18 04:15:45.251] -  <   {
 <     "id": 1133,
 <     "jsonrpc": "2.0",
 <     "result": "0x56bc75e2d63100000"
 <   }
[2022/10/18 04:15:45.252] - eth_getTransactionCount
[2022/10/18 04:15:45.253] -    > {
   >   "jsonrpc": "2.0",
   >   "id": 1134,
   >   "method": "eth_getTransactionCount",
   >   "params": [
   >     "0x0399221ea8349b7a3e14335a58156925da938b3c",
   >     "latest"
   >   ],
   >   "internal": true
   > }
[2022/10/18 04:15:45.255] -  <   {
 <     "id": 1134,
 <     "jsonrpc": "2.0",
 <     "result": "0x0"
 <   }
[2022/10/18 04:15:45.262] - eth_getBalance
[2022/10/18 04:15:45.263] -    > {
   >   "jsonrpc": "2.0",
   >   "id": 1135,
   >   "method": "eth_getBalance",
   >   "params": [
   >     "0xaf85536580b6029a72db7842cd16a243902713c8",
   >     "latest"
   >   ],
   >   "internal": true
   > }
[2022/10/18 04:15:45.274] -  <   {
 <     "id": 1135,
 <     "jsonrpc": "2.0",
 <     "result": "0x56bc75e2d63100000"
 <   }
[2022/10/18 04:15:45.276] - eth_getTransactionCount
[2022/10/18 04:15:45.277] -    > {
   >   "jsonrpc": "2.0",
   >   "id": 1136,
   >   "method": "eth_getTransactionCount",
   >   "params": [
   >     "0xaf85536580b6029a72db7842cd16a243902713c8",
   >     "latest"
   >   ],
   >   "internal": true
   > }
[2022/10/18 04:15:45.288] -  <   {
 <     "id": 1136,
 <     "jsonrpc": "2.0",
 <     "result": "0x0"
 <   }
[2022/10/18 04:15:45.289] - eth_getBalance
[2022/10/18 04:15:45.289] -    > {
   >   "jsonrpc": "2.0",
   >   "id": 1137,
   >   "method": "eth_getBalance",
   >   "params": [
   >     "0x9432cdeaebafd3c89456d38fe9aa87cc1dd73943",
   >     "latest"
   >   ],
   >   "internal": true
   > }
[2022/10/18 04:15:45.296] -  <   {
 <     "id": 1137,
 <     "jsonrpc": "2.0",
 <     "result": "0x56bc75e2d63100000"
 <   }
[2022/10/18 04:15:45.297] - eth_getTransactionCount
[2022/10/18 04:15:45.298] -    > {
   >   "jsonrpc": "2.0",
   >   "id": 1138,
   >   "method": "eth_getTransactionCount",
   >   "params": [
   >     "0x9432cdeaebafd3c89456d38fe9aa87cc1dd73943",
   >     "latest"
   >   ],
   >   "internal": true
   > }
[2022/10/18 04:15:45.304] -  <   {
 <     "id": 1138,
 <     "jsonrpc": "2.0",
 <     "result": "0x0"
 <   }
[2022/10/18 04:15:45.305] - eth_getBalance
[2022/10/18 04:15:45.306] -    > {
   >   "jsonrpc": "2.0",
   >   "id": 1139,
   >   "method": "eth_getBalance",
   >   "params": [
   >     "0x0b8c09f14760d0c68d1b2bc3d24f025d22bba860",
   >     "latest"
   >   ],
   >   "internal": true
   > }
[2022/10/18 04:15:45.314] -  <   {
 <     "id": 1139,
 <     "jsonrpc": "2.0",
 <     "result": "0x56bc75e2d63100000"
 <   }
[2022/10/18 04:15:45.315] - eth_getTransactionCount
[2022/10/18 04:15:45.316] -    > {
   >   "jsonrpc": "2.0",
   >   "id": 1140,
   >   "method": "eth_getTransactionCount",
   >   "params": [
   >     "0x0b8c09f14760d0c68d1b2bc3d24f025d22bba860",
   >     "latest"
   >   ],
   >   "internal": true
   > }
[2022/10/18 04:15:45.319] -  <   {
 <     "id": 1140,
 <     "jsonrpc": "2.0",
 <     "result": "0x0"
 <   }
[2022/10/18 04:15:45.324] - eth_getBalance
[2022/10/18 04:15:45.324] -    > {
   >   "jsonrpc": "2.0",
   >   "id": 1141,
   >   "method": "eth_getBalance",
   >   "params": [
   >     "0x6ab68af0d5b7d57ae7ce20978bfdee11283f34fa",
   >     "latest"
   >   ],
   >   "internal": true
   > }
[2022/10/18 04:15:45.332] -  <   {
 <     "id": 1141,
 <     "jsonrpc": "2.0",
 <     "result": "0x56bc75e2d63100000"
 <   }
[2022/10/18 04:15:45.333] - eth_getTransactionCount
[2022/10/18 04:15:45.333] -    > {
   >   "jsonrpc": "2.0",
   >   "id": 1142,
   >   "method": "eth_getTransactionCount",
   >   "params": [
   >     "0x6ab68af0d5b7d57ae7ce20978bfdee11283f34fa",
   >     "latest"
   >   ],
   >   "internal": true
   > }
[2022/10/18 04:15:45.351] -  <   {
 <     "id": 1142,
 <     "jsonrpc": "2.0",
 <     "result": "0x0"
 <   }
[2022/10/18 04:15:45.458] - eth_getBalance
[2022/10/18 04:15:45.458] -    > {
   >   "jsonrpc": "2.0",
   >   "id": 1143,
   >   "method": "eth_getBalance",
   >   "params": [
   >     "0x9086b277b07117347539a47834a347cec29579ad",
   >     "latest"
   >   ],
   >   "internal": true
   > }
[2022/10/18 04:15:45.469] -  <   {
 <     "id": 1143,
 <     "jsonrpc": "2.0",
 <     "result": "0x56bb582f2a1dd3000"
 <   }
[2022/10/18 04:15:45.470] - eth_getTransactionCount
[2022/10/18 04:15:45.471] -    > {
   >   "jsonrpc": "2.0",
   >   "id": 1144,
   >   "method": "eth_getTransactionCount",
   >   "params": [
   >     "0x9086b277b07117347539a47834a347cec29579ad",
   >     "latest"
   >   ],
   >   "internal": true
   > }
[2022/10/18 04:15:45.475] -  <   {
 <     "id": 1144,
 <     "jsonrpc": "2.0",
 <     "result": "0x2"
 <   }
[2022/10/18 04:15:45.478] - eth_getBalance
[2022/10/18 04:15:45.479] -    > {
   >   "jsonrpc": "2.0",
   >   "id": 1145,
   >   "method": "eth_getBalance",
   >   "params": [
   >     "0xfbf55685dbbf4dafa4a30e9e4a43b93364cb5d82",
   >     "latest"
   >   ],
   >   "internal": true
   > }
[2022/10/18 04:15:45.488] -  <   {
 <     "id": 1145,
 <     "jsonrpc": "2.0",
 <     "result": "0x56bc75e2d63100000"
 <   }
[2022/10/18 04:15:45.488] - eth_getTransactionCount
[2022/10/18 04:15:45.489] -    > {
   >   "jsonrpc": "2.0",
   >   "id": 1146,
   >   "method": "eth_getTransactionCount",
   >   "params": [
   >     "0xfbf55685dbbf4dafa4a30e9e4a43b93364cb5d82",
   >     "latest"
   >   ],
   >   "internal": true
   > }
[2022/10/18 04:15:45.498] -  <   {
 <     "id": 1146,
 <     "jsonrpc": "2.0",
 <     "result": "0x0"
 <   }
[2022/10/18 04:15:45.500] - eth_getBalance
[2022/10/18 04:15:45.500] -    > {
   >   "jsonrpc": "2.0",
   >   "id": 1147,
   >   "method": "eth_getBalance",
   >   "params": [
   >     "0x54935bed49d3afdb4862a8eca6ddbcade40a0d19",
   >     "latest"
   >   ],
   >   "internal": true
   > }
[2022/10/18 04:15:45.506] -  <   {
 <     "id": 1147,
 <     "jsonrpc": "2.0",
 <     "result": "0x56bc75e2d63100000"
 <   }
[2022/10/18 04:15:45.507] - eth_getTransactionCount
[2022/10/18 04:15:45.508] -    > {
   >   "jsonrpc": "2.0",
   >   "id": 1148,
   >   "method": "eth_getTransactionCount",
   >   "params": [
   >     "0x54935bed49d3afdb4862a8eca6ddbcade40a0d19",
   >     "latest"
   >   ],
   >   "internal": true
   > }
[2022/10/18 04:15:45.516] -  <   {
 <     "id": 1148,
 <     "jsonrpc": "2.0",
 <     "result": "0x0"
 <   }
[2022/10/18 04:15:45.517] - eth_getBalance
[2022/10/18 04:15:45.518] -    > {
   >   "jsonrpc": "2.0",
   >   "id": 1149,
   >   "method": "eth_getBalance",
   >   "params": [
   >     "0x7efc841873ac915c1102fd58de6ab5f063e181bd",
   >     "latest"
   >   ],
   >   "internal": true
   > }
[2022/10/18 04:15:45.521] -  <   {
 <     "id": 1149,
 <     "jsonrpc": "2.0",
 <     "result": "0x56bc75e2d63100000"
 <   }
[2022/10/18 04:15:45.527] - eth_getTransactionCount
[2022/10/18 04:15:45.528] -    > {
   >   "jsonrpc": "2.0",
   >   "id": 1150,
   >   "method": "eth_getTransactionCount",
   >   "params": [
   >     "0x7efc841873ac915c1102fd58de6ab5f063e181bd",
   >     "latest"
   >   ],
   >   "internal": true
   > }
[2022/10/18 04:15:45.537] -  <   {
 <     "id": 1150,
 <     "jsonrpc": "2.0",
 <     "result": "0x0"
 <   }
[2022/10/18 04:15:45.538] - eth_getBalance
[2022/10/18 04:15:45.539] -    > {
   >   "jsonrpc": "2.0",
   >   "id": 1151,
   >   "method": "eth_getBalance",
   >   "params": [
   >     "0xb757c1ebf9c1a5237a5980974aeceddfae08d1c8",
   >     "latest"
   >   ],
   >   "internal": true
   > }
[2022/10/18 04:15:45.548] -  <   {
 <     "id": 1151,
 <     "jsonrpc": "2.0",
 <     "result": "0x56bc75e2d63100000"
 <   }
[2022/10/18 04:15:45.549] - eth_getTransactionCount
[2022/10/18 04:15:45.550] -    > {
   >   "jsonrpc": "2.0",
   >   "id": 1152,
   >   "method": "eth_getTransactionCount",
   >   "params": [
   >     "0xb757c1ebf9c1a5237a5980974aeceddfae08d1c8",
   >     "latest"
   >   ],
   >   "internal": true
   > }
[2022/10/18 04:15:45.553] -  <   {
 <     "id": 1152,
 <     "jsonrpc": "2.0",
 <     "result": "0x0"
 <   }
[2022/10/18 04:15:45.558] - eth_getBalance
[2022/10/18 04:15:45.559] -    > {
   >   "jsonrpc": "2.0",
   >   "id": 1153,
   >   "method": "eth_getBalance",
   >   "params": [
   >     "0x0399221ea8349b7a3e14335a58156925da938b3c",
   >     "latest"
   >   ],
   >   "internal": true
   > }
[2022/10/18 04:15:45.568] -  <   {
 <     "id": 1153,
 <     "jsonrpc": "2.0",
 <     "result": "0x56bc75e2d63100000"
 <   }
[2022/10/18 04:15:45.568] - eth_getTransactionCount
[2022/10/18 04:15:45.569] -    > {
   >   "jsonrpc": "2.0",
   >   "id": 1154,
   >   "method": "eth_getTransactionCount",
   >   "params": [
   >     "0x0399221ea8349b7a3e14335a58156925da938b3c",
   >     "latest"
   >   ],
   >   "internal": true
   > }
[2022/10/18 04:15:45.578] -  <   {
 <     "id": 1154,
 <     "jsonrpc": "2.0",
 <     "result": "0x0"
 <   }
[2022/10/18 04:15:45.579] - eth_getBalance
[2022/10/18 04:15:45.580] -    > {
   >   "jsonrpc": "2.0",
   >   "id": 1155,
   >   "method": "eth_getBalance",
   >   "params": [
   >     "0xaf85536580b6029a72db7842cd16a243902713c8",
   >     "latest"
   >   ],
   >   "internal": true
   > }
[2022/10/18 04:15:45.586] -  <   {
 <     "id": 1155,
 <     "jsonrpc": "2.0",
 <     "result": "0x56bc75e2d63100000"
 <   }
[2022/10/18 04:15:45.591] - eth_getTransactionCount
[2022/10/18 04:15:45.592] -    > {
   >   "jsonrpc": "2.0",
   >   "id": 1156,
   >   "method": "eth_getTransactionCount",
   >   "params": [
   >     "0xaf85536580b6029a72db7842cd16a243902713c8",
   >     "latest"
   >   ],
   >   "internal": true
   > }
[2022/10/18 04:15:45.600] -  <   {
 <     "id": 1156,
 <     "jsonrpc": "2.0",
 <     "result": "0x0"
 <   }
[2022/10/18 04:15:45.601] - eth_getBalance
[2022/10/18 04:15:45.602] -    > {
   >   "jsonrpc": "2.0",
   >   "id": 1157,
   >   "method": "eth_getBalance",
   >   "params": [
   >     "0x9432cdeaebafd3c89456d38fe9aa87cc1dd73943",
   >     "latest"
   >   ],
   >   "internal": true
   > }
[2022/10/18 04:15:45.611] -  <   {
 <     "id": 1157,
 <     "jsonrpc": "2.0",
 <     "result": "0x56bc75e2d63100000"
 <   }
[2022/10/18 04:15:45.612] - eth_getTransactionCount
[2022/10/18 04:15:45.613] -    > {
   >   "jsonrpc": "2.0",
   >   "id": 1158,
   >   "method": "eth_getTransactionCount",
   >   "params": [
   >     "0x9432cdeaebafd3c89456d38fe9aa87cc1dd73943",
   >     "latest"
   >   ],
   >   "internal": true
   > }
[2022/10/18 04:15:45.617] -  <   {
 <     "id": 1158,
 <     "jsonrpc": "2.0",
 <     "result": "0x0"
 <   }
[2022/10/18 04:15:45.620] - eth_getBalance
[2022/10/18 04:15:45.621] -    > {
   >   "jsonrpc": "2.0",
   >   "id": 1159,
   >   "method": "eth_getBalance",
   >   "params": [
   >     "0x0b8c09f14760d0c68d1b2bc3d24f025d22bba860",
   >     "latest"
   >   ],
   >   "internal": true
   > }
[2022/10/18 04:15:45.630] -  <   {
 <     "id": 1159,
 <     "jsonrpc": "2.0",
 <     "result": "0x56bc75e2d63100000"
 <   }
[2022/10/18 04:15:45.631] - eth_getTransactionCount
[2022/10/18 04:15:45.632] -    > {
   >   "jsonrpc": "2.0",
   >   "id": 1160,
   >   "method": "eth_getTransactionCount",
   >   "params": [
   >     "0x0b8c09f14760d0c68d1b2bc3d24f025d22bba860",
   >     "latest"
   >   ],
   >   "internal": true
   > }
[2022/10/18 04:15:45.640] -  <   {
 <     "id": 1160,
 <     "jsonrpc": "2.0",
 <     "result": "0x0"
 <   }
[2022/10/18 04:15:45.641] - eth_getBalance
[2022/10/18 04:15:45.642] -    > {
   >   "jsonrpc": "2.0",
   >   "id": 1161,
   >   "method": "eth_getBalance",
   >   "params": [
   >     "0x6ab68af0d5b7d57ae7ce20978bfdee11283f34fa",
   >     "latest"
   >   ],
   >   "internal": true
   > }
[2022/10/18 04:15:45.648] -  <   {
 <     "id": 1161,
 <     "jsonrpc": "2.0",
 <     "result": "0x56bc75e2d63100000"
 <   }
[2022/10/18 04:15:45.649] - eth_getTransactionCount
[2022/10/18 04:15:45.650] -    > {
   >   "jsonrpc": "2.0",
   >   "id": 1162,
   >   "method": "eth_getTransactionCount",
   >   "params": [
   >     "0x6ab68af0d5b7d57ae7ce20978bfdee11283f34fa",
   >     "latest"
   >   ],
   >   "internal": true
   > }
[2022/10/18 04:15:45.664] -  <   {
 <     "id": 1162,
 <     "jsonrpc": "2.0",
 <     "result": "0x0"
 <   }
[2022/10/18 04:16:08.753] - eth_getBalance
[2022/10/18 04:16:08.754] -    > {
   >   "jsonrpc": "2.0",
   >   "id": 1163,
   >   "method": "eth_getBalance",
   >   "params": [
   >     "0xc5d0134e5a11da109eff467fb68f7f08cd922dc6",
   >     "latest"
   >   ],
   >   "internal": true
   > }
[2022/10/18 04:16:08.762] -  <   {
 <     "id": 1163,
 <     "jsonrpc": "2.0",
 <     "result": "0x0"
 <   }
[2022/10/18 04:16:08.904] - net_version
[2022/10/18 04:16:08.905] -    > {
   >   "jsonrpc": "2.0",
   >   "id": 33,
   >   "method": "net_version",
   >   "params": []
   > }
[2022/10/18 04:16:08.919] -  <   {
 <     "id": 33,
 <     "jsonrpc": "2.0",
 <     "result": "5777"
 <   }
[2022/10/18 04:16:08.923] - eth_getCode
[2022/10/18 04:16:08.924] -    > {
   >   "jsonrpc": "2.0",
   >   "id": 34,
   >   "method": "eth_getCode",
   >   "params": [
   >     "0xc5d0134e5a11da109eff467fb68f7f08cd922dc6",
   >     "latest"
   >   ]
   > }
[2022/10/18 04:16:08.936] -  <   {
 <     "id": 34,
 <     "jsonrpc": "2.0",
 <     "result": "0x"
 <   }
[2022/10/18 04:16:08.938] - eth_getBlockByNumber
[2022/10/18 04:16:08.940] -    > {
   >   "jsonrpc": "2.0",
   >   "id": 35,
   >   "method": "eth_getBlockByNumber",
   >   "params": [
   >     "latest",
   >     false
   >   ]
   > }
[2022/10/18 04:16:08.952] -  <   {
 <     "id": 35,
 <     "jsonrpc": "2.0",
 <     "result": {
 <       "number": "0x2",
 <       "hash": "0x513df3462ec2b7c8b32ede887ad7d65917b088a36e18bc62362fda622cd54a70",
 <       "parentHash": "0xe8b1b6daf5f09b9e8e3801cf27821e41e6a02e5da9faa4198a922fc8adb0fbb4",
 <       "mixHash": "0x0000000000000000000000000000000000000000000000000000000000000000",
 <       "nonce": "0x0000000000000000",
 <       "sha3Uncles": "0x1dcc4de8dec75d7aab85b567b6ccd41ad312451b948a7413f0a142fd40d49347",
 <       "logsBloom": "0x00000000000000000000000000000000000000000000000000000000000000000000000000000000000000000000000000000000000000000000000000000000000000000000000000000000000000000000000000000000000000000000000000000000000000000000000000000000000000000000000000000000000000000000000000000000000000000000000000000000000000000000000000000000000000000000000000000000000000000000000000000000000000000000000000000000000000000000000000000000000000000000000000000000000000000000000000000000000000000000000000000000000000000000000000000000",
 <       "transactionsRoot": "0xd0ab923ca12518ef1b160354bd23afe1fcf772c2e1af70219201d84e8d6c68b2",
 <       "stateRoot": "0xc5838d353dde8805027f8683b3dfb50978ef2e9f960ff7850fee92ed5ba1be69",
 <       "receiptsRoot": "0x42c1419dc24443c4f7b82ff6bff9fd2bac801fe86ea7bc520737a23d41ea9baf",
 <       "miner": "0x0000000000000000000000000000000000000000",
 <       "difficulty": "0x0",
 <       "totalDifficulty": "0x0",
 <       "extraData": "0x",
 <       "size": "0x3e8",
 <       "gasLimit": "0x6691b7",
 <       "gasUsed": "0x1ead5",
 <       "timestamp": "0x634df9c2",
 <       "transactions": [
 <         "0x484501c2d56507933e4dfc8909da6106f9336eca98f4666e1f2b6923cdffcdc7"
 <       ],
 <       "uncles": []
 <     }
 <   }
[2022/10/18 04:16:08.957] - eth_getBalance
[2022/10/18 04:16:08.958] -    > {
   >   "jsonrpc": "2.0",
   >   "id": 36,
   >   "method": "eth_getBalance",
   >   "params": [
   >     "0xc5d0134e5a11da109eff467fb68f7f08cd922dc6",
   >     "0x2"
   >   ]
   > }
[2022/10/18 04:16:08.968] -  <   {
 <     "id": 36,
 <     "jsonrpc": "2.0",
 <     "result": "0x0"
 <   }
[2022/10/18 04:16:08.972] - eth_getTransactionCount
[2022/10/18 04:16:08.973] -    > {
   >   "jsonrpc": "2.0",
   >   "id": 37,
   >   "method": "eth_getTransactionCount",
   >   "params": [
   >     "0xc5d0134e5a11da109eff467fb68f7f08cd922dc6",
   >     "0x2"
   >   ]
   > }
[2022/10/18 04:16:08.984] -  <   {
 <     "id": 37,
 <     "jsonrpc": "2.0",
 <     "result": "0x0"
 <   }
[2022/10/18 04:16:08.988] - eth_getStorageAt
[2022/10/18 04:16:08.989] -    > {
   >   "jsonrpc": "2.0",
   >   "id": 38,
   >   "method": "eth_getStorageAt",
   >   "params": [
   >     "0xc5d0134e5a11da109eff467fb68f7f08cd922dc6",
   >     "0x0",
   >     "0x2"
   >   ]
   > }
[2022/10/18 04:16:09.002] -  <   {
 <     "id": 38,
 <     "jsonrpc": "2.0",
 <     "result": "0x0"
 <   }
[2022/10/18 04:16:09.010] - eth_getStorageAt
[2022/10/18 04:16:09.012] -    > {
   >   "jsonrpc": "2.0",
   >   "id": 39,
   >   "method": "eth_getStorageAt",
   >   "params": [
   >     "0xc5d0134e5a11da109eff467fb68f7f08cd922dc6",
   >     "0x2",
   >     "0x2"
   >   ]
   > }
[2022/10/18 04:16:09.015] -  <   {
 <     "id": 39,
 <     "jsonrpc": "2.0",
 <     "result": "0x0"
 <   }
[2022/10/18 04:19:43.612] - net_version
[2022/10/18 04:19:43.614] -    > {
   >   "id": 1146390645,
   >   "jsonrpc": "2.0",
   >   "method": "net_version",
   >   "params": []
   > }
[2022/10/18 04:19:43.616] - net_version
[2022/10/18 04:19:43.617] -    > {
   >   "id": 1146390646,
   >   "jsonrpc": "2.0",
   >   "method": "net_version",
   >   "params": []
   > }
[2022/10/18 04:19:43.618] -  <   {
 <     "id": 1146390645,
 <     "jsonrpc": "2.0",
 <     "result": "5777"
 <   }
[2022/10/18 04:19:43.624] -  <   {
 <     "id": 1146390646,
 <     "jsonrpc": "2.0",
 <     "result": "5777"
 <   }
[2022/10/18 04:21:00.395] - net_version
[2022/10/18 04:21:00.397] -    > {
   >   "id": 287213374,
   >   "jsonrpc": "2.0",
   >   "method": "net_version",
   >   "params": []
   > }
[2022/10/18 04:21:00.408] -  <   {
 <     "id": 287213374,
 <     "jsonrpc": "2.0",
 <     "result": "5777"
 <   }
[2022/10/18 04:21:00.434] - net_version
[2022/10/18 04:21:00.435] -    > {
   >   "id": 287213376,
   >   "jsonrpc": "2.0",
   >   "method": "net_version",
   >   "params": []
   > }
[2022/10/18 04:21:00.439] -  <   {
 <     "id": 287213376,
 <     "jsonrpc": "2.0",
 <     "result": "5777"
 <   }
[2022/10/18 04:25:59.828] - net_version
[2022/10/18 04:25:59.829] -    > {
   >   "jsonrpc": "2.0",
   >   "id": 40,
   >   "method": "net_version",
   >   "params": []
   > }
[2022/10/18 04:25:59.842] -  <   {
 <     "id": 40,
 <     "jsonrpc": "2.0",
 <     "result": "5777"
 <   }
[2022/10/18 04:25:59.985] - eth_getCode
[2022/10/18 04:25:59.986] -    > {
   >   "jsonrpc": "2.0",
   >   "id": 41,
   >   "method": "eth_getCode",
   >   "params": [
   >     "0xc5d0134e5a11da109eff467fb68f7f08cd922dc6",
   >     "latest"
   >   ]
   > }
[2022/10/18 04:25:59.992] -  <   {
 <     "id": 41,
 <     "jsonrpc": "2.0",
 <     "result": "0x"
 <   }
[2022/10/18 04:25:59.994] - eth_getBlockByNumber
[2022/10/18 04:25:59.994] -    > {
   >   "jsonrpc": "2.0",
   >   "id": 42,
   >   "method": "eth_getBlockByNumber",
   >   "params": [
   >     "latest",
   >     false
   >   ]
   > }
[2022/10/18 04:26:00.006] -  <   {
 <     "id": 42,
 <     "jsonrpc": "2.0",
 <     "result": {
 <       "number": "0x2",
 <       "hash": "0x513df3462ec2b7c8b32ede887ad7d65917b088a36e18bc62362fda622cd54a70",
 <       "parentHash": "0xe8b1b6daf5f09b9e8e3801cf27821e41e6a02e5da9faa4198a922fc8adb0fbb4",
 <       "mixHash": "0x0000000000000000000000000000000000000000000000000000000000000000",
 <       "nonce": "0x0000000000000000",
 <       "sha3Uncles": "0x1dcc4de8dec75d7aab85b567b6ccd41ad312451b948a7413f0a142fd40d49347",
 <       "logsBloom": "0x00000000000000000000000000000000000000000000000000000000000000000000000000000000000000000000000000000000000000000000000000000000000000000000000000000000000000000000000000000000000000000000000000000000000000000000000000000000000000000000000000000000000000000000000000000000000000000000000000000000000000000000000000000000000000000000000000000000000000000000000000000000000000000000000000000000000000000000000000000000000000000000000000000000000000000000000000000000000000000000000000000000000000000000000000000000",
 <       "transactionsRoot": "0xd0ab923ca12518ef1b160354bd23afe1fcf772c2e1af70219201d84e8d6c68b2",
 <       "stateRoot": "0xc5838d353dde8805027f8683b3dfb50978ef2e9f960ff7850fee92ed5ba1be69",
 <       "receiptsRoot": "0x42c1419dc24443c4f7b82ff6bff9fd2bac801fe86ea7bc520737a23d41ea9baf",
 <       "miner": "0x0000000000000000000000000000000000000000",
 <       "difficulty": "0x0",
 <       "totalDifficulty": "0x0",
 <       "extraData": "0x",
 <       "size": "0x3e8",
 <       "gasLimit": "0x6691b7",
 <       "gasUsed": "0x1ead5",
 <       "timestamp": "0x634df9c2",
 <       "transactions": [
 <         "0x484501c2d56507933e4dfc8909da6106f9336eca98f4666e1f2b6923cdffcdc7"
 <       ],
 <       "uncles": []
 <     }
 <   }
[2022/10/18 04:26:00.010] - eth_getBalance
[2022/10/18 04:26:00.011] -    > {
   >   "jsonrpc": "2.0",
   >   "id": 43,
   >   "method": "eth_getBalance",
   >   "params": [
   >     "0xc5d0134e5a11da109eff467fb68f7f08cd922dc6",
   >     "0x2"
   >   ]
   > }
[2022/10/18 04:26:00.022] -  <   {
 <     "id": 43,
 <     "jsonrpc": "2.0",
 <     "result": "0x0"
 <   }
[2022/10/18 04:26:00.024] - eth_getTransactionCount
[2022/10/18 04:26:00.025] -    > {
   >   "jsonrpc": "2.0",
   >   "id": 44,
   >   "method": "eth_getTransactionCount",
   >   "params": [
   >     "0xc5d0134e5a11da109eff467fb68f7f08cd922dc6",
   >     "0x2"
   >   ]
   > }
[2022/10/18 04:26:00.042] -  <   {
 <     "id": 44,
 <     "jsonrpc": "2.0",
 <     "result": "0x0"
 <   }
[2022/10/18 04:26:00.045] - eth_getStorageAt
[2022/10/18 04:26:00.045] -    > {
   >   "jsonrpc": "2.0",
   >   "id": 45,
   >   "method": "eth_getStorageAt",
   >   "params": [
   >     "0xc5d0134e5a11da109eff467fb68f7f08cd922dc6",
   >     "0x0",
   >     "0x2"
   >   ]
   > }
[2022/10/18 04:26:00.057] -  <   {
 <     "id": 45,
 <     "jsonrpc": "2.0",
 <     "result": "0x0"
 <   }
[2022/10/18 04:26:00.060] - eth_getStorageAt
[2022/10/18 04:26:00.060] -    > {
   >   "jsonrpc": "2.0",
   >   "id": 46,
   >   "method": "eth_getStorageAt",
   >   "params": [
   >     "0xc5d0134e5a11da109eff467fb68f7f08cd922dc6",
   >     "0x2",
   >     "0x2"
   >   ]
   > }
[2022/10/18 04:26:00.072] -  <   {
 <     "id": 46,
 <     "jsonrpc": "2.0",
 <     "result": "0x0"
 <   }
[2022/10/18 04:47:00.552] - eth_unsubscribe
[2022/10/18 04:47:00.555] -    > {
   >   "jsonrpc": "2.0",
   >   "id": 103,
   >   "method": "eth_unsubscribe",
   >   "params": [
   >     "0x3"
   >   ]
   > }
[2022/10/18 04:47:00.555] - eth_unsubscribe
[2022/10/18 04:47:00.556] -    > {
   >   "jsonrpc": "2.0",
   >   "id": 104,
   >   "method": "eth_unsubscribe",
   >   "params": [
   >     "0x4"
   >   ]
   > }
[2022/10/18 04:47:00.557] -  <   {
 <     "id": 103,
 <     "jsonrpc": "2.0",
 <     "result": true
 <   }
[2022/10/18 04:47:00.561] -  <   {
 <     "id": 104,
 <     "jsonrpc": "2.0",
 <     "result": true
 <   }
[2022/10/18 04:47:00.569] -    > {
   >   "jsonrpc": "2.0",
   >   "method": "eth_unsubscribe",
   >   "params": [
   >     "0x5"
   >   ],
   >   "id": 1666057620568
   > }
[2022/10/18 04:47:00.570] -    > {
   >   "jsonrpc": "2.0",
   >   "method": "eth_unsubscribe",
   >   "params": [
   >     "0x1"
   >   ],
   >   "id": 1666057620570
   > }
[2022/10/18 04:47:00.571] -    > {
   >   "jsonrpc": "2.0",
   >   "method": "eth_unsubscribe",
   >   "params": [
   >     "0x2"
   >   ],
   >   "id": 1666057620570
   > }
[2022/10/18 04:47:00.572] -    > {
   >   "jsonrpc": "2.0",
   >   "method": "eth_unsubscribe",
   >   "params": [
   >     "0x6"
   >   ],
   >   "id": 1666057620571
   > }
[2022/10/18 04:47:00.573] -  <   {
 <     "id": 1666057620568,
 <     "jsonrpc": "2.0",
 <     "result": true
 <   }
